= Logs of language model for Maltese (mt) =

- Generated by BuildLangModel.py
- Started: 2023-06-20 07:30:43.678310
- Maximum depth: 4
- Max number of characters: 3000000

== Parsed pages ==

Unjoni Ewropea (revision 279041)
Phonetics (revision 268012)
Linguistics (revision 269151)
Alphabet (revision 285298)
Language (revision 288815)
Pratchett (revision 276205)
Satire (revision 290019)
Grammar (revision 273205)
History (revision 291228)
Folklore (revision 271420)
Biology (revision 248339)
Flower (revision 264582)
Plant (revision 279238)
Animal (revision 215446)
Human (revision 289585)
computer (revision 286724)
Technology (revision 279827)
Communication (revision 283631)
Writing (revision 265339)
Music (revision 267650)
Glass (revision 260143)
Bread (revision 291592)
Food (revision 264694)
Politics (revision 279843)
Earth (revision 291557)
Ocean (revision 289553)
Amazon (revision 268901)
Chaplin (revision 279207)
Aguilera (revision 279211)
Virus (revision 249918)
Bacteria (revision 270613)
Bird (revision 214850)
Submarine (revision 291594)
Steel (revision 279569)
Chemistry (revision 284556)
Military (revision 266526)
Weather (revision 286852)
Scholar (revision 271430)
Supernova (revision 286985)
Olympiad (revision 284463)
Tawara (revision 285742)
Comparative analysis (revision 248339)
Hugo (film) (revision 284692)
LOST (Serje televiżiva) (revision 243919)
Ħġieġ (revision 260143)
Lascaux (revision 285144)
Pre)thing (revision 216071)
L-Arti (revision 277576)
Tieqa tad-Dwejra (revision 274536)
FC Barcelona (revision 288235)
Maria De Filippi (revision 271320)
Pelé (revision 285094)
Palazz ta’ Djoklezjanu (revision 264821)
Raffaella Carrà (revision 278489)
Lewis Hamilton (revision 278485)
Guglielmo Marconi (revision 268582)

== End of Parsed pages ==

- Number of pages processed: 88
- Number of characters consumed: 341238

- Wikipedia parsing ended at: 2023-06-20 07:32:34.868270

53 characters appeared 341238 times.

Most Frequent characters:
[ 0] Char a: 11.881736500624198 %
[ 1] Char i: 11.66780956399932 %
[ 2] Char t: 7.847895017553731 %
[ 3] Char l: 7.492717692636811 %
[ 4] Char e: 7.0968063345817285 %
[ 5] Char r: 5.731190547359907 %
[ 6] Char n: 5.603420486581213 %
[ 7] Char s: 4.088055843721977 %
[ 8] Char o: 4.070765858433116 %
[ 9] Char u: 4.03677198905163 %
[10] Char m: 3.5406373264407835 %
[11] Char j: 2.9486751182459163 %
[12] Char k: 2.5504193554059045 %
[13] Char d: 2.4976702477449755 %
[14] Char f: 2.228649798674239 %
[15] Char b: 2.1521635925658926 %
[16] Char p: 2.0428557194685233 %
[17] Char ħ: 1.8567685896646913 %
[18] Char g: 1.6229142123679077 %
[19] Char w: 1.4204162490695644 %
[20] Char h: 1.1821661128010361 %
[21] Char z: 1.0628945193677142 %
[22] Char ġ: 0.8771004401619984 %
[23] Char c: 0.7648620610834667 %
[24] Char ż: 0.7434693674209789 %
[25] Char v: 0.6661040095182834 %
[26] Char ċ: 0.6312309883424472 %
[27] Char x: 0.6250769257820055 %
[28] Char q: 0.6165784584366337 %
[29] Char y: 0.2578845263423183 %

The first 30 characters have an accumulated ratio of 0.9980570745344894.
The first 5 characters have an accumulated ratio of 0.45986965109395783.
All characters whose order is over 23 have an accumulated ratio of 0.03540344275842667.

902 sequences found.

First 557 (typical positive ratio): 0.9950198365541072
Next 159 (716-557): 0.0039855933597821025
Rest: 0.000994570086110702

- Processing end: 2023-06-20 07:32:34.974331
