= Logs of language model for Norwegian (no) =

- Generated by BuildLangModel.py
- Started: 2023-06-20 07:32:35.963389
- Maximum depth: 4
- Max number of characters: 3000000

== Parsed pages ==

Norsk (revision 23641359)
Saft (revision 23256798)
Hund (revision 23333814)
Phonetics (revision 21807689)
Linguistics (revision 20557553)
Alphabet (revision 22128677)
Language (revision 22855434)
Pratchett (revision 23431445)
Satire (revision 22979652)
Grammar (revision 20169419)
History (revision 23399922)
Folklore (revision 23627007)
Biology (revision 23553198)
Plant (revision 23220288)
Animal (revision 22921258)
Human (revision 23567435)
computer (revision 23570156)
Robot (revision 21983458)
Technology (revision 23215623)
Communication (revision 23552387)
Writing (revision 21745776)
Video Game (revision 21166598)
Music (revision 22778725)
Glass (revision 23009844)
Bread (revision 23162464)
Food (revision 22818620)
Politics (revision 23636891)
Earth (revision 23502874)
Ocean (revision 23617771)
Amazon (revision 23460429)
Chaplin (revision 23581770)
Aguilera (revision 22489452)
Morse Code (revision 23032955)
Streptococcus (revision 18579349)
Virus (revision 23490589)
Bacteria (revision 23553203)
Bird (revision 23513268)
Submarine (revision 23564527)
Steel (revision 23085253)
Chemistry (revision 21359709)
Military (revision 23617863)
Weather (revision 22969377)
Scholar (revision 23503163)
Supernova (revision 22811099)
Domingo Santos (revision 21878675)
Finland–Iceland relations (revision 23629970)
2015 Nanjing Ladies Open (revision 23579967)
Peter Smedvig (revision 23097720)
Lambsheim (revision 22430214)
Altimo (revision 23459345)
Damian Lynch (revision 23568210)
Bosse Skoglund (revision 23301154)
Ko Ko Mo (I Love You So) (revision 23622909)
Wood Grain Wheel (revision 22903398)
Beauvoisin, Drôme (revision 22223248)
1927–28 New York Rangers season (revision 23356194)
Mam people (revision 23568089)
Flower power (revision 23058097)
Flower of Scotland (revision 21784695)
Skottland (revision 23446693)
Erling Braut Haaland (revision 23636557)
The Flower Kings (revision 23202773)
Flower (singel) (revision 19606562)
Flower Mound (Texas) (revision 21438181)
Flower (videospill) (revision 23203398)
Flower Boy (revision 22659203)
Flower of Evil (revision 22090861)
Flowers (revision 19580869)
Chess Olympiad Tromsø 2014 (revision 20955289)
Norges herrelandslag i fotball (revision 23641218)
Olympiade (revision 16655236)
1022 Olympiada (revision 17365707)
Sommer-OL 2008 (revision 23481147)
Russlands invasjon av Ukraina 2022 (revision 23643687)
Olympiade de la République (revision 20553408)
Yasir Arafat (revision 23449242)
Olympiastadion (revision 22233317)
Tid (revision 23641811)
Olympia (Hellas) (revision 23385902)
Olympia (Washington) (revision 23555167)
Olympia (London) (revision 23385904)
Olympia (film) (revision 23612881)
Le astuzie femminili (revision 22834002)
21. juni (revision 23277020)
Liste over nobelprisvinnere (revision 23084145)
Liste over populære navn (revision 23630447)
Blond (revision 23473386)
Constantino Amstalden (revision 23611958)
Liste over europamestere i fotball for menn (revision 23355424)
3. februar (revision 23033840)
Serie A 2019–2020 (revision 23574412)
Alien – den 8. passasjeren (revision 23597607)
New York Giants (revision 23356194)
Pro Bowl (revision 23478794)
National Football Leagues draft (revision 23623674)
Troppene til VM i fotball 2022 (revision 23351096)
Flow (videospill) (revision 23210290)
Scapa Flow (revision 23408671)
Flow (album) (revision 19698060)
Hustle & Flow (revision 23084564)
Kjetil Foseid (revision 23240702)
Ultrasonisk flow (revision 20150838)
Flyt (psykologi) (revision 22170185)
Dataflyt (revision 22962137)
Microsoft Power BI (revision 23477507)
IOS (revision 23477624)
Bluepoint Games (revision 22801416)
Netflix (revision 23639442)
Kellee Santiago (revision 23626431)
Mars (planet) (revision 23634279)
Senter for forskningsdrevet innovasjon (revision 22819748)

== End of Parsed pages ==

- Number of pages processed: 133
- Number of characters consumed: 1087580

- Wikipedia parsing ended at: 2023-06-20 07:36:10.678658

61 characters appeared 1087580 times.

Most Frequent characters:
[ 0] Char e: 14.796152926681255 %
[ 1] Char r: 8.423656190808952 %
[ 2] Char n: 7.997388697842918 %
[ 3] Char t: 7.967138049614741 %
[ 4] Char s: 6.776237150370547 %
[ 5] Char a: 6.653947295831111 %
[ 6] Char i: 6.439158498685154 %
[ 7] Char l: 5.5611541219956235 %
[ 8] Char o: 5.464057816436492 %
[ 9] Char d: 4.036576619650968 %
[10] Char k: 3.441585906324132 %
[11] Char g: 3.370050938781515 %
[12] Char m: 3.3236175729601505 %
[13] Char v: 2.2539031611467664 %
[14] Char f: 2.086375255153644 %
[15] Char p: 2.0823295757553466 %
[16] Char u: 1.9258353408484894 %
[17] Char b: 1.5943654719652807 %
[18] Char h: 1.42315967561007 %
[19] Char å: 1.0189595248165653 %
[20] Char y: 0.866051233012744 %
[21] Char j: 0.7330035491641994 %
[22] Char ø: 0.6228507328196546 %
[23] Char c: 0.5976571838393497 %
[24] Char w: 0.22352378675591678 %
[25] Char æ: 0.15548281505728315 %
[26] Char z: 0.05535224994942901 %
[27] Char x: 0.04946762537008771 %
[28] Char é: 0.017745820997076077 %
[29] Char q: 0.016366612111292964 %

The first 30 characters have an accumulated ratio of 0.9997315140035675.
The first 5 characters have an accumulated ratio of 0.4596057301531841.
All characters whose order is over 19 have an accumulated ratio of 0.033375016090770336.

911 sequences found.

First 459 (typical positive ratio): 0.9950097008425519
Next 139 (598-459): 0.003996996306544265
Rest: 0.000993302850903821

- Processing end: 2023-06-20 07:36:10.792700
