= Logs of language model for Belarusian (be) =

- Generated by BuildLangModel.py
- Started: 2023-06-20 00:13:42.384949
- Maximum depth: 4
- Max number of characters: 3000000

== Parsed pages ==

Максім_Танк (revision 4502301)
Phonetics (revision 4467270)
Linguistics (revision 4154538)
Alphabet (revision 4396474)
Language (revision 4042708)
Pratchett (revision 4512522)
Grammar (revision 4367906)
History (revision 3488879)
Folklore (revision 4221708)
Biology (revision 4213608)
Flower (revision 1707382)
Plant (revision 4403186)
Animal (revision 4482826)
Human (revision 4397168)
computer (revision 4148303)
Robot (revision 4039953)
Technology (revision 4436998)
Communication (revision 4470070)
Writing (revision 4469706)
Video Game (revision 4403909)
Music (revision 4403281)
Glass (revision 4493014)
Bread (revision 3724144)
Food (revision 4397018)
Politics (revision 4506643)
Earth (revision 4320013)
Ocean (revision 4402795)
Amazon (revision 4477292)
Aguilera (revision 4168243)
Streptococcus (revision 4289236)
Virus (revision 4332222)
Bacteria (revision 4411931)
Bird (revision 4032274)
Submarine (revision 3910196)
Steel (revision 4289118)
Chemistry (revision 4282972)
Military (revision 4486626)
Weather (revision 4265121)
Scholar (revision 4440022)
Supernova (revision 4024237)
Olympiad (revision 4034858)
Eskom (revision 4372047)
Island Express (revision 3660032)
A Beautiful Star (revision 4423173)
Фэйкавыя навіны (revision 4099474)
Джонатан Свіфт (revision 4423281)
Generation П (фільм) (revision 4249394)
Генры Філдынг (revision 3780198)
Grand Theft Auto V (revision 4495271)
Партыя двухвостага сабакі (revision 4186764)
Спіс лаўрэатаў Нобелеўскай прэміі па літаратуры (revision 4282169)
Тыбетцы (revision 4461702)
Марк Анатолевіч Захараў (revision 4129292)
Вупі Голдберг (revision 3466247)
Чарлі Чаплін (revision 4465908)
Choanoflagellate (revision 4394218)
Opisthokonta (revision 3942729)
Вялікі дыктатар (revision 3380323)
Сунь Аксельсан (revision 3817115)
Малы (фільм) (revision 3402698)
Спіс Оруэла (revision 4204539)
Грэцыя на конкурсе песні Еўрабачанне (revision 4122305)
Прэмія «Оскар» за найлепшы фільм (revision 4446901)
Аляксей Барысавіч Куракін (revision 4408393)
Азбука Морзэ (revision 4255007)
Дыну Сані (revision 4261532)

== End of Parsed pages ==

- Number of pages processed: 96
- Number of characters consumed: 203080

- Wikipedia parsing ended at: 2023-06-20 00:16:10.817986

60 characters appeared 203080 times.

Most Frequent characters:
[ 0] Char а: 14.688300177270042 %
[ 1] Char н: 6.15816427023833 %
[ 2] Char і: 5.2082922986015365 %
[ 3] Char р: 4.614930076817018 %
[ 4] Char ы: 4.336222178451841 %
[ 5] Char с: 4.072779200315146 %
[ 6] Char л: 3.6921410281662395 %
[ 7] Char к: 3.6808154421902697 %
[ 8] Char т: 3.414910380145755 %
[ 9] Char е: 3.2401024226905655 %
[10] Char я: 3.0515067953515858 %
[11] Char о: 3.0007878668505024 %
[12] Char м: 2.948099271223163 %
[13] Char в: 2.8816230057120347 %
[14] Char д: 2.869805002954501 %
[15] Char п: 2.6885956273389797 %
[16] Char у: 2.587157770336813 %
[17] Char ц: 2.1656490053181012 %
[18] Char з: 2.137088831987394 %
[19] Char ў: 2.0179239708489267 %
[20] Char г: 1.862812684656293 %
[21] Char б: 1.3571006499901517 %
[22] Char э: 1.255170376206421 %
[23] Char ч: 1.2403978727595035 %
[24] Char ь: 1.1675201890880442 %
[25] Char й: 1.116308843805397 %
[26] Char х: 1.0670671656490054 %
[27] Char e: 0.8607445341737247 %
[28] Char ш: 0.7932834350994683 %
[29] Char a: 0.7844199330313177 %
[30] Char i: 0.7282844199330313 %
[31] Char r: 0.6460508174118574 %
[32] Char o: 0.6337403978727595 %
[33] Char n: 0.5992712231632854 %
[34] Char ю: 0.5977939728185937 %
[35] Char t: 0.5973015560370298 %
[36] Char ж: 0.5780973015560371 %
[37] Char s: 0.5751428008666536 %
[38] Char ф: 0.4170770139846366 %
[39] Char l: 0.41166042938743347 %
[40] Char c: 0.3392751624975379 %
[41] Char d: 0.30923773882213906 %
[42] Char ё: 0.3067756549143195 %

The first 43 characters have an accumulated ratio of 0.976994287965334.
The first 7 characters have an accumulated ratio of 0.4277082922986016.
All characters whose order is over 34 have an accumulated ratio of 0.03534567658065787.

1287 sequences found.

First 915 (typical positive ratio): 0.995016503019134
Next 211 (1126-915): 0.003993908400836688
Rest: 0.000989588580029288

- Processing end: 2023-06-20 00:16:11.035035
