= Logs of language model for Serbian (sr) =

- Generated by BuildLangModel.py
- Started: 2023-06-20 08:07:01.204927
- Maximum depth: 4
- Max number of characters: 3000000

== Parsed pages ==

Ратно_ваздухопловство_и_противваздушна_одбрана_Војске_Републике_Српске (revision 25914325)
Phonetics (revision 25909687)
Linguistics (revision 25908942)
Alphabet (revision 25912568)
Language (revision 25881747)
Pratchett (revision 25330731)
Satire (revision 25307058)
Grammar (revision 25910456)
History (revision 25704810)
Folklore (revision 25669373)
Biology (revision 25908864)
Plant (revision 25737984)
Animal (revision 25883449)
Human (revision 25908952)
computer (revision 25908860)
Robot (revision 25923239)
Technology (revision 25709616)
Communication (revision 25909332)
Writing (revision 25894209)
Video Game (revision 25873397)
Music (revision 24779639)
Glass (revision 25909779)
Bread (revision 25041184)
Food (revision 25911491)
Politics (revision 25908965)
Earth (revision 23176510)
Ocean (revision 25909167)
Amazon (revision 25884938)
Chaplin (revision 25895929)
Aguilera (revision 24788871)
Morse Code (revision 25600119)
Streptococcus (revision 23719525)
Virus (revision 25164037)
Bacteria (revision 25910487)
Bird (revision 25910347)
Submarine (revision 25910431)
Chemistry (revision 25833102)
Military (revision 25879501)
Weather (revision 25913910)
Supernova (revision 25889035)
Smetona (revision 25699637)
Gary Steiner (revision 25894428)
Isla Bermejo (revision 24633126)
Ruda Bukva (revision 25772258)
River Market, Kansas City (revision 25396913)
History of the Jin dynasty (revision 24546341)
Anne Warner (politician) (revision 25909863)
Sitio Prado (revision 24657428)
List of Japanese films of 1956 (revision 25908890)
Цвет (revision 25440728)
Флауер Хил (Њујорк) (revision 25852054)
Те Фловер Гаме (Тлахомулко де Зуњига) (revision 24815213)
Флауер Маунд (Тексас) (revision 25827820)
Поглед кон цветната градина (revision 25678273)
Moć cveća (revision 25594650)
Gerbillus floweri (revision 24224625)
Crocidura floweri (revision 24218228)
Eptesicus floweri (revision 24219317)
Praktolol (revision 24235254)
Челик (revision 25390723)
British Steel (revision 22994532)
Производња челика (revision 23051557)
4713 Steel (revision 25801455)
Нерђајући челик (revision 25724429)
Ejmi Stil (revision 23270968)
Округ Стил (Минесота) (revision 25835300)
Округ Стил (Северна Дакота) (revision 25835715)
Стил (Мисури) (revision 25847882)
Стил арена (revision 21875508)
Стела (revision 22174270)
Стела (Мисури) (revision 25847884)
Стела (Небраска) (revision 25850437)
Стела (Порторико) (revision 25857176)
Стела (филм) (revision 25310046)
Стела (ТВ серија) (revision 25307473)
Стела (Асколи Пичено) (revision 25088627)
Стела (Бреша) (revision 25088628)
Стела (Кјети) (revision 25088630)
Стела (Фрозиноне) (revision 25088632)
Стела (Торино) (revision 25088631)
Стела (Виченца) (revision 25088629)
Semantic Scholar (revision 25921002)
Роберт Грабс (revision 25542755)
Гвидо Имбенс (revision 25195807)
Postkoitalna melanholija (revision 24026327)
Laboratorijska kritična vrednost (revision 24723202)
Дејвид Макмилан (revision 25544764)
Томас Кранмер (revision 25916098)
Клеидокранијална дисплазија (revision 25363695)
Eruptivna cista (revision 24014682)
Несврсисходно лечење (revision 25468402)
Scuola, Bologna (revision 25088247)
Scuola, Padova (revision 25088248)
Списак земаља учесница Летњих олимпијских игара (revision 25308824)
Северни Борнео на Летњим олимпијским играма 1956. (revision 23682969)
Списак МОК-ових државних кодова (revision 25308735)
Независни учесници на Летњим олимпијским играма 2000. (revision 24123342)
Источни Тимор на олимпијским играма (revision 23668334)
Мађарска на Летњим олимпијским играма 2000. (revision 24282861)
Брунеј на Летњим олимпијским играма 1988. (revision 23961502)
1022 Олимпијада (revision 25797706)
Тонга на Летњим олимпијским играма 2016. (revision 24218374)
Канада на Летњим олимпијским играма 2000. (revision 24277110)
Лајн (Виченца) (revision 25074777)
Вест Лајн (Мисури) (revision 25847989)
Стејт Лајн (Пенсилванија) (revision 25856709)
Стејт Лајн (Ајдахо) (revision 25840965)
Дерби Лајн (Вермонт) (revision 25859810)
Лајно Казтело-Нуово Чентро (Козенца) (revision 25074778)
Сентер Лајн (Мичиген) (revision 25831337)
Бетси Лајн (Кентаки) (revision 25843503)
Арнолд Лајн (Мисисипи) (revision 25848034)
Стејт Лајн (Мисисипи) (revision 25848339)
Административна подела Републике Ирске (revision 24263295)
Мрави (revision 25733439)
Френк Синатра (revision 25878319)
Џон Гришам (revision 25890736)
Хилари Клинтон (revision 25880823)
Том Брејди (revision 25742738)
Тимоти Веа (revision 25445694)
Dinamin (revision 24240645)
Џон Кери (revision 25821984)
Amfifizin (revision 24528406)
Ilegalna trgovina droge (revision 24149199)
Енглески језик (revision 25909048)
Indigofereae (revision 25318446)
Вијетнам (revision 25909735)
Сандра Булок (revision 25770575)
Турска (revision 25906647)
Ebu Hanifa (revision 25663076)
Али Шариати (revision 25736615)

== End of Parsed pages ==

- Number of pages processed: 156
- Number of characters consumed: 927918

- Wikipedia parsing ended at: 2023-06-20 08:11:33.800512

57 characters appeared 927918 times.

Most Frequent characters:
[ 0] Char а: 10.658377141083587 %
[ 1] Char и: 9.37819936675439 %
[ 2] Char е: 8.360221485088122 %
[ 3] Char о: 8.300517933696728 %
[ 4] Char н: 5.530661114451924 %
[ 5] Char р: 5.017253679743253 %
[ 6] Char с: 4.34381055222552 %
[ 7] Char т: 4.126011134604567 %
[ 8] Char у: 3.988391215603103 %
[ 9] Char к: 3.6736004690069595 %
[10] Char ј: 3.2981362577296705 %
[11] Char в: 3.140471464073334 %
[12] Char м: 3.1011360917667297 %
[13] Char д: 3.09273017658888 %
[14] Char л: 2.8608131321948704 %
[15] Char п: 2.6284650152276385 %
[16] Char з: 1.6684663946598728 %
[17] Char г: 1.660599320198552 %
[18] Char б: 1.2192887733614393 %
[19] Char ч: 0.950191719526941 %
[20] Char a: 0.8593431747201801 %
[21] Char e: 0.8111708146625025 %
[22] Char ц: 0.804058117204322 %
[23] Char i: 0.7586877288725944 %
[24] Char њ: 0.7351942736319372 %
[25] Char o: 0.6890695082970694 %
[26] Char ш: 0.6776460851066581 %
[27] Char х: 0.6674081114926104 %
[28] Char n: 0.5690157966544458 %
[29] Char t: 0.508988940833134 %
[30] Char r: 0.4861420944523115 %
[31] Char s: 0.4650195383643813 %
[32] Char љ: 0.4316114139395938 %
[33] Char ф: 0.41867923674290186 %
[34] Char ж: 0.4124286844311674 %
[35] Char l: 0.37180009440489353 %
[36] Char ћ: 0.3578980039184497 %
[37] Char m: 0.3007808879663936 %
[38] Char u: 0.2975478436672206 %
[39] Char d: 0.2638164148125158 %
[40] Char c: 0.26036783422673127 %
[41] Char p: 0.2288995363814475 %
[42] Char ђ: 0.1995866014022791 %
[43] Char h: 0.19775454296608105 %
[44] Char k: 0.18266700290327378 %
[45] Char j: 0.17501546472856438 %
[46] Char v: 0.16456195482790506 %
[47] Char g: 0.1618677512452609 %
[48] Char b: 0.13223151183617518 %
[49] Char f: 0.11218663718130266 %
[50] Char z: 0.08901648637056292 %
[51] Char y: 0.08481352878163803 %
[52] Char w: 0.051836476930073566 %
[53] Char џ: 0.049573345920652476 %

The first 54 characters have an accumulated ratio of 0.9997402787746328.
The first 5 characters have an accumulated ratio of 0.4222797704107475.
All characters whose order is over 35 have an accumulated ratio of 0.03310421826066527.

1260 sequences found.

First 750 (typical positive ratio): 0.9950043179885425
Next 197 (947-750): 0.004004192733913059
Rest: 0.000991489277544444

- Processing end: 2023-06-20 08:11:34.104585
