= Logs of language model for Irish (ga) =

- Generated by BuildLangModel.py
- Started: 2023-06-20 02:42:35.004971
- Maximum depth: 4
- Max number of characters: 3000000

== Parsed pages ==

Tracy Caldwell Dyson (revision 972597)
Phonetics (revision 1111589)
Linguistics (revision 996477)
Alphabet (revision 1138198)
Language (revision 1105428)
Pratchett (revision 1119765)
Grammar (revision 944736)
History (revision 1114797)
Folklore (revision 1099721)
Biology (revision 1141582)
Flower (revision 1132996)
Plant (revision 1057679)
Animal (revision 1132483)
Human (revision 1071871)
computer (revision 1114734)
Technology (revision 1032934)
Communication (revision 1032873)
Writing (revision 1117324)
Video Game (revision 1127592)
Music (revision 1073438)
Glass (revision 1126124)
Bread (revision 1116939)
Politics (revision 1109401)
Earth (revision 1047990)
Ocean (revision 911360)
Amazon (revision 1029188)
Aguilera (revision 1050657)
Streptococcus (revision 1154491)
Virus (revision 1155402)
Bacteria (revision 1121824)
Bird (revision 1017655)
Submarine (revision 1132934)
Chemistry (revision 1141190)
Military (revision 1090944)
Scholar (revision 1109109)
Supernova (revision 1114525)
Olympiad (revision 1113765)
Classic Empire (revision 1010123)
Boeing P-8 Poseidon (revision 1111740)
Authorised capital (revision 722981)
1012 (revision 1056842)
Chiang Mai (revision 1135696)
Tadhg Ua Dálaigh (revision 1060127)
Uí Dhálaigh (revision 1060474)
Oghma (revision 1140599)
Seán Ó Donnabháin (revision 1125001)
Jonathan Swift (revision 1132890)
Eolas mac Biobhsaigh (revision 1107430)
Panti (revision 1136007)
Gearóid Mac Eoin (revision 1119166)
Finnegans Wake (revision 977797)
Whoopi Goldberg (revision 1072176)
Them, Robot (revision 1114961)
Mr. Robot (revision 1072941)
Liosta eipeasóidí Mr. Robot (revision 1104782)
Alan Tudyk (revision 1037105)
ASIMO (revision 1126916)
Halloween (Brooklyn Nine-Nine) (revision 1115410)
Nicktoons (RA & Éire) (revision 1085857)
Róbaitic (revision 1153933)
Ichiro Mizuki (revision 1122327)
Michael Jackson (revision 1118039)
Good Food (revision 1115350)
The Food Wife (revision 1114953)
Cócaireacht na hAsarbaiseáine (revision 774020)
Gorta (revision 1150558)
Really (bealach teilifíse) (revision 1115355)
W (bealach teilifíse an RA) (revision 1115356)
Drama (bealach teilifíse an RA) (revision 1115352)
Eden (bealach teilifíse) (revision 1134176)
Yesterday (bealach teilifíse) (revision 1115357)
Home (bealach teilifíse) (revision 1085841)
Charlie Chaplin (revision 1123154)
The Great Dictator (revision 1005513)
His Favourite Pastime (revision 1073494)
The Kid (scannán 1921) (revision 1101586)
A Film Johnnie (revision 1073492)
Cruel, Cruel Love (revision 1073496)
Tango Tangles (revision 1073493)
The Star Boarder (scannán 1914) (revision 1073497)
City Lights (revision 1102017)
Between Showers (revision 1073491)
Henry Clay Frick (revision 1150746)
Imelda Marcos (revision 1104559)
Shirley MacLaine (revision 1031691)
Modern Times (scannán) (revision 1073577)
Henry Cavill (revision 1083516)
Santo & Johnny (revision 1059681)
Samsung Tocco (revision 1111043)
SGML (revision 1136850)
Glaoch na hÉireann (revision 1141433)
Port Moresby (revision 1077765)
Dhaka (revision 1077575)
Caitlín Nic Aoidh (revision 1140964)
Lady Sings the Blues (revision 1071907)
Oileán Máisean (revision 1111805)
Andrew Bird (revision 1031311)
Jean-Baptiste Camille Corot (revision 1152040)
Jack White (revision 1133412)
Cill Orglan (revision 1017156)
Tonn teasa (revision 1100811)
Mike Weaver (revision 1081286)
Sigourney Weaver (revision 1023906)
Weaver, Alabama (revision 1105562)
Ryū Murakami (revision 1133274)
Ionstraimí Reachtúla na Ríochta Aontaithe, 1997 (revision 722981)
Zootopia (revision 1040583)
Liosta de charachtair The Simpsons (revision 1018345)
1949 (revision 1120847)
Toghchán Uachtaránachta na Stát Aontaithe 2020 (revision 1117709)
Liosta de na aoi-réaltaí The Simpsons (revision 1104427)
Liosta daoine as an mBreatain Bheag (revision 1123165)
Scannánliosta Jennifer Aniston (revision 1110390)
Chinua Achebe (revision 1108648)
The Beatles (revision 1140646)
Cillian Murphy (revision 1111182)
Liosta ealaíontóirí Columbia Records (revision 1138510)
Arrane Ashoonagh Vannin (revision 1097343)

== End of Parsed pages ==

- Number of pages processed: 150
- Number of characters consumed: 404311

- Wikipedia parsing ended at: 2023-06-20 02:46:04.793926

44 characters appeared 404311 times.

Most Frequent characters:
[ 0] Char a: 10.81889931265783 %
[ 1] Char e: 9.445204310543122 %
[ 2] Char i: 9.072718773419473 %
[ 3] Char n: 8.431628127852074 %
[ 4] Char r: 7.424729972719021 %
[ 5] Char s: 6.726999760085676 %
[ 6] Char t: 6.641916742309757 %
[ 7] Char o: 6.531110951717861 %
[ 8] Char l: 4.400325492009864 %
[ 9] Char c: 4.190338625464061 %
[10] Char h: 4.127268365194121 %
[11] Char d: 3.847038542112384 %
[12] Char m: 3.272233503416924 %
[13] Char u: 2.7983408811533694 %
[14] Char g: 2.6761577102774843 %
[15] Char p: 1.5515284026405416 %
[16] Char f: 1.4716394062986167 %
[17] Char b: 1.4310765722426548 %
[18] Char y: 0.8431628127852074 %
[19] Char v: 0.6863528323493548 %
[20] Char í: 0.5735683669254609 %
[21] Char á: 0.5527922811894803 %
[22] Char k: 0.4820546559455468 %
[23] Char é: 0.4818073215915471 %
[24] Char w: 0.46300991068756475 %
[25] Char ó: 0.28690785063973034 %
[26] Char ú: 0.2564857250977589 %
[27] Char j: 0.187232105977824 %
[28] Char x: 0.16620868588784377 %
[29] Char z: 0.09571839499791003 %
[30] Char q: 0.05144554563195164 %

The first 31 characters have an accumulated ratio of 0.9998590194182202.
The first 5 characters have an accumulated ratio of 0.4519318049719152.
All characters whose order is over 20 have an accumulated ratio of 0.030236624776471575.

777 sequences found.

First 469 (typical positive ratio): 0.9950649366494031
Next 115 (584-469): 0.003937680337219196
Rest: 0.0009973830133777062

- Processing end: 2023-06-20 02:46:04.902958
