= Logs of language model for Croatian (hr) =

- Generated by BuildLangModel.py
- Started: 2023-06-20 03:02:47.683252
- Maximum depth: 4
- Max number of characters: 3000000

== Parsed pages ==

Fizika čvrstog stanja (revision 6149421)
Phonetics (revision 6605445)
Linguistics (revision 6605831)
Alphabet (revision 6304065)
Language (revision 6524917)
Pratchett (revision 6431001)
Satire (revision 6618528)
Grammar (revision 6469157)
History (revision 6247872)
Folklore (revision 6632703)
Biology (revision 6656824)
Flower (revision 5930636)
Plant (revision 6613480)
Animal (revision 6277428)
Human (revision 6662225)
computer (revision 6214180)
Robot (revision 5878843)
Technology (revision 5516227)
Communication (revision 3932811)
Writing (revision 6541557)
Video Game (revision 6008496)
Music (revision 6285653)
Glass (revision 6283613)
Bread (revision 6170218)
Food (revision 6571727)
Politics (revision 6398786)
Earth (revision 6531384)
Ocean (revision 6656807)
Amazon (revision 6320808)
Aguilera (revision 6656519)
Morse Code (revision 6510043)
Streptococcus (revision 5724189)
Virus (revision 6656829)
Bacteria (revision 6273256)
Bird (revision 5762002)
Submarine (revision 6424725)
Steel (revision 6228192)
Chemistry (revision 6537931)
Military (revision 6476734)
Weather (revision 5790633)
Scholar (revision 6251631)
Supernova (revision 6471474)
Olympiad (revision 6441979)
Roth (Rednitz) (revision 6238436)
WRSA (AM) (revision 6637302)
25th Anniversary Reunion (revision 6228970)
Amanda Somerville (revision 6594761)
Soberón (revision 5937760)
Stromatium (revision 6626149)
William R. Griffith House (revision 6570600)
Nebraska Highway 61 (revision 6663490)
Ricardo Hurtado (revision 6198403)
Charlie Chaplin (revision 6632147)
Filmografija Charlesa Chaplina (revision 5798875)
Veliki diktator (revision 6300395)
Svjetla pozornice (1952.) (revision 6133271)
Cirkus (1928.) (revision 6620843)
Grofica iz Hong Konga (revision 6620130)
Zlatna groznica (1925.) (revision 6620864)
Mališan (revision 6620849)
Pasji život (revision 6620854)
Gospodin Verdoux (revision 5796492)
Anou Achra Lemoun (revision 6508157)
Anou Boussouil (revision 6508156)
Na putu prema dolje (revision 6525530)
Nevjerojatni Hulk (2008.) (revision 6620404)
Cardi B (revision 6644973)
Index Librorum Prohibitorum (revision 6245178)
Indeks (kazalo) (revision 5441927)
Indeks (svjedodžba) (revision 4881891)
Indeks (baza podataka) (revision 6245194)
Indeks (burza) (revision 6245193)
indeks loma svjetlosti (revision 6604132)
HDI (revision 6249687)
Indexi (revision 6245177)
Hrvatski jezični portal (revision 6601157)
Nekontaktirani narodi (revision 6519691)
Pismo kršćanskoj naciji (revision 6204657)
Vitez tame (revision 6658278)
Policajac manijak 3: Značka tišine (revision 6132798)
Airbus A380 (revision 6628335)
Batman i Robin (revision 6620886)
Hladni rat (revision 6610220)
Harry S. Truman (revision 6587947)
Vitez tame: Povratak (revision 6530183)
Slagalica strave IV (revision 6554681)
Jakov V., kralj Škotske (revision 6655086)
Microsoft Access (revision 6581644)
Pisač (revision 6161342)
Embraer ERJ 145 (revision 6643757)
Juliana Pasha (revision 6384182)
Mlazni motor (revision 6149816)
Igor Jevgenjevič Tamm (revision 6245584)
Glagoli (revision 6642583)
Perzeidi (revision 6504143)
Fokker F70 (revision 6255396)
Andrej Saharov (revision 6614704)
Andreja Kulunčić (revision 6661371)
For petlja (revision 6402055)
Barbra Streisand (revision 6628338)
Istospolni brak (revision 6658774)
Urinarna inkontinencija (revision 6628520)
Prava LGBT osoba u Europi (revision 6649206)
Ekonomija pozornosti (revision 6645386)
Seksualno uznemiravanje (revision 6440822)
Dina (2021.) (revision 6654084)
Popis uobičajenih zabluda (revision 6651706)
Genetičko podrijetlo Hrvata (revision 6642370)
Svjetsko prvenstvo u nogometu – Francuska 1998. (revision 6562144)
GNK Dinamo Zagreb (revision 6653910)
Nogomet za prijateljstvo (revision 6627117)
Popis reprezentativaca na Svjetskom prvenstvu u nogometu – Južna Koreja i Japan 2002. (revision 6554260)
Prekomorska proširenja SAD-a (revision 6205258)
Sumi Shimamoto (revision 6362550)
Kratersko jezero (revision 6233808)
Indexi (nagrada) (revision 6507595)
The Bambi Molesters (revision 6462414)
The 4-Skins (revision 6663693)
VIS Dinamiti (revision 6515468)
Tha Dogg Pound (revision 6663505)
The Beat Fleet (revision 6639073)
East Coast Oi! Fest 2008 (revision 6522019)
Živo blato (sastav) (revision 6364952)
IDEMO Institut za demokraciju (revision 6397437)
Rafinerija nafte (revision 6599423)
Protureformacija (revision 6328570)
Noam Chomsky (revision 6370730)
T-stablo (revision 6361241)
Leća (oko) (revision 6383411)
Zadarska nadbiskupija (revision 6634637)
Tkon (revision 6479495)
Srđan Šaper (revision 6553115)
Borna Ćorić (revision 6509658)
2021. (revision 6600625)
Gospodarstvo Irana (revision 6664475)
Šangaj (revision 6589024)
Posljedice koronavirus pandemije na turizam (revision 6661994)
Šemsudin Gegić (revision 6430952)
Hrvatski ronilački savez (revision 6654827)
Rat u Gazi (2008. – 2009.) (revision 6609506)
Real Madrid C.F. (revision 6662591)
Indeks loma (revision 6604132)
UV indeks (revision 6288073)
Indeks boje (revision 6245192)
Merckov indeks (revision 6223976)
Indeks cijena (revision 6633899)
Indeks hlađenja (revision 6245191)

== End of Parsed pages ==

- Number of pages processed: 174
- Number of characters consumed: 1367839

- Wikipedia parsing ended at: 2023-06-20 03:07:21.222934

70 characters appeared 1367839 times.

Most Frequent characters:
[ 0] Char a: 11.329769073699463 %
[ 1] Char i: 9.590748618806746 %
[ 2] Char e: 8.895345139303675 %
[ 3] Char o: 8.574693366690084 %
[ 4] Char n: 6.71716481252545 %
[ 5] Char r: 5.498088590835618 %
[ 6] Char j: 4.922216722874548 %
[ 7] Char s: 4.856273289473396 %
[ 8] Char t: 4.639800444350541 %
[ 9] Char u: 4.277330884702074 %
[10] Char l: 3.8879575739542447 %
[11] Char k: 3.4192620622748726 %
[12] Char d: 3.3230519088869377 %
[13] Char m: 3.226695539460419 %
[14] Char v: 3.07960220464543 %
[15] Char p: 2.8349096640759623 %
[16] Char g: 1.8205358964030125 %
[17] Char z: 1.7446497723781822 %
[18] Char b: 1.5607831038594455 %
[19] Char c: 1.325448389759321 %
[20] Char h: 1.0195644370426635 %
[21] Char č: 0.7758954087432804 %
[22] Char š: 0.5834751019674099 %
[23] Char f: 0.5097091105020402 %
[24] Char ž: 0.4141569292877305 %
[25] Char ć: 0.3905430390564972 %
[26] Char y: 0.2414026797013391 %
[27] Char đ: 0.1948328714124981 %
[28] Char w: 0.19475976339320636 %
[29] Char x: 0.049713453118386014 %
[30] Char q: 0.030412936025365555 %

The first 31 characters have an accumulated ratio of 0.9992879278920985.
The first 5 characters have an accumulated ratio of 0.45107721011025415.
All characters whose order is over 20 have an accumulated ratio of 0.03384901293207753.

1119 sequences found.

First 486 (typical positive ratio): 0.995024106176241
Next 202 (688-486): 0.003979105894637236
Rest: 0.000996787929121723

- Processing end: 2023-06-20 03:07:21.348963
