= Logs of language model for Slovene (sl) =

- Generated by BuildLangModel.py
- Started: 2023-06-20 08:01:04.794661
- Maximum depth: 4
- Max number of characters: 3000000

== Parsed pages ==

Ljubljana (revision 6042209)
Phonetics (revision 5785561)
Linguistics (revision 5908734)
Alphabet (revision 6036722)
Language (revision 5978065)
Pratchett (revision 5126394)
Satire (revision 4815260)
Grammar (revision 6011575)
History (revision 5739993)
Flower (revision 5786698)
Animal (revision 6011649)
Human (revision 5769643)
computer (revision 4868487)
Robot (revision 5833992)
Technology (revision 5850717)
Communication (revision 5991133)
Writing (revision 5746549)
Video Game (revision 5815664)
Music (revision 5648035)
Glass (revision 5948124)
Food (revision 6035666)
Politics (revision 6029143)
Earth (revision 5755618)
Ocean (revision 5921754)
Chaplin (revision 5918990)
Aguilera (revision 6030541)
Streptococcus (revision 5875868)
Virus (revision 5963371)
Bacteria (revision 5953202)
Bird (revision 4122570)
Submarine (revision 5740098)
Steel (revision 5789781)
Chemistry (revision 5969164)
Military (revision 5930425)
Scholar (revision 5536248)
Supernova (revision 5918089)
Panopa (revision 5783845)
Glen, New Hampshire (revision 3874743)
Charles Benvignat (revision 5789938)
Bitter Lake (revision 5805064)
Folkloristika (revision 5847984)
Marija Stanonik (revision 6003721)
Ruslana (revision 6010919)
Hrizip (revision 4916819)
Gvido Birolla (revision 5594005)
Volkodlak (revision 5568806)
Živije (revision 5417138)
Srčevec (revision 2822262)
Handžar (revision 5929789)
401 Otilija (revision 5755284)
Biology Letters (revision 6032822)
PLoS Biology (revision 5940043)
Živali (revision 6023031)
Evolucijska biologija (revision 5772057)
Paul Christian Lauterbur (revision 6015612)
Abraham Trembley (revision 4754343)
George Emil Palade (revision 6015668)
John Bertrand Gurdon (revision 6015565)
Centriol (revision 5985493)
Gametofit (revision 5988913)
Eric Clive Pegus Plant (revision 5927898)
Robert Plant (revision 5083902)
International Association for Plant Taxonomy (revision 5802267)
Solarni stolp (revision 6001866)
Seznam rastlin po družinah (revision 5952206)
Physical Graffiti (revision 5739806)
Dezmotubul (revision 5987526)
Trn (revision 5513585)
Dvokaličnice (revision 5987899)
L.A. (Light Album) (revision 5740864)
Pont-Saint-Esprit (revision 5806205)
Baklava (revision 6028528)
Grisin (revision 5801561)
Kruh (revision 6005311)
Ötzi (revision 5913786)
Ukrajinska kuhinja (revision 5771104)
Erica Johnson Debeljak (revision 5605269)
Mamica Dravica (revision 5779559)
Triboluminiscenca (revision 5848875)
HMS Amazon (revision 5929301)
Amazon Kindle (revision 5119002)
Amazon Web Services (revision 5406783)
Amazon.com (revision 5972439)
Jeff Bezos (revision 5604556)
Amazonski deževni gozd (revision 5975817)
Lunapark (film, 2017) (revision 5865696)
Kavarniška gospoda (revision 5865673)
The Washington Post (revision 5766354)
Hrup ozadja (revision 5852113)
Anagram (revision 5756382)
Walkie talkie (revision 5589571)
Teleprinter (revision 5879641)
Voki-toki (revision 5793372)
Seznam glasbeno-založniških hiš (revision 5092333)
Sredozemsko morje (revision 5865163)
Joe Zawinul (revision 6035889)
Sredozemsko podnebje (revision 5695976)
Razor (revision 5959538)
Odtisoček (revision 5824926)
Wayne Shorter (revision 5946914)
Kamsin (revision 5776689)
Marjan Strojan (revision 5961548)
David Brunt (revision 4753703)
Jazz fusion (revision 5812137)
Poletne olimpijske igre 1984 (revision 6013080)
Poletne olimpijske igre 1928 (revision 5550769)
Poletne olimpijske igre 1992 (revision 5550747)
Poletne olimpijske igre 1976 (revision 5550755)
Poletne olimpijske igre 1980 (revision 5550753)
Poletne olimpijske igre 1988 (revision 5550748)
Poletne olimpijske igre 1964 (revision 5550759)
Poletne olimpijske igre 1968 (revision 5731416)
Poletne olimpijske igre 1924 (revision 5550058)
Poletne olimpijske igre 1948 (revision 5912602)
1998 (revision 5908968)
Frank Gehry (revision 5987506)
Nepovabljena (revision 5550810)
Xavier Samuel (revision 5793809)
Tom in Jerry (revision 5544540)
Seznam filmov (revision 5588145)
Narodni filmski register (revision 5805195)
Emily Osment (revision 6028724)
Woodstock (revision 5994456)
Billy Joel (revision 5995737)
Oskar za najboljši film (revision 5956976)
Seznam nagrad in nominacij, ki jih je prejel George Clooney (revision 5807061)
Reese Witherspoon (revision 6031564)
Amy Adams (revision 6022040)
Johnny Depp (revision 6038527)
Brad Pitt (revision 5995920)
Gwyneth Paltrow (revision 6046069)
Maggie Gyllenhaal (revision 5812794)
Sarah Jessica Parker (revision 5974259)
Hilary Swank (revision 5801908)
Colin Firth (revision 5976535)
Seznam irskih nogometašev (revision 4970985)
Seznam generalov Kopenske vojske ZDA (revision 6014302)
Sesuti Harry (revision 5865665)
Seznam ameriških filozofov (revision 5977180)
Seznam britanskih generalov (revision 5968276)
Robert Johnson (revision 5806747)
1. marinska divizija (ZDA) (revision 5922524)
Nihonij (revision 5969219)
Boris Johnson (revision 5999126)
Livermorij (revision 5969203)
Slikanje s črnilom (revision 5814779)
Jennifer Lopez (revision 6035420)
Periderm (revision 5438937)
Porolistna kozja brada (revision 5889397)
Modelni organizem (revision 5781456)
Mitsubishi Heavy Industries (revision 5867654)
Magnolidni kompleks (revision 5779413)
Mesangiospermae (revision 5990858)
Seznam avstralskih generalov (revision 5935538)
Cvetna formula (revision 5563040)
Breda Babošek (revision 5855463)
Breda Ba.88 Lince (revision 5816985)
Lahka breda (revision 5419949)
Breda, Nizozemska (revision 5767153)
Breda Ba.25 (revision 4356404)
8×59 Breda (revision 5876973)
Breda Pečan (revision 4799718)
Breda Pogorelec (revision 5556820)
Breda Janežič (revision 5797500)
Dirka po Španiji (revision 5758788)
Veleposlaništvo Republike Slovenije v Španiji (revision 5848683)
Apostolska nunciatura v Španiji (revision 5232783)
Anarhizem v Španiji (revision 4520628)
Zgodovina znanosti in tehnike v Španiji (revision 5840442)
Seznam mest v Španiji (revision 5833715)
Španci (revision 6020876)
Salamanca (revision 5856132)
Albert Estrada Vilarrasa (revision 5991008)
Alicante (revision 5546952)
Breda (ime) (revision 6037703)
Seznam italijanskih inženirjev (revision 5971333)
Seznam belgijskih filozofov (revision 5719195)
Seznam poslancev enajste italijanske legislature (revision 5017123)
Poslanci Legislature X Kraljevine Italije (revision 5011313)
Seznam moštev Svetovnega prvenstva v nogometu 1934 (revision 4922712)
Orel (priimek) (revision 6038422)
Čop (revision 5965447)
Janko (priimek) (revision 5650319)
Pečovnik (priimek) (revision 5888898)
Požar (priimek) (revision 5539074)
Loče, Slovenske Konjice (revision 6024868)
Tine Debeljak (revision 6004341)
Oblak (priimek) (revision 6027344)
Janez Janša (revision 6046141)

== End of Parsed pages ==

- Number of pages processed: 229
- Number of characters consumed: 1452240

- Wikipedia parsing ended at: 2023-06-20 08:07:00.127381

56 characters appeared 1452240 times.

Most Frequent characters:
[ 0] Char o: 22.967415854128795 %
[ 1] Char a: 8.722318625020657 %
[ 2] Char e: 8.642510879744394 %
[ 3] Char i: 7.462884922602325 %
[ 4] Char n: 5.851649865036082 %
[ 5] Char r: 5.179653500798766 %
[ 6] Char l: 4.571696138379331 %
[ 7] Char s: 4.119291577149783 %
[ 8] Char t: 3.9120944196551535 %
[ 9] Char j: 3.3037239023852805 %
[10] Char d: 2.918250426926679 %
[11] Char v: 2.8580675370462183 %
[12] Char k: 2.538010246240291 %
[13] Char m: 2.4752107089737234 %
[14] Char p: 2.461576598909271 %
[15] Char u: 1.8686993885308214 %
[16] Char b: 1.5607613066710737 %
[17] Char g: 1.5334242274004297 %
[18] Char z: 1.5222001872968653 %
[19] Char h: 1.3381397014267615 %
[20] Char c: 1.3124552415578692 %
[21] Char č: 0.7342450283699664 %
[22] Char f: 0.5464661488459208 %
[23] Char š: 0.5015699884316642 %
[24] Char y: 0.3607530435740649 %
[25] Char ž: 0.3394067096347711 %

The first 26 characters have an accumulated ratio of 0.9960247617473696.
The first 3 characters have an accumulated ratio of 0.4033224535889385.
All characters whose order is over 19 have an accumulated ratio of 0.037948961604142566.

886 sequences found.

First 454 (typical positive ratio): 0.9950465076309883
Next 121 (575-454): 0.003961510237526555
Rest: 0.000991982131485103

- Processing end: 2023-06-20 08:07:00.220438
