= Logs of language model for Bulgarian (bg) =

- Generated by BuildLangModel.py
- Started: 2023-06-20 00:16:12.043511
- Maximum depth: 4
- Max number of characters: 3000000

== Parsed pages ==

Амурски_леопард (revision 11479353)
Phonetics (revision 11634382)
Linguistics (revision 10801007)
Alphabet (revision 11307764)
Language (revision 11164489)
Pratchett (revision 11821557)
Grammar (revision 10926718)
History (revision 11278649)
Folklore (revision 11444243)
Biology (revision 11120791)
Flower (revision 10124610)
Plant (revision 11736839)
Animal (revision 11719358)
Human (revision 10007978)
Robot (revision 10909509)
Technology (revision 11315650)
Communication (revision 11556430)
Writing (revision 11599648)
Video Game (revision 11218524)
Music (revision 10252988)
Glass (revision 11317738)
Food (revision 10666525)
Politics (revision 11280852)
Earth (revision 11477816)
Ocean (revision 11736993)
Amazon (revision 11795114)
Chaplin (revision 10803735)
Aguilera (revision 11699021)
Streptococcus (revision 10916024)
Bacteria (revision 11597675)
Bird (revision 11280565)
Submarine (revision 10034589)
Steel (revision 11155431)
Chemistry (revision 11213925)
Military (revision 11575917)
Weather (revision 11131470)
Scholar (revision 11659005)
Supernova (revision 9804803)
Olympiad (revision 11818669)
History of Yukon (revision 11753907)
Medicine Park, Oklahoma (revision 11750718)
Everybody's Sweetheart (revision 11561663)
Sparkle (revision 11278789)
Фердинанд Ходлер (revision 10919993)
Ерколе Бентивольо (поет) (revision 11516326)
Аний Полион (revision 11041206)
Якоб Винер (revision 11314427)
Тимъти Дуайт (revision 10148191)
Хенри Филдинг (revision 11203716)
Убийствена игра (revision 11486099)
Тимур Вермеш (revision 11183184)
Прекрасният нов свят (revision 11729940)
Йохан Фишарт (revision 10727365)
Computer (списание) (revision 11807734)
OK Computer (revision 10665587)
NeXT Computer (revision 9828701)
Епъл (revision 11819516)
Компютърна архитектура (revision 11222044)
Компютърни науки (revision 11339940)
Микроархитектура (revision 10898879)
Компютърно проектиране (revision 9491529)
ASUS (revision 11279386)
Списание Computer (revision 11807734)
Computer-aided design (revision 9491529)
Пържена филийка (revision 10602085)
Лаваш (revision 11055727)
Бананов хляб (revision 9253485)
Спектакъл (revision 11328039)
Пита (revision 11722444)
Минесота (revision 11675476)
Хляб и зрелища (revision 11132630)
Елизабет Харбисън (revision 11793521)
Пекарна (revision 11611943)
Сара-Кейт Линч (revision 11531558)
Virus (Айрън Мейдън) (revision 11155869)
Bhanja virus (revision 11313797)
Rabies virus (revision 9970789)
AVG Anti-Virus (revision 10347601)
Чикунгуня (revision 11681079)
Virus (компютърна игра) (revision 11374041)
Нипа (revision 11706396)
Шмаленберг (revision 11478680)
Флавивирус (revision 9994794)
Вирус (revision 11598514)
Компютърен вирус (revision 11777018)
Време (метеорология) (revision 11598541)
Хронология на руското нападение над Украйна (revision 11817458)
Списък с филмите на „Юнивърсъл Пикчърс“ (1940 – 1949) (revision 11443747)
Монреал (revision 11588030)
Дуга (revision 11771992)
Марк Уолбърг (revision 10725196)
Библиография на Клайв Стейпълс Луис (revision 11770472)
Синдром на придобитата имунна недостатъчност (revision 11711047)
Хипокриси (revision 11199804)
Брус Дикинсън (revision 11613940)
KMFDM (revision 11153337)
Индъстриъл метъл (revision 11154906)
Лука Турили (revision 10094008)
Хенипавируси (revision 11507860)
Вирусна треска О`ньонг ньонг (revision 11681112)
Марбургска хеморагична треска (revision 9844281)
Бяс (revision 11706554)
Хантавируси (revision 11516017)
Японски енцефалит (revision 11469978)
Денга (revision 10984081)
Арбовируси (revision 11669300)
Кафява мечка (revision 11828927)
Шизофрения (revision 11506608)
Вируси (revision 11598514)
Болести, предавани по полов път (revision 11781832)
Коронавируси (revision 11706361)
Овес (revision 11548229)
Мекотели (revision 11765155)
Ванила Нинджа (revision 11732990)
Домашна кокошка (revision 11819443)
Александър Берзин (учен) (revision 11313855)
Чернобил (revision 11568571)
Чернобилска авария (revision 11828689)
АЕЦ Чернобил (revision 11679823)
Чернобил (минисериал) (revision 11474105)
Хендра (revision 11505743)
Henipavirus (revision 11507860)
38 (revision 9565228)
Дупнишки говор (revision 10064326)
Ричард Шрок (revision 11417215)
Христо Ботев (revision 11779823)
Солун (revision 11824829)
Коне (revision 11804614)
Див кон (revision 11277564)
Кон на Пржевалски (revision 11634260)
Тарпан (revision 11578479)
Кон (revision 11792267)
Източнобългарски кон (revision 11366047)
Каракачански кон (revision 11365969)
Мустанг (revision 10957979)
Троянски кон (revision 11622787)
Морогоро (revision 10988268)
Нов Южен Уелс (revision 11637794)
Албърта (revision 11665085)
Ню Йорк (revision 11788951)
Опел Каскада (revision 10288148)
Мутация (генетичен оператор) (revision 10885240)
Еволюция (revision 11816948)
Костенурките нинджа (revision 11749291)
Мутация (revision 10549454)
Спин (revision 11642305)
Презерватив (revision 11609249)
Кон-Тики (revision 11176462)
Общество за македонски изследвания (revision 11611804)
Имброс (revision 10808722)
Имброс (дем Сфакия) (revision 10841655)
Имброс (пролом) (revision 10884599)
Могила (община) (revision 10899605)
Тръстеник (revision 11830728)
Пчели (revision 11784881)
кон (revision 11792267)
Конче (revision 11174723)
Кончето (revision 11129079)
Морски кончета (revision 11679292)
Пегас (revision 11759905)
Мрамор (област София) (revision 11655100)
Патриарх Евтимий (площад в София) (revision 11566095)
Кнежа (revision 11815691)
Искър (revision 11816011)
Община Искър (revision 11704888)
Иван Батаклиев (revision 11720977)
Петрохан (revision 11606358)
„Петрохан“ (revision 11606551)
Каскада „Петрохан“ (revision 11606551)
Стивън Вселенски (revision 11553662)
Гай Сервилий Каска (трубун) (revision 11074238)
Гай Сервилий Каска (revision 11074237)
Публий Сервилий Каска Лонг (revision 11043042)
Каска (revision 11318029)
Каскада (група) (revision 11153045)
Белмекен (revision 11296593)
Белмекен (язовир) (revision 11671692)
ПАВЕЦ Белмекен (revision 11774800)
Белмекен-Сестримо-Чаира (revision 11598867)
Въча (revision 11629763)
Въча (язовир) (revision 11634242)
Въча (каскада) (revision 11590535)
Воден синдикат „Въча“ (revision 11646652)
Радомир (revision 11795945)
Гоце Делчев (град) (revision 11829763)
Канал (revision 11599594)
Батак (revision 11830107)
Община Батак (revision 11692871)
Батак (село) (revision 11168289)
Батак (язовир) (revision 11602927)
ВЕЦ Батак (revision 11590520)
Баташки водносилов път (revision 11570125)
блато (revision 10822156)
Батък (revision 10835383)
Каскада „Арда“ (revision 11599147)
Водноелектрическа каскада (revision 11606360)
Каскада „Доспат-Въча“ (revision 11590535)
Каскада „Искър“ (revision 11647013)
Каскада „Рила“ (revision 11606260)
Каскада (кинотехника) (revision 11761336)
Каскада „Пиринска Бистрица“ (revision 11613415)
Каскади (планинска верига) (revision 11601225)
Алгоритъм (revision 11610547)
Машинно самообучение (revision 11656520)
Dark Avenger (revision 11155931)
3wPlayer (revision 10988324)
Люк Монтание (revision 11467654)
Артър Аш (revision 11458680)
Going to California (revision 11553103)
Суперсиметрия (revision 10656296)
Айзък Азимов (revision 11756449)
Георги Милков (revision 11717678)
1 декември (revision 11608042)
Марк Шатълуърт (revision 11345159)
Over the Hills and Far Away (песен на „Лед Зепелин“) (revision 11282657)
Рансъмуер (revision 11494080)
Хероин (revision 11817308)
Кокто Туинс (revision 11749403)
Траки (revision 11806643)
Изречение (revision 11819948)
Басня (revision 11777060)
Родителен падеж (revision 9626179)
Гарван гробар (revision 11624117)
Гарван (revision 11624117)
Кембъл (revision 10843375)
Кембъл (остров) (revision 10887768)
Кончита Кембъл (revision 11210018)
Маркъс Кембъл (revision 9197591)
Наоми Кембъл (revision 11759382)
Сол Кембъл (revision 10384069)
Кембъл (окръг, Вирджиния) (revision 10642791)
Кембъл (окръг, Кентъки) (revision 10887765)
Кембъл (окръг, Тенеси) (revision 10642793)
Кембъл (окръг, Уайоминг) (revision 10642794)
Кембъл (окръг, Южна Дакота) (revision 10642795)
Мартинес (revision 11607897)
Алесандра Мартинес (revision 10937035)
Антони Мартинес (revision 11522844)
Гийермо Мартинес (revision 11418001)
Дамиан Мартинес (revision 11832046)
Джаксън Мартинес (revision 10276167)
Иниго Мартинес (revision 11794393)
Исабел Мартинес де Перон (revision 11018271)
Кончита Мартинес (revision 11105631)
Лаутаро Мартинес (revision 11823569)
Мануел Санчис Мартинес (revision 10951013)
Мелани Мартинес (revision 11792758)
Ракел Мартинес (revision 11607918)
Роберто Мартинес (revision 11616290)
Сабу Мартинес (revision 11501309)
Уилям Мартинес (revision 9248887)
Хави Мартинес (revision 11141968)
Хорхе Мартинес (revision 8211577)
Хуан Батиста Мартинес дел Масо (revision 11607908)
Домашно говедо (revision 11801070)
Определителен член в българския език (revision 11828632)
Нови Искър (revision 11830696)
Район Нови Искър (revision 11564663)
„Нови Искър“ (revision 11375540)
Зора (revision 9073780)
Полумрак (revision 10201657)
Карамфил (revision 10984910)
Бучино (revision 11813683)
Акира Тозауа (revision 11344694)
Изгрев (revision 10977264)
Министерски съвет на България (revision 11825830)
Купа на България по футбол 2011/12 (revision 10363127)
Панчарево (revision 11798905)
Панчарево (ВЕЦ) (revision 11774806)
Панчаревско езеро (revision 11634506)
Панчарево (община Пехчево) (revision 11422879)
Паничарево (revision 11171035)
Зиданка (Карлуково) (revision 11569762)
Свирчовица (пещера) (revision 11778082)
понор (revision 10907550)
Понор (revision 10907550)
Понора (revision 11262975)
Дяволски мост (revision 11676322)
Ведена (revision 11300178)
Лонг Бийч Стрийт Съркит (revision 9731059)
Лонг Бийч (revision 10845827)
Проток на Лонг (revision 10428827)
Лонг Айлънд (revision 11758940)
Лонг Бийч еПри (revision 9815674)
Ха Лонг (залив) (revision 11592198)
Вин Лонг (провинция) (revision 10945920)
Албърт Лонг (revision 11676680)
Луций Емилий Лонг (revision 11066908)
Тиберий Семпроний Лонг (консул 218 пр.н.е.) (revision 11052095)
Тиберий Семпроний Лонг (консул 194 пр.н.е.) (revision 11052096)
Квинт Сулпиций Лонг (revision 11075005)
Луцилий Лонг (revision 10889478)
Маний Тулий Лонг (revision 11075562)
Гней Дуилий Лонг (revision 11055967)
Кезо Дуилий Лонг (revision 11055970)
Луций Манлий Вулзон Лонг (revision 11070294)
Марк Калпурний Лонг (revision 11068037)
Гай Помпей Лонг Гал (revision 11073415)
Лонг (поет) (revision 11742147)
китайски дракон (revision 11569163)
Кинг Лонг (revision 11782016)
Лонг Ан (провинция) (revision 10950636)
Донг Банг Сонг Ку Лонг (revision 11617626)
Лонг Уей Раунд (revision 11474042)
Американски дракон: Джейк Лонг (revision 11819626)
Кашоейра до Сул (revision 10887589)
Кашиас до Сул (revision 10843325)
Такуари (revision 10854954)
Пелотас (revision 10849896)
Сао Мигел дас Мисойнс (община) (revision 10853054)
Кандидо Годой (revision 10829391)
Порто Алегри (revision 10975117)
Списък на общините на Бразилия (revision 11818875)
Каноас (revision 10842567)
Юндола (седловина) (revision 11623767)
Спортни съоръжения в България (revision 11149126)
Национална спортна база (revision 11791891)
Ушите (седловина) (revision 8818405)
Юндола (revision 11592485)
Черна Места (revision 10759362)
Якоруда (община) (revision 11618203)
Батак (община) (revision 11692871)
Батак (нос) (revision 10937907)
Белмекен (връх) (revision 11296593)
Баташки Снежник (revision 10446376)
Тодор Банчев (revision 11725314)
Гашня (revision 10612916)
Беглика (revision 11349988)
Димитър Марков (юрист) (revision 11719313)
Света гора (revision 11742271)
Косово (община Брод) (revision 10914203)
Свети Патриарх Евтимий (музикален албум) (revision 11156065)
Асеново (област Ямбол) (revision 11165012)
Евтимий Български (revision 11577076)
Елин Пелин (revision 11811338)
Павел (апостол) (revision 11785086)
Могила (община Могила) (revision 11589182)
Свети Димитър (revision 11303181)
Забелски манастир „Свети Димитър“ (revision 10349069)
Бобошевски манастир „Свети Димитър“ (revision 11770545)
Свети Димитър (Кормянско) (revision 11791538)
Агиос Димитриос (revision 10833604)
Сънрайз (група) (revision 11725983)
Сънрайз Авеню (revision 11732486)
Димитър Семов (revision 11458681)
Флорида Пентърс (revision 11450292)
Вавилон (албум) (revision 11229861)
Армагедон (2002) (revision 11450008)
Армагедон (1999) (revision 11450009)
Марк Ръфало (revision 11385640)
Костадин Михайлов (revision 11494568)
Юрая Хийп (revision 11807084)
Нора Джоунс (revision 11781346)
Норфолк (revision 11753795)
Поклонение на влъхвите (revision 10907333)
9 (revision 9529484)
34 (revision 9803735)
Синдбад Мореплавателят (revision 11026257)
Градински карамфил (revision 11684134)
Изток (revision 8329714)
лат. (revision 11259098)
Близък изток (revision 11785356)
Далечен изток (revision 10098481)
САЩ (revision 11811046)
Марица изток (revision 11646804)
„Русе Изток“ (revision 11651225)
На изток от рая (revision 10368515)
east (revision 11155177)
Восход (revision 11350867)
Железопътен транспорт (revision 11787768)
Брежани (revision 11670633)
Барселона (revision 11615751)
Монблан (масив) (revision 11776102)
Истанбул (revision 11815653)
Железница (revision 11787768)
железопътен транспорт (revision 11787768)
железопътна линия (revision 11787768)
влак (revision 11598519)
Железнице (revision 10841090)
Операция „Рьоселшпрунг“ (revision 11600270)
Списък на пещерите в България (revision 11780701)
Шумен (revision 11828937)
Красимир Каракачанов (revision 11653565)
Оскар Галвес (писта) (revision 11308737)
Бостън (revision 11709139)
Измир (revision 11815686)
Лонгин (светец) (revision 11300609)
Копие на Лонгин (revision 10196669)
Лонгин (консул 486 г.) (revision 10894748)
Гай Касий Лонгин (юрист) (revision 10925579)
Тит Флавий Лонгин (revision 11077997)
Луций Касий Лонгин (консул 30 г.) (revision 10920040)
Луций Касий Лонгин (консул 11 г.) (revision 10899800)
Гней Помпей Лонгин (revision 11073420)
Свети Лонгин (revision 11300609)
Гай Касий Лонгин (revision 10485611)
Гай Касий Лонгин (консул 171 пр.н.е.) (revision 11068177)
Гай Касий Лонгин (консул 124 пр.н.е.) (revision 11068176)
Гай Касий Лонгин (консул 96 пр.н.е.) (revision 11068181)
Гай Касий Лонгин (консул 73 пр.н.е.) (revision 11068179)
Квинт Касий Лонгин (консул 164 пр.н.е.) (revision 11068196)
Луций Касий Лонгин Равила (revision 11068226)
Луций Касий Лонгин (консул 107 пр.н.е.) (revision 11068199)
Луций Касий Лонгин (трибун 104 пр.н.е.) (revision 11068229)
Луций Касий Лонгин (претор 66 пр.н.е.) (revision 11068228)
Квинт Касий Лонгин (revision 11068194)
Луций Касий Лонгин (трибун 44 пр.н.е.) (revision 11068230)
Марк Стаций Лонгин (revision 11048265)
Гай Юлий Лонгин (revision 11079957)
Касий Лонгин (revision 11318939)
Псевдо Лонгин (revision 11319473)
Зограф Лонгин (revision 9223857)
Паметник костница на Ботеви четници (revision 11547304)
Паметник костница (Кавадарци) (revision 9691665)
Паметник костница (Велес) (revision 9691663)
Паметник костница (Куманово) (revision 9820124)
Паметник костница (Кичево) (revision 11343934)
Паметник костница (Струмица) (revision 10730591)
Паметник костница на връх Средногорец (revision 11300888)
Паметник-костница на Матей Преображенски (revision 11756542)
Мавзолей костница на Априлци (revision 11809070)
Мавзолей костница (revision 11809070)
„Свети Георги“ (revision 11790720)
Паметник костница във Велес (revision 9691663)
Паметник костница в Кавадарци (revision 9691665)
Паметник костница в Кичево (revision 11343934)
Паметник костница в Куманово (revision 9820124)
Паметник костница в Струмица (revision 10730591)
Парижки катакомби (revision 11727162)
Костница Паметник (revision 10399505)
Пантеон на Възрожденците (revision 11796074)
„Света Неделя“ (revision 11764952)
Принц Чарлз (остров) (revision 11520639)
Ямболско (revision 11695833)
Великопреславско (revision 11801448)
Изворово (област Търговище) (revision 11787725)
Елинпелинско (revision 11764447)
Детелина (област Бургас) (revision 11525358)
Изток – Запад (revision 11063183)
Изток - Запад (revision 11063183)
Калиакра (revision 11576113)
Кабилия (revision 11419964)
латиница (revision 11599702)
ТЕЦ „КонтурГлобал Марица Изток 3“ (revision 11774821)
ТЕЦ „Марица изток 2“ (revision 11807324)
Изток (САЩ) (revision 9776625)
Среден Изток (revision 11600062)
ТЕЦ „Русе Изток“ (revision 11651225)
Изток (квартал) (revision 11648411)
АФК Изток (revision 10865795)
Царица Йоанна (булевард в София) (revision 10661642)
Восток-2 (revision 11603190)
Восток (космическа програма) (revision 10335446)
Восток-1 (revision 11603189)
Восток (ракета) (revision 11098891)
Восток (автомагистрала) (revision 10238279)
Восток 6 (revision 11527532)
Восток 4 (revision 10082079)
Восток 5 (revision 11527527)
Восток (залив) (revision 10425451)
11 (revision 11019801)
30 (revision 11276547)
33 (revision 10032643)
Луций Корнелий Сула (revision 11485046)
битката при Филипи (revision 10944992)
Кабиле (revision 11556177)
Кабиле (древен град) (revision 11556176)
Климент (област Пловдив) (revision 11817480)
Мрамор (област Перник) (revision 11170979)
Име (revision 11387941)
Рударци (revision 11722486)
Могила (област Шумен) (revision 10931437)
Етимологична фигура (revision 10928196)
Извор (revision 11239107)
Левкопетра (revision 11002310)
Левковриси (revision 11817906)
Стратоники (revision 11737222)
Нихат Кабил (revision 11640863)
Жозеф Кабила (revision 11157861)
Лоран-Дезире Кабила (revision 10360391)
Алжирско първенство по футбол (revision 10075665)
Зайчи връх (revision 10948698)
Нефтегорск (Сахалинска област) (revision 10848372)
Нефтегорск (Самарска област) (revision 10848371)
Оха (revision 10849430)
Охотска плоча (revision 10905245)
Самарска област (revision 11613910)
Краснодарски край (revision 11442853)
Закони на Лициний и Секстий (revision 9720614)
Лициния (revision 11069647)
Публий Лициний Крас Муциан (revision 11069628)
Лициния Краса Стара (revision 11070028)
Лициния Краса Млада (revision 11070027)
Луций Лициний Крас (revision 11069646)
‎Лициния (revision 11069647)
весталка (revision 11427653)
Лициния Краса (revision 11070020)
Лициния Стара (revision 11070030)
Лициния Евдоксия (revision 11666794)
Голям извор (област Хасково) (revision 11736373)
Голям извор (област Ловеч) (revision 11690999)
Голям извор (област Разград) (revision 11733615)
Велики Извор (revision 10837403)
ФК Озрен (revision 11556863)
Извор махала (revision 11174262)
Извор (община Босилеград) (revision 11801980)
Карстов извор (revision 10887280)
Студен извор (revision 11170993)
Голям извор (Област Ловеч) (revision 11690999)
Голям извор (Област Разград) (revision 11733615)
Голям извор (Област Хасково) (revision 11736373)
Велика България (политическа концепция) (revision 11628308)
Българи (revision 11832617)
История на България (поредица) (revision 11691379)
Стара Велика България (revision 11679173)
България (revision 11818228)
Волжка България (revision 11792437)
България (тема) (revision 11247513)
Българско крайбрежие (revision 11761904)
България (Анди) (revision 10745789)
2575 България (revision 10962614)
България (1859 - 1863) (revision 11310148)
България (1898 - 1921) (revision 10938599)
България (булевард в Пловдив) (revision 10801067)
България (булевард в София) (revision 11765151)
Комплекс „България“ (revision 11786455)
Българите (филм) (revision 10676655)
Българизация (revision 11724321)
Велики Болгар (revision 11540979)
Болгар (град) (revision 11615053)
Болград (revision 11795293)
Бугариево (revision 11765546)
Българаново (revision 11163296)
Българево (revision 11693782)
Българене (Област Ловеч) (revision 11173034)
Българене (Област Плевен) (revision 11550596)
Българене (Област Стара Загора) (revision 11166936)
Българи (Област Бургас) (revision 11721779)
Българи (Област Габрово) (revision 11172832)
Българин (revision 11818228)
Българка (revision 11818228)
Българска поляна (revision 11567285)
Български извор (revision 11716984)
Българско Сливово (revision 11168350)
Българчево (revision 11346392)
Източник на правото (revision 8903075)
Източник (село) (revision 11172522)
Източник на ток (revision 11699887)
Животворящ източник (Тухол) (revision 11464960)
Животворящ източник (Негуш) (revision 10942537)
Исторически източник (revision 10508855)
Света Богородица Евраидска (revision 11803339)
Животворящ източник (Капатово) (revision 11300404)
Активност на радиоактивен източник (revision 10191025)
извор (revision 11239107)
произход (revision 10378551)
документ (revision 11703807)
Уикипедия:Цитиране на източници (revision 11733158)
Уикипедия:Благонадеждни източници (revision 11597473)
Веселин Методиев (revision 11796810)
Гай Клодий Лицин (revision 10889447)
Марк Фабий Лицин (revision 11075760)
Квинт Пасиен Лицин (revision 11085063)
Луций Порций Лицин (консул 184 пр.н.е.) (revision 11073892)
Гай Фабий Дорсон Лицин (revision 11075638)
Лициния Краса Старша (revision 11070028)
Лициния Краса Младша (revision 11070027)
Лицин Менений Ланат (revision 11072267)
Когномен (revision 11652755)
Луций Порций Лицин (претор 207 пр.н.е.) (revision 11073892)
Лицинии (revision 11315830)
Гай Гракх (revision 11069665)
27 (revision 9803646)
40 (revision 9566474)
Лициний (revision 11540903)
Лициний II (revision 10093168)
Лициний Валериан (revision 11069573)
Валериан II (revision 10079229)
Валериан I (revision 11639184)
Галиен (revision 10876474)
Салонин (revision 10062137)
Кантарджийска къща (revision 11558267)
Беласица (село) (revision 11448674)
Асеново (област Плевен) (revision 11593313)
Чарлз III (revision 11805940)
Салония (revision 11080993)
Салонина Матидия (revision 11300997)
Корнелия Салонина (revision 11100966)
Салон (revision 10905949)
22 (revision 10637343)
36 (revision 9803743)
Гай Сулпиций Галба (понтифекс) (revision 10876379)
Гай Сулпиций Галба (претор) (revision 11074985)
Гай Сулпиций Галба (авгур) (revision 11074976)
Гай Сулпиций Галба (историк) (revision 11074981)
Гай Сулпиций Галба (revision 10898049)
Публий Квинтилий Вар Младши (revision 11068325)
Публий Квинтилий Вар (претор 203 пр.н.е.) (revision 11048307)
Сол (revision 11546808)
Калина (област Добрич) (revision 11707365)
Скала (revision 11600044)
Негасена вар (revision 11549238)
Гасена вар (revision 10883444)
Секст Квинтилий Вар (консул 453 пр.н.е.) (revision 11068330)
Марк Квинтилий Вар (revision 11068323)
Секст Квинтилий Вар (претор) (revision 11068331)
Секст Квинтилий Вар (квестор) (revision 11068328)
Публий Квинтилий Вар (revision 10908396)
Квинтилий Вар (конник) (revision 11041483)
Публий Алфен Вар (revision 11084220)
Авъл Атерний Вар Фонтиналис (revision 11084155)
Гай Лициний Вар (revision 11069530)
Публий Муций Сцевола (revision 11072401)
Публий Атий Вар (revision 11048302)
Планций Вар (revision 11081789)
Гай Планций Вар (revision 11081789)
Битка в Тевтобургската гора (revision 10653126)
Скрибония (дъщеря на Луций Скрибоний Либон консул 16 г.) (revision 11074879)
Марк Лициний Крас Фруги (консул 64 г.) (revision 11069564)
История на България (revision 11749174)
История на България (Блазиус Клайнер) (revision 11628620)
История на България (Петър Богдан) (revision 11802627)
Български владетели (revision 11736219)
История на българския народ (revision 9403190)
Тертеровци (revision 11653561)
Станча (revision 11648220)
Империя (revision 11715160)
Срацимировци (revision 11126638)
1300 години България (revision 11447510)
„13 века България“ (revision 11724972)
Патриарх Евтимий (булевард в София) (revision 11765207)
Асеново (област Велико Търново) (revision 11168375)
Българска комунистическа партия (revision 11788481)
Вътрешна македонска революционна организация (revision 11805254)

== End of Parsed pages ==

- Number of pages processed: 787
- Number of characters consumed: 3005946

- Wikipedia parsing ended at: 2023-06-20 00:38:19.965429

68 characters appeared 3005946 times.

Most Frequent characters:
[ 0] Char а: 11.279011665545555 %
[ 1] Char и: 9.299934197088037 %
[ 2] Char о: 8.287906702249474 %
[ 3] Char е: 7.825489879059703 %
[ 4] Char н: 7.147467053633033 %
[ 5] Char т: 7.133195340169118 %
[ 6] Char р: 5.536260465091522 %
[ 7] Char с: 4.866188547631927 %
[ 8] Char в: 4.332646028904046 %
[ 9] Char к: 3.3575120777286083 %
[10] Char л: 3.352422165933786 %
[11] Char д: 2.8634579596572927 %
[12] Char п: 2.7761310416088647 %
[13] Char м: 2.0953802895993476 %
[14] Char з: 2.0568899108633354 %
[15] Char я: 1.6132026323826174 %
[16] Char г: 1.5487969511095676 %
[17] Char ъ: 1.497099415624898 %
[18] Char у: 1.3650278481383231 %
[19] Char б: 1.3526523763234604 %
[20] Char ч: 1.1112641411389295 %
[21] Char ц: 0.7311841263948188 %
[22] Char ж: 0.621534784723345 %
[23] Char й: 0.5985802805506153 %
[24] Char e: 0.5765239961063838 %
[25] Char i: 0.5215329882838879 %
[26] Char a: 0.4990109602767316 %
[27] Char щ: 0.43470508119573675 %
[28] Char х: 0.4196016827980277 %
[29] Char s: 0.3945180651947839 %
[30] Char n: 0.3890622120290917 %
[31] Char o: 0.3825418021481424 %
[32] Char r: 0.36697266018750835 %
[33] Char t: 0.3578241259157683 %
[34] Char ф: 0.33842923325967933 %
[35] Char ш: 0.2882619980531919 %
[36] Char l: 0.2792132659735072 %
[37] Char c: 0.23693040393939213 %
[38] Char h: 0.20076874301800499 %
[39] Char m: 0.19784121205104815 %
[40] Char d: 0.1977414098589928 %
[41] Char ю: 0.18330335940831938 %
[42] Char u: 0.18167325693808206 %
[43] Char p: 0.13260384584420346 %
[44] Char g: 0.13110681296337326 %
[45] Char b: 0.10136575973088005 %
[46] Char f: 0.094046932313488 %
[47] Char w: 0.08905682271072068 %
[48] Char y: 0.08829167257162969 %
[49] Char v: 0.08426631749206406 %
[50] Char k: 0.07558352678324894 %
[51] Char x: 0.03659413708696031 %
[52] Char j: 0.021291134305140545 %
[53] Char ь: 0.018663009914349757 %

The first 54 characters have an accumulated ratio of 0.9996856230950261.
The first 5 characters have an accumulated ratio of 0.43839809497575805.
All characters whose order is over 32 have an accumulated ratio of 0.03334856980132045.

1551 sequences found.

First 784 (typical positive ratio): 0.9950007601852563
Next 230 (1014-784): 0.003999964034245962
Rest: 0.0009992757804977437

- Processing end: 2023-06-20 00:38:20.371518
