= Logs of language model for Georgian (ka) =

- Generated by BuildLangModel.py
- Started: 2023-06-20 03:32:58.813552
- Maximum depth: 4
- Max number of characters: 3000000

== Parsed pages ==

არნოლდ შონბერგი (revision 4450208)
Phonetics (revision 4465242)
Linguistics (revision 4512098)
Alphabet (revision 4256744)
Language (revision 3337798)
Pratchett (revision 3888222)
Satire (revision 4431083)
Grammar (revision 4443120)
History (revision 4079010)
Folklore (revision 4507856)
Biology (revision 3654750)
Flower (revision 4078743)
Plant (revision 3132321)
Animal (revision 4078276)
Human (revision 4253951)
computer (revision 4426673)
Robot (revision 4079082)
Technology (revision 4168864)
Communication (revision 3336876)
Writing (revision 4510329)
Video Game (revision 3303209)
Music (revision 4501225)
Glass (revision 4305316)
Food (revision 3425843)
Politics (revision 4443531)
Earth (revision 3730327)
Ocean (revision 4079643)
Amazon (revision 4393434)
Chaplin (revision 3709713)
Aguilera (revision 4526647)
Streptococcus (revision 3743358)
Virus (revision 3480269)
Bacteria (revision 4421139)
Bird (revision 4235289)
Submarine (revision 4254619)
Steel (revision 4426742)
Chemistry (revision 4253936)
Military (revision 4108565)
Weather (revision 3316904)
Scholar (revision 4445897)
Supernova (revision 4108200)
Olympiad (revision 4234426)
&NOW Festival (revision 4482345)
Yixing Open (revision 2795258)
წმინდა ნიკოლოზი (revision 4514295)
ანატოლია (revision 3398744)
19 დეკემბერი (revision 4319998)
მთავარი გვერდი (revision 4457185)
ელიზავეტოვკის მიძინების ტაძარი (revision 4428361)
მთავარი გვერდი (მარტივი) (revision 1607905)
27 ივლისი (revision 3917154)
10 დეკემბერი (revision 4290359)
25 თებერვალი (revision 4501390)
სპირიდონ ტრიმიფუნტელი (revision 4527052)
პურის კალათი (revision 3551800)
America, I Hear You Singing (revision 3316134)
ვენის პური (revision 4412607)
ფინანსიე (revision 4278118)
ირლანდიური სამზარეულო (revision 2416870)
ნორმან ბორლოუგი (revision 4280826)
სან-ფრანცისკო (revision 4304020)
ბარსელონა (revision 4502193)
პატრიკ უაიტი (revision 4387218)
კალიფორნიის სამზარეულო (revision 3988483)
მორზეს ანბანი (revision 4465697)
2011 წელი კინოში (revision 4494978)
ვარსკვლავი (revision 4455701)
ფრეგატი (revision 2879247)
1 აპრილი (revision 4509143)
მთიანი ყარაბაღის ომი (2020) (revision 4519668)
ბეჭდების მბრძანებელი (ფილმების სერიის მუსიკა) (revision 4301744)
აზერბაიჯან-სომხეთის სამხედრო დაპირისპირება (2016) (revision 4434135)
ჩრდილოეთ კორეის საგარეო ურთიერთობები (revision 4487906)
როლინგ სტოუნზი (revision 4509150)
ჯილიბის ბრძოლა (revision 4474841)
Forty Licks (revision 4300510)
რუსეთის შეჭრა უკრაინაში (2022) (revision 4505989)
ნატალი ემანუელი (revision 4472237)
Me Against the World (revision 4401485)
ბრიჯიტ ფონდა (revision 4367940)
CD-i-ს თამაშების სია (revision 4078469)
ჯონ ანდერსონი (revision 4432328)
Genesis Movie Box 1981–2007 (revision 3401846)
Live At Wembley Stadium (ჯენესისის ვიდეო) (revision 3336481)
ბინდის საგა: დაბნელება (საუნდტრეკი) (revision 4255338)
COMM (The Tangent-ის ალბომი) (revision 3383562)
Amiga CD32-ის თამაშების სია (revision 3368565)
Somewhere in England (revision 4254363)
Love (ჯგუფი) (revision 4431804)
The Division Bell (revision 4300834)
Resident Evil-ის ვიდეო თამაშების სერიის დისკოგრაფია (revision 4254293)

== End of Parsed pages ==

- Number of pages processed: 122
- Number of characters consumed: 460742

- Wikipedia parsing ended at: 2023-06-20 04:51:26.477567

72 characters appeared 460742 times.

Most Frequent characters:
[ 0] Char ა: 12.656975053283617 %
[ 1] Char ი: 11.414197099461305 %
[ 2] Char ე: 8.186143221151967 %
[ 3] Char ს: 6.7098289281202925 %
[ 4] Char რ: 5.913070655594671 %
[ 5] Char ო: 4.962213125784062 %
[ 6] Char მ: 4.698508058740032 %
[ 7] Char ლ: 4.257046242799658 %
[ 8] Char ნ: 3.825134239986804 %
[ 9] Char დ: 3.797135924226574 %
[10] Char ბ: 3.1868160488950434 %
[11] Char ვ: 2.847797682868069 %
[12] Char უ: 2.498144297676357 %
[13] Char თ: 1.9620525152905532 %
[14] Char გ: 1.9019321008286634 %
[15] Char ტ: 1.778435653793229 %
[16] Char კ: 1.6382270337846343 %
[17] Char შ: 1.6167399542477134 %
[18] Char ც: 1.1780996740041065 %
[19] Char ხ: 1.102569333813718 %
[20] Char e: 0.8486311211046529 %
[21] Char ზ: 0.8267099591528447 %
[22] Char წ: 0.8080444153126913 %
[23] Char პ: 0.803269508748931 %
[24] Char ქ: 0.7296925394255354 %
[25] Char a: 0.6797730617134969 %
[26] Char ფ: 0.6550303640649213 %
[27] Char o: 0.6222571417409309 %
[28] Char i: 0.6176992763846143 %
[29] Char t: 0.5703842931618996 %
[30] Char n: 0.5499824196621971 %
[31] Char r: 0.537176988423022 %
[32] Char s: 0.51026387870001 %
[33] Char ყ: 0.5048378485139189 %
[34] Char ღ: 0.4240985193448828 %
[35] Char l: 0.40304552222284923 %
[36] Char ჩ: 0.3325071298036645 %
[37] Char c: 0.3064621849104271 %
[38] Char h: 0.30233840196899786 %
[39] Char ძ: 0.290618176767041 %
[40] Char d: 0.2871455174479427 %
[41] Char ჯ: 0.25697678961327597 %
[42] Char m: 0.22767622660838388 %
[43] Char u: 0.21226630087988504 %
[44] Char b: 0.21009588880544858 %
[45] Char g: 0.19273259220995698 %
[46] Char p: 0.1593082462636356 %
[47] Char y: 0.15757191660408645 %
[48] Char ჰ: 0.13738708431182745 %
[49] Char f: 0.1339144249927291 %
[50] Char v: 0.11568296356746291 %
[51] Char w: 0.11047397458881544 %
[52] Char k: 0.10179232629106963 %
[53] Char ჭ: 0.08942097746678185 %
[54] Char ჟ: 0.05577959031301683 %

The first 55 characters have an accumulated ratio of 0.999021144154429.
The first 5 characters have an accumulated ratio of 0.4488021495761185.
All characters whose order is over 37 have an accumulated ratio of 0.030411813987003572.

1339 sequences found.

First 849 (typical positive ratio): 0.9950051447517181
Next 213 (1062-849): 0.003996392322252018
Rest: 0.0009984629260298972

- Processing end: 2023-06-20 04:51:32.320655
