= Logs of language model for Czech (cs) =

- Generated by BuildLangModel.py
- Started: 2023-06-20 00:52:52.038474
- Maximum depth: 4
- Max number of characters: 3000000

== Parsed pages ==

Sociální fobie (revision 22020472)
Phonetics (revision 22794847)
Linguistics (revision 20441568)
Alphabet (revision 21752561)
Language (revision 16351088)
Pratchett (revision 22814543)
Satire (revision 22593090)
Grammar (revision 20311237)
History (revision 21290753)
Folklore (revision 20306376)
Biology (revision 22547379)
Flower (revision 22803083)
Plant (revision 20382858)
Human (revision 22814020)
computer (revision 22802426)
Robot (revision 22866536)
Technology (revision 20288966)
Communication (revision 21519553)
Writing (revision 20282226)
Video Game (revision 21614672)
Bread (revision 20183379)
Food (revision 22578324)
Politics (revision 22850092)
Amazon (revision 22867743)
Aguilera (revision 22732591)
Morse Code (revision 22889771)
Streptococcus (revision 21504150)
Virus (revision 22813479)
Bird (revision 22708525)
Submarine (revision 21466479)
Chemistry (revision 20463668)
Military (revision 21755418)
Weather (revision 20373593)
Scholar (revision 20574865)
Supernova (revision 22838282)
Olympiad (revision 22799062)
National Indigenous Music Awards 2012 (revision 22741335)
Warne Marsh (revision 22064569)
See Posey (revision 22360012)
Subnetwork (revision 20044566)
Max Pietschmann (revision 22753557)
Frederick C. Hawes (revision 22470025)
Hayakawa (revision 22035684)
Roquelaure (revision 19842762)
Exafroplacentalia (revision 22382178)
Richard Coons (revision 20941365)
Cropley Ashley-Cooper, 6th Earl of Shaftesbury (revision 21960288)
Damon Heta (revision 22896820)
Chirping (revision 21868269)
Songbird (software) (revision 21799570)
Lila Karp (revision 20678088)
Animal DžaZ (revision 22258315)
Animal Locomotion (revision 22545308)
Animal Collective (revision 22352282)
Animal Justice (revision 20285477)
Animal Diversity Web (revision 21856700)
Animal Planet (revision 21468810)
Animal Serenade (revision 20285480)
Animal Rights (revision 20285479)
Animal play (revision 21231322)
Animal (album, Kesha) (revision 22524816)
Pop music (revision 22622144)
Universal Music Group (revision 21022243)
Warner Music Group (revision 22457960)
Sony Music Entertainment (revision 20412979)
House music (revision 21526735)
GoJa Music Hall (revision 22622603)
Dance Music (revision 20624682)
ATMO music (revision 22824758)
Retro Music Television (revision 20384734)
Music (album, Madonna) (revision 22759333)
Ron Glass (revision 22098970)
Stephen Glass (revision 22145523)
Glassův–Steagallův zákon (revision 22890910)
Google Glass (revision 19982947)
Wire & Glass (revision 20374610)
Philip Glass (revision 22084064)
On Glass: The Singles (revision 20355717)
Empty Glass (revision 20307275)
Heart of Glass (revision 22740712)
David Glass (izraelský politik) (revision 22082322)
Uziel Gal (revision 22061382)
Glass Hammer (revision 22249959)
Glass Harp (revision 20235183)
Glass Harp (album) (revision 20310826)
World of Glass (revision 20374780)
Glass-Steagallův zákon (revision 22890910)
Earth Moving (píseň) (revision 22726945)
The Songs of Distant Earth (revision 20369799)
Google Earth (revision 21560343)
Earth, Wind & Fire (revision 22534474)
Earth Moving (revision 20306905)
Miss Earth (revision 20063292)
Hell on Earth (revision 20463676)
The Last Tour on Earth (revision 20369573)
Earth (album, Neil Young) (revision 22257917)
Frank Ocean (revision 22122451)
Great Ocean Road Open 2021 (revision 21555067)
Star Ocean (videohra) (revision 22518493)
Atlântico (A 140) (revision 22741356)
Cadel Evans Great Ocean Road Race (revision 22390423)
Star Ocean: The Second Story (revision 22280029)
Star Ocean (revision 22280026)
Ocean Eyes (revision 22315275)
oceán (revision 21910015)
Světový oceán (revision 22739775)
Oceán (přírodní rezervace) (revision 22657687)
Banaba (revision 22661408)
Oceán (hudební skupina) (revision 21530958)
Ocean (album) (revision 22122451)
John Butler (revision 20274712)
Peel Slowly and See (revision 20358715)
The Pleasure Principle (revision 22138016)
Sainthood (revision 20764346)
Dannyho parťáci (revision 20861807)
Dannyho parťáci 2 (revision 21305855)
Dannyho parťáci 3 (revision 21293894)
Charlie Chaplin (revision 22553915)
Blondie Chaplin (revision 22115312)
Christopher Chaplin (revision 22753521)
Chaplin (film) (revision 18443182)
Chaplin posluhou (revision 20457267)
Chaplin banditou (revision 22249021)
Chaplin v lázních (revision 20459443)
Tom Chaplin (revision 22132528)
Chaplin se vrací z flámu (revision 22249026)
Ben Chaplin (revision 22155766)
Geraldine Chaplinová (revision 22404671)
Henry Chaplin (revision 21990169)
Kiera Chaplinová (revision 22716994)
Oona Chaplinová (revision 22342601)
Sydney Chaplin (revision 22553915)
Filmografie Charlieho Chaplina (revision 19156097)
Bakterie (revision 22580306)
Purpurové bakterie (revision 20953060)
Říše (biologie) (revision 22196448)
International Code of Nomenclature of Prokaryotes (revision 20333666)
Vodíkové bakterie (revision 18884451)
Joshua Lederberg (revision 22545848)
Sirné bakterie (revision 22208914)
Binární dělení (revision 21305572)
Doména (biologie) (revision 22866346)
Herbert Copeland (revision 22031579)
elektrická baterie (revision 21161259)
zinko-uhlíkový článek (revision 22224389)
alkalický článek (revision 22358113)
lithiový článek (revision 22696034)
akumulátor (revision 22441291)
autobaterie (revision 22285112)
olověný akumulátor (revision 21415548)
nikl-kadmiový akumulátor (revision 21551648)
nikl-metal hydridový akumulátor (revision 22590145)
lithium-iontový akumulátor (revision 22696002)
lithium-polymerový akumulátor (revision 21669144)
elektřiny (revision 21631727)
Voltův sloup (revision 20354703)
dělostřelecká baterie (revision 20788770)
koksu (revision 22664567)
vodovodní baterie (revision 20354502)
synonymum (revision 21421360)
lahví (revision 21304856)
pražských (revision 22839802)
Steel kytara (revision 20352208)
Steel Aréna (revision 22636486)
Pedálová steel kytara (revision 20358710)
Vítkovice Steel (revision 22769501)
U.S. Steel (revision 20276010)
Avro Blue Steel (revision 21903381)
U. S. Steel Košice (revision 20529798)
Danielle Steel (revision 22260863)
Steel Cup (revision 22348693)
Fletcher Steele (revision 22601510)
Harry Steel (revision 22034474)
John Steel (revision 22091941)
Flux Pavilion (revision 22116111)
Michael S. Steele (revision 22138585)
Trevor Steele (revision 22090138)
Willie Steele (revision 22612195)
British Steel (revision 20291109)
British Steel Tour (revision 19881655)
Solid Steel (revision 20366456)
Steel of Swabia (revision 20367136)
Steel Wheels (revision 20367137)
Sun and Steel (revision 20367698)
Supertajná zbraň (revision 20803355)
ArcelorMittal (revision 21126989)
Třinecké železárny (revision 22830211)
Operace Steel (revision 22833284)
U.S. Steel Tower (revision 22623640)
WebDAV (revision 22577199)
Konrád z Montferratu (revision 22789355)
Maia Morgensternová (revision 22493048)
Velká cena Merana (revision 21734253)
Umučení Krista (revision 22710540)
Mai Tai (revision 22398045)
UDG (revision 21115161)
Naši velcí Portugalci (revision 22559363)
Mistrovství světa v ledním hokeji 1939 (revision 22896413)
Demänovský jeskynní systém (revision 22656770)
Praça do Comércio (revision 22574788)
Larea (revision 22293055)
Národní parky ve Spojených státech amerických (revision 22803843)
Bandikutovití dvouprstí (revision 22776150)
Mexicko-americká válka (revision 22502000)
Alžírští mučedníci (revision 22473332)
Edgard Varèse (revision 22019604)
The Freddie Mercury Tribute Concert (revision 21636745)
Scorpions (revision 22879908)
R.E.M. (revision 22438091)
In Time: The Best of R.E.M. 1988–2003 (revision 20328867)
John Cale (revision 22733529)
Ramones (revision 22742246)
Červenka obecná (revision 22867599)
Albatrosovití (revision 22821157)
The Glee Project (revision 21737817)
Trubkonosí (revision 22781741)
Australopithecus afarensis (revision 22302420)
Pearl Jam (revision 22833779)
Soundgarden (revision 22355489)
Three Days Grace (revision 22535045)
Mark Lanegan (revision 22302129)
Lou Reed (revision 22869130)
2012 v hudbě (revision 22826912)
The Animals (revision 21113714)
Spirit Animals (revision 21760417)
Super Furry Animals (revision 20273262)
ZOOM! The Best of Super Furry Animals, 1995–2016 (revision 20121284)
Animals (album) (revision 20892263)
With Animals (revision 17594165)
The Animals on Tour (revision 20369185)
Mechanical Animals (revision 20345996)
The Animals (britské album) (revision 20369184)
Rob Schneiderem (revision 22133991)
Martina garrixe (revision 22494283)
Carole King (revision 22093217)
Carol Welsmanová (revision 22598471)
Tapestry (album) (revision 21128456)
B. B. King (revision 22082315)
1971 v hudbě (revision 22824561)
1972 v hudbě (revision 21758280)
Nerina Pallotová (revision 22159691)
Animal Ambition (revision 20285454)
Seznam nejprodávanějších hudebních alb na světě (revision 21851706)
Windsor Airlift (revision 21878723)
The Pacific EP (revision 15475451)
Port Blue (revision 20758281)
Maybe I'm Dreaming (revision 21225852)
Vedlejší projekty Adama Younga (revision 20779844)
Owl City (revision 22180980)
Adam Young (revision 22126493)
Heaven and Earth (album, ProjeKct X) (revision 20311785)
The ConstruKction of Light (revision 20369326)
Kelly Hansen (revision 22144387)
Harry Everett Smith (revision 22887817)
Love and Rockets (revision 20209217)
Bedřich Grünzweig (revision 22069403)
Perla Batalla (revision 21893550)
John Martyn (revision 22517978)
Pokrevní bratr (revision 19636822)
Nebe a země (revision 22693666)
Heaven & Earth (album, Yes) (revision 20311779)
Mobb Deep (revision 20027408)
B.o.B (revision 22840057)
Nico Segal (revision 22103584)
Kanye West (revision 22849915)
Labrinth (revision 22116771)
1992 v hudbě (revision 22373377)
Jason George (revision 22145487)
29. únor (revision 22570322)
Edgar Winter (revision 22102833)
Tečný meteor (revision 22514895)
Průlet meteoroidu atmosférou Země 13. října 1990 (revision 21837757)
Gryposaurus (revision 22267333)
Cierra Ramirez (revision 22106976)
Peruánský proud (revision 21301510)
Cotylorhynchus (revision 21013749)
Země Jeho Veličenstva (revision 20463614)
Carlotta Corpronová (revision 22587059)
Globus (hudební skupina) (revision 20235212)
Yes (hudební skupina) (revision 22815001)
Smile (hudební skupina) (revision 21335720)
Manfred Mann's Earth Band (revision 20209900)
Nightfall in Middle-Earth (revision 20352988)
Vangelis (revision 22096133)
Minimoog (revision 20347915)
Gregorian (revision 20235542)
1993 v hudbě (revision 22826886)
Nicky Hopkins (revision 22096978)
Timothy Spall (revision 22742260)
1997 v hudbě (revision 22568511)
Tiësto (revision 22476825)
The Rolling Stones (revision 22878259)
Diskografie Chrise Speddinga (revision 22253740)
Oceán (revision 21910015)
Moře (revision 22878369)
Kamčatka (revision 22775436)
Jáva (revision 22661204)
Hawke's Bay (revision 20309033)
HMNB Devonport (revision 22635426)
HMS Ark Royal (R07) (revision 22518498)
Seznam britských bitevních lodí (revision 18273753)
Britské ozbrojené síly (revision 22464392)
1900 v loďstvech (revision 20401340)
Seznam britských letadlových lodí (revision 19662088)
Třída Albion (revision 22802772)
HMS Ocean (L12) (revision 22741356)
Madawaska (řeka v Ontariu) (revision 22667696)
Peace Pilgrim (revision 22042481)
Liga mistrů CAF 2011 (revision 22021611)
Seznam leteckých nehod a incidentů v civilním letectví (revision 22876755)
Seznam klubů v nejvyšších fotbalových soutěžích zemí CAF (revision 20675947)
Océane Dodinová (revision 22540475)
Seznam francouzských bitevních lodí (revision 18476460)
Pointe-Noire (revision 19851113)
Estuaire (revision 20307538)
Administrativní dělení Gabonu (revision 14790225)
Julia Faure (revision 22155903)
Kribi (revision 21376322)
Coupe Banque Nationale 2017 – ženská dvouhra (revision 21703555)
J&T Banka Ostrava Open 2021 – ženská dvouhra (revision 21848477)
Dance-pop (revision 21731083)
1950 v hudbě (revision 19139190)
Climate of Hunter (revision 20293314)
Loaded (album, The Velvet Underground) (revision 20350802)
1986 v hudbě (revision 22826866)
Mons Hansteen (revision 19979637)
VU (album) (revision 20373272)
Tom Holland (herec) (revision 22868366)
Body/Head (revision 20290411)
Ocean Colour Scene (revision 20214559)
461 Ocean Boulevard (revision 20283995)
Yellowcard (revision 21847473)
Tungsten (hudební skupina) (revision 22676751)
Echo & the Bunnymen (revision 20230804)
Goldfinger (hudební skupina) (revision 21278178)
The Echoing Green (hudební skupina) (revision 21569602)
The Dead South (revision 20328458)
Star Ocean: The Last Hope (revision 22267038)
Black Reel Awards 2013 (revision 20676328)
Ten (album, Pearl Jam) (revision 21309044)
Houses of the Holy (revision 20312700)
Black Country Communion (revision 21589138)
The Afghan Whigs (revision 22354626)
AC/DC (revision 22852469)
Spojené království (revision 22782141)
Adam Lambert (revision 22853620)
Seznam českých coververzí zahraničních skladeb (revision 22877913)
Boy (album) (revision 22394009)
Beyoncé (revision 22641777)
The Velvet Underground (revision 22355363)
Ferry Corsten (revision 22439599)
MTV Europe Music Awards (revision 22212077)
2023 v hudbě (revision 22898785)
Vojenská známka (revision 22256942)
Nate Ruess (revision 22149106)
Edward de Bono (revision 22203549)
Robert Stone (spisovatel) (revision 22084997)
Láska je pes: Básně 1974–1978 (revision 21019956)
Fun. (revision 22264915)
MTV Video Music Awards (revision 22795520)
Agatha Christie (revision 22748294)
Turecko (revision 22890310)
Aquaman (revision 22897528)
Star Ocean: The Divine Force (revision 22279949)
Aquaman (film) (revision 22900307)
Bionicle (revision 21888644)
Warren Ellis (spisovatel) (revision 22154569)
Darren O'Shaughnessey (revision 22147528)
John Rambo (revision 21799992)
Majumi Iizuka (revision 22163330)
Wii (revision 21878265)
Jemima Kirke (revision 22127742)
2018 (revision 22564358)
Říše Tchang (revision 22784457)
Teen Choice Awards 2019 (revision 21918881)
Seznam videoher společnosti Ubisoft (revision 22889819)
Sea Shepherd Conservation Society (revision 20579162)
Lucky Starr (knižní série) (revision 21759909)
Alicia Vikander (revision 22873707)
Jak to vlastně bylo aneb Zfalšované volby (revision 21607143)
Paul Watson (revision 22878203)
David Attenborough (revision 22463785)
Maisie Williamsová (revision 22592979)
Bella Ramsey (revision 22718817)
Vznik života (revision 22791647)
The Song Remains the Same (album) (revision 20869236)
To the Sky (píseň, Owl City) (revision 22742600)
Alexa PenaVega (revision 22120487)
Jonas Mekas (revision 22089042)
The Wall (revision 22355407)
GP2 Asia Series v roce 2009–10 (revision 20825765)
Zvláštní zpráva IPCC o oceánech a kryosféře v měnícím se klimatu (revision 22612341)
Okyselování oceánů (revision 21008342)
Rogue wave (revision 22826958)
BRIT Awards (revision 22612715)
The Ninth Hour (revision 20369649)
Hollywood Records (revision 21612214)
Delfín skákavý (revision 22801766)
Tugulusaurus (revision 20350838)
Pushover (videohra) (revision 21614607)
Sinclair Magnum Light Phaser (revision 19980976)
The Simpsons: Bart vs. the Space Mutants (revision 21677258)
Seznam her pro Game Boy (revision 21612776)
Star Ocean: Integrity and Faithlessness (revision 22267006)
Seznam videoher Top Gun (revision 21226787)
Multiple master písmo (revision 19361337)
Road Rash (revision 22212666)
Live in Finland (revision 20343329)
Guanlong (revision 20522248)
Mosasaurus (revision 21816460)
Richard Konkolski (revision 22095172)
CocoRosie (revision 22419731)
Isaac Asimov (revision 22884737)
Vysokorychlostní vlak (revision 21673424)
Na Tichém oceánu (revision 20459073)
Ropa (revision 22599013)
San Francisco (revision 22856039)
Seznam písní Karola Duchoně (revision 20699974)
Holub stěhovavý (revision 22709218)
Francie (revision 22879486)
Globální oteplování (revision 22877877)
Německo (revision 22886998)
Námořní letecká stanice Oceana (revision 22829794)
1998 v loďstvech (revision 18932575)
USS Tanager (AM-5) (revision 22344570)
Třída Abnaki (revision 22803652)
Letadlová loď (revision 22790991)
Třída Avenger (revision 22802923)
McDonnell F3H Demon (revision 22169987)
Severní ledový oceán (revision 22660968)
ADV Ocean Shield (revision 22205801)
Let TWA 800 (revision 22464924)
CASA CN-235 (revision 22246158)
Wonder World Tour (revision 22768074)
Listopad 2022 (revision 22704278)
Sea Launch (revision 21716156)
Seattle (revision 22695003)
Environmentální dopady letectví (revision 22279129)
Knoflíková baterie (revision 21174341)
Tužková baterie (revision 21842614)
Vodovodní baterie (revision 20354502)
17. protiletadlová baterie Klement Gottwald (revision 21250367)
Jaderná baterie (revision 21621103)
Elektrická baterie (revision 21161259)
Palebné postavení – baterie Točná (revision 22295442)
Dělostřelecká baterie (revision 20788770)
Longues-sur-Mer (baterie) (revision 22610753)
Derby County FC (revision 21738676)
Jack Antonoff (revision 22879807)
Anson Mount (revision 22158531)
Butler (Pensylvánie) (revision 18729310)
Krysta Rodriguez (revision 22492633)
Steel Wheels/Urban Jungle Tour (revision 21092989)
Walter Becker (revision 22112591)
Fontana (Kalifornie) (revision 22551534)
Fantasia (komiks) (revision 21127058)
Muž z oceli (revision 22316834)
Superhrdina (revision 22690168)
Superman (revision 22872653)
Poco (hudební skupina) (revision 21188227)
Breaking the Law (revision 22740787)
Harry Harrison (revision 22748024)
Geoff Johns (revision 22693825)
Tajemství Ocelového města (revision 21785840)
Ocelové magnólie (revision 21165306)
Pozitronový muž (revision 21033049)
Vrh koulí (revision 22892951)
Nůž (revision 22807929)
Lopata (revision 22817760)
Henry Cavill (revision 22140401)
Michael Shannon (revision 22273347)
Delfim Moreira (revision 21992350)
Aymoré Moreira (revision 22057912)
Airto Moreira (revision 22091548)
José Moreira (revision 22217995)
Sara Moreirová (revision 22128221)
José Francisco Moreira dos Santos (revision 22605669)
Mistrovství světa ve fotbale 1962 (soupisky) (revision 22781754)
Walter Salles (revision 22127608)
Segunda Liga (revision 16753178)
1980 v hudbě (revision 22826845)
1978 v hudbě (revision 22351392)
Leo (revision 22593612)
Lev (revision 22806071)
Lev (jméno) (revision 22305640)
zdroj?! (revision 21215585)

== End of Parsed pages ==

- Number of pages processed: 583
- Number of characters consumed: 3003279

- Wikipedia parsing ended at: 2023-06-20 01:08:25.435995

71 characters appeared 3003279 times.

Most Frequent characters:
[ 0] Char e: 8.19644128967039 %
[ 1] Char o: 7.848621456747774 %
[ 2] Char a: 7.658329445915614 %
[ 3] Char n: 6.530462204810142 %
[ 4] Char t: 5.240771836382834 %
[ 5] Char i: 5.137151759793213 %
[ 6] Char l: 4.934639772062469 %
[ 7] Char s: 4.782839023613857 %
[ 8] Char r: 4.636765348807087 %
[ 9] Char v: 3.905864223736789 %
[10] Char k: 3.485223983519347 %
[11] Char d: 3.379106636446364 %
[12] Char u: 3.14825895296441 %
[13] Char m: 3.1162605938376022 %
[14] Char p: 3.026725122774141 %
[15] Char c: 2.7520253696043557 %
[16] Char h: 2.4230183076563985 %
[17] Char í: 2.4217197270050503 %
[18] Char y: 1.9789703187749124 %
[19] Char b: 1.8439845249142686 %
[20] Char z: 1.79377273972881 %
[21] Char á: 1.7151253679728056 %
[22] Char j: 1.6478655496209311 %
[23] Char ě: 1.1976909238202644 %
[24] Char é: 1.0451243457567545 %
[25] Char ř: 0.8775741447930745 %
[26] Char g: 0.7766178233857061 %
[27] Char ž: 0.7413896611004173 %
[28] Char ý: 0.7322662996012025 %
[29] Char č: 0.7306680464918511 %
[30] Char f: 0.5927188249909515 %
[31] Char š: 0.5670801813617716 %
[32] Char ů: 0.40082856104943965 %
[33] Char w: 0.2873192933457065 %
[34] Char x: 0.14634005032499478 %
[35] Char ú: 0.11037935536458651 %
[36] Char ň: 0.05157695971636334 %
[37] Char ó: 0.03362990917593737 %
[38] Char ť: 0.02790283553409457 %
[39] Char q: 0.025305674231398415 %
[40] Char ď: 0.01841320769732016 %

The first 41 characters have an accumulated ratio of 0.9996676965410142.
The first 6 characters have an accumulated ratio of 0.4061177799331997.
All characters whose order is over 27 have an accumulated ratio of 0.037244291988856176.

1502 sequences found.

First 778 (typical positive ratio): 0.9950004915877304
Next 225 (1003-778): 0.0040053181225346846
Rest: 0.0009941902897349086

- Processing end: 2023-06-20 01:08:25.798573
