= Logs of language model for Polish (pl) =

- Generated by BuildLangModel.py
- Started: 2023-06-20 07:36:11.764015
- Maximum depth: 4
- Max number of characters: 3000000

== Parsed pages ==

Krasnyj Krym (revision 70375189)
Phonetics (revision 53289039)
Linguistics (revision 62341452)
Alphabet (revision 70308628)
Language (revision 68648594)
Pratchett (revision 70027878)
Satire (revision 70501048)
Grammar (revision 70272353)
Folklore (revision 69738029)
Biology (revision 51141127)
Plant (revision 70514004)
computer (revision 70595317)
Robot (revision 70059168)
Technology (revision 70216521)
Communication (revision 69963031)
Writing (revision 64896934)
Video Game (revision 69602570)
Music (revision 68572167)
Glass (revision 64821862)
Bread (revision 65177989)
Food (revision 70484077)
Ocean (revision 70035894)
Amazon (revision 70164327)
Chaplin (revision 70596369)
Aguilera (revision 70508944)
Streptococcus (revision 62819706)
Bird (revision 69732547)
Submarine (revision 70329845)
Steel (revision 68114409)
Chemistry (revision 70505873)
Military (revision 70080849)
Weather (revision 69819737)
Scholar (revision 66981781)
Supernova (revision 66092008)
Ike (Fire Emblem) (revision 69515482)
Arizona Charlie's Decatur (revision 65202009)
Gang Gyeong-hyo (revision 68133537)
David Rothenberg (revision 70655556)
Milton Keynes Dons F.C. (revision 70568536)
Samuel Ashe (MP) (revision 70361657)
2018 J1 League (revision 70334442)
Stillwater, Minnesota (revision 65723500)
Bidjabidjan (revision 65613910)
Double U (DJ) (revision 70602203)
Lullaby of Birdland (album) (revision 63905096)
Newport Jazz Festival (revision 69272430)
Authentic Science Fiction (revision 70372399)
Jung Ae-ri (revision 70338682)
Superconnected (revision 68114425)
HIStory: Past, Present and Future Book I (revision 70492109)
Lobotomia (revision 70654397)
Muzeum Historii Naturalnej w Londynie (revision 69873465)
Michael Jackson (revision 70537682)
Mistrzowie French Open w grze pojedynczej (revision 70579107)
Żarłacz biały (revision 68338225)
Polsat Viasat History (revision 70243231)
Adidas (revision 70393046)
Jisoo (revision 70573206)
Operacja Little Flower (revision 70479476)
Flower Power (revision 60271575)
June Carter Cash (revision 68119355)
Edyta Zając (revision 70563884)
Ania Rusowicz (revision 70521231)
Walenie (revision 69997824)
Goldie Hawn (revision 68745791)
Flower of Scotland (revision 65301440)
Folwark zwierzęcy (revision 69624928)
Animal Planet (revision 69803045)
Animal Crossing (revision 68619828)
Itajara goliat (revision 68343614)
Zaskroniec zwyczajny (revision 70092476)
Kot domowy (revision 70593926)
Arnold Schwarzenegger (revision 70684436)
Kaczki (revision 65646527)
Czarna wdowa (revision 70526332)
„Animal” (revision 69624928)
Davida J. Burke (revision 69420533)
Rose Bosch (revision 69407344)
Ludzka stonoga (revision 70687525)
Wskaźnik rozwoju społecznego (revision 69469824)
Ludzki wirus niedoboru odporności (revision 70158349)
Zasoby ludzkie (revision 67018372)
Human (zespół muzyczny) (revision 70650881)
Kostek Joriadis (revision 67364519)
Human Rights Watch (revision 70652879)
Lista państw świata według wskaźnika rozwoju społecznego (revision 70263616)
Ludzka stonoga 3 (revision 70687525)
Prawica (revision 70069088)
Donald Trump (revision 70654285)
Lewica (revision 70457951)
Socjalliberalizm (revision 68526716)
David Cameron (revision 69399232)
Hegemonia (revision 67785780)
Silvio Berlusconi (revision 70686298)
Melania Trump (revision 70686601)
Manosfera (revision 70526399)
Wojna siedmioletnia (revision 70596236)
Google Earth (revision 65116905)
Ziemia (revision 70654215)
Earth, Wind & Fire (revision 67975858)
David Attenborough (revision 70302912)
Mapy Google (revision 70576402)
Towarzystwo Płaskiej Ziemi (revision 70395803)
YouTube (revision 70654777)
Damian Maliszewski (revision 70591213)
SG-3 (odwiert) (revision 69285511)
hrabstwo Erath (revision 69313820)
BBC Earth (revision 69620112)
Kod Morse’a (revision 69622984)
Ateez (revision 70369141)
V symfonia Beethovena (revision 68821652)
Charakterystyka światła nawigacyjnego (revision 67895829)
Modulacja (revision 66525387)
Curiosity Rover (revision 70473263)
Brokeback (revision 70563628)
Międzynarodowy kod sygnałowy (revision 69424374)
Prague ’11 (revision 53332806)
New Forms (revision 63924716)
Wirus Zika (revision 70592805)
Wirus Ebola (revision 70579435)
Wirus ospy wietrznej i półpaśca (revision 65566843)
Wirus zapalenia wątroby typu C (revision 70223104)
Wirus opryszczki pospolitej (revision 68872869)
Herpeswirusy (revision 68672213)
Chloroza nerwów liści maliny (revision 68434998)
Systematyka wirusów (revision 61170688)
Bakterie (revision 69524985)
Domena (biologia) (revision 69490860)
Klasyfikacja biologiczna (revision 70126350)
Kształt bakterii (revision 58245080)
Bakterie Gram-ujemne (revision 68938256)
Czerw (revision 69244487)
Bakterie mlekowe (revision 69686472)
Pałeczka ropy błękitnej (revision 69887361)
Witamina B12 (revision 70309381)
Kombucza (revision 70266786)
bateria alkaliczna (revision 69834555)
bateria ogniw (revision 68271162)
lamp elektronowych (revision 70569032)
bateria żarzenia (revision 70602469)
bateria anodowa (revision 70602461)
bateria siatkowa (revision 68156587)
bateria jądrowa (revision 60992000)
bateria buforowa (revision 66931773)
bateria termoelektryczna (revision 55070260)
bateria wodociągowa (revision 69643657)
bateria umywalkowa (revision 69401303)
bateria wannowa (revision 65830355)
bateria wannowo-prysznicowa (revision 65830331)
bateria bidetowa (revision 48118698)
bateria kuchenna (revision 48118759)
bateria (wojsko) (revision 68836580)
bateria burtowa (revision 60072288)
Reprezentacja Polski w piłce nożnej mężczyzn (revision 70682302)
ISO (revision 70607329)
Finlandia (revision 70501032)
Inwazja Rosji na Ukrainę (revision 70684547)
Mistrzostwa świata w piłce nożnej mężczyzn (revision 70553637)
Piłka nożna na Letnich Igrzyskach Olimpijskich 1972 (revision 70536925)
Mind Sports Olympiad (revision 68872761)
Scottie Pippen (revision 69380415)
Eric Kokish (revision 70597631)
Charles Barkley (revision 69518006)
Igrzyska olimpijskie (revision 70390170)
letnie igrzyska olimpijskie (revision 70470126)
zimowe igrzyska olimpijskie (revision 70589859)
Starożytne igrzyska olimpijskie (revision 68630955)
Olimpiada Letnia 1906 (revision 66251300)
sportowe (revision 69507438)
olimpiada szachowa (revision 70445664)
olimpiada artystyczna (revision 57100993)
olimpiada astronomiczna (revision 69224154)
olimpiada biologiczna (revision 67710329)
olimpiada chemiczna (revision 69984210)
olimpiada filozoficzna (revision 64513875)
olimpiada fizyczna (revision 58886940)
olimpiada geograficzna i nautologiczna (revision 69623599)
olimpiada historyczna (revision 69560954)
olimpiada informatyczna (revision 70429356)
olimpiada informatyczna gimnazjalistów (revision 69780351)
olimpiada języka angielskiego (revision 68744813)
olimpiada literatury i języka polskiego (revision 69941592)
olimpiada „Losy Polaków na Wschodzie” (revision 70516471)
olimpiada matematyczna (revision 70354415)
olimpiada przedsiębiorczości (revision 70449406)
olimpiada teologii katolickiej (revision 60878832)
olimpiada wiedzy ekonomicznej (revision 65304986)
olimpiada wiedzy o Polsce i świecie współczesnym (revision 70079262)
olimpiada wiedzy o prawach człowieka (revision 58833831)
Olimpiada Wiedzy o Filmie i Komunikacji Społecznej (revision 68532470)
Olimpiada Wiedzy Technicznej (revision 69762923)
europejska olimpiada społeczno-prawna (revision 67777542)
międzynarodowa olimpiada chemiczna (revision 70360989)
międzynarodowa olimpiada filozoficzna (revision 59941271)
międzynarodowa olimpiada fizyczna (revision 69938479)
międzynarodowa olimpiada informatyczna (revision 70429356)
międzynarodowa olimpiada matematyczna (revision 68272482)
Olimpiady Specjalne (revision 68499286)
Safeway Championship 2015 (revision 59051668)
Safeway Championship 2013 (revision 67352718)
Młodzieżowe Mistrzostwa Europy w Lekkoatletyce 2017 (revision 69834305)
19 października (revision 70677122)
JJK Jyväskylä (revision 69409470)
Finlandia na Letnich Igrzyskach Olimpijskich 1920 (revision 70457207)
Finlandia na Letnich Igrzyskach Olimpijskich 1924 (revision 70457179)
Statystyki mężczyzn w Pucharze Świata w biegach narciarskich 2018/2019 (revision 69520034)
Draymond Green (revision 69517926)
Margaret Thatcher (revision 70596878)
Homofobia (revision 70308697)
Zmarli w listopadzie 2020 (revision 70570697)
Zmarli w sierpniu 2016 (revision 70558147)
Waterville Valley (revision 60797862)
Video Greatest Hits – HIStory (revision 68757313)
Where Have All the Flowers Gone? (revision 66422731)
Flowers (singel Miley Cyrus) (revision 70554761)
Brandon Flowers (revision 69609199)
Maroon 5 (revision 70681215)
The Flowers of Romance (revision 65171184)
Słoneczniki (obrazy Vincenta van Gogha) (revision 69865723)
Grażyna Wolszczak (revision 70596485)
The Cure (revision 69099641)
Rock Hudson (revision 70569659)
Sasza Reznikow (revision 70654381)
Enzymy (revision 70441686)
wirus (revision 70309132)
Wirus (revision 70309132)
Akumulator litowo-jonowy (revision 67295771)
Akumulator kwasowo-ołowiowy (revision 70136258)
Akumulator elektryczny (revision 69487034)
Akumulator (revision 69487034)
Akumulator niklowo-kadmowy (revision 64630872)
Akumulator niklowo-metalowo-wodorkowy (revision 68270290)
Akumulator litowo-żelazowo-fosforanowy (revision 51996407)
Alternator (revision 70535524)
Koło zamachowe (revision 69927375)
Akumulator zasadowy (revision 70637657)
akumulator elektryczny (revision 69487034)
akumulator kwasowo-ołowiowy (revision 70136258)
akumulator zasadowy (revision 70637657)
akumulator żelowy (revision 61206156)
akumulator niklowo-kadmowy (revision 64630872)
akumulator niklowo-metalowo-wodorkowy (revision 68270290)
akumulator litowo-jonowy (revision 67295771)
akumulator litowo-polimerowy (revision 67295771)
akumulator hydrauliczny (revision 69021631)
akumulator mechaniczny (revision 51655385)
Ogniwo słoneczne (revision 70355468)
Fotodioda półprzewodnikowa (revision 69866900)
Grafen (revision 70025874)
Integrated Truss Structure (revision 64446888)
Explorer 10 (revision 69980829)
Historia nauki (revision 70319379)
Hanwha Q-Cells (revision 66713171)
Abram Ioffe (revision 70369866)
Bateria (wojsko) (revision 68836580)
Bateria AA (revision 70311986)
Dywizjon (revision 67283316)
Bateria ogniw (revision 68271162)
Bateria artylerii nr 31 (XXXI) im. Heliodora Laskowskiego (revision 70468942)
Bateria alkaliczna (revision 69834555)
Bateria jądrowa (revision 60992000)
Pododdział (revision 68905512)
Bidet (revision 69401306)
Rak jelita grubego (revision 70404307)
Cementownia Kujawy (revision 70398189)
8 Pułk Artylerii Ciężkiej (II RP) (revision 70272102)
Oblężenie Malty (1798–1800) (revision 70315301)
Polski Produkt Przyszłości (revision 65121731)
Lampa elektronowa (revision 70569032)
Dioda próżniowa (revision 70347221)
Aparatura chemiczna (technika) (revision 68586292)
Piec koksowniczy (revision 47164246)
Koksownia Przyjaźń (revision 68295814)
ArcelorMittal Poland Oddział w Krakowie (revision 66667690)
Wałbrzyskie Zakłady Koksownicze „Victoria” (revision 69134983)
Koksownia Częstochowa Nowa (revision 69440399)
ArcelorMittal Poland Oddział w Zdzieszowicach (revision 66713706)
Koksownia Radlin (revision 68195735)
ArcelorMittal Poland (revision 70658448)
Olimpiada (czas) (revision 70453042)
Zimowe igrzyska olimpijskie (revision 70589859)
Letnie Igrzyska Olimpijskie 1936 (revision 70151204)
Letnie Igrzyska Olimpijskie 2008 (revision 69433379)
Olimpiada ’40 (revision 68861970)
Olimpiada Matematyczna (revision 70354415)
Eunice Kennedy Shriver (revision 69327606)
Olimpiada Wiedzy o Polsce i Świecie Współczesnym (revision 70079262)
Olimpiada Informatyczna Juniorów (revision 69780351)
Szachy korespondencyjne (revision 69028738)
Lista odcinków serialu Święta wojna (revision 70117700)
Olimpiady szkolne w Polsce (revision 70516435)
Międzynarodowe Olimpiady Przedmiotowe (revision 63903803)
Międzynarodowa Olimpiada Matematyczna (revision 68272482)
Międzynarodowa Olimpiada Fizyczna (revision 69938479)
Olimpiada „Losy żołnierza i dzieje oręża polskiego” (revision 62065904)
I Liceum Ogólnokształcące im. St. Dubois w Koszalinie (revision 70351244)
Międzynarodowa Olimpiada Lingwistyki Teoretycznej, Matematycznej i Stosowanej (revision 68261885)
Międzynarodowa Olimpiada Chemiczna (revision 70360989)
Olimpiada Wiedzy Ekologicznej (revision 60065910)
Liga Ochrony Przyrody (revision 69623199)
Ełk (revision 70534247)
Olimpiada Wiedzy o Bezpieczeństwie i Obronności (revision 68959669)
Śląskie Techniczne Zakłady Naukowe (revision 70072055)
Japonia (revision 70524871)
Olimpiada Wiedzy o Unii Europejskiej „Gwiezdny Krąg” (revision 53242418)
Olimpiada Wiedzy o Unii Europejskiej (pułtuska) (revision 68130102)
Olimpiada Wiedzy o Unii Europejskiej (szczecińska) (revision 68129447)
Olimpiada Wiedzy Ekonomicznej (revision 65304986)
Olimpiada Wiedzy o Państwie i Prawie (revision 65355941)
Europejska Olimpiada Społeczno-Prawna (revision 67777542)
Honduras (revision 70528576)
Manuel Zelaya (revision 69982597)
Historia Hondurasu (revision 69805294)
XXI wiek (revision 70618737)
Wybory generalne w Hondurasie w 2009 roku (revision 66825868)
Roberto Micheletti (revision 69214608)
2008 (revision 70475222)
Inwazja w Zatoce Świń (revision 70514346)
Thorpe Waterville (revision 69884255)
Chester Arthur (revision 69408505)
Waterville (Ohio) (revision 63279540)
Waterville (Waszyngton) (revision 63279542)
Waterville (Kansas) (revision 69295404)
Waterville (Iowa) (revision 67754815)
Waterville (Wisconsin) (revision 63279543)
Waterville (Minnesota) (revision 63279539)
David E. Kelley (revision 69052554)
Street Fighter V (revision 70552243)
Michał Anioł (revision 70493666)
Michał Anioł Palloni (revision 65743674)
Michał Anioł Bogusławski (revision 64671383)
Archanioł Michał (revision 69817084)
Fotostereoskopia (revision 69523793)
wektor (revision 69809075)
wektor swobodny (revision 69809075)

== End of Parsed pages ==

- Number of pages processed: 407
- Number of characters consumed: 3022896

- Wikipedia parsing ended at: 2023-06-20 07:48:12.434442

80 characters appeared 3022896 times.

Most Frequent characters:
[ 0] Char a: 9.061707713398013 %
[ 1] Char i: 8.088137997469975 %
[ 2] Char o: 7.959221885238526 %
[ 3] Char e: 7.671219916265727 %
[ 4] Char n: 6.004903906717267 %
[ 5] Char r: 5.3155980225585004 %
[ 6] Char z: 4.894710238129265 %
[ 7] Char w: 4.6159047482943505 %
[ 8] Char s: 4.28936357717897 %
[ 9] Char t: 4.147215120864231 %
[10] Char c: 3.9734082813302214 %
[11] Char y: 3.783921114057513 %
[12] Char k: 3.4978047541165824 %
[13] Char d: 3.0703338785059096 %
[14] Char p: 2.9695034165912424 %
[15] Char m: 2.7241426764268435 %
[16] Char u: 2.55804367732135 %
[17] Char l: 2.5506997263551243 %
[18] Char j: 2.1116836305317817 %
[19] Char g: 1.5435198564555315 %
[20] Char ł: 1.4410022706702446 %
[21] Char h: 1.4298540207800732 %
[22] Char b: 1.3495998539149214 %
[23] Char ą: 0.9014534406741085 %
[24] Char ó: 0.8473331533734538 %
[25] Char ę: 0.8192475030566715 %
[26] Char ż: 0.5845057190191129 %
[27] Char f: 0.57021478740916 %
[28] Char ś: 0.4861894024802706 %
[29] Char ć: 0.21658039178324365 %
[30] Char ń: 0.1970957651205996 %
[31] Char v: 0.14611815953972615 %
[32] Char x: 0.06983369589956122 %
[33] Char ź: 0.05395488299961361 %
[34] Char q: 0.013364667524122563 %

The first 35 characters have an accumulated ratio of 0.999573918520518.
The first 6 characters have an accumulated ratio of 0.4410078944164801.
All characters whose order is over 24 have an accumulated ratio of 0.03157104974832081.

1382 sequences found.

First 587 (typical positive ratio): 0.9950131525789636
Next 182 (769-587): 0.003988848532721412
Rest: 0.000997998888314977

- Processing end: 2023-06-20 07:48:12.623487
