= Logs of language model for Korean (ko) =

- Generated by BuildLangModel.py
- Started: 2023-06-19 21:32:33.227486
- Maximum depth: 4
- Max number of characters: 50000

== Parsed pages ==

칼리스토_(위성) (revision 34746376)
Phonetics (revision 31559407)
Linguistics (revision 34786212)
Pratchett (revision 31867839)
Satire (revision 32039962)
History (revision 34881012)
Biology (revision 33693955)
Technology (revision 32336964)
Writing (revision 34955326)
Politics (revision 34950869)
Aguilera (revision 34896312)
Streptococcus (revision 33119597)
Bacteria (revision 31846962)
Military (revision 33579948)
Weather (revision 34895830)
Olympiad (revision 32932584)
2007 J.League Division 2 (revision 35063356)
Myth & Roid (revision 34162947)
U Got 2 Let the Music (revision 34906692)
알파벳 (기업) (revision 32155060)
ISO/IEC 8859-10 (revision 32104337)
ISO/IEC 8859-7 (revision 35030843)
ISO/IEC 8859-9 (revision 32889060)
국제 음성 기호 (revision 34659846)
ISO/IEC 8859-5 (revision 31796663)
ISO/IEC 8859-8 (revision 32166783)
ISO/IEC 8859-6 (revision 32104351)
Ӂ (revision 32368464)
알파벳 (revision 31843425)
로마자 (revision 33907676)
영어 (revision 35001388)

== End of Parsed pages ==

- Number of pages processed: 89
- Number of characters consumed: 54527

- Wikipedia parsing ended at: 2023-06-19 21:34:59.590094

890 characters appeared 54527 times.

Most Frequent characters:
[ 0] Char 이: 3.038861481467897 %
[ 1] Char 다: 2.9710051900893135 %
[ 2] Char 는: 2.640893502301612 %
[ 3] Char 의: 2.472169750765676 %
[ 4] Char 에: 2.3969776441029214 %
[ 5] Char 어: 2.1163827094833754 %
[ 6] Char 로: 1.681735653896235 %
[ 7] Char 하: 1.3571258275716618 %
[ 8] Char 한: 1.3332844278981055 %
[ 9] Char 가: 1.2324169677407524 %
[10] Char 을: 1.2305830139197096 %
[11] Char 은: 1.2214132448144956 %
[12] Char 서: 1.21774533717241 %
[13] Char 기: 1.1645606763621692 %
[14] Char 고: 1.1333834614044418 %
[15] Char 지: 1.0912025235204577 %
[16] Char 리: 1.0691950776679444 %
[17] Char 스: 1.0196783244997891 %
[18] Char 학: 1.0196783244997891 %
[19] Char 를: 0.9701615713316338 %
[20] Char 사: 0.9316485410897354 %
[21] Char 자: 0.8986373723109653 %
[22] Char 으: 0.874795972637409 %
[23] Char 대: 0.8289471271113393 %
[24] Char 구: 0.8106075889009116 %
[25] Char 인: 0.7941020045115263 %
[26] Char 생: 0.7849322354063125 %
[27] Char 라: 0.7775964201221414 %
[28] Char 성: 0.7555889742696279 %
[29] Char 영: 0.7500871128064995 %
[30] Char 아: 0.7335815284171144 %
[31] Char 나: 0.7299136207750289 %
[32] Char 음: 0.7189098978487722 %
[33] Char 적: 0.7189098978487722 %
[34] Char 있: 0.7097401287435582 %
[35] Char 과: 0.6969024519962588 %
[36] Char 해: 0.6950684981752159 %
[37] Char 들: 0.660223375575403 %
[38] Char 문: 0.6455517450070608 %
[39] Char 도: 0.6217103453335044 %
[40] Char 물: 0.6162084838703762 %
[41] Char 되: 0.608872668586205 %
[42] Char 수: 0.5850312689126488 %
[43] Char 부: 0.5685256845232637 %
[44] Char 시: 0.5373484695655364 %
[45] Char 상: 0.5263447466392795 %
[46] Char 분: 0.5245107928182369 %
[47] Char 유: 0.5226768389971941 %
[48] Char 년: 0.5171749775340657 %
[49] Char 일: 0.5153410237130229 %
[50] Char 화: 0.5098391622498946 %
[51] Char 연: 0.5098391622498946 %
[52] Char 전: 0.4896656702184239 %
[53] Char 계: 0.48599776257633837 %
[54] Char 정: 0.4841638087552955 %
[55] Char 국: 0.4694921781869532 %
[56] Char 용: 0.4676582243659104 %
[57] Char 와: 0.4658242705448677 %
[58] Char 드: 0.45848845526069654 %
[59] Char 주: 0.44381682469235423 %
[60] Char 위: 0.43648100940818313 %
[61] Char 만: 0.429145194124012 %
[62] Char 했: 0.42547728648192634 %
[63] Char 제: 0.42547728648192634 %
[64] Char 레: 0.4236433326608836 %
[65] Char 보: 0.4089717020925413 %
[66] Char 발: 0.394300071524199 %
[67] Char 세: 0.394300071524199 %
[68] Char 언: 0.3686247180296 %
[69] Char 었: 0.36495681038751443 %
[70] Char 그: 0.3631228565664717 %
[71] Char 모: 0.36128890274542885 %
[72] Char 체: 0.36128890274542885 %
[73] Char 게: 0.3502851798191721 %
[74] Char 미: 0.3466172721770866 %
[75] Char 된: 0.33744750307187266 %
[76] Char 트: 0.3337795954297871 %
[77] Char 진: 0.3319456416087443 %
[78] Char 명: 0.3301116877877015 %
[79] Char 러: 0.3227758725035304 %
[80] Char 여: 0.317274011040402 %
[81] Char 장: 0.31544005721935925 %
[82] Char 토: 0.30260238047205973 %
[83] Char 동: 0.30076842665101694 %
[84] Char 공: 0.2952665651878886 %
[85] Char 조: 0.2952665651878886 %
[86] Char 표: 0.2897647037247602 %
[87] Char 면: 0.2824288884405891 %
[88] Char 중: 0.27876098079850353 %
[89] Char 것: 0.2714251655143324 %
[90] Char 비: 0.2695912116932896 %
[91] Char 포: 0.2640893502301612 %
[92] Char 우: 0.26042144258807565 %
[93] Char 르: 0.2512516734828617 %
[94] Char 관: 0.2494177196618189 %
[95] Char 데: 0.24758376584077613 %
[96] Char 원: 0.24758376584077613 %
[97] Char 통: 0.2457498120197333 %
[98] Char 식: 0.2457498120197333 %
[99] Char 마: 0.24208190437764776 %
[100] Char 소: 0.23841399673556218 %
[101] Char 호: 0.23841399673556218 %
[102] Char 며: 0.23658004291451942 %
[103] Char 단: 0.23658004291451942 %
[104] Char 오: 0.2347460890934766 %
[105] Char 니: 0.2347460890934766 %
[106] Char 칼: 0.22924422763034827 %
[107] Char 래: 0.2255763199882627 %
[108] Char 역: 0.2255763199882627 %
[109] Char 크: 0.22190841234617711 %
[110] Char 길: 0.22190841234617711 %
[111] Char 경: 0.21640655088304875 %
[112] Char 터: 0.20723678177783483 %
[113] Char 형: 0.20723678177783483 %
[114] Char 개: 0.20723678177783483 %
[115] Char 같: 0.20540282795679204 %
[116] Char 현: 0.20540282795679204 %
[117] Char 반: 0.20356887413574926 %
[118] Char 파: 0.19623305885157813 %
[119] Char 류: 0.19439910503053534 %
[120] Char 할: 0.19256515120949255 %
[121] Char 또: 0.19073119738844976 %
[122] Char 교: 0.18889724356740697 %
[123] Char 른: 0.1870632897463642 %
[124] Char 재: 0.1833953821042786 %
[125] Char 후: 0.1833953821042786 %
[126] Char 론: 0.18156142828323585 %
[127] Char 신: 0.17972747446219306 %
[128] Char 월: 0.17789352064115027 %
[129] Char 타: 0.17789352064115027 %
[130] Char 양: 0.17605956682010748 %
[131] Char 내: 0.17605956682010748 %
[132] Char 작: 0.17605956682010748 %
[133] Char 등: 0.1723916591780219 %
[134] Char 글: 0.1723916591780219 %
[135] Char 였: 0.17055770535697912 %
[136] Char 태: 0.16872375153593633 %
[137] Char 매: 0.16872375153593633 %
[138] Char 질: 0.16688979771489354 %
[139] Char 선: 0.16688979771489354 %
[140] Char 외: 0.16322189007280796 %
[141] Char 프: 0.1613879362517652 %
[142] Char 운: 0.1595539824307224 %
[143] Char 히: 0.15772002860967962 %
[144] Char 충: 0.15588607478863684 %
[145] Char 야: 0.15588607478863684 %
[146] Char 거: 0.15405212096759405 %
[147] Char 변: 0.15405212096759405 %
[148] Char 종: 0.15405212096759405 %
[149] Char 간: 0.15221816714655126 %
[150] Char 목: 0.15038421332550847 %
[151] Char 산: 0.14855025950446568 %
[152] Char 범: 0.1448823518623801 %
[153] Char 바: 0.14121444422029455 %
[154] Char 각: 0.14121444422029455 %
[155] Char 존: 0.13938049039925177 %
[156] Char 치: 0.13938049039925177 %
[157] Char 돌: 0.13754653657820898 %
[158] Char 함: 0.13754653657820898 %
[159] Char 때: 0.1357125827571662 %
[160] Char 방: 0.1357125827571662 %
[161] Char 법: 0.1357125827571662 %
[162] Char 카: 0.1338786289361234 %
[163] Char 알: 0.1338786289361234 %
[164] Char 설: 0.1338786289361234 %
[165] Char 두: 0.1320446751150806 %
[166] Char 요: 0.13021072129403782 %
[167] Char 노: 0.128376767472995 %
[168] Char 회: 0.128376767472995 %
[169] Char 행: 0.12654281365195225 %
[170] Char 않: 0.12287490600986666 %
[171] Char 근: 0.12287490600986666 %
[172] Char 본: 0.12104095218882388 %
[173] Char 코: 0.1173730445467383 %
[174] Char 디: 0.1173730445467383 %
[175] Char 앨: 0.1173730445467383 %
[176] Char 속: 0.11553909072569551 %
[177] Char 균: 0.11370513690465273 %
[178] Char 최: 0.11370513690465273 %
[179] Char 록: 0.11370513690465273 %
[180] Char 많: 0.11187118308360995 %
[181] Char 차: 0.11187118308360995 %
[182] Char 키: 0.11003722926256716 %
[183] Char 따: 0.11003722926256716 %
[184] Char 력: 0.11003722926256716 %
[185] Char 실: 0.11003722926256716 %
[186] Char 예: 0.11003722926256716 %
[187] Char 더: 0.11003722926256716 %
[188] Char 브: 0.11003722926256716 %
[189] Char 루: 0.10820327544152437 %
[190] Char 특: 0.10820327544152437 %
[191] Char 능: 0.10636932162048159 %
[192] Char 향: 0.10636932162048159 %
[193] Char 판: 0.1045353677994388 %
[194] Char 직: 0.1045353677994388 %
[195] Char 출: 0.10270141397839602 %
[196] Char 심: 0.10270141397839602 %
[197] Char 말: 0.10270141397839602 %
[198] Char 번: 0.10086746015735323 %
[199] Char 받: 0.09903350633631045 %
[200] Char 약: 0.09719955251526767 %
[201] Char 당: 0.09719955251526767 %
[202] Char 점: 0.09719955251526767 %
[203] Char 초: 0.09719955251526767 %
[204] Char 독: 0.09719955251526767 %
[205] Char 군: 0.09719955251526767 %
[206] Char 았: 0.09536559869422488 %
[207] Char 강: 0.09536559869422488 %
[208] Char 무: 0.09536559869422488 %
[209] Char 든: 0.09536559869422488 %
[210] Char 올: 0.09536559869422488 %
[211] Char 달: 0.0935316448731821 %
[212] Char 추: 0.0935316448731821 %
[213] Char 및: 0.0935316448731821 %
[214] Char 까: 0.0935316448731821 %
[215] Char 합: 0.0916976910521393 %
[216] Char 불: 0.0916976910521393 %
[217] Char 안: 0.0916976910521393 %
[218] Char 준: 0.0916976910521393 %
[219] Char 린: 0.08802978341005374 %
[220] Char 메: 0.08619582958901095 %
[221] Char 티: 0.08619582958901095 %
[222] Char 열: 0.08436187576796816 %
[223] Char 결: 0.08436187576796816 %
[224] Char 려: 0.08436187576796816 %
[225] Char 던: 0.08436187576796816 %
[226] Char 순: 0.08436187576796816 %
[227] Char 페: 0.08436187576796816 %
[228] Char 환: 0.08252792194692538 %
[229] Char 평: 0.08252792194692538 %
[230] Char 틴: 0.0806939681258826 %
[231] Char 얼: 0.07886001430483981 %
[232] Char 규: 0.07886001430483981 %
[233] Char 처: 0.07886001430483981 %
[234] Char 란: 0.07886001430483981 %
[235] Char 릴: 0.07702606048379702 %
[236] Char 석: 0.07702606048379702 %
[237] Char 배: 0.07702606048379702 %
[238] Char 싱: 0.07702606048379702 %
[239] Char 확: 0.07519210666275424 %
[240] Char 천: 0.07519210666275424 %
[241] Char 권: 0.07335815284171145 %
[242] Char 활: 0.07335815284171145 %
[243] Char 버: 0.07335815284171145 %
[244] Char 투: 0.07335815284171145 %
[245] Char 없: 0.07152419902066866 %
[246] Char 접: 0.07152419902066866 %
[247] Char 저: 0.07152419902066866 %
[248] Char 네: 0.06969024519962588 %
[249] Char 름: 0.0678562913785831 %
[250] Char 량: 0.0678562913785831 %
[251] Char 감: 0.0660223375575403 %
[252] Char 갈: 0.0641883837364975 %
[253] Char 입: 0.0641883837364975 %
[254] Char 즈: 0.0641883837364975 %
[255] Char 첫: 0.0641883837364975 %
[256] Char 곡: 0.06235442991545472 %
[257] Char 링: 0.06235442991545472 %
[258] Char 탐: 0.06052047609441194 %
[259] Char 핵: 0.06052047609441194 %
[260] Char 께: 0.06052047609441194 %
[261] Char 련: 0.06052047609441194 %
[262] Char 럽: 0.06052047609441194 %
[263] Char 임: 0.06052047609441194 %
[264] Char 져: 0.05868652227336915 %
[265] Char 별: 0.05868652227336915 %
[266] Char 피: 0.05868652227336915 %
[267] Char 째: 0.05685256845232636 %
[268] Char 족: 0.05685256845232636 %
[269] Char 온: 0.05685256845232636 %
[270] Char 편: 0.05685256845232636 %
[271] Char 새: 0.05685256845232636 %
[272] Char 베: 0.05685256845232636 %
[273] Char 절: 0.05685256845232636 %
[274] Char 테: 0.05501861463128358 %
[275] Char 날: 0.05501861463128358 %
[276] Char 참: 0.05501861463128358 %
[277] Char 술: 0.05501861463128358 %
[278] Char 격: 0.05501861463128358 %
[279] Char 암: 0.05318466081024079 %
[280] Char 람: 0.05318466081024079 %
[281] Char 쓰: 0.05318466081024079 %
[282] Char 측: 0.05135070698919801 %
[283] Char 악: 0.05135070698919801 %
[284] Char 빌: 0.05135070698919801 %
[285] Char 뮤: 0.05135070698919801 %
[286] Char 머: 0.05135070698919801 %
[287] Char 견: 0.04951675316815522 %
[288] Char 밝: 0.04951675316815522 %
[289] Char 왔: 0.04951675316815522 %
[290] Char 애: 0.04951675316815522 %
[291] Char 남: 0.04951675316815522 %
[292] Char 민: 0.04951675316815522 %
[293] Char 살: 0.04951675316815522 %
[294] Char 랑: 0.04768279934711244 %
[295] Char 백: 0.04768279934711244 %
[296] Char 응: 0.04768279934711244 %
[297] Char 립: 0.04768279934711244 %
[298] Char 너: 0.04768279934711244 %
[299] Char 복: 0.04768279934711244 %
[300] Char 웨: 0.04768279934711244 %
[301] Char 벳: 0.04768279934711244 %
[302] Char 졌: 0.04584884552606965 %
[303] Char 습: 0.04584884552606965 %
[304] Char 션: 0.04584884552606965 %
[305] Char 될: 0.04401489170502687 %
[306] Char 워: 0.04401489170502687 %
[307] Char 육: 0.04401489170502687 %
[308] Char 랜: 0.04401489170502687 %
[309] Char 쇄: 0.04401489170502687 %
[310] Char 염: 0.04218093788398408 %
[311] Char 필: 0.04218093788398408 %
[312] Char 증: 0.0403469840629413 %
[313] Char 큰: 0.03851303024189851 %
[314] Char 탄: 0.03851303024189851 %
[315] Char 승: 0.03851303024189851 %
[316] Char 철: 0.03851303024189851 %
[317] Char 금: 0.03851303024189851 %
[318] Char 칭: 0.03851303024189851 %
[319] Char 뷔: 0.03851303024189851 %
[320] Char 튼: 0.03851303024189851 %
[321] Char 난: 0.03667907642085572 %
[322] Char 담: 0.03667907642085572 %
[323] Char 녹: 0.03667907642085572 %
[324] Char 병: 0.03667907642085572 %
[325] Char 팝: 0.03667907642085572 %
[326] Char 완: 0.03484512259981294 %
[327] Char 럼: 0.03484512259981294 %
[328] Char 겨: 0.03484512259981294 %
[329] Char 림: 0.03484512259981294 %
[330] Char 몇: 0.03484512259981294 %
[331] Char 슨: 0.03484512259981294 %
[332] Char 뜻: 0.03484512259981294 %
[333] Char 캐: 0.03484512259981294 %
[334] Char 집: 0.03484512259981294 %
[335] Char 색: 0.03484512259981294 %
[336] Char 혈: 0.03484512259981294 %
[337] Char 슬: 0.03301116877877015 %
[338] Char 층: 0.03301116877877015 %
[339] Char 플: 0.03301116877877015 %
[340] Char 축: 0.03301116877877015 %
[341] Char 억: 0.03301116877877015 %
[342] Char 건: 0.03301116877877015 %
[343] Char 급: 0.03301116877877015 %
[344] Char 엔: 0.03301116877877015 %
[345] Char 북: 0.03301116877877015 %
[346] Char 낸: 0.03117721495772736 %
[347] Char 먼: 0.03117721495772736 %
[348] Char 울: 0.03117721495772736 %
[349] Char 널: 0.03117721495772736 %
[350] Char 커: 0.03117721495772736 %
[351] Char 찰: 0.03117721495772736 %
[352] Char 덴: 0.03117721495772736 %
[353] Char 퍼: 0.03117721495772736 %
[354] Char 클: 0.03117721495772736 %
[355] Char 긴: 0.029343261136684576 %
[356] Char 케: 0.029343261136684576 %
[357] Char 높: 0.029343261136684576 %
[358] Char 료: 0.029343261136684576 %
[359] Char 곳: 0.029343261136684576 %
[360] Char 뿐: 0.029343261136684576 %
[361] Char 품: 0.029343261136684576 %
[362] Char 낮: 0.02750930731564179 %
[363] Char 항: 0.02750930731564179 %
[364] Char 광: 0.02750930731564179 %
[365] Char 혼: 0.02750930731564179 %
[366] Char 못: 0.02750930731564179 %
[367] Char 뉴: 0.02750930731564179 %
[368] Char 늘: 0.02750930731564179 %
[369] Char 템: 0.02750930731564179 %
[370] Char 릭: 0.02750930731564179 %
[371] Char 업: 0.02750930731564179 %
[372] Char 컬: 0.02750930731564179 %
[373] Char 쿠: 0.02750930731564179 %
[374] Char 앵: 0.02750930731564179 %
[375] Char 밀: 0.025675353494599006 %
[376] Char 채: 0.025675353494599006 %
[377] Char 박: 0.025675353494599006 %
[378] Char 녀: 0.025675353494599006 %
[379] Char 취: 0.025675353494599006 %
[380] Char 랐: 0.025675353494599006 %
[381] Char 앤: 0.025675353494599006 %
[382] Char 칙: 0.02384139967355622 %
[383] Char 친: 0.02384139967355622 %
[384] Char 블: 0.02384139967355622 %
[385] Char 험: 0.02384139967355622 %
[386] Char 패: 0.02384139967355622 %
[387] Char 덜: 0.02384139967355622 %
[388] Char 딩: 0.02384139967355622 %
[389] Char 궤: 0.022007445852513435 %
[390] Char 혀: 0.022007445852513435 %
[391] Char 느: 0.022007445852513435 %
[392] Char 착: 0.022007445852513435 %
[393] Char 렇: 0.022007445852513435 %
[394] Char 총: 0.022007445852513435 %
[395] Char 검: 0.022007445852513435 %
[396] Char 렸: 0.022007445852513435 %
[397] Char 써: 0.022007445852513435 %
[398] Char 막: 0.022007445852513435 %
[399] Char 획: 0.022007445852513435 %
[400] Char 떤: 0.022007445852513435 %
[401] Char 쳤: 0.022007445852513435 %
[402] Char 돈: 0.022007445852513435 %
[403] Char 컨: 0.022007445852513435 %
[404] Char 픽: 0.022007445852513435 %
[405] Char 듀: 0.022007445852513435 %
[406] Char 팔: 0.022007445852513435 %
[407] Char 씨: 0.022007445852513435 %
[408] Char 흔: 0.02017349203147065 %
[409] Char 좋: 0.02017349203147065 %
[410] Char 휘: 0.02017349203147065 %
[411] Char 황: 0.02017349203147065 %
[412] Char 탈: 0.02017349203147065 %
[413] Char 걸: 0.02017349203147065 %
[414] Char 누: 0.02017349203147065 %
[415] Char 쳐: 0.02017349203147065 %
[416] Char 홈: 0.02017349203147065 %
[417] Char 맞: 0.02017349203147065 %
[418] Char 창: 0.02017349203147065 %
[419] Char 델: 0.02017349203147065 %
[420] Char 택: 0.02017349203147065 %
[421] Char 벨: 0.02017349203147065 %
[422] Char 청: 0.02017349203147065 %
[423] Char 핫: 0.02017349203147065 %
[424] Char 넘: 0.01833953821042786 %
[425] Char 콘: 0.01833953821042786 %
[426] Char 닌: 0.01833953821042786 %
[427] Char 몰: 0.01833953821042786 %
[428] Char 허: 0.01833953821042786 %
[429] Char 틀: 0.01833953821042786 %
[430] Char 났: 0.01833953821042786 %
[431] Char 잡: 0.01833953821042786 %
[432] Char 웹: 0.01833953821042786 %
[433] Char 런: 0.01833953821042786 %
[434] Char 협: 0.01833953821042786 %
[435] Char 송: 0.01833953821042786 %
[436] Char 넷: 0.01833953821042786 %
[437] Char 렉: 0.01833953821042786 %
[438] Char 랙: 0.01833953821042786 %
[439] Char 끝: 0.01833953821042786 %
[440] Char 랭: 0.01833953821042786 %
[441] Char 섬: 0.01833953821042786 %
[442] Char 깊: 0.016505584389385076 %
[443] Char 떠: 0.016505584389385076 %
[444] Char 찾: 0.016505584389385076 %
[445] Char 얻: 0.016505584389385076 %
[446] Char 징: 0.016505584389385076 %
[447] Char 슈: 0.016505584389385076 %
[448] Char 폐: 0.016505584389385076 %
[449] Char 책: 0.016505584389385076 %
[450] Char 뉘: 0.016505584389385076 %
[451] Char 끼: 0.016505584389385076 %
[452] Char 톤: 0.016505584389385076 %
[453] Char 윈: 0.016505584389385076 %
[454] Char 쟁: 0.016505584389385076 %
[455] Char 잉: 0.016505584389385076 %
[456] Char 벌: 0.016505584389385076 %
[457] Char 텐: 0.016505584389385076 %
[458] Char 율: 0.014671630568342288 %
[459] Char 떨: 0.014671630568342288 %
[460] Char 둘: 0.014671630568342288 %
[461] Char 헌: 0.014671630568342288 %
[462] Char 붙: 0.014671630568342288 %
[463] Char 슷: 0.014671630568342288 %
[464] Char 갑: 0.014671630568342288 %
[465] Char 멘: 0.014671630568342288 %
[466] Char 빈: 0.014671630568342288 %
[467] Char 괴: 0.014671630568342288 %
[468] Char 효: 0.014671630568342288 %
[469] Char 롯: 0.014671630568342288 %
[470] Char 튜: 0.014671630568342288 %
[471] Char 훔: 0.014671630568342288 %
[472] Char 놈: 0.014671630568342288 %
[473] Char 엽: 0.014671630568342288 %
[474] Char 갖: 0.014671630568342288 %
[475] Char 갔: 0.014671630568342288 %
[476] Char 듣: 0.014671630568342288 %
[477] Char 익: 0.014671630568342288 %
[478] Char 밖: 0.012837676747299503 %
[479] Char 쪽: 0.012837676747299503 %
[480] Char 흡: 0.012837676747299503 %
[481] Char 액: 0.012837676747299503 %
[482] Char 펠: 0.012837676747299503 %
[483] Char 넓: 0.012837676747299503 %
[484] Char 혹: 0.012837676747299503 %
[485] Char 잔: 0.012837676747299503 %
[486] Char 켜: 0.012837676747299503 %
[487] Char 망: 0.012837676747299503 %
[488] Char 움: 0.012837676747299503 %
[489] Char 왕: 0.012837676747299503 %
[490] Char 젝: 0.012837676747299503 %
[491] Char 찬: 0.012837676747299503 %
[492] Char 락: 0.012837676747299503 %
[493] Char 즘: 0.012837676747299503 %
[494] Char 폰: 0.012837676747299503 %
[495] Char 엘: 0.012837676747299503 %
[496] Char 잘: 0.012837676747299503 %
[497] Char 슐: 0.012837676747299503 %
[498] Char 읽: 0.012837676747299503 %
[499] Char 렀: 0.012837676747299503 %
[500] Char 혔: 0.012837676747299503 %
[501] Char 킨: 0.012837676747299503 %
[502] Char 멀: 0.011003722926256718 %
[503] Char 퇴: 0.011003722926256718 %
[504] Char 빠: 0.011003722926256718 %
[505] Char 켰: 0.011003722926256718 %
[506] Char 압: 0.011003722926256718 %
[507] Char 값: 0.011003722926256718 %
[508] Char 극: 0.011003722926256718 %
[509] Char 봉: 0.011003722926256718 %
[510] Char 례: 0.011003722926256718 %
[511] Char 켈: 0.011003722926256718 %
[512] Char 욱: 0.011003722926256718 %
[513] Char 떻: 0.011003722926256718 %
[514] Char 논: 0.011003722926256718 %
[515] Char 컴: 0.011003722926256718 %
[516] Char 념: 0.011003722926256718 %
[517] Char 볼: 0.011003722926256718 %
[518] Char 폭: 0.011003722926256718 %
[519] Char 텔: 0.011003722926256718 %
[520] Char 곤: 0.011003722926256718 %
[521] Char 엄: 0.011003722926256718 %
[522] Char 킬: 0.011003722926256718 %
[523] Char 줄: 0.011003722926256718 %
[524] Char 댄: 0.011003722926256718 %
[525] Char 힘: 0.011003722926256718 %
[526] Char 셰: 0.011003722926256718 %
[527] Char 턴: 0.011003722926256718 %
[528] Char 섯: 0.011003722926256718 %
[529] Char 젤: 0.011003722926256718 %
[530] Char 핀: 0.011003722926256718 %
[531] Char 침: 0.011003722926256718 %
[532] Char 렴: 0.011003722926256718 %
[533] Char 뀌: 0.011003722926256718 %
[534] Char 냈: 0.00916976910521393 %
[535] Char 빛: 0.00916976910521393 %
[536] Char 싸: 0.00916976910521393 %
[537] Char 덕: 0.00916976910521393 %
[538] Char 므: 0.00916976910521393 %
[539] Char 밑: 0.00916976910521393 %
[540] Char 벽: 0.00916976910521393 %
[541] Char 찍: 0.00916976910521393 %
[542] Char 즌: 0.00916976910521393 %
[543] Char 텍: 0.00916976910521393 %
[544] Char 짧: 0.00916976910521393 %
[545] Char 김: 0.00916976910521393 %
[546] Char 잭: 0.00916976910521393 %
[547] Char 겪: 0.00916976910521393 %
[548] Char 홀: 0.00916976910521393 %
[549] Char 둔: 0.00916976910521393 %
[550] Char 손: 0.00916976910521393 %
[551] Char 셀: 0.00916976910521393 %
[552] Char 센: 0.00916976910521393 %
[553] Char 롤: 0.00916976910521393 %
[554] Char 앙: 0.00916976910521393 %
[555] Char 램: 0.00916976910521393 %
[556] Char 콜: 0.00916976910521393 %
[557] Char 츠: 0.00916976910521393 %
[558] Char 웬: 0.00916976910521393 %
[559] Char 뒀: 0.00916976910521393 %
[560] Char 골: 0.00916976910521393 %
[561] Char 혐: 0.00916976910521393 %
[562] Char 풍: 0.007335815284171144 %
[563] Char 끔: 0.007335815284171144 %
[564] Char 픈: 0.007335815284171144 %
[565] Char 눌: 0.007335815284171144 %
[566] Char 즉: 0.007335815284171144 %
[567] Char 겹: 0.007335815284171144 %
[568] Char 놓: 0.007335815284171144 %
[569] Char 농: 0.007335815284171144 %
[570] Char 뻣: 0.007335815284171144 %
[571] Char 팀: 0.007335815284171144 %
[572] Char 득: 0.007335815284171144 %
[573] Char 퓨: 0.007335815284171144 %
[574] Char 훈: 0.007335815284171144 %
[575] Char 랍: 0.007335815284171144 %
[576] Char 꼬: 0.007335815284171144 %
[577] Char 킴: 0.007335815284171144 %
[578] Char 윌: 0.007335815284171144 %
[579] Char 궁: 0.007335815284171144 %
[580] Char 풀: 0.007335815284171144 %
[581] Char 답: 0.007335815284171144 %
[582] Char 맥: 0.007335815284171144 %
[583] Char 룹: 0.007335815284171144 %
[584] Char 킹: 0.007335815284171144 %
[585] Char 뒤: 0.007335815284171144 %
[586] Char 홍: 0.007335815284171144 %
[587] Char 셸: 0.007335815284171144 %
[588] Char 숙: 0.007335815284171144 %
[589] Char 멤: 0.007335815284171144 %
[590] Char 휴: 0.007335815284171144 %
[591] Char 뽑: 0.007335815284171144 %
[592] Char 귀: 0.007335815284171144 %
[593] Char 랫: 0.007335815284171144 %
[594] Char 뷰: 0.007335815284171144 %
[595] Char 롭: 0.007335815284171144 %
[596] Char 령: 0.007335815284171144 %
[597] Char 덮: 0.005501861463128359 %
[598] Char 촉: 0.005501861463128359 %
[599] Char 몬: 0.005501861463128359 %
[600] Char 률: 0.005501861463128359 %
[601] Char 눈: 0.005501861463128359 %
[602] Char 섞: 0.005501861463128359 %
[603] Char 쉬: 0.005501861463128359 %
[604] Char 짜: 0.005501861463128359 %
[605] Char 촬: 0.005501861463128359 %
[606] Char 끊: 0.005501861463128359 %
[607] Char 곽: 0.005501861463128359 %
[608] Char 낼: 0.005501861463128359 %
[609] Char 뭉: 0.005501861463128359 %
[610] Char 멋: 0.005501861463128359 %
[611] Char 됐: 0.005501861463128359 %
[612] Char 팬: 0.005501861463128359 %
[613] Char 멸: 0.005501861463128359 %
[614] Char 맺: 0.005501861463128359 %
[615] Char 춘: 0.005501861463128359 %
[616] Char 퐁: 0.005501861463128359 %
[617] Char 탕: 0.005501861463128359 %
[618] Char 쌓: 0.005501861463128359 %
[619] Char 솜: 0.005501861463128359 %
[620] Char 먹: 0.005501861463128359 %
[621] Char 낭: 0.005501861463128359 %
[622] Char 쌍: 0.005501861463128359 %
[623] Char 닉: 0.005501861463128359 %
[624] Char 쇼: 0.005501861463128359 %
[625] Char 욕: 0.005501861463128359 %
[626] Char 펜: 0.005501861463128359 %
[627] Char 엣: 0.005501861463128359 %
[628] Char 쉽: 0.005501861463128359 %
[629] Char 왈: 0.005501861463128359 %
[630] Char 샤: 0.005501861463128359 %
[631] Char 줬: 0.005501861463128359 %
[632] Char 벤: 0.005501861463128359 %
[633] Char 랩: 0.005501861463128359 %
[634] Char 콕: 0.005501861463128359 %
[635] Char 맡: 0.005501861463128359 %
[636] Char 믹: 0.005501861463128359 %
[637] Char 곧: 0.005501861463128359 %
[638] Char 칸: 0.005501861463128359 %
[639] Char 웰: 0.005501861463128359 %
[640] Char 덤: 0.005501861463128359 %
[641] Char 팅: 0.005501861463128359 %
[642] Char 헤: 0.005501861463128359 %
[643] Char 잃: 0.005501861463128359 %
[644] Char 땅: 0.005501861463128359 %
[645] Char 닛: 0.005501861463128359 %
[646] Char 렵: 0.005501861463128359 %
[647] Char 옅: 0.003667907642085572 %
[648] Char 숫: 0.003667907642085572 %
[649] Char 큼: 0.003667907642085572 %
[650] Char 랬: 0.003667907642085572 %
[651] Char 찌: 0.003667907642085572 %
[652] Char 섭: 0.003667907642085572 %
[653] Char 펙: 0.003667907642085572 %
[654] Char 얕: 0.003667907642085572 %
[655] Char 굉: 0.003667907642085572 %
[656] Char 깝: 0.003667907642085572 %
[657] Char 닥: 0.003667907642085572 %
[658] Char 덩: 0.003667907642085572 %
[659] Char 융: 0.003667907642085572 %
[660] Char 겼: 0.003667907642085572 %
[661] Char 붕: 0.003667907642085572 %
[662] Char 맨: 0.003667907642085572 %
[663] Char 십: 0.003667907642085572 %
[664] Char 렌: 0.003667907642085572 %
[665] Char 똑: 0.003667907642085572 %
[666] Char 룬: 0.003667907642085572 %
[667] Char 묶: 0.003667907642085572 %
[668] Char 춤: 0.003667907642085572 %
[669] Char 큘: 0.003667907642085572 %
[670] Char 탑: 0.003667907642085572 %
[671] Char 쳇: 0.003667907642085572 %
[672] Char 닐: 0.003667907642085572 %
[673] Char 꾸: 0.003667907642085572 %
[674] Char 삼: 0.003667907642085572 %
[675] Char 흐: 0.003667907642085572 %
[676] Char 좀: 0.003667907642085572 %
[677] Char 믿: 0.003667907642085572 %
[678] Char 셜: 0.003667907642085572 %
[679] Char 돕: 0.003667907642085572 %
[680] Char 첩: 0.003667907642085572 %
[681] Char 쥐: 0.003667907642085572 %
[682] Char 냄: 0.003667907642085572 %
[683] Char 샘: 0.003667907642085572 %
[684] Char 칩: 0.003667907642085572 %
[685] Char 뢰: 0.003667907642085572 %
[686] Char 칠: 0.003667907642085572 %
[687] Char 밍: 0.003667907642085572 %
[688] Char 뉜: 0.003667907642085572 %
[689] Char 릿: 0.003667907642085572 %
[690] Char 룩: 0.003667907642085572 %
[691] Char 폴: 0.003667907642085572 %
[692] Char 뿌: 0.003667907642085572 %
[693] Char 줌: 0.003667907642085572 %
[694] Char 웩: 0.003667907642085572 %
[695] Char 뮬: 0.003667907642085572 %
[696] Char 뀐: 0.003667907642085572 %
[697] Char 끌: 0.003667907642085572 %
[698] Char 몸: 0.003667907642085572 %
[699] Char 콰: 0.003667907642085572 %
[700] Char 첼: 0.003667907642085572 %
[701] Char 옛: 0.003667907642085572 %
[702] Char 넴: 0.003667907642085572 %
[703] Char 푸: 0.003667907642085572 %
[704] Char 낳: 0.003667907642085572 %
[705] Char 싶: 0.003667907642085572 %
[706] Char 힙: 0.003667907642085572 %
[707] Char 늦: 0.003667907642085572 %
[708] Char 닝: 0.003667907642085572 %
[709] Char 딕: 0.003667907642085572 %
[710] Char 탠: 0.003667907642085572 %
[711] Char 객: 0.003667907642085572 %
[712] Char 맷: 0.003667907642085572 %
[713] Char 겠: 0.003667907642085572 %
[714] Char 쉘: 0.003667907642085572 %
[715] Char 앞: 0.003667907642085572 %
[716] Char 딸: 0.003667907642085572 %
[717] Char 젠: 0.003667907642085572 %
[718] Char 캘: 0.003667907642085572 %
[719] Char 혁: 0.003667907642085572 %
[720] Char 틈: 0.003667907642085572 %
[721] Char 덧: 0.003667907642085572 %
[722] Char 털: 0.003667907642085572 %
[723] Char 님: 0.003667907642085572 %
[724] Char 셔: 0.003667907642085572 %
[725] Char 랄: 0.003667907642085572 %
[726] Char 쿨: 0.003667907642085572 %
[727] Char 튀: 0.003667907642085572 %
[728] Char 왼: 0.003667907642085572 %
[729] Char 팽: 0.003667907642085572 %
[730] Char 띠: 0.003667907642085572 %
[731] Char 희: 0.003667907642085572 %
[732] Char 옥: 0.003667907642085572 %
[733] Char 콩: 0.003667907642085572 %
[734] Char 빚: 0.001833953821042786 %
[735] Char 둡: 0.001833953821042786 %
[736] Char 눴: 0.001833953821042786 %
[737] Char 깥: 0.001833953821042786 %
[738] Char 띄: 0.001833953821042786 %
[739] Char 슘: 0.001833953821042786 %
[740] Char 뻗: 0.001833953821042786 %
[741] Char 뚫: 0.001833953821042786 %
[742] Char 꺼: 0.001833953821042786 %
[743] Char 젊: 0.001833953821042786 %
[744] Char 묵: 0.001833953821042786 %
[745] Char 돔: 0.001833953821042786 %
[746] Char 듬: 0.001833953821042786 %
[747] Char 혜: 0.001833953821042786 %
[748] Char 듯: 0.001833953821042786 %
[749] Char 쪼: 0.001833953821042786 %
[750] Char 깔: 0.001833953821042786 %
[751] Char 댓: 0.001833953821042786 %
[752] Char 궈: 0.001833953821042786 %
[753] Char 냉: 0.001833953821042786 %
[754] Char 웃: 0.001833953821042786 %
[755] Char 볍: 0.001833953821042786 %
[756] Char 괄: 0.001833953821042786 %
[757] Char 룰: 0.001833953821042786 %
[758] Char 뷘: 0.001833953821042786 %
[759] Char 춰: 0.001833953821042786 %
[760] Char 흥: 0.001833953821042786 %
[761] Char 싼: 0.001833953821042786 %
[762] Char 뉠: 0.001833953821042786 %
[763] Char 훅: 0.001833953821042786 %
[764] Char 얀: 0.001833953821042786 %
[765] Char 밤: 0.001833953821042786 %
[766] Char 멜: 0.001833953821042786 %
[767] Char 렛: 0.001833953821042786 %
[768] Char 뭇: 0.001833953821042786 %
[769] Char 삽: 0.001833953821042786 %
[770] Char 쁜: 0.001833953821042786 %
[771] Char 낡: 0.001833953821042786 %
[772] Char 척: 0.001833953821042786 %
[773] Char 삭: 0.001833953821042786 %
[774] Char 탤: 0.001833953821042786 %
[775] Char 놀: 0.001833953821042786 %
[776] Char 쐐: 0.001833953821042786 %
[777] Char 핼: 0.001833953821042786 %
[778] Char 맹: 0.001833953821042786 %
[779] Char 딜: 0.001833953821042786 %
[780] Char 낙: 0.001833953821042786 %
[781] Char 옹: 0.001833953821042786 %
[782] Char 밸: 0.001833953821042786 %
[783] Char 곱: 0.001833953821042786 %
[784] Char 돼: 0.001833953821042786 %
[785] Char 픔: 0.001833953821042786 %
[786] Char 랠: 0.001833953821042786 %
[787] Char 딴: 0.001833953821042786 %
[788] Char 꾼: 0.001833953821042786 %
[789] Char 붐: 0.001833953821042786 %
[790] Char 쾌: 0.001833953821042786 %
[791] Char 핑: 0.001833953821042786 %
[792] Char 훨: 0.001833953821042786 %
[793] Char 씬: 0.001833953821042786 %
[794] Char 콧: 0.001833953821042786 %
[795] Char 슛: 0.001833953821042786 %
[796] Char 뒷: 0.001833953821042786 %
[797] Char 엑: 0.001833953821042786 %
[798] Char 섹: 0.001833953821042786 %
[799] Char 흉: 0.001833953821042786 %
[800] Char 셉: 0.001833953821042786 %
[801] Char 꿨: 0.001833953821042786 %
[802] Char 쥬: 0.001833953821042786 %
[803] Char 엇: 0.001833953821042786 %
[804] Char 넬: 0.001833953821042786 %
[805] Char 밭: 0.001833953821042786 %
[806] Char 긍: 0.001833953821042786 %
[807] Char 웠: 0.001833953821042786 %
[808] Char 맬: 0.001833953821042786 %
[809] Char 꼽: 0.001833953821042786 %
[810] Char 힌: 0.001833953821042786 %
[811] Char 힐: 0.001833953821042786 %
[812] Char 홉: 0.001833953821042786 %
[813] Char 밴: 0.001833953821042786 %
[814] Char 큐: 0.001833953821042786 %
[815] Char 겟: 0.001833953821042786 %
[816] Char 펼: 0.001833953821042786 %
[817] Char 딘: 0.001833953821042786 %
[818] Char 맛: 0.001833953821042786 %
[819] Char 봤: 0.001833953821042786 %
[820] Char 넣: 0.001833953821042786 %
[821] Char 끄: 0.001833953821042786 %
[822] Char 봇: 0.001833953821042786 %
[823] Char 턱: 0.001833953821042786 %
[824] Char 덟: 0.001833953821042786 %
[825] Char 캠: 0.001833953821042786 %
[826] Char 갠: 0.001833953821042786 %
[827] Char 뎃: 0.001833953821042786 %
[828] Char 썼: 0.001833953821042786 %
[829] Char 욜: 0.001833953821042786 %
[830] Char 빨: 0.001833953821042786 %
[831] Char 컷: 0.001833953821042786 %
[832] Char 핏: 0.001833953821042786 %
[833] Char 잠: 0.001833953821042786 %
[834] Char 뽐: 0.001833953821042786 %
[835] Char 쁘: 0.001833953821042786 %
[836] Char 럴: 0.001833953821042786 %
[837] Char 롬: 0.001833953821042786 %
[838] Char 옆: 0.001833953821042786 %
[839] Char 졸: 0.001833953821042786 %
[840] Char 캡: 0.001833953821042786 %
[841] Char 숀: 0.001833953821042786 %
[842] Char 렙: 0.001833953821042786 %
[843] Char 좁: 0.001833953821042786 %
[844] Char 듈: 0.001833953821042786 %
[845] Char 횟: 0.001833953821042786 %
[846] Char 덱: 0.001833953821042786 %
[847] Char 툼: 0.001833953821042786 %
[848] Char 깃: 0.001833953821042786 %
[849] Char 옷: 0.001833953821042786 %
[850] Char 딪: 0.001833953821042786 %
[851] Char 뜸: 0.001833953821042786 %
[852] Char 줘: 0.001833953821042786 %
[853] Char 탁: 0.001833953821042786 %
[854] Char 죽: 0.001833953821042786 %
[855] Char 닦: 0.001833953821042786 %
[856] Char 샀: 0.001833953821042786 %
[857] Char 숭: 0.001833953821042786 %
[858] Char 츄: 0.001833953821042786 %
[859] Char 첸: 0.001833953821042786 %
[860] Char 뇰: 0.001833953821042786 %
[861] Char 쫓: 0.001833953821042786 %
[862] Char 웅: 0.001833953821042786 %
[863] Char 퀴: 0.001833953821042786 %
[864] Char 엮: 0.001833953821042786 %
[865] Char 옮: 0.001833953821042786 %
[866] Char 꿀: 0.001833953821042786 %
[867] Char 헨: 0.001833953821042786 %
[868] Char 닿: 0.001833953821042786 %
[869] Char 잼: 0.001833953821042786 %
[870] Char 셈: 0.001833953821042786 %
[871] Char 땀: 0.001833953821042786 %
[872] Char 꼴: 0.001833953821042786 %
[873] Char 됨: 0.001833953821042786 %
[874] Char 캔: 0.001833953821042786 %
[875] Char 냐: 0.001833953821042786 %
[876] Char 굳: 0.001833953821042786 %
[877] Char 껏: 0.001833953821042786 %
[878] Char 짓: 0.001833953821042786 %
[879] Char 짝: 0.001833953821042786 %
[880] Char 낱: 0.001833953821042786 %
[881] Char 씩: 0.001833953821042786 %
[882] Char 뚜: 0.001833953821042786 %
[883] Char 렷: 0.001833953821042786 %
[884] Char 숨: 0.001833953821042786 %
[885] Char 략: 0.001833953821042786 %
[886] Char 윤: 0.001833953821042786 %
[887] Char 흑: 0.001833953821042786 %
[888] Char 묘: 0.001833953821042786 %
[889] Char 엉: 0.001833953821042786 %

The first 890 characters have an accumulated ratio of 1.0000000000000027.
The first 30 characters have an accumulated ratio of 0.4058539805967686.
All characters whose order is over 420 have an accumulated ratio of 0.030021824050470308.

7840 sequences found.

First 7659 (typical positive ratio): 0.9950223992035838
Next 144 (7803-7659): 0.003982080637132901
Rest: 0.0009955201592832807

- Processing end: 2023-06-19 21:37:34.484861
