= Logs of language model for Macedonian (mk) =

- Generated by BuildLangModel.py
- Started: 2023-06-20 07:28:20.365644
- Maximum depth: 4
- Max number of characters: 3000000

== Parsed pages ==

Хелсинки (revision 4901169)
Phonetics (revision 4889852)
Linguistics (revision 4830261)
Alphabet (revision 4991142)
Language (revision 4804614)
Pratchett (revision 4897852)
Satire (revision 3865826)
Grammar (revision 4909595)
History (revision 4533661)
Folklore (revision 4179478)
Biology (revision 4946080)
Flower (revision 4985496)
Plant (revision 4946320)
Animal (revision 4985482)
Human (revision 4878577)
computer (revision 4815511)
Technology (revision 4942761)
Communication (revision 4798614)
Writing (revision 4587185)
Video Game (revision 4839440)
Music (revision 4786947)
Glass (revision 4874631)
Bread (revision 4930556)
Food (revision 4991996)
Politics (revision 4945086)
Earth (revision 4587520)
Ocean (revision 4897854)
Amazon (revision 4766954)
Chaplin (revision 4890701)
Aguilera (revision 4908299)
Streptococcus (revision 4917424)
Virus (revision 4696557)
Bacteria (revision 4946096)
Bird (revision 4747026)
Submarine (revision 4947511)
Steel (revision 4838956)
Chemistry (revision 4742552)
Military (revision 4807325)
Weather (revision 3111973)
Scholar (revision 4839405)
Supernova (revision 4982891)
Olympiad (revision 4826138)
Nanchang (revision 4991700)
Erkan Mustafa (revision 4939925)
Margaret Cuthbert (revision 4991847)
Song Xiaoming (revision 4992646)
S.W.A.T. (2017 TV series, season 2) (revision 4947249)
Charles Caesar (revision 4980669)
Ичиро Мизуки (revision 4918860)
Рами Малек (revision 4733037)
Г-дин Робот (revision 4986204)
Маријан Илич (revision 4372023)
Изгубени (1. сезона) (revision 4926497)
Florence and the Machine (revision 4805171)
Алан Парсонс (revision 4644097)
Самопаркирник (revision 4254809)
Activision (revision 4912070)
Робот (revision 4992252)
Арнолд Зомерфелд (revision 4991404)
Електронско писмо (revision 4898916)
Но (театар) (revision 4898923)
Концентрационен логор Бухенвалд (revision 4991450)
Роберт Шејн (revision 4954490)

== End of Parsed pages ==

- Number of pages processed: 89
- Number of characters consumed: 541607

- Wikipedia parsing ended at: 2023-06-20 07:30:42.429242

60 characters appeared 541607 times.

Most Frequent characters:
[ 0] Char а: 11.727507214640873 %
[ 1] Char и: 9.526280125626146 %
[ 2] Char о: 9.47772093049019 %
[ 3] Char е: 7.584650863079687 %
[ 4] Char н: 6.741050244919286 %
[ 5] Char т: 6.564907765224601 %
[ 6] Char р: 4.785573303151547 %
[ 7] Char с: 4.359803326027913 %
[ 8] Char в: 3.8561170738192083 %
[ 9] Char к: 3.681451679908125 %
[10] Char д: 3.2174621081337578 %
[11] Char л: 3.1094502102077706 %
[12] Char п: 2.5040296746533923 %
[13] Char м: 2.1059550559723195 %
[14] Char у: 1.9600928348414994 %
[15] Char з: 1.6547053490815298 %
[16] Char г: 1.4787475051097936 %
[17] Char ј: 1.406001030267334 %
[18] Char б: 1.2420445082873746 %
[19] Char e: 0.9401651012634623 %
[20] Char ч: 0.8727730623865645 %
[21] Char a: 0.7592220927720653 %
[22] Char ц: 0.7173097836623235 %
[23] Char i: 0.6931225039558204 %
[24] Char n: 0.6526872806296817 %
[25] Char o: 0.6502870162313265 %
[26] Char ш: 0.6331158939969387 %
[27] Char t: 0.6152062288707494 %
[28] Char r: 0.5788329914495196 %
[29] Char s: 0.5734785554839579 %
[30] Char ж: 0.5712629268085531 %
[31] Char ф: 0.5025784378710024 %
[32] Char њ: 0.39124309693190823 %
[33] Char c: 0.37019462451556207 %
[34] Char l: 0.3696407173467108 %
[35] Char h: 0.3351138371549851 %
[36] Char d: 0.3136960932927381 %
[37] Char х: 0.2996637783485073 %
[38] Char m: 0.2874778206337806 %
[39] Char u: 0.27104524129119456 %
[40] Char b: 0.20143757373889187 %
[41] Char p: 0.19996048795528862 %
[42] Char g: 0.18555890156515703 %
[43] Char ќ: 0.16192552902750518 %
[44] Char f: 0.14697003546852236 %
[45] Char y: 0.12278275576201932 %
[46] Char k: 0.11632050545875515 %
[47] Char w: 0.11576659828990393 %
[48] Char v: 0.09933401894731787 %
[49] Char ѓ: 0.0960105759342106 %
[50] Char џ: 0.04671283790645246 %
[51] Char x: 0.03729641603598181 %
[52] Char j: 0.03655787314418019 %
[53] Char z: 0.02751072271961034 %
[54] Char ѕ: 0.009416421870470655 %
[55] Char q: 0.00812397180981782 %
[56] Char љ: 0.006092978857363365 %

The first 57 characters have an accumulated ratio of 0.9999944609283113.
The first 5 characters have an accumulated ratio of 0.4505720937875619.
All characters whose order is over 34 have an accumulated ratio of 0.031247749752126543.

1154 sequences found.

First 708 (typical positive ratio): 0.995000396075458
Next 182 (890-708): 0.004008283635293819
Rest: 0.0009913202892481987

- Processing end: 2023-06-20 07:30:42.683301
