= Logs of language model for Vietnamese (vi) =

- Generated by BuildLangModel.py
- Started: 2023-06-20 09:36:51.088933
- Maximum depth: 4
- Max number of characters: 3000000

== Parsed pages ==

Chữ_Quốc_ngữ (revision 70287844)
Phonetics (revision 69934948)
Linguistics (revision 69986279)
Language (revision 69986279)
Pratchett (revision 67522301)
Grammar (revision 69113131)
History (revision 69731689)
Folklore (revision 70344009)
Biology (revision 70087430)
Plant (revision 69491908)
Animal (revision 68008006)
Human (revision 68440718)
computer (revision 69424575)
Robot (revision 69832496)
Technology (revision 69929468)
Communication (revision 70286935)
Writing (revision 70091425)
Video Game (revision 70359151)
Music (revision 70353115)
Glass (revision 68295890)
Bread (revision 67096113)
Food (revision 69454164)
Earth (revision 70357283)
Ocean (revision 69991118)
Amazon (revision 69991411)
Chaplin (revision 70050140)
Aguilera (revision 70121319)
Morse Code (revision 69919247)
Streptococcus (revision 69506819)
Virus (revision 70096037)
Bacteria (revision 67805012)
Bird (revision 70046740)
Submarine (revision 69970523)
Steel (revision 69864330)
Chemistry (revision 69953524)
Military (revision 69081772)
Weather (revision 69772314)
Scholar (revision 69926225)
Supernova (revision 70057932)
Olympiad (revision 65792474)
Paychi (revision 69296191)
Kwon Eun-bi (revision 70128185)
Veterans Highway (revision 69942160)
Moscow gold (Spain) (revision 69740394)
Lynn Taylor (revision 70345013)
Bolina (revision 70113968)
Drøbak (revision 62782427)
Harry Tanfield (revision 69089149)
Peter S. Carmichael (revision 70043386)
Alan M. Lovelace (revision 68703120)
Alphabet Inc. (revision 69691071)
Google (revision 69965746)
Bảng chữ cái tiếng Anh (revision 70051649)
Sundar Pichai (revision 69909276)
Bảng chữ cái (revision 70091425)
A (revision 69586069)
Bảng chữ cái Hy Lạp (revision 70090967)
Larry Page (revision 69577145)
Công ty công nghệ (revision 69895162)
Bánh mì và rạp xiếc (revision 69312691)
Vladimir Vladimirovich Putin (revision 70358268)
Cơ nhị đầu cánh tay (revision 68406806)
Kim Jong-un (revision 70340871)
Trại súc vật (revision 69991374)
Chiêm tinh học (revision 70079675)
Jojo Rabbit (revision 69920345)
Chương trình truyền hình (revision 70333338)
Sprezzatura (revision 70092673)
Cthulhu (revision 69550745)
Hoa vương (revision 70355147)
Flower (bài hát của Jisoo) (revision 69977706)
Seventeen (nhóm nhạc) (revision 70343928)
Yoon Shi-yoon (revision 70165108)
Han So-hee (revision 69987201)
Danh sách quốc hoa (revision 70081117)
Jo Bo-ah (revision 69648373)
Hoa (revision 70073834)
Go Kyung-pyo (revision 69669180)
Flower (phim) (revision 70343927)
Flower (nhóm nhạc Nhật Bản) (revision 70343928)
Flower (bài hát của GFriend) (revision 66189032)
Flowers (revision 69809151)
Tất cả các trang có tựa đề chứa "flower" (revision 69542572)
Tất cả các trang có tựa đề chứa "flowers" (revision 69955052)
Quả bóng vàng châu Âu (revision 69958269)
Chính trị (revision 69955917)
Trung Quốc (revision 70095308)
Chiến tranh thế giới thứ hai (revision 70092098)
LGBT (revision 70353268)
Thành phố Hồ Chí Minh (revision 70045504)
Hoa Kỳ (revision 70355350)
Học viện Chính trị Quốc gia Hồ Chí Minh (revision 70358109)
Tiếng Anh (revision 69986279)
Ấn Độ (revision 70048020)
Bảo tàng Nghệ thuật Hiện đại (revision 69899573)
Emma Stone (revision 69537855)
Giải bi đá trên băng vô địch châu Âu (revision 68681070)
Giải Grammy lần thứ 52 (revision 69502149)
Zoran Milanović (revision 69793951)
Romeo và Juliet (revision 70091880)
Albert Einstein (revision 70083287)
Danh sách Quận trưởng Thành phố Luân Đôn (revision 70114399)
Huân chương Mặt trời mọc (revision 70355060)
Danh sách Kitô hữu đoạt giải Nobel (revision 69519597)
Lịch sử Úc (revision 69584015)
Giải Oscar cho nam diễn viên phụ xuất sắc nhất (revision 69771440)
Số nguyên tố (revision 69733966)
Khủng long (revision 70088548)
Người Do Thái (revision 69956431)
Nga (revision 70040666)
Thuyết sử dụng và hài lòng (revision 65353123)
The Walking Dead (phim truyền hình) (revision 70359003)
Trại tập trung Auschwitz (revision 70099239)
Định lý Pythagoras (revision 70341107)
Loài (revision 69671367)
Não người (revision 70101921)
Nhóm ngôn ngữ Kuki-Chin (revision 69390125)
Mose Allison (revision 68251858)
Bruce Willis (revision 69951180)
Michael Jackson (revision 70027839)
Stevie Ray Vaughan (revision 69516622)
Danh sách buổi biểu diễn trực tiếp của BTS (revision 69610850)
Céline Dion (revision 70341564)
Valerian và thành phố ngàn hành tinh (revision 69812926)
Ozzy Osbourne (revision 69689350)
Christopher Nolan (revision 70352252)
René Higuita (revision 69936392)
Danh sách bộ phim Costa Rica nổi tiếng (revision 69626097)
Marcelo Bielsa (revision 69993466)
María Rosa Gallo (revision 68430122)
Maribel Guardia (revision 69946942)
Ikhwani (revision 65442721)
Alexandra Vela (revision 68915846)
Lucas Vázquez (revision 69956466)
ZZ Top (revision 66302542)
Đội tuyển bóng đá quốc gia Peru (revision 69453619)
Giải cầu lông Việt Nam mở rộng (revision 64830752)
Adam Levine (revision 69504285)
Danh sách bài hát quán quân Hot 100 (Việt Nam) (revision 70342270)
Selena Gomez (revision 69970424)
Paul McCartney (revision 69948550)
Danh sách bài thi trong Dancing with the Stars (Hoa Kỳ - mùa 12) (revision 69624359)
Giải Grammy lần thứ 62 (revision 68026213)
Danh sách nghệ sĩ được vinh danh tại Đại sảnh Danh vọng Rock and Roll (revision 70096545)
Magnoliophyta (revision 70042789)
Hoa ngữ (revision 70094610)
Họ Hoa (revision 69565596)
Họ Hóa (revision 67810867)
Hoa (huyện) (revision 67918398)
Trò chơi điện tử Hoa (revision 70348258)
Tất cả các trang có tựa đề chứa "hoa" (revision 69979749)
Đài Loan (revision 70042934)
Khu du lịch Thiên Sơn – Suối Ngà (revision 68904252)
Núi Cậu (revision 68710704)
Hướng đạo Việt Nam (revision 70357395)
Hướng đạo (revision 69497520)
Độ kiềm của nước (revision 69262158)
Bảo Lộc (revision 70058714)
Các đơn vị Hướng đạo Việt Nam hiện nay (revision 69776648)
Hoa hướng dương (loạt tranh của Van Gogh) (revision 68465543)
Lưu Cơ (nhà Đinh) (revision 69748691)
Hoàng đạo (revision 69550026)
Hướng Hoa Cường (revision 70357387)
Hoàng Hoa (revision 64067623)
Ngọc Quỳnh (revision 70111486)
Mạnh Quỳnh (revision 70031951)
Quỳnh Hoa, Quỳnh Lưu (revision 68937322)
Phạm Quỳnh Anh (revision 69918187)

== End of Parsed pages ==

- Number of pages processed: 209
- Number of characters consumed: 3000458

- Wikipedia parsing ended at: 2023-06-20 09:45:48.596933

107 characters appeared 3000458 times.

Most Frequent characters:
[ 0] Char n: 11.47388165406748 %
[ 1] Char h: 8.492636790783274 %
[ 2] Char t: 6.914611036048497 %
[ 3] Char c: 6.10886737958005 %
[ 4] Char i: 5.966155833542746 %
[ 5] Char g: 5.12491759591369 %
[ 6] Char a: 4.0141871674257725 %
[ 7] Char o: 3.0209054750974684 %
[ 8] Char u: 2.8290014391136284 %
[ 9] Char m: 2.6013695242526307 %
[10] Char r: 2.5511105304590167 %
[11] Char đ: 2.260054964942019 %
[12] Char l: 2.256922109891223 %
[13] Char à: 2.088914425731005 %
[14] Char v: 1.9174739323130001 %
[15] Char s: 1.8994766798935363 %
[16] Char e: 1.6624461998801516 %
[17] Char p: 1.5446641812683264 %
[18] Char b: 1.4589772628045452 %
[19] Char á: 1.4178502082015478 %
[20] Char ư: 1.3678578403697037 %
[21] Char y: 1.2980018383860066 %
[22] Char k: 1.229578950946822 %
[23] Char d: 1.201816522677538 %
[24] Char ế: 0.8361723443554283 %
[25] Char ạ: 0.8204414126110081 %
[26] Char ộ: 0.7845135642625225 %
[27] Char ê: 0.692227653244938 %
[28] Char ố: 0.6594326599472481 %
[29] Char ô: 0.6411021250755717 %
[30] Char ủ: 0.628937315569823 %
[31] Char ả: 0.6275375292705314 %
[32] Char ệ: 0.6206052542645156 %
[33] Char ớ: 0.6097069180771736 %
[34] Char ó: 0.5913763832054973 %
[35] Char â: 0.5300857402436562 %
[36] Char ấ: 0.5079224571715385 %
[37] Char ợ: 0.47206126531349546 %
[38] Char q: 0.47166132637084074 %
[39] Char ờ: 0.4605296924669501 %
[40] Char ề: 0.44059940182465474 %
[41] Char ă: 0.42970106563731275 %
[42] Char ậ: 0.4028051717437805 %
[43] Char ể: 0.3913402553876775 %
[44] Char í: 0.3744761633057353 %
[45] Char ầ: 0.3616781171407832 %
[46] Char ị: 0.35664555211237753 %
[47] Char ự: 0.35634559790538645 %
[48] Char ơ: 0.3502798572751227 %
[49] Char ữ: 0.3360820248108789 %
[50] Char x: 0.3306828490850397 %
[51] Char ở: 0.32308400917459934 %
[52] Char ì: 0.3138187570030975 %
[53] Char ã: 0.2992543138414202 %
[54] Char ứ: 0.29828779473000455 %
[55] Char ọ: 0.26399303039735933 %
[56] Char ụ: 0.24079657172338353 %
[57] Char w: 0.22566554839294536 %
[58] Char ổ: 0.21690021989976196 %
[59] Char f: 0.20200249428587233 %
[60] Char ú: 0.20160255534321764 %
[61] Char ồ: 0.19783646363321863 %
[62] Char ừ: 0.19327049403791022 %
[63] Char ắ: 0.17284027971729649 %
[64] Char ù: 0.15760927165119457 %
[65] Char ặ: 0.14504452320279104 %
[66] Char ò: 0.14461125601491506 %
[67] Char ằ: 0.1379122787254479 %
[68] Char ử: 0.13597924050261662 %
[69] Char j: 0.11571566740810903 %
[70] Char ĩ: 0.10954994204218156 %
[71] Char ũ: 0.1083501252142173 %
[72] Char ý: 0.09121940717050529 %
[73] Char ễ: 0.08665343757519686 %
[74] Char ỉ: 0.08542029250201136 %
[75] Char ỏ: 0.07988780379528726 %
[76] Char ỳ: 0.07392204790068717 %
[77] Char z: 0.07248893335617429 %
[78] Char ỹ: 0.0688894828722815 %
[79] Char é: 0.0623571468089205 %
[80] Char ẫ: 0.06202386435670821 %
[81] Char ẩ: 0.06019081086954058 %
[82] Char ỷ: 0.046659543309721385 %
[83] Char ẽ: 0.04449320737034146 %
[84] Char ỗ: 0.04316007756149228 %
[85] Char ẻ: 0.028628962645036192 %
[86] Char ẳ: 0.02419630603061266 %
[87] Char ẹ: 0.018563832588224864 %
[88] Char ỡ: 0.01729735926981814 %
[89] Char õ: 0.016230855422738794 %
[90] Char è: 0.013364626333713055 %
[91] Char ẵ: 0.0037660917099989403 %
[92] Char ü: 0.0019330382228313144 %
[93] Char æ: 0.0017997252419463964 %
[94] Char ö: 0.0017997252419463964 %
[95] Char ỵ: 0.0014997710349553303 %

The first 96 characters have an accumulated ratio of 0.9999720042740143.
The first 6 characters have an accumulated ratio of 0.4408107028993574.
All characters whose order is over 58 have an accumulated ratio of 0.030287709409696783.

2056 sequences found.

First 1136 (typical positive ratio): 0.9950123996900424
Next 311 (1447-1136): 0.003989987833656117
Rest: 0.0009976124763014793

- Processing end: 2023-06-20 09:45:53.537024
