= Logs of language model for Lithuanian (lt) =

- Generated by BuildLangModel.py
- Started: 2023-06-20 07:19:47.156315
- Maximum depth: 4
- Max number of characters: 3000000

== Parsed pages ==

Karūna (laivas) (revision 6906744)
Phonetics (revision 6885439)
Linguistics (revision 5206084)
Alphabet (revision 6462079)
Language (revision 6698058)
Pratchett (revision 6728259)
Satire (revision 4555008)
Grammar (revision 6952344)
History (revision 6453316)
Folklore (revision 6653141)
Biology (revision 6971653)
Flower (revision 6880052)
Plant (revision 6779146)
Animal (revision 6951162)
Human (revision 6952321)
computer (revision 6925666)
Robot (revision 6647822)
Technology (revision 5432812)
Communication (revision 4594685)
Writing (revision 6405528)
Video Game (revision 6634315)
Music (revision 6573389)
Glass (revision 6069064)
Food (revision 6820449)
Earth (revision 6450904)
Ocean (revision 6832880)
Amazon (revision 6462080)
Chaplin (revision 6916524)
Aguilera (revision 6360900)
Morse Code (revision 6926915)
Streptococcus (revision 6782655)
Virus (revision 5337553)
Bacteria (revision 6938325)
Bird (revision 6109203)
Submarine (revision 6787668)
Steel (revision 6717478)
Chemistry (revision 6757163)
Military (revision 6728108)
Weather (revision 6676556)
Scholar (revision 5061169)
Supernova (revision 6276327)
Olympiad (revision 6958884)
Miss Arizona USA (revision 6878173)
Steven Yeun (revision 6487318)
Keith Miles (revision 6895697)
MetaMaus (revision 5765072)
Nathaniel Levin (revision 6923514)
Duona (revision 6926554)
Lavašas (revision 6287943)
Glitimas (revision 6516422)
Desertas (revision 6795170)
Kiniški makaronai (revision 5580422)
Grand Theft Auto: London 1969 (revision 6176924)
Chačiapuris (revision 6914660)
Heinrich Böll (revision 6340166)
Bananinis alus (revision 6971436)
Kvietiniai miltai (revision 6711177)
Ballon d'Or (revision 6901169)
Gordon Brown (revision 6967169)
Pietų Korėjos prezidentas (revision 6850855)
Liberalizmas (revision 6476252)
Krikščioniškoji demokratija (revision 5828125)
Filippo Tommaso Marinetti (revision 6595229)
Socialinis konservatizmas (revision 6662878)
Recep Tayyip Erdoğan (revision 6982291)
Dešinė (politikoje) (revision 6879421)
Čekoslovakijos vyrų ledo ritulio rinktinė (revision 6054159)
Auļi (revision 6167388)
Skyforger (revision 6199486)
Faboideae (revision 6759230)
2021 m. (revision 6962910)
Strange House (revision 6782632)
Kazimieras Gaižutis (revision 4746631)
Creeperfest (revision 4596012)
Diamond Dogs (revision 6929942)
The Horrors (revision 6546577)
Lafcadio Hearn (revision 6768605)
Frank Sinatra (revision 6946137)
Bruce Sterling (revision 6343503)
Don Cheadle (revision 6812837)
Helen Mirren (revision 6345005)
Counter-Strike: Source (revision 5848395)
2006 m. (revision 6876778)
Marlene Dietrich (revision 6843470)
Brother (revision 6951599)
2022 m. Rusijos invazija į Ukrainą (revision 6973189)
Pokémon (revision 6823624)
Simpsonai (revision 6977474)
BTS (revision 6976008)

== End of Parsed pages ==

- Number of pages processed: 116
- Number of characters consumed: 353924

- Wikipedia parsing ended at: 2023-06-20 07:22:31.105347

52 characters appeared 353924 times.

Most Frequent characters:
[ 0] Char i: 12.523875182242517 %
[ 1] Char a: 10.88793074219324 %
[ 2] Char s: 7.788677795232875 %
[ 3] Char o: 6.8003300143533645 %
[ 4] Char e: 5.999593132989004 %
[ 5] Char r: 5.92528339417502 %
[ 6] Char t: 5.471796204834936 %
[ 7] Char n: 4.962647348018218 %
[ 8] Char u: 4.7727760762197535 %
[ 9] Char k: 3.768040596286208 %
[10] Char m: 3.609249443383325 %
[11] Char l: 3.509793062917463 %
[12] Char p: 3.1212915767226863 %
[13] Char d: 2.869825160203886 %
[14] Char j: 2.1750432296199183 %
[15] Char v: 2.0956476531684767 %
[16] Char g: 1.9549394785321144 %
[17] Char b: 1.6766311411489474 %
[18] Char ė: 1.4497462732111979 %
[19] Char y: 1.186977995275822 %
[20] Char ų: 1.1440309218928357 %
[21] Char š: 1.004735479933545 %
[22] Char c: 0.8176896734892237 %
[23] Char ž: 0.7080616177484431 %
[24] Char ą: 0.6829149760965632 %
[25] Char h: 0.5696138153953956 %
[26] Char f: 0.5184728924853923 %
[27] Char į: 0.4743956329607486 %
[28] Char z: 0.4226896169799166 %
[29] Char č: 0.33255727218272846 %
[30] Char ū: 0.31927758501825254 %
[31] Char w: 0.17122320046111594 %
[32] Char ę: 0.16924537471321527 %
[33] Char x: 0.06752862196403747 %
[34] Char é: 0.02062589708524994 %
[35] Char q: 0.008476396062431482 %

The first 36 characters have an accumulated ratio of 0.9998163447519804.
The first 5 characters have an accumulated ratio of 0.44000406867011.
All characters whose order is over 24 have an accumulated ratio of 0.03074106305308484.

906 sequences found.

First 561 (typical positive ratio): 0.9950173769399764
Next 153 (714-561): 0.003983406956831859
Rest: 0.000999216103191758

- Processing end: 2023-06-20 07:22:31.247380
