= Logs of language model for Thai (th) =

- Generated by BuildLangModel.py
- Started: 2023-06-20 08:18:18.144049
- Maximum depth: 4
- Max number of characters: 3000000

== Parsed pages ==

หน้าหลัก (revision 10647698)
Phonetics (revision 10545698)
Linguistics (revision 10186835)
Alphabet (revision 10759758)
Language (revision 8093241)
Pratchett (revision 6583126)
Satire (revision 5978175)
Grammar (revision 10665581)
History (revision 9924410)
Folklore (revision 8511549)
Biology (revision 10120327)
Plant (revision 10803127)
Animal (revision 10622967)
Human (revision 10272725)
computer (revision 10603826)
Robot (revision 10749658)
Technology (revision 10818339)
Communication (revision 10760087)
Writing (revision 10632032)
Video Game (revision 10806094)
Music (revision 10737659)
Glass (revision 10797350)
Bread (revision 10155461)
Food (revision 7692709)
Politics (revision 10136542)
Earth (revision 10793050)
Ocean (revision 10229575)
Chaplin (revision 10773594)
Aguilera (revision 10637399)
Morse Code (revision 10443487)
Streptococcus (revision 9262698)
Virus (revision 10487628)
Bacteria (revision 10669624)
Bird (revision 10396408)
Submarine (revision 10376386)
Steel (revision 9945283)
Chemistry (revision 10602761)
Military (revision 10706494)
Weather (revision 10470330)
Scholar (revision 9511789)
Supernova (revision 9459698)
The Last Enchantment (revision 10471034)
Bianca Jagger (revision 10660695)
Spain national team (revision 10417592)
Microcystin (revision 10686858)
Jay R. Benton (revision 10345386)
Sophie Ash (revision 10631734)
2008 African Women's Championship (revision 10779796)
Ms. Texas Senior America (revision 10628835)
ฟลาวเวอร์ (revision 10367835)
ศึกโค่นบัลลังก์วังทอง (revision 9666749)
อำนาจ/ราคะ ใครจะหยุดได้ (revision 10371665)
ฟลาวเวอร์ออฟสกอตแลนด์ (revision 8000892)
แมรี่ผจญแดนแม่มด (revision 7956582)
เอพริล, แอนด์อะเฟลาเออร์ (revision 10376917)
วงศ์ว่านแม่ยับ (revision 7834456)
พลังดอกไม้ (ภาพถ่าย) (revision 10796902)
คิเซคิ / นัมเบอร์วัน (revision 5619428)
ดอกไม้ (revision 10515140)
Flower (คุมิ โคดะ) (revision 10367835)
Flower (กวางน้อย แบมบี้) (revision 8846089)
แอมะซอน (บริษัท) (revision 10348985)
แม่น้ำแอมะซอน (revision 10698592)
เลขระบุมาตรฐานของอเมซอน (revision 7397976)
รีอูเนกรู (แอมะซอน) (revision 10362293)
คาเมนไรเดอร์อมาซอน (revision 10628137)
โลมาแม่น้ำแอมะซอน (revision 10072821)
ป่าดิบชื้นแอมะซอน (revision 10572436)
รัฐอามาโซนัช (revision 10516367)
มี, มายเซลฟแอนด์ไอ (revision 10370338)
ประเทศแอมะซอน (revision 10348985)
แอ่งแอมะซอน (revision 10572436)
แอมะซอน.คอม (revision 10348985)
คาเมนไรเดอร์แอมะซอน (revision 10628137)
คาเฟ่ อเมซอน (revision 10757971)
หมากรุกสากลโอลิมเปียด (revision 10369893)
กีฬาเรือใบในโอลิมปิกฤดูร้อน 1964 (revision 9919302)
ปรัชญาโอลิมปิกระหว่างประเทศ (revision 10435960)
กีฬาจักรยานในโอลิมปิกฤดูร้อน 2020 – รอบคัดเลือก (revision 8845405)
โอลิมปิกฤดูร้อน 1964 (revision 10812912)
วิทยาศาสตร์โอลิมปิกระหว่างประเทศ ระดับมัธยมศึกษาตอนต้น (revision 10449902)
กีฬาจักรยานในโอลิมปิกฤดูร้อน 2024 – รอบคัดเลือก (revision 10501939)
เคมีโอลิมปิกระหว่างประเทศ (revision 10590445)
ประเทศเซนต์คิตส์และเนวิสในโอลิมปิกฤดูร้อน 2012 (revision 6394534)
คณิตศาสตร์โอลิมปิกระหว่างประเทศ (revision 9890157)
เอฟเอคัพ (revision 10785889)
ปีเตอร์ วิธ (revision 10670987)
โกโล ตูเร (revision 9916067)
ปีเตอร์ ชิลตัน (revision 9721723)
เอฟเอคัพ ฤดูกาล 2014–15 (revision 10545926)
การแข่งขันระหว่างสโมสรฟุตบอลลิเวอร์พูลกับสโมสรฟุตบอลแมนเชสเตอร์ยูไนเต็ด (revision 10718668)
โจ โคล (revision 10407065)
เดวิด มอยส์ (revision 10795132)
สโมสรฟุตบอลเบอร์มิงแฮมซิตี (revision 10780421)
สโมสรฟุตบอลทอตนัมฮอตสเปอร์ (revision 10816309)
กลุ่มอาการขาดยาเบ็นโซไดอาเซพีน (revision 9711845)
พระเจ้าคนุตมหาราช (revision 10341070)
วัลเทอร์ แน็นสท์ (revision 10328207)
ซัลโฟนาไมด์ (revision 9641519)
จรวดวี-2 (revision 9631536)
เกเนอราลพลานอ็อสท์ (revision 9880993)
มิคาอิล โชโลคอฟ (revision 10406865)
เมลวิน แคลวิน (revision 10328259)
เทราเดิล ยุงเงอ (revision 9999019)
วิทยาศาสตร์เทียม (revision 10449891)
นักฟิสิกส์ (revision 10123684)
เครื่องบินดำดิ่งทิ้งระเบิด (revision 10234446)
ปลาปักเป้าแอมะซอน (revision 6614539)
แอมะซอนคินเดิล (revision 9711451)
มาสค์ไรเดอร์อมาซอนส์ (revision 10790868)
แมนนาทีแอมะซอน (revision 9884821)

== End of Parsed pages ==

- Number of pages processed: 137
- Number of characters consumed: 437039

- Wikipedia parsing ended at: 2023-06-20 08:21:54.798584

74 characters appeared 437039 times.

Most Frequent characters:
[ 0] Char า: 6.9549857106574 %
[ 1] Char น: 5.892380313885031 %
[ 2] Char ร: 5.387162244101785 %
[ 3] Char อ: 4.556115129313403 %
[ 4] Char ก: 4.48106461894705 %
[ 5] Char เ: 4.115193380911085 %
[ 6] Char ่: 3.998727802324278 %
[ 7] Char ง: 3.6685513192186514 %
[ 8] Char ม: 3.3978660943302543 %
[ 9] Char ั: 3.2312905713220106 %
[10] Char ี: 2.91255471479662 %
[11] Char ย: 2.743233441409119 %
[12] Char ล: 2.7292758769812306 %
[13] Char ้: 2.7208098133118552 %
[14] Char ว: 2.5327259123327663 %
[15] Char ท: 2.405048519697327 %
[16] Char ด: 2.3574555131235426 %
[17] Char ิ: 2.3091760689549443 %
[18] Char ส: 2.238015371625873 %
[19] Char ต: 2.168456362018035 %
[20] Char บ: 2.0320840931816155 %
[21] Char ะ: 1.8023563114504655 %
[22] Char ป: 1.76872086930457 %
[23] Char แ: 1.7311956141213942 %
[24] Char ค: 1.677882294257492 %
[25] Char ์: 1.5131372715020857 %
[26] Char ห: 1.4348833856932677 %
[27] Char จ: 1.3939259425360209 %
[28] Char ข: 1.2003505407984183 %
[29] Char ใ: 1.1911980395342292 %
[30] Char พ: 1.1628252856152426 %
[31] Char ช: 1.1552744720722865 %
[32] Char ื: 1.013639515008958 %
[33] Char ไ: 1.0019700758971166 %
[34] Char ุ: 0.8820723093362378 %
[35] Char ็: 0.876809621109329 %
[36] Char โ: 0.8605639313653931 %
[37] Char ู: 0.7825388580881798 %
[38] Char ซ: 0.6285480243181959 %
[39] Char ำ: 0.5926244568562531 %
[40] Char ึ: 0.5846160182500875 %
[41] Char ศ: 0.5601330773683812 %
[42] Char ษ: 0.45076068726131996 %
[43] Char ภ: 0.4361166852386172 %
[44] Char ถ: 0.37959998993224864 %
[45] Char ผ: 0.33749848411697814 %
[46] Char ณ: 0.26473609906667367 %
[47] Char ธ: 0.2530666599548324 %
[48] Char ญ: 0.24002434565336275 %
[49] Char ฟ: 0.22240578071979844 %
[50] Char ฤ: 0.1441518949109805 %
[51] Char ๆ: 0.11326220314434182 %
[52] Char ฮ: 0.09747413846361537 %
[53] Char ฐ: 0.09655888833719645 %
[54] Char ฉ: 0.059033633154020576 %
[55] Char ฏ: 0.055143820116740155 %
[56] Char ฒ: 0.049652319358226615 %
[57] Char ฎ: 0.04576250632094618 %
[58] Char ฝ: 0.037754067714780605 %
[59] Char ๊: 0.01464400202270278 %
[60] Char ฬ: 0.01441518949109805 %
[61] Char ฑ: 0.011898251643446007 %
[62] Char ฆ: 0.010067751390608162 %
[63] Char ฯ: 0.008008438606165583 %
[64] Char ํ: 0.0032033754424662334 %
[65] Char ๋: 0.0025169378476520405 %
[66] Char ฺ: 0.0018305002528378475 %
[67] Char ฌ: 0.0016016877212331167 %
[68] Char ๒: 0.00022881253160473094 %
[69] Char ๕: 0.00022881253160473094 %
[70] Char ๖: 0.00022881253160473094 %
[71] Char ๓: 0.00022881253160473094 %
[72] Char ๐: 0.00022881253160473094 %
[73] Char ฃ: 0.00022881253160473094 %

The first 74 characters have an accumulated ratio of 0.9999999999999998.
The first 9 characters have an accumulated ratio of 0.4245204661368893.
All characters whose order is over 41 have an accumulated ratio of 0.03352561213072518.

2243 sequences found.

First 1591 (typical positive ratio): 0.9950053539730792
Next 346 (1937-1591): 0.003998112335218629
Rest: 0.0009965336917021617

- Processing end: 2023-06-20 08:21:55.736030
