= Logs of language model for Swedish (sv) =

- Generated by BuildLangModel.py
- Started: 2023-06-20 08:11:35.125938
- Maximum depth: 4
- Max number of characters: 3000000

== Parsed pages ==

Kakapo (revision 51928292)
Phonetics (revision 51665018)
Linguistics (revision 50548091)
Alphabet (revision 51919362)
Language (revision 50017835)
Pratchett (revision 52590051)
Satire (revision 50362109)
Grammar (revision 53193265)
Folklore (revision 51864630)
Biology (revision 49616572)
Animal (revision 51276074)
computer (revision 52918929)
Robot (revision 51242299)
Technology (revision 52521964)
Communication (revision 52521964)
Writing (revision 49200279)
Video Game (revision 51869468)
Music (revision 51687110)
Glass (revision 52536466)
Bread (revision 49945402)
Food (revision 53014456)
Politics (revision 52681363)
Earth (revision 52820604)
Ocean (revision 51432545)
Chaplin (revision 51010884)
Aguilera (revision 51608621)
Morse Code (revision 53128690)
Streptococcus (revision 52251166)
Virus (revision 51560526)
Bacteria (revision 52274231)
Submarine (revision 51748570)
Steel (revision 51088840)
Chemistry (revision 43491388)
Military (revision 51241668)
Weather (revision 43085834)
Scholar (revision 51153375)
Supernova (revision 51951853)
Olympiad (revision 47859126)
Phyllonorycter hissarella (revision 51960197)
Agrotis arenarius (revision 51994907)
Daewoo Espero (revision 52023638)
Alamogordo Public Schools (revision 52533946)
Hymenochaetales (revision 27566695)
HSBC Bank (revision 49313854)
James Vivian Clinton (revision 45778289)
Through the Eyes (revision 53038007)
Matej Mohorič (revision 50319697)
Ann Harnett (revision 43759500)
Brooklyn Ilunga (revision 51284108)
Alexander Palm (revision 52419887)
L'eau d'Issey (revision 51692598)
Big Man from the North (revision 52533321)
Tapestry Opera (revision 51129212)
HIStory (musikalbum) (revision 41693993)
National Museum of Natural History (revision 50476411)
Den hemliga historien (revision 52371224)
American History X (revision 51085513)
Blood on the Dance Floor (revision 42628985)
Natural History Museum (revision 51825008)
Det våras för världshistorien del 1 (revision 50490557)
Wingspan: Hits and History (revision 47700888)
Lista över USA:s presidenter (revision 52497735)
History (TV-kanal) (revision 52942588)
History (musikalbum av Dune) (revision 28523121)
HIStory (album) (revision 41693993)
History (musikgrupp) (revision 47929077)
Flower power (revision 47633412)
Flow (revision 52090158)
Killers of the Flower Moon (revision 52335080)
Kamelia (revision 51788112)
Mount Flower (revision 46122551)
Flower Mound (revision 51683139)
Fading Like a Flower (Every Time You Leave) (revision 50110983)
Chelsea Flower Show (revision 49330059)
The Flower Kings (revision 50506141)
Flower (datorspel) (revision 53136904)
Flowers (album av Ace of Base) (revision 52460561)
Flower (berg) (revision 46122551)
Sarah Flower Adams (revision 51842250)
William Henry Flower (revision 44083751)
Robert Plant (revision 52386061)
Page and Plant (revision 51836879)
Cotton Plant (revision 51780207)
The Plant List (revision 43519238)
Planta (revision 49419754)
10 Ft. Ganja Plant (revision 50553506)
Keratolysis plantare sulcatum (revision 46341258)
International Plant Names Index (revision 49302936)
Tjernobyls kärnkraftverk (revision 51421176)
Plant City (revision 47297505)
David Plant (revision 50980140)
Tomas Plant (revision 39757071)
Human resources (revision 53216543)
Human Development Index (revision 51649701)
Neuralink (revision 51404324)
Äkta människor (revision 52574931)
Human Rights Watch (revision 51646132)
The Human Centipede (First Sequence) (revision 48573057)
The Human League (revision 51802219)
Kommittén för mänskliga rättigheter (revision 53088897)
Humanisterna (förbund) (revision 51581307)
Human (musikalbum av Brandy) (revision 51894488)
Human (sång av The Human League) (revision 51802219)
Human (Oscar Zia) (revision 52914642)
Volvo Amazon (revision 52396242)
Amazonas regnskog (revision 52375026)
Amazon (företag) (revision 52632297)
Amazonfloden (revision 52867701)
Prime Video (revision 50194911)
Jeff Bezos (revision 51657635)
Amazon Studios (revision 47525758)
En gammal Amazon (revision 50527395)
Död amazon (revision 51638087)
Amasoner (revision 48789045)
Amazonpapegojor (revision 50351462)
Amason (musikgrupp) (revision 52829930)
Amazonas (band) (revision 52375026)
Amazonområdet (revision 51297227)
Amazonas (delstat i Brasilien) (revision 48332409)
Amazonas (departement) (revision 49640786)
Amazonas (region) (revision 52375026)
Amazonas (delstat i Venezuela) (revision 52431998)
Balladen om briggen "Blue Bird" av Hull (revision 52144936)
Sue Bird (revision 52177241)
Flappy Bird (revision 48908859)
Larry Bird (revision 52300547)
Les Big Byrd (revision 47457693)
Bird Ridge, Antarktis (revision 46210280)
Lady Bird (revision 51725185)
Isabella Bird (revision 53198307)
Lady Bird Johnson (revision 50276663)
Charlie Parker (revision 52410002)
Bird (film, 1988) (revision 51453679)
Bird (transportföretag) (revision 49434936)
Bird (udde i Antarktis) (revision 45433512)
Bird Island (ö i Grenada) (revision 50898079)
När lammen tystnar (revision 51767227)
Tina Turner (revision 53163150)
Scientologi (revision 53030369)
Sista sommaren (1981) (revision 51573705)
Sagan om konungens återkomst (film) (revision 51085312)
Sound of Music (film) (revision 51686231)
Schindler’s List (revision 53030093)
Ömhetsbevis (revision 51931655)
Kanada (revision 53190850)
Britney Spears (revision 52897857)
James P. Allison (revision 50894491)
Anne Heche (revision 51166439)
Djävulens blomma (revision 44072714)
Friidrottsrekord i slätlöpning (revision 53218602)
Lista över rollfigurer i Simpsons (revision 52441226)
Lista över återkommande rollfigurer i Simpsons (revision 52618726)
Turnerpriset (revision 48561995)
Coleman Livingston Blease (revision 47065369)
Quinn Shephard (revision 52710023)
Lista över skådespelare i Simpsons (revision 52042912)
Soling i segling vid olympiska sommarspelen 1992 (revision 51327323)
Soling i segling vid olympiska sommarspelen 1984 (revision 51327323)
Barack Obama (revision 53187000)
Will & Grace (revision 47514380)
Oscar för bästa manliga huvudroll (revision 52129402)
Broadchurch (revision 52339938)
Amerika (singel) (revision 44004557)
Oscar för bästa manliga biroll (revision 52122605)
A Star Is Born (film, 2018) (revision 51087474)
Mission: Impossible – Rogue Nation (revision 52626926)
Lista över Bondskurkar (revision 50605034)
David Tennant (revision 53191259)
Saknad, aldrig glömd (revision 49846619)
Xenon (revision 52740043)
Röda jättegrenen (revision 49153516)
Phasmophobia (revision 52692191)
Folding@home (revision 49878276)
Jordärtskocka (revision 51812637)
Monoaminhypotesen (revision 51901730)
Azitromycin (revision 51813318)
Medeltida värmeperioden (revision 50871926)
Apicius (revision 50613170)
Medelhavet (revision 52657933)
Astronomiska symboler (revision 53069132)
Mary Berry (revision 50600349)
Carl von Linné (revision 53096250)
Mahonia (revision 50315811)
Xanthagaricus viridulus (revision 44146095)
Xanthagaricus erinaceus (revision 44146086)
Xanthagaricus subepipastus (revision 44146093)
Xanthagaricus globisporus (revision 44146087)
Xanthagaricus rubescens (revision 44146092)
Human (album av Brandy Norwood) (revision 51766899)
Brandy Norwood (revision 51766899)
Afrodisiac (låt av Brandy Norwood) (revision 51766899)
Brandy (musikalbum) (revision 51766897)
Have You Ever? (revision 51200578)
Top of the World (låt av Brandy Norwood) (revision 51766899)
Lista över Brandys inspelningar (revision 52010927)
Right Here (Departed) (revision 51705549)
Post Apocalyptic Human Annihilation (revision 46513989)
Fate: The Best of Death (revision 42376809)
Live in L.A. (Death & Raw) (revision 42378035)
Fredrik Thordendal (revision 50579907)
Domain of Death (revision 42376204)
Reproduction (revision 30032961)
Corpsegrinder (musikalbum) (revision 51679707)
Nightwish (revision 51767038)
Thriller (musikalbum) (revision 52086344)
Human Nature (revision 24912778)
Kamelot (revision 52578264)
Philip Oakey (revision 49134718)
Goldfrapp (revision 51636173)
Utopia (Goldfrapp-låt) (revision 47124676)
Black Cherry (revision 50999557)
The Singles (Goldfrapp) (revision 43369307)
Goldfrapps diskografi (revision 49955008)
Felt Mountain (revision 40549283)
Ladytron (revision 52225983)
Wonderful Electric (revision 52601748)
Marcus Öhrn (revision 52211193)
Cheryl (sångerska) (revision 49628290)
Onerepublic (revision 49631359)
The True Human Design (revision 45247427)
U-God (revision 49684757)
Human Waste (revision 43876976)
Chips Kiesbye (revision 51362746)
Rag'n'Bone Man (revision 52342543)

== End of Parsed pages ==

- Number of pages processed: 252
- Number of characters consumed: 1110082

- Wikipedia parsing ended at: 2023-06-20 08:18:16.992602

60 characters appeared 1110082 times.

Most Frequent characters:
[ 0] Char e: 10.2552784388901 %
[ 1] Char a: 9.527134031540012 %
[ 2] Char n: 8.35109478398893 %
[ 3] Char r: 8.231734232245906 %
[ 4] Char t: 7.567098646766635 %
[ 5] Char s: 6.40484216481305 %
[ 6] Char i: 6.066128448168693 %
[ 7] Char l: 5.204210139431141 %
[ 8] Char o: 5.088182674793393 %
[ 9] Char d: 4.447239032792172 %
[10] Char m: 3.6024365767573925 %
[11] Char k: 2.739797600537618 %
[12] Char g: 2.582151588801548 %
[13] Char h: 2.3232517958132823 %
[14] Char v: 2.18254146990943 %
[15] Char p: 2.049488236004187 %
[16] Char u: 2.038407973465023 %
[17] Char f: 1.9312987689197734 %
[18] Char c: 1.7793280136062022 %
[19] Char b: 1.615826578577078 %
[20] Char ä: 1.491601521329055 %
[21] Char å: 1.264681347864392 %
[22] Char ö: 1.0403735940227838 %
[23] Char y: 0.8034541592422901 %
[24] Char j: 0.6689595903726031 %
[25] Char w: 0.33285829335130196 %
[26] Char x: 0.19764305699939283 %
[27] Char z: 0.11449604623802567 %
[28] Char é: 0.05783356544831823 %
[29] Char q: 0.023241526301660598 %

The first 30 characters have an accumulated ratio of 0.999826138969914.
The first 5 characters have an accumulated ratio of 0.43932340133431586.
All characters whose order is over 21 have an accumulated ratio of 0.03238859831976376.

909 sequences found.

First 499 (typical positive ratio): 0.9950060916165856
Next 126 (625-499): 0.003996897203831784
Rest: 0.0009970111795826186

- Processing end: 2023-06-20 08:18:17.119630
