= Logs of language model for Russian (ru) =

- Generated by BuildLangModel.py
- Started: 2023-07-06 22:51:57.892801
- Maximum depth: 4
- Max number of characters: 4000000

== Parsed pages ==

Бернштейн (фамилия) (revision 123146116; CACHED)
Битва при Тоба — Фусими (revision 127936429; CACHED)
Чапаевский сельсовет (Новоорский район) (revision 80397443; CACHED)
Pratchett (revision 129628291; CACHED)
Кеферштейн, Вильгельм Мориц (revision 107343286; CACHED)
Мацнево (revision 124024289; CACHED)
Уязвимый (revision 130250720; CACHED)
Варшавско-Ивангородская операция (revision 130972601; CACHED)
(25143) Итокава (revision 129886278; CACHED)
Беркут (хоккейный клуб, Киев) (revision 131219695; CACHED)
Салинополис (revision 118235477; CACHED)
Доненбай (revision 128916810; CACHED)
Мера, Франсуа Виктор (revision 107328345; CACHED)
210 км (платформа, Юго-Восточная железная дорога) (revision 131414515; CACHED)
Сатурн-1 (revision 124488230; CACHED)
Ершовка (приток Тыма) (revision 118439379; CACHED)
Наставление тверского епископа Симеона (revision 129335090; CACHED)
Бедро (revision 119308079; CACHED)
Кирза (revision 128258083; CACHED)
Сверхновая звезда (revision 130969810; CACHED)
Фершампенуаз (Челябинская область) (revision 123822761; CACHED)
Apple Music (revision 131119049; CACHED)
Ассоциация американских университетов (revision 128689443; CACHED)
Instagram (revision 131135015; CACHED)
Мосла (revision 121025467; CACHED)
Мера дисперсии (revision 128143938; CACHED)
Virus (revision 131182380; CACHED)
Вестерхайм (Нижний Алльгой) (revision 123290110; CACHED)
Рыдодубы (revision 92206522; CACHED)
Маточный колпачок (revision 122659490; CACHED)
Океания (значения) (revision 128815264; CACHED)
Baba Yaga (revision 129733757; CACHED)
Хуторское сельское поселение (Орловская область) (revision 123890162; CACHED)
RMS Queen Mary (revision 129612156; CACHED)
Подводный аппарат (revision 128988284; CACHED)
LED (revision 130964926; CACHED)
Список лиц, лишённых звания Героя Советского Союза (revision 124989117; CACHED)
Фрэнк Оушен (revision 129632032; CACHED)
Grammar (revision 130878314; CACHED)
Сражение у двух рек (revision 124693233; CACHED)
Лиллья, Йон (revision 121922398; CACHED)
Сатурн-2 (revision 130059100; CACHED)
Кнебель, Иоганнес (revision 121361153; CACHED)
Мастер и Маргарита (телесериал) (revision 131038856; CACHED)
Мера, Эфрен (revision 125214133; CACHED)
Совхозная улица (Москва) (revision 125237986; CACHED)
Национальная библиотека Франции (revision 130762660; CACHED)
Панкратово (Нижегородская область) (revision 124269526; CACHED)
Earth (revision 122150075; CACHED)
Exclaim! (revision 119909921; CACHED)
Статистическая интерпретация волновой функции (revision 119831774; CACHED)
Проничева, Елена Владимировна (revision 129509852; CACHED)
63-я кавалерийская дивизия (revision 129317490; CACHED)
Сарай (община) (revision 124483087; CACHED)
Любопытный Джордж 3: Назад в джунгли (revision 129327107; CACHED)
Список заслуженных тренеров СССР (стендовая стрельба и стрельба из лука) (revision 127471297; CACHED)
Ходоронок, Юрий Михайлович (revision 120224147; CACHED)
Мера стоимости (revision 131368914; CACHED)
Есиповская (Вологодская область) (revision 118033906; CACHED)
Joystiq (revision 125283169; CACHED)
Куйбышевский областной комитет КПСС (revision 123894997; CACHED)
Куркин, Игорь Васильевич (revision 102287902; CACHED)
Амагаев, Матвей Иннокентьевич (revision 126530286; CACHED)
Куркин, Сергей Александрович (revision 123907147; CACHED)
Кальварийский уезд (revision 129539173; CACHED)
Гигантский сатурн (revision 128323582; CACHED)
Монитор (устройство) (revision 130967363; CACHED)
Тимирязевский сельсовет (Липецкая область) (revision 124819354; CACHED)
Фресно-Аландига (revision 118205595; CACHED)
Военная продукция Bulova (revision 123333633; CACHED)
Американские стрижи (revision 130947792; CACHED)
Сатурн, пожирающий своего сына (revision 129418958; CACHED)
Сельское поселение «Деревня Ореховня» (revision 124522929; CACHED)
Каргалыбаш (revision 123751283; CACHED)
Flower (revision 130927961; CACHED)
Локомотив-Сатурн (revision 131452859; CACHED)
Эндес, Кит (revision 117228381; CACHED)
Якшур-Бодья (revision 130847110; CACHED)
Ефремов, Михаил Олегович (revision 131371061; CACHED)
Мыёлдино (revision 131133646; CACHED)
5,56 × 30 мм MINSAS (revision 96111659; CACHED)
Океан-О (revision 130931167; CACHED)
Сокол (спецподразделение) (revision 130264889; CACHED)
Среднедонской наступательной операции (revision 130588604; CACHED)
Усадьба Рябининой (revision 124949199; CACHED)
Динамо (футбольный клуб, Сталинград) (revision 130415636; CACHED)
Близость (фильм, 2008) (revision 131457526; CACHED)
Nickelodeon (Россия) (revision 131461944; CACHED)
Сатурн C-5N (revision 79929918; CACHED)
Переименованные населённые пункты Казахстана (revision 127820381; CACHED)
Куркина, Раиса Семёновна (revision 129879977; CACHED)
метеорологическая ракета (revision 110356389; CACHED)
Нида (посёлок) (revision 130031895; CACHED)
Politics (revision 124566357; CACHED)
Канкаанранта, Аксел (revision 123738404; CACHED)
Glass (revision 130981767; CACHED)
Хеллман, Давид Роберто (revision 130591208; CACHED)
Московский политехнический университет (revision 130281434; CACHED)
Mercedes-Benz G-класс (revision 131400998; CACHED)
2009 год в компьютерных играх (revision 129071004; CACHED)
Пит-стоп (revision 128171938; CACHED)
Воронежка (revision 129410402; CACHED)
Имплозия (revision 131307792; CACHED)
Турция на летних Олимпийских играх 1936 (revision 115080225; CACHED)
SCE Santa Monica Studio (revision 130786918; CACHED)
Сараны (revision 128448894; CACHED)
Барон Силкин (revision 128692468; CACHED)
Young Animal (revision 128265045; CACHED)
Валпово (revision 128416239; CACHED)
Достоверность Википедии (revision 131444854; CACHED)
Чемпионат России по футболу 2009 (составы) (revision 124242864; CACHED)
Сыльна (revision 131314531; CACHED)
Голландская война (revision 128062665; CACHED)
Алт (телеканал) (revision 131414781; CACHED)
ВКонтакте (revision 131439134; CACHED)
Кутерля (revision 117020694; CACHED)
Долина Мори (revision 130190796; CACHED)
Aguilera (revision 131427557; CACHED)
Language (revision 131115120; CACHED)
Свифт, Тейлор (revision 131375825; CACHED)
Нето, Зак (revision 130061449; CACHED)
Кудрявцев, Алексей Яковлевич (revision 121634083; CACHED)
Коровино (Юрьево-Девичьевское сельское поселение) (revision 128666092; CACHED)
Польский язык (revision 130916548; CACHED)
Музей современного искусства (Нью-Йорк) (revision 131392389; CACHED)
Список декабристов (revision 131378034; CACHED)
Гибсон, Боб (revision 126333971; CACHED)
Animal ДжаZ (revision 131096056; CACHED)
Ada Lovelace (revision 129754939; CACHED)
Зайцев, Кирилл Андреевич (revision 130942287; CACHED)
Marie Louise of Bourbon-Parma (revision 128895223; CACHED)
История Эльзаса (revision 125162104; CACHED)
Список высших учебных заведений Бурятии (revision 120879644; CACHED)
(1864) Дедал (revision 118362346; CACHED)
Леаупепе, Джордж (revision 121684159; CACHED)
Weather (revision 124585239; CACHED)
Литературный негр (revision 131475396; CACHED)
Чемпионат России по футболу 2010 (составы) (revision 129333511; CACHED)
Гаукова, Йиржина (revision 101236310; CACHED)
ADM-3 (revision 129123651; CACHED)
Бенту, Бенту (revision 127626148; CACHED)
Артемьев, Сергей Тимофеевич (revision 128774481; CACHED)
Windows (revision 131063450; CACHED)
Океан-83 (revision 93730201; CACHED)
Илья-Комприда (revision 121839514; CACHED)
Санта-Мария-ду-Каштелу (Алкасер-ду-Сал) (revision 129011176; CACHED)
Phonetics (revision 131323646; CACHED)
Хук (музыка) (revision 118457730; CACHED)
Linguistics (revision 130155652; CACHED)
Кульковская (revision 121639257; CACHED)
Лелякина (revision 131306062; CACHED)
Аль-Кадисия (фильм) (revision 124648657; CACHED)
Animals (revision 129795960; CACHED)
Степашкин, Станислав Иванович (revision 130945478; CACHED)
Кипкосгеи, Люк (revision 116741624; CACHED)
Тасман (озеро) (revision 128926484; CACHED)
Административно-территориальное деление Городецкого района (revision 122835846; CACHED)
Исполнение служебного долга (revision 123698740; CACHED)
Швейцария перед мировыми войнами (revision 123024770; CACHED)
Вим Нефс (revision 130211642; CACHED)
Viacom (revision 127560949; CACHED)
Заслуженный работник бытового обслуживания населения Российской Федерации (revision 128049759; CACHED)
Административно-территориальное деление Нижегородской области (revision 131435222; CACHED)
Список альбомов электронной музыки № 1 2004 года (Billboard) (revision 131388121; CACHED)
(3553) Мера (revision 69542678; CACHED)
Итальянский язык (revision 124873930; CACHED)
Яруман (revision 128614420; CACHED)
Ритчсон, Алан (revision 130792275; CACHED)
Agincourt (revision 130801033; CACHED)
Абражевич, Анна Николаевна (revision 107852279; CACHED)
Севригино (revision 118036839; CACHED)
Памятник Пастернаку (Пермь) (revision 120909240; CACHED)
Костёл Святого Иоанна Крестителя (Плунге) (revision 131033771; CACHED)
Sky: Children of the Light (revision 131451494; CACHED)
Список умерших в 2023 году (revision 131476027; CACHED)
ФК «Спартак» Москва в сезоне 2022/2023 (revision 131265137; CACHED)
Центральный район (Набережные Челны) (revision 131293281; CACHED)
Митчелл, Деннис (revision 128896753; CACHED)
Шарипова, Фируза Фахритдиновна (revision 130485038; CACHED)
Зайцев, Антон Александрович (revision 129488824; CACHED)
Biology (revision 130839474; CACHED)
2016 год в телевидении (revision 130842646; CACHED)
Тьерри II (граф Отёна) (revision 105266723; CACHED)
Королевский военно-морской флот Великобритании (revision 126815295; CACHED)
Adineta (revision 125125699; CACHED)
Бакэнэко (revision 131220880; CACHED)
Мурино (revision 131318982; CACHED)
Гнилая (приток Стрыя) (revision 129889214; CACHED)
нимфалид (revision 127931849; CACHED)
Ахмедов, Фуад Танзил оглы (revision 128913935; CACHED)
Первомайское (Луганская область) (revision 131356762; CACHED)
Катальников, Владимир Дмитриевич (revision 128005830; CACHED)
Кублановский, Михаил Наумович (revision 127848423; CACHED)
Steel (revision 130801378; CACHED)
Броненосные крейсера типа «Теннесси» (revision 124763883; CACHED)
Орлов, Алексей Фёдорович (revision 131189907; CACHED)
Ocean Eyes (revision 128607230; CACHED)
Мьюр, Джон (ботаник) (revision 124128292; CACHED)
Кубок Сан-Марино по футболу 2013/2014 (revision 130212518; CACHED)
Dance Dance Revolution SuperNOVA (revision 131361452; CACHED)
Robot (revision 121969101; CACHED)
Раджан, Чхота (revision 121474966; CACHED)
Video Game (revision 130742452; CACHED)
Носатая жаба (revision 128086222; CACHED)
Светодиод (revision 130392174; CACHED)
Брониш, Павол Фрицо (revision 131153702; CACHED)
Writing (revision 130289222; CACHED)
Завьялов, Александр Васильевич (хоккеист) (revision 130873093; CACHED)
Национальный банк Республики Карелия (revision 111435607; CACHED)
Sumeria (revision 122766849; CACHED)
Насими (фильм) (revision 126826492; CACHED)
город-призрак (revision 129798561; CACHED)
Лас-Вентас-де-Сан-Хулиан (revision 118206661; CACHED)
Туризм в Нижегородской области (revision 125112920; CACHED)
Страх.com (revision 131472869; CACHED)
Австралийский доллар (revision 131421992; CACHED)
Значения в Викисловаре (revision 131286681; CACHED)
Animal Rights (revision 124511728; CACHED)
Animal Magnetism (revision 126786909; CACHED)
Омеличи (Котельничский район) (revision 120745076; CACHED)
Scholar (revision 131450034; CACHED)
Сантьяго, Келли (revision 125119545; CACHED)
История Швеции (revision 128640576; CACHED)
Туарма (река) (revision 128890690; CACHED)
Зограф, Николай Георгиевич (revision 124783822; CACHED)
Сатурн-1Б (revision 126468797; CACHED)
Иваненко, Оксана Дмитриевна (revision 128843938; CACHED)
Кристовский, Владимир Евгеньевич (revision 131381544; CACHED)
Бразильский вариант португальского языка (revision 130880122; CACHED)
Анохина, Ирина Петровна (revision 124313971; CACHED)
Военно-промышленный комплекс России (revision 131171029; CACHED)
Спасатель на воде (revision 129127613; CACHED)
Миролюбов, Юрий Николаевич (revision 129895262; CACHED)
Андреев, Александр Александрович (художник) (revision 128467530; CACHED)
Тулчинские горы (revision 121509931; CACHED)
Bread (revision 126184680; CACHED)
Максимково (Вологодская область) (revision 123998616; CACHED)
Сатурн (revision 130881282; CACHED)
Магнит (музыкант) (revision 123969101; CACHED)
Легенда (revision 131146141; CACHED)
Коромысловский (revision 121475755; CACHED)
Хайош, Дьёрдь (revision 128825622; CACHED)
Маннергеймы (revision 131439457; CACHED)
Сентаготаи, Янош (revision 130587778; CACHED)
Цифровая дистрибуция (revision 127821302; CACHED)
Устройство ввода (revision 131134089; CACHED)
Исмаил (revision 130944383; CACHED)
Пщинский повет (revision 128490232; CACHED)
Каччини, Джулио (revision 130596399; CACHED)
Барон Джойси (revision 128551111; CACHED)
Пайтити (revision 127229075; CACHED)
Gourdou-Leseurre GL.2 (revision 131395262; CACHED)
Мерра (revision 114209892; CACHED)
Долгая Старица (revision 123582067; CACHED)
Активная матрица на органических светодиодах (revision 131381806; CACHED)
Братилово (Владимирская область) (revision 120852564; CACHED)
Атлантический океан (revision 131222756; CACHED)
Протокол Диффи — Хеллмана (revision 130654311; CACHED)
Оушен-Бич (revision 125439214; CACHED)
Чемпионат России по футболу 2011/2012 (revision 125855435; CACHED)
Артхаусная игра (revision 126860248; CACHED)
After Hours (альбом The Weeknd) (revision 125126106; CACHED)
Новодвурский повет (Мазовецкое воеводство) (revision 128489472; CACHED)
Бхимашанкар (revision 126425771; CACHED)
Гибридные семена (revision 123413169; CACHED)
невключённая территория (revision 121673096; CACHED)
Энопион (revision 130752367; CACHED)
Рюбель, Максимилиан (revision 115714248; CACHED)
Газотурбоход (revision 91111372; CACHED)
Сейлор Сатурн (revision 130828013; CACHED)
Волконский, Юрий Андреевич (revision 128913586; CACHED)
Шейка приклада (revision 113693033; CACHED)
Батько наш — Бандера (revision 131207119; CACHED)
Бней-Брит (revision 126352389; CACHED)
Хеллман, Мартин (revision 124884235; CACHED)
Императорские военно-морские силы (revision 127738568; CACHED)
Президентский мост (revision 130618863; CACHED)
Марьячи (revision 128598163; CACHED)
Пепеляева, Лиана Витальевна (revision 130506553; CACHED)
Собор Святого Христа Всеспасителя (Шуша) (revision 130673077; CACHED)
Сгрицци, Лучано (revision 93439241; CACHED)
2010 год (revision 131373053; CACHED)
Локализация компьютерной игры (revision 130364477; CACHED)
Communication (revision 129147220; CACHED)
Мастер-Сатурн (revision 130928294; CACHED)
Маковиц, Ричард (revision 123996838; CACHED)
Арабский язык (revision 131302602; CACHED)
1UP.com (revision 131357807; CACHED)
Олендский, Антон Варфоломеевич (revision 124677883; CACHED)
Миняйло, Виктор Александрович (revision 124073436; CACHED)
Туризм в Алтайском крае (revision 124873612; CACHED)
Разработка компьютерных игр (revision 131134206; CACHED)
Фере, Пьер (revision 124987808; CACHED)
Космынин, Алексей Иванович (revision 121576466; CACHED)
1870 год (revision 130837374; CACHED)
Folklore (игра) (revision 130894772; CACHED)
Семихатов, Алексей Михайлович (revision 130313524; CACHED)
Яковлев, Владимир Игоревич (revision 121147613; CACHED)
Сатурн (аллигатор) (revision 128005734; CACHED)
Подводная лодка (revision 131432950; CACHED)
Каинары (revision 130303901; CACHED)
Spelling (revision 124633725; CACHED)
Human Rights Watch (revision 131119342; CACHED)
Брач, Борис Янович (revision 103456917; CACHED)
Ириг (община) (revision 116404284; CACHED)
Лас-Пальмас-де-Гран-Канария (revision 128822609; CACHED)
Vero (revision 125157619; CACHED)
Бельгийско-мексиканские отношения (revision 123387426; CACHED)
Вэркы-Чатылькы (revision 89942021; CACHED)
Аустригуза (revision 123030028; CACHED)
Александровка (Духовницкий район) (revision 131475666; CACHED)
Фаллендар (revision 121869041; CACHED)
Динамо-Юни (revision 131460018; CACHED)
Маркированный конверт (revision 124000311; CACHED)
Кистыш (revision 121272736; CACHED)
Горулёв, Владимир Фёдорович (revision 128647478; CACHED)
Никель (Мурманская область) (revision 130745123; CACHED)
Пекерис, Хаим Лейб (revision 126891742; CACHED)
Olympiad (revision 131058943; CACHED)
2015 год в телевидении (revision 130842204; CACHED)
Человек будущего (revision 124917254; CACHED)
Зверовщина (revision 130585571; CACHED)
Политехнический музей (revision 130348566; CACHED)
Фингал (revision 131002210; CACHED)
Миньский повет (revision 128490533; CACHED)
Музыкальный жанр (revision 124122149; CACHED)
Война первой коалиции (revision 131103087; CACHED)
Ближнеборисовский сельсовет (revision 131343644; CACHED)
Кагальтура (revision 131314117; CACHED)
Cloud (игра) (revision 131120002; CACHED)
Yellow Submarine (альбом) (revision 131390163; CACHED)
Список сезонов ФК «Ювентус» (revision 124674973; CACHED)
The Smithsonian Institution (revision 129899590; CACHED)
Кофейный эксперимент Густава III (revision 129476812; CACHED)
Липецкий курорт (revision 130321494; CACHED)
Винер (лунный кратер) (revision 123317114; CACHED)
Рунянин, Йосип (revision 111159434; CACHED)
Красная «Почта» (revision 119876346; CACHED)
Задонский район (revision 127788303; CACHED)
Моро, Кристоф (revision 101376969; CACHED)
Chemistry (revision 124511762; CACHED)
(1969) Ален (revision 131158139; CACHED)
Bird (revision 130129177; CACHED)
Силино (Тверская область) (revision 127751514; CACHED)
Радио и телевидение Косова (revision 121475835; CACHED)
Миссис Энни Мёрдок (revision 124077632; CACHED)
Оушен-Ридж (revision 127662729; CACHED)
Love You to Death (revision 124968013; CACHED)
computer (revision 131148303; CACHED)
Университет Южной Калифорнии (revision 131389575; CACHED)
(2) Паллада (revision 130817805; CACHED)
PhyreEngine (revision 129176843; CACHED)
Мятас, Кевин (revision 127997644; CACHED)
Океан-240 (revision 125771952; CACHED)
Пулмен (рабочий посёлок) (revision 130850567; CACHED)
NGC 7009 (revision 131019018; CACHED)
PlayStation Vita (revision 130836180; CACHED)
Yellow Submarine (песня) (revision 131390164; CACHED)
Орынбай (revision 124930132; CACHED)
Шталаг 303 (revision 120510382; CACHED)
Поверхностный монтаж (revision 130685882; CACHED)
Челаново (revision 106886817; CACHED)
MUSIC (алгоритм) (revision 130902513; CACHED)
Чагодощенский район (revision 128512218; CACHED)
Wii Sports (revision 131092087; CACHED)
Military (revision 130983120; CACHED)
Викисклад (revision 130371379; CACHED)
Plant (revision 131417433; CACHED)
Tokyo Game Show (revision 122464465; CACHED)
Лубяны (Могилёвская область) (revision 128861505; CACHED)
Отчаянные аферистки (revision 127660860; CACHED)
Олимпик (класс океанских лайнеров) (revision 129597886; CACHED)
Surface Pro 9 (revision 131053470; CACHED)
Caesar (revision 131377793; CACHED)
Жираи, Миклош (revision 122907246; CACHED)
History (revision 121240698; CACHED)
Органический светодиод (revision 131369263; CACHED)
Crisis Core: Final Fantasy VII (revision 131287419; CACHED)
Диана Габийская (revision 123571733; CACHED)
Куркин, Евгений Владимирович (revision 123895643; CACHED)
Саргсян, Тигран Суренович (revision 129399966; CACHED)
Февраль 2021 года (revision 131118356; CACHED)
Food (revision 130928581; CACHED)
Базарный, Владимир Филиппович (revision 129069932; CACHED)
Иркутский национальный исследовательский технический университет (revision 130612593; CACHED)
Alphabet (revision 130868999; CACHED)
Saturn Electronics (revision 131035324; CACHED)
Morse Code (revision 131443356; CACHED)
Dacia Nova (revision 130213580; CACHED)
Британская православная церковь (revision 116263264; CACHED)
ЛМ-2008 (revision 131337503; CACHED)
The Fray (revision 122442854; CACHED)
Phyllobius parvulus (revision 109385838; CACHED)
Animal Crossing: Pocket Camp (revision 130435609; CACHED)
Folklore Fellows Communications (revision 122005475; CACHED)
Компьютерная клавиатура (revision 130903273; CACHED)
Чемпионат России по хоккею с шайбой среди женщин 2001/2002 (revision 130730020; CACHED)
Большое Васильково (revision 127769392; CACHED)
Захарова, Александра Марковна (revision 131311889; CACHED)
Хеллман, Лилиан (revision 129334337; CACHED)
Queen Victoria (revision 122370599; CACHED)
Ламела, Яго (revision 121678769; CACHED)
Канава (Смоленская область) (revision 128854111; CACHED)
пограничные сторожевые корабли проекта 22100 (revision 130680060; CACHED)
Стабилитрон (revision 128802842; CACHED)
Шутер (revision 128808256; CACHED)
The Daily Telegraph (revision 131402010; CACHED)
Мийо (виконтство) (revision 105878461; CACHED)
Цунаёси Савада (revision 131297719; CACHED)
Roxy Music (revision 130179530; CACHED)
Мелани, Пьетро (revision 124044607; CACHED)
Леммле, Карла (revision 125672142; CACHED)
338-я гвардейская реактивная артиллерийская бригада (revision 113696144; CACHED)
Золотарёв, Константин Яковлевич (revision 127854782; CACHED)
Судовой агент (revision 111690100; CACHED)
Давыдовское (Тульская область) (revision 128791990; CACHED)
Просвет (Брянская область) (revision 125959308; CACHED)
Традиционный китайский (revision 130865200; CACHED)
Смитсоновский музей американского искусства (revision 124600528; CACHED)
Амидан, Элькурия (revision 122903902; CACHED)
Груздев, Дмитрий Николаевич (revision 115751769; CACHED)
Куарто-д’Альтино (revision 127692390; CACHED)
PlayStation Network (revision 131012277; CACHED)
Самозанятость (revision 130193061; CACHED)
Маккаби (футбольный клуб, Хайфа) (revision 130781304; CACHED)
Дуран, Жосеп Антони (revision 130258781; CACHED)
Немецкий язык (revision 130798109; CACHED)
Французский язык (revision 131442099; CACHED)
Авдей (revision 107477665; CACHED)
Челпанов, Александр Владимирович (revision 129879562; CACHED)
Чёрный фронт (Германия) (revision 128910064; CACHED)
Встанем (revision 131427571; CACHED)
Политех (фильм) (revision 126628328; CACHED)
Chaplin (revision 131386229; CACHED)
PlayStation Portable (revision 130773904; CACHED)
Bacteria (revision 130877055; CACHED)
Action-adventure (revision 130767953; CACHED)
Дорожнянский сельский совет (revision 100164396; CACHED)
!!!!!!! (revision 125467804; CACHED)
Лэндэм, Сонни (revision 129516674; CACHED)
Список синглов № 1 2000-х годов (Великобритания) (revision 127541969; CACHED)
ОДК-Сатурн (revision 131455085; CACHED)
Градозащитники Петербурга (revision 123454711; CACHED)
ОСН «Сатурн» (revision 128802483; CACHED)
Последняя субмарина (revision 128673575; CACHED)
Малолучинское (revision 123985354; CACHED)
(10) Гигея (revision 130817211; CACHED)
Хорионический гонадотропин (revision 131434070; CACHED)
Осеан (revision 125225999; CACHED)
Экология (revision 129756690; CACHED)
Вильнёв, Дени (revision 130925386; CACHED)
Усадьба Губина (Нижний Новгород) (revision 128978417; CACHED)
Дженова Чэнь (revision 125119513; CACHED)
Мера, Херман (revision 128190664; CACHED)
Джентльмены удачи (revision 131336109; CACHED)
Классификация компьютерных игр (revision 131308466; CACHED)
Скальная летяга (revision 127310350; CACHED)
Ольденбургский, Пётр Георгиевич (revision 130776201; CACHED)
Малисс, Ксавье (revision 123982000; CACHED)
Раменье (Мошенской район) (revision 124389567; CACHED)
Харамильо, Хулио (revision 128947669; CACHED)
Сатира (revision 128495431; CACHED)
Мудходжи II Бхонсле (revision 124097440; CACHED)
Мавроматти, Олег Юрьевич (revision 131467645; CACHED)
Вятка (мотороллер) (revision 127262076; CACHED)
Задушные люди (revision 80251861; CACHED)
Нежный возраст (фильм, 1983) (revision 126754495; CACHED)
Роберт II (дофин Оверни) (revision 100919595; CACHED)
Лизуновы (revision 128887276; CACHED)
Марта (приток Качи) (revision 130760780; CACHED)
Оттен, Кес (revision 129886416; CACHED)
Streptococcus (revision 129942567; CACHED)
Выборы президента Молдавии (2001) (revision 131257775; CACHED)
Муцамуду (revision 124844514; CACHED)
Ратценбергер, Роланд (revision 127470603; CACHED)
Петрик, Дэн (revision 128961710; CACHED)
политехнический университет (revision 130678772; CACHED)
Canadian Albums Chart (revision 118447626; CACHED)
Чемпионат России по футболу 2013/2014 (revision 124415503; CACHED)
СКА (баскетбольный клуб, Киев) (revision 129904188; CACHED)
Melon Music (revision 131235343; CACHED)
Thatgamecompany (revision 131119789; CACHED)
Куэн-сюр-Сей (revision 121655590; CACHED)
Колесище (Могилёвская область) (revision 128908002; CACHED)
Японский язык (revision 131023751; CACHED)
Ласи, Луис Роберто де (revision 127304891; CACHED)
Артикуляция (фонетика) (revision 130158534; CACHED)
Amazon (revision 130898025; CACHED)
Уильямс, Натали (revision 130129149; CACHED)
InFamous: Festival of Blood (revision 130892608; CACHED)
Ункосово (платформа) (revision 128046296; CACHED)
Meduza (revision 130978357; CACHED)
Халупецкий, Индржих (revision 128858266; CACHED)
Штраус, Иоганн (сын) (revision 131373445; CACHED)
Animal Planet (revision 130871541; CACHED)
Pygoxyon (revision 131016181; CACHED)
Calendar (revision 129577691; CACHED)
Велегож (revision 123266377; CACHED)
Нимбурк (район) (revision 128846248; CACHED)
Хавала (revision 130164810; CACHED)
Велотон Берлин 2014 (revision 130506835; CACHED)
"Город Брежнев" (revision 131047495; CACHED)
Дюпон, Андре (revision 127869848; CACHED)
Внешняя политика Народной Социалистической Республики Албания (revision 123331741; CACHED)
Мэлон, Меган (revision 131233072; CACHED)
Лопухин, Александр Павлович (revision 129580467; CACHED)
Волошин, Александр Стальевич (revision 130649689; CACHED)
Shockwave Supernova (revision 126994020; CACHED)
KAIST (revision 126962013; CACHED)
Панченко, Кирилл Маратович (revision 128904932; CACHED)
Абуна (revision 130320694; CACHED)
Кюн, Карл Готлоб (revision 128926980; CACHED)
First Hawaiian Center (revision 128608375; CACHED)
Bombus vestalis (revision 122227309; CACHED)
(11) Парфенопа (revision 128774437; CACHED)
Меммингерберг (revision 124047482; CACHED)
Technology (revision 130981556; CACHED)
Шмид, Манфред (revision 120504760; CACHED)
Оминово (revision 127304331; CACHED)
Ратибор (князь ободритов) (revision 117594353; CACHED)
(1863) Антиной (revision 98346101; CACHED)
Дизайн человека (revision 130381953; CACHED)
Лукамба, Паулу (revision 129722136; CACHED)
Ip Man (revision 131131229; CACHED)
Wipro Supernova (revision 122764638; CACHED)
Дэдмон, Дуэйн (revision 130584125; CACHED)
Фольклор (revision 130544621; CACHED)
(777) Гутенберга (revision 130819464; CACHED)
Радиосвязь на КВ (revision 121476067; CACHED)
Нуньес, Фелипе (revision 131077312; CACHED)
Вестовая (река) (revision 128898058; CACHED)
Кларк, Рэмси (revision 128855069; CACHED)
Санкт-Петербургский политехнический университет Петра Великого (revision 130256139; CACHED)
Покровка (Называевский район) (revision 127789800; CACHED)
Туркменкалинский этрап (revision 109233920; CACHED)
Герб Набережных Челнов (revision 126573991; CACHED)
Авироль (revision 112284741; CACHED)
Герой Российской Федерации (revision 131440925; CACHED)
Михайловское сельское поселение (Волгоградская область) (revision 130048210; CACHED)
Кочергина, Феодора Григорьевна (revision 130123352; CACHED)
Малая Корбылька (revision 118439622; CACHED)
transistor (revision 124567652; CACHED)
Tutu.ru (revision 130777461; CACHED)
Атаяльский язык (revision 130752080; CACHED)
Ступочки (revision 97035617; CACHED)
Монастырское землевладение в Византии и на Балканах (revision 129850088; CACHED)
(1971) Хагихара (revision 131233250; CACHED)
Слюсарь, Борис Николаевич (revision 126070535; CACHED)
Анютино (Тверская область) (revision 127304238; CACHED)
25-й кадр (альбом) (revision 130835716; CACHED)
Хохловка (Томская область) (revision 90929688; CACHED)
Сатурн-5 (revision 131278737; CACHED)
Notitia Dignitatum (revision 130625564; CACHED)
GameTrailers (revision 129035307; CACHED)
Карачин (revision 113621100; CACHED)
British Academy of Film and Television Arts (revision 128077283; CACHED)
Clytemnestra (revision 130827436; CACHED)
Список памятников культуры Сербии исключительного значения (revision 124670645; CACHED)
Хеллман, Монте (revision 131236803; CACHED)
Дедакович, Миле (revision 123522821; CACHED)
Deepsea Challenger (revision 131381474; CACHED)
The Movies (revision 131119812; CACHED)
Animal Collective (revision 121594385; CACHED)
Улытау (село) (revision 125762823; CACHED)
Перелом (фильм, 2021) (revision 124263716; CACHED)
Annapurna Interactive (revision 130923375; CACHED)
Тайген, Крисси (revision 129375450; CACHED)
Постановление Правительства Российской Федерации (revision 130889863; CACHED)
Алабуга (особая экономическая зона) (revision 131463971; CACHED)
Кольца Сатурна (revision 126698755; CACHED)
7 Rings (revision 130857324; CACHED)
Матирование стекла (revision 131105068; CACHED)
Великобритания на зимних Олимпийских играх 1988 (revision 124175844; CACHED)
Сверхновая типа Ia (revision 125591928; CACHED)
Академия интерактивных искусств и наук (revision 105386854; CACHED)
Туризм в Мордовии (revision 124873752; CACHED)
The Blue Mask (revision 130907461; CACHED)
Латиноамериканский вариант испанского языка (revision 125728882; CACHED)
Гран-при Венгрии 1991 года (revision 129015599; CACHED)

== End of Parsed pages ==

- Number of pages processed: 579
- Number of characters consumed: 4096143

- Wikipedia parsing ended at: 2023-07-06 22:52:08.012147

65 characters appeared 4096143 times.

Most Frequent characters:
[ 0] Char о: 9.744532844678519 %
[ 1] Char а: 7.787569916382314 %
[ 2] Char и: 7.785665685988014 %
[ 3] Char е: 7.464827277758614 %
[ 4] Char н: 6.324071205521878 %
[ 5] Char с: 5.340267661553808 %
[ 6] Char т: 5.332626326766424 %
[ 7] Char р: 5.233606346262813 %
[ 8] Char в: 4.396111170923476 %
[ 9] Char л: 4.2025876538001725 %
[10] Char к: 3.429641006185575 %
[11] Char м: 2.917744815061388 %
[12] Char д: 2.7889163049239247 %
[13] Char п: 2.6992954103408984 %
[14] Char у: 2.131297662215406 %
[15] Char я: 1.8636312257653114 %
[16] Char г: 1.839974825097659 %
[17] Char ы: 1.8105080804063725 %
[18] Char з: 1.5151570636083749 %
[19] Char б: 1.4338122472775 %
[20] Char й: 1.3737557502264934 %
[21] Char ь: 1.270512284361166 %
[22] Char ч: 1.1380217926962022 %
[23] Char х: 0.9038502806176445 %
[24] Char ж: 0.7049070308336404 %
[25] Char ю: 0.593387486716162 %
[26] Char ц: 0.5730512826334433 %
[27] Char e: 0.5573047620651915 %
[28] Char a: 0.4961008441355685 %
[29] Char i: 0.4901440208508345 %
[30] Char ш: 0.4878003526732343 %
[31] Char ф: 0.4517664544426305 %
[32] Char o: 0.39383390667757445 %
[33] Char n: 0.38773060413174054 %
[34] Char s: 0.36883477944983856 %
[35] Char t: 0.3680779699341551 %
[36] Char r: 0.35823944623027076 %
[37] Char щ: 0.3139050565373328 %
[38] Char э: 0.27613782038371215 %
[39] Char l: 0.2717922689710784 %
[40] Char ё: 0.25953683745904377 %
[41] Char c: 0.22133016352212315 %
[42] Char d: 0.197478457173004 %
[43] Char m: 0.18898266002920308 %
[44] Char u: 0.17182017327031796 %
[45] Char p: 0.15985770028048338 %
[46] Char h: 0.14984828410531564 %
[47] Char g: 0.1285111384050801 %
[48] Char b: 0.1125204857349951 %
[49] Char y: 0.10907822309914474 %
[50] Char v: 0.08874201901642595 %
[51] Char f: 0.08542182243149225 %
[52] Char w: 0.07980678408932501 %
[53] Char k: 0.07389878722495773 %
[54] Char x: 0.04941233741107183 %
[55] Char z: 0.035203849084370346 %
[56] Char ъ: 0.03078505804118655 %

The first 57 characters have an accumulated ratio of 0.9996323370546389.
The first 6 characters have an accumulated ratio of 0.44446934591883147.
All characters whose order is over 36 have an accumulated ratio of 0.03004069926269664.

1879 sequences found.

First 925 (typical positive ratio): 0.9950163795787177
Next 290 (1215-925): 0.003988818378443448
Rest: 0.0009948020428388604

- Processing end: 2023-07-06 22:52:08.025150
