= Logs of language model for Romanian (ro) =

- Generated by BuildLangModel.py
- Started: 2023-06-20 07:57:02.045286
- Maximum depth: 4
- Max number of characters: 3000000

== Parsed pages ==

The Loving Kind (revision 15646905)
Phonetics (revision 13866000)
Linguistics (revision 15651318)
Alphabet (revision 15439503)
Language (revision 13003228)
Pratchett (revision 15748761)
Satire (revision 15507325)
Grammar (revision 15518313)
History (revision 15732680)
Folklore (revision 15176654)
Biology (revision 10112430)
Flower (revision 15490499)
Plant (revision 15742932)
Animal (revision 15712489)
Human (revision 9582021)
computer (revision 15499782)
Robot (revision 15670278)
Technology (revision 15234728)
Communication (revision 15558255)
Writing (revision 15493151)
Video Game (revision 15691270)
Music (revision 15312190)
Bread (revision 15537783)
Politics (revision 15743260)
Earth (revision 15500289)
Ocean (revision 15294841)
Aguilera (revision 15726674)
Morse Code (revision 15313186)
Streptococcus (revision 15208270)
Virus (revision 15664350)
Bacteria (revision 15508140)
Bird (revision 15719066)
Submarine (revision 15514703)
Chemistry (revision 13003795)
Weather (revision 15673587)
Scholar (revision 15428082)
Supernova (revision 15510920)
Olympiad (revision 15723826)
William Holland (politician) (revision 15557979)
Panama at the FIFA World Cup (revision 15472006)
1939–40 Football League (revision 13005601)
Band emission (revision 12365671)
Coise-Saint-Jean-Pied-Gauthier (revision 14141685)
Still Reigning (revision 15510245)
Moshoeshoe II of Lesotho (revision 14984501)
Damages (TV series) (revision 15148710)
Lybrand (revision 14302129)
Jean Périsson (revision 15550340)
Obituary (revision 15647742)
Vanån (revision 15217258)
Millennium Mills (revision 15191694)
H & L Records (revision 12720172)
32564 Glass (revision 12079118)
Ingo Glass (revision 15735837)
Philip Glass (revision 15579792)
The Glass Ballerina (Lost) (revision 10936531)
Hugh Glass (revision 15592256)
Through the Looking Glass (Lost) (revision 10908741)
The Revenant: Legenda lui Hugh Glass (revision 15004117)
Glass House (revision 15499429)
BA Glass România (revision 15348829)
Glass Sport Motors (revision 15355641)
Fast food (revision 15554368)
Food court (revision 7758647)
European Food (revision 15140024)
Food and Drug Administration (revision 15512123)
Food Network (revision 15713126)
Slow Food (revision 14309902)
Hrana zeilor (film) (revision 15151401)
Scandia Food (revision 15338245)
Hrana zeilor II (revision 12048499)
Dole Food Company (revision 15548771)
Zwanenberg Food Group (revision 15224324)
Star Foods (revision 14269656)
Contec Foods (revision 14722303)
Caroli Foods (revision 15371061)
Kraft Foods (revision 15161597)
Smithfield Foods (revision 15205519)
Associated British Foods (revision 15520629)
Whole Foods Market (revision 13228407)
Orkla Foods (revision 15544434)
Friesland Foods (revision 15144058)
Amazon Prime Video (revision 15705170)
Amazon (fluviu) (revision 15507323)
800 de leghe pe Amazon (revision 15450434)
Amazon.com (revision 15520698)
Rio Negro, Amazon (revision 15543070)
Arena da Amazônia (revision 15233039)
Amazonit (revision 13998658)
Pădurea Amazoniană (revision 15691956)
Amazon Web Services (revision 15610561)
Amazoane (revision 15230691)
Amazonas (revision 13482570)
Departamentul Amazonas, Columbia (revision 14846196)
Statul Amazonas, Brazilia (revision 13482570)
Statul Amazonas, Venezuela (revision 12712486)
Volvo Amazon (revision 15064343)
video jocul (revision 15509343)
Charlie Chaplin (revision 15653775)
Sydney Chaplin (revision 15596480)
Parada Chaplin (revision 15596548)
Chaplin (film) (revision 15596507)
3623 Chaplin (revision 10253528)
Geraldine Chaplin (revision 15583761)
Festivalul Chaplin (revision 13896572)
Hannah Chaplin (revision 15596517)
Ben Chaplin (revision 15553172)
Stainless Steel Rat (revision 12637350)
Ductil Steel (revision 13432205)
Man of Steel: Eroul (revision 15626513)
4713 Steel (revision 10254443)
Steel (autor) (revision 10567375)
BILKA Steel (revision 15685136)