= Logs of language model for English (en) =

- Generated by BuildLangModel.py
- Started: 2023-06-19 21:56:30.814053
- Maximum depth: 4
- Max number of characters: 3000000

== Parsed pages ==

Phonetics (revision 1144462232)
Linguistics (revision 1159194134)
Alphabet (revision 1158296330)
Language (revision 1156860752)
Pratchett (revision 1160383872)
Satire (revision 1159682190)
Grammar (revision 1160839561)
History (revision 1160770049)
Folklore (revision 1156737675)
Biology (revision 1160697923)
Plant (revision 1153393268)
Animal (revision 1160241401)
Human (revision 1156221670)
Robot (revision 1160893964)
Technology (revision 1158512557)
Communication (revision 1160791961)
Writing (revision 1152103426)
Video Game (revision 1160451845)
Bread (revision 1157751495)
Food (revision 1157051874)
Politics (revision 1158196038)
Earth (revision 1160758770)
Ocean (revision 1160839567)
Amazon (revision 1159891836)
Chaplin (revision 1160308407)
Aguilera (revision 1160353273)
Streptococcus (revision 1152031367)
Virus (revision 1156955346)
Bacteria (revision 1158580095)
Submarine (revision 1156916077)
Steel (revision 1147277960)
Chemistry (revision 1157589139)
Military (revision 1159008011)
Weather (revision 1157857854)
Scholar (revision 1157938007)
Supernova (revision 1160585725)
Pogonopygia (revision 998334782)
Halifax Search and Rescue (revision 1153290401)
Thomas Fraser-Holmes (revision 1156928502)
Casey House (Mountain Home, Arkansas) (revision 1093480449)
Pia Bajpiee (revision 1157538141)
Pierre Pansu (revision 1133219471)
2013 Chilean general election (revision 1150575096)
Ibn Alqama (revision 1137634314)
Hibi Rock (revision 1127659001)
Pablo Orbaiz (revision 1156234584)
American Peace Society house (revision 1088908589)
Enoch (surname) (revision 983706163)
Tamara Davydenko (revision 1156808158)
Moulay Slissen District (revision 972356097)
Fencing at the 2006 Asian Games – Women's team épée (revision 1078066253)
Gentianella crassulifolia (revision 1112173101)
Zoran Vraneš (revision 1155321922)
Listed buildings in Leek, Staffordshire (revision 1081559807)
River Tweed, Leicestershire (revision 1042153452)
Acacia sphacelata (revision 1011450928)
Yovkovo (revision 1136038065)
Wrestling at the 1952 Summer Olympics – Men's freestyle middleweight (revision 1004406721)
Lowrys, South Carolina (revision 1159461212)
Prag Cine Awards (revision 1159618657)
Antonio Castellini (revision 1156517679)
Alec Smight (revision 1073965916)
Melanoseps occidentalis (revision 1132126851)
2014–15 SV Werder Bremen season (revision 1050685018)
HMCS Yellowknife (revision 1135641904)
Alpine marmot (revision 1137086661)
Yellow-bellied marmot (revision 1121472145)
Himalayan marmot (revision 1146417964)
Marmot (company) (revision 1147648756)
Hoary marmot (revision 1121363017)
Olympic marmot (revision 1159764318)
Bobak marmot (revision 1152382443)
Flower Flower (revision 1143278093)
Flowering plant (revision 1160790498)
Asteraceae (revision 1157286463)
Flower child (revision 1135015428)
The flower (revision 1160138122)
Flower Boy (revision 1152209172)
Killers of the Flower Moon (film) (revision 1160849021)
Fluid flow (revision 1158833751)
Flow (mathematics) (revision 1147546136)
Flow (psychology) (revision 1155978756)
Flow network (revision 1160502442)
Flow analysis (revision 1142148137)
Calligra Flow (revision 1146569973)
Dataflow (revision 1108598122)
Microsoft Flow (revision 1152056687)
Neos Flow (revision 1159209542)
webMethods Flow (revision 1154259220)
FLOW (programming language) (revision 1091170265)
Flow (web browser) (revision 1149950821)
Flow (video game) (revision 1153449798)
Flow 93.5 (revision 1136388150)
Flow FM (Australia) (revision 1153616990)
Flow (television) (revision 1078318432)
Flow (2014 film) (revision 1101151648)
Flow (rapping) (revision 1160100534)
Flow (American band) (revision 1024691938)
Flow G (revision 1146506101)
Flow (Japanese band) (revision 1160915146)
Flow (rapper) (revision 1160100534)
Flow (Terence Blanchard album) (revision 1059677280)
Flow (Conception album) (revision 1145314305)
Flow (Foetus album) (revision 1085084010)
Thank You, Happy Birthday (revision 1149600629)
Cloud Wan (revision 1156972833)
Lovers Rock (revision 1154937475)
Transister (revision 1160784956)
Flow (brand) (revision 1146221380)
Flow (policy debate) (revision 1100392595)
Flow (real estate company) (revision 1142113998)
Football League of West Godavari (revision 1062112796)
Tide (revision 1157965037)
Phlow (revision 1137685689)
Computer science (revision 1160787215)
Computer network (revision 1160853947)
Personal computer (revision 1159299165)
Computer hardware (revision 1159112207)
Computer program (revision 1160130813)
Computer keyboard (revision 1143757035)
Computer security (revision 1160475421)
Information technology (revision 1159975925)
Computer graphics (revision 1160322597)
Music (disambiguation) (revision 1131372504)
Music Music Music (revision 1158905652)
Music! Music! Music! (revision 1158905652)
Country music (revision 1159500826)
.music (revision 1145864371)
AllMusic (revision 1152180027)
Music genre (revision 1159207177)
YouTube Music (revision 1160468167)
Universal Music Group (revision 1154245010)
Glass (surname) (revision 1160229445)
Stained glass (revision 1159053503)
Shot glass (revision 1158945694)
Google Glass (revision 1160309738)
Old fashioned glass (revision 1160338691)
Throne of Glass (revision 1158629683)
Glass harmonica (revision 1160730775)
Plate glass (revision 1140739752)
Class (biology) (revision 1157140009)
Class (knowledge representation) (revision 1159960419)
Class (philosophy) (revision 1135001231)
Class (set theory) (revision 1149396503)
Hazard class (revision 1160922642)
Social class (revision 1158131126)
Working class (revision 1159810721)
Character class (revision 1157029525)
Class 95 (radio station) (revision 1153722691)
Class (film) (revision 1159180514)
The Class (2007 film) (revision 1148937971)
The Class (2008 film) (revision 1159928724)
Class (2010 TV series) (revision 1139663941)
Class (2016 TV series) (revision 1159082692)
The Class (TV series) (revision 1159758697)
Class: A Guide Through the American Status System (revision 1140827081)
Class (Pacifico novel) (revision 1115293794)
Class (Rosenfeld novel) (revision 1030665969)
Class (computer programming) (revision 1157694150)
Class (warez) (revision 1143667135)
C++ classes (revision 1160840779)
Class attribute (HTML) (revision 1154431868)
Class attributes (computer programming) (revision 1157694150)
Complexity class (revision 1122036777)
Java class file (revision 1156147196)
Pseudo-class (revision 1157250355)
Type class (revision 1142352104)
Class (education) (revision 1160942086)
course (education) (revision 1148377553)
Classroom (revision 1152761523)
class action (revision 1159020696)
Classes of United States senators (revision 1157328249)
Class (locomotive) (revision 1143995666)
Class rating (revision 1154892620)
Class I railroad (revision 1153554715)
Class II railroad (revision 1153554715)
Class III railroad (revision 1153554715)
Ship class (revision 1150338968)
Travel class (revision 1156954026)
Vehicle size class (revision 1142147879)
Klass (disambiguation) (revision 1105792887)
Morse code abbreviations (revision 1157858623)
Prosigns for Morse code (revision 1160301004)
American Morse code (revision 1150733929)
Morse code mnemonics (revision 1146588280)
Russian Morse code (revision 1159635147)
Q code (revision 1157503931)
Telegraph code (revision 1144541593)
Samuel Morse (revision 1159167217)
Bird & Bird (revision 1150604131)
Bird flight (revision 1156699433)
Passerine (revision 1159414140)
Goliath birdeater (revision 1159868442)
Bird of prey (revision 1160335667)
Bird of paradise (revision 1160501379)
Childbirth (revision 1159651499)
Born (comics) (revision 1132713812)
Born, Belgium (revision 1027637430)
Born, Luxembourg (revision 1114677624)
Born auf dem Darß (revision 1092523782)
Born, Netherlands (revision 1084663617)
Born, Saxony-Anhalt (revision 1119259951)
Born (crater) (revision 1007669915)
Born (Bond album) (revision 1119587442)
Born (Boom Crash Opera album) (revision 1085082332)
Born (EP) (revision 1035773855)
"Born" (song) (revision 1160604757)
This Godless Endeavor (revision 1136477948)
Oh My My (revision 1158295098)
Drunkard's Prayer (revision 1000194311)
Born rule (revision 1140657230)
Børns (revision 1156962900)
International Mathematical Olympiad (revision 1153004858)
Chess Olympiad (revision 1153775493)
2020 Summer Olympics (revision 1159673114)
International Olympiad in Informatics (revision 1154711888)
International Science Olympiad (revision 1160672259)
List of mathematics competitions (revision 1159988652)
44th Chess Olympiad (revision 1160483837)
International Physics Olympiad (revision 1160679395)
Olympia (1938 film) (revision 1149190620)
Olympia (1998 film) (revision 1102067594)
Olympia (2011 film) (revision 1158568670)
Olympia (2018 drama film) (revision 1107845397)
Olympia (musician) (revision 1095565409)
Olympia (Bryan Ferry album) (revision 1099805976)
Olympia (Austra album) (revision 1097557052)
Olympia (EP) (revision 1099272179)
"Olympia" (song) (revision 1159323503)
Olympia (Manet) (revision 1160873945)
René Magritte (revision 1155519459)

== End of Parsed pages ==

- Number of pages processed: 275
- Number of characters consumed: 3002771

- Wikipedia parsing ended at: 2023-06-19 22:06:00.101197

61 characters appeared 3002771 times.

Most Frequent characters:
[ 0] Char e: 11.962384077906707 %
[ 1] Char t: 8.565421738787274 %
[ 2] Char a: 8.56055956315017 %
[ 3] Char i: 7.672479852775986 %
[ 4] Char o: 7.299990575371881 %
[ 5] Char n: 7.188327048582792 %
[ 6] Char s: 7.139605384493191 %
[ 7] Char r: 6.524939797273918 %
[ 8] Char l: 4.444128440030892 %
[ 9] Char h: 4.085259914925247 %
[10] Char c: 3.927772047885104 %
[11] Char d: 3.7320528272052713 %
[12] Char m: 2.8445725631425107 %
[13] Char u: 2.733008944071992 %
[14] Char p: 2.330780469106702 %
[15] Char f: 2.1692962933237334 %
[16] Char g: 2.018801966583532 %
[17] Char y: 1.640351528638048 %
[18] Char b: 1.5136685414905098 %
[19] Char w: 1.3877848160915367 %
[20] Char v: 1.060653642918491 %
[21] Char k: 0.5362380281413401 %
[22] Char x: 0.2569626521636182 %
[23] Char j: 0.1569217233015771 %
[24] Char z: 0.12098824718901308 %
[25] Char q: 0.10120651891203158 %

The first 26 characters have an accumulated ratio of 0.9997415720346305.
The first 5 characters have an accumulated ratio of 0.44060835807992016.
All characters whose order is over 18 have an accumulated ratio of 0.036207556287176076.

956 sequences found.

First 359 (typical positive ratio): 0.9950110240342167
Next 130 (489-359): 0.0039971441870789715
Rest: 0.0009918317787043218

- Processing end: 2023-06-19 22:06:00.190217
