= Logs of language model for Hindi (hi) =

- Generated by BuildLangModel.py
- Started: 2023-06-20 03:01:02.414932
- Maximum depth: 4
- Max number of characters: 3000000

== Parsed pages ==

मुखपृष्ठ (revision 5590190)
Phonetics (revision 4607665)
Linguistics (revision 5414557)
Alphabet (revision 5846730)
Language (revision 5509084)
Pratchett (revision 4587763)
Satire (revision 5060380)
Grammar (revision 5578088)
History (revision 4805162)
Folklore (revision 5860572)
Biology (revision 5862946)
Flower (revision 5753015)
Plant (revision 5662046)
Animal (revision 5823278)
Human (revision 5789931)
computer (revision 5804354)
Robot (revision 5721512)
Technology (revision 4758498)
Communication (revision 4761612)
Writing (revision 5834757)
Video Game (revision 4921928)
Music (revision 5085251)
Glass (revision 5637377)
Bread (revision 5497826)
Food (revision 5849170)
Politics (revision 5737147)
Earth (revision 5879910)
Ocean (revision 5309734)
Amazon (revision 5596137)
Chaplin (revision 4736824)
Aguilera (revision 5005897)
Morse Code (revision 4957810)
Streptococcus (revision 4530250)
Virus (revision 5584786)
Bacteria (revision 4535902)
Bird (revision 5632911)
Submarine (revision 5231909)
Steel (revision 5598027)
Chemistry (revision 5843963)
Military (revision 4541981)
Weather (revision 5841034)
Scholar (revision 5033562)
Supernova (revision 5675660)
Olympiad (revision 5758233)
John Donovan (revision 4777458)
Melanie (film) (revision 5865038)
Albert Hodge (revision 4939439)
Charles Irving (revision 4599697)
De facto embassy (revision 5770532)
Aishwarya (film) (revision 5867916)
चीनी भाषा के रोमनीकरण पद्धतियों की सारणी (revision 4755365)

== End of Parsed pages ==

- Number of pages processed: 75
- Number of characters consumed: 139587

- Wikipedia parsing ended at: 2023-06-20 03:02:46.199642

76 characters appeared 139587 times.

Most Frequent characters:
[ 0] Char ा: 8.38473496815606 %
[ 1] Char क: 7.215571650655147 %
[ 2] Char र: 6.3766683143845775 %
[ 3] Char ्: 5.790653857450908 %
[ 4] Char े: 5.413827935266178 %
[ 5] Char ि: 4.587103383552909 %
[ 6] Char न: 4.357855674239005 %
[ 7] Char स: 4.147950740398461 %
[ 8] Char ं: 3.5325639207089483 %
[ 9] Char त: 3.4544764197238993 %
[10] Char ी: 3.228810705868025 %
[11] Char ो: 3.1328132275928273 %
[12] Char म: 3.1055900621118013 %
[13] Char ह: 2.8584323755077476 %
[14] Char य: 2.849119187316871 %
[15] Char ल: 2.4737260633153517 %
[16] Char प: 2.4472192969259314 %
[17] Char व: 2.350505419559128 %
[18] Char ज: 1.933561148244464 %
[19] Char ै: 1.5424072442276144 %
[20] Char द: 1.411306210463725 %
[21] Char ब: 1.3869486413491228 %
[22] Char ग: 1.3153087321885275 %
[23] Char ु: 1.2694591903257466 %
[24] Char ट: 1.2307736393790252 %
[25] Char श: 0.9198564336220423 %
[26] Char ।: 0.905528451789923 %
[27] Char ए: 0.8668429008432017 %
[28] Char अ: 0.8424853317285994 %
[29] Char च: 0.7522190461862495 %
[30] Char ू: 0.7464878534534019 %
[31] Char भ: 0.6934743206745614 %
[32] Char ड: 0.6877431279417138 %
[33] Char थ: 0.6433263842621447 %
[34] Char इ: 0.6125212233230888 %
[35] Char ध: 0.581716062384033 %
[36] Char औ: 0.5544928969030067 %
[37] Char ष: 0.5158073459562853 %
[38] Char उ: 0.5136581486814675 %
[39] Char ण: 0.5000465659409544 %
[40] Char आ: 0.49503177229971274 %
[41] Char फ: 0.4033326885741509 %
[42] Char ख: 0.39115390401684974 %
[43] Char ़: 0.3539011512533402 %
[44] Char ई: 0.27653004935989745 %
[45] Char ओ: 0.19629335110003082 %
[46] Char ॉ: 0.19127855745878913 %
[47] Char ँ: 0.16692098834418678 %
[48] Char ञ: 0.16047339651973322 %
[49] Char ौ: 0.14757821287082606 %
[50] Char ृ: 0.14471261650440226 %
[51] Char छ: 0.1325338319471011 %
[52] Char घ: 0.12322064375622371 %
[53] Char ठ: 0.09528107918359159 %
[54] Char ऐ: 0.08023669825986661 %
[55] Char ऑ: 0.06304312006132376 %
[56] Char ढ: 0.05874472551168805 %
[57] Char १: 0.05587912914526424 %
[58] Char झ: 0.04226754640475116 %
[59] Char ऊ: 0.03940195003832735 %
[60] Char ०: 0.034387156397085686 %
[61] Char ९: 0.034387156397085686 %
[62] Char ः: 0.027223165481026167 %
[63] Char २: 0.02364117002299641 %
[64] Char ऽ: 0.017909977290148794 %
[65] Char ॰: 0.017193578198542843 %
[66] Char ८: 0.015044380923724988 %
[67] Char ३: 0.014327981832119035 %
[68] Char ४: 0.014327981832119035 %
[69] Char ५: 0.013611582740513084 %
[70] Char ६: 0.01146238546569523 %
[71] Char ७: 0.008596789099271421 %
[72] Char ऍ: 0.006447591824453566 %
[73] Char ॅ: 0.005014793641241663 %
[74] Char ऋ: 0.0028655963664238073 %
[75] Char ॠ: 0.0021491972748178554 %

The first 76 characters have an accumulated ratio of 1.0000000000000002.
The first 7 characters have an accumulated ratio of 0.42126415783704785.
All characters whose order is over 40 have an accumulated ratio of 0.0337137412509761.

1622 sequences found.

First 1234 (typical positive ratio): 0.9950008811062985
Next 280 (1514-1234): 0.004006714957475066
Rest: 0.0009924039362264603

- Processing end: 2023-06-20 03:02:46.680753
