= Logs of language model for Catalan (ca) =

- Generated by BuildLangModel.py
- Started: 2023-06-20 00:38:21.502774
- Maximum depth: 4
- Max number of characters: 3000000

== Parsed pages ==

Parlament_Europeu (revision 31800531)
Genji Monogatari (revision 31768036)
Phonetics (revision 31670147)
Linguistics (revision 30677643)
Alphabet (revision 31493153)
Language (revision 31791666)
Pratchett (revision 31695487)
Satire (revision 31407667)
Grammar (revision 31679121)
History (revision 28494215)
Folklore (revision 31379544)
Biology (revision 31032613)
Plant (revision 31841955)
Animal (revision 31824677)
Human (revision 31173174)
computer (revision 31502015)
Robot (revision 31567294)
Technology (revision 31234147)
Communication (revision 27573245)
Writing (revision 31144366)
Video Game (revision 30770107)
Music (revision 31305651)
Glass (revision 31404289)
Bread (revision 31433429)
Food (revision 31013989)
Politics (revision 31784632)
Earth (revision 31137885)
Morse Code (revision 30688731)
Streptococcus (revision 31853286)
Virus (revision 31832801)
Submarine (revision 30745478)
Chemistry (revision 30703985)
Military (revision 30980250)
Weather (revision 29087029)
Scholar (revision 31532853)
Supernova (revision 31374323)
Blue Mountain, Colorado (revision 30481931)
I Wish I Wish (revision 31888913)
Snake River (Colorado) (revision 31455578)
The Battle of Barrington (revision 29391436)
Myriam discography (revision 31021569)
Lahore, Virginia (revision 30606344)
Arsilda, regina di Ponto (revision 31456110)
Fagopyrum tataricum (revision 31863110)
Uluburun shipwreck (revision 30537299)
Coat of arms of Bahrain (revision 30868054)
Andreas Štrauch (revision 31800721)
Édouard Molinaro (revision 31181854)
Oculozomus (revision 31855327)
K. Tempest Bradford (revision 29994374)
Crotalus mitchellii (revision 31888288)
Unemployment benefits in Ukraine (revision 31911797)
Frank Gardner Moore (revision 31340228)
68th Writers Guild of America Awards (revision 31755612)
Flower power (revision 30286457)
Flower Hill (revision 29734857)
Flower Tucci (revision 30835291)
Flower Mound (revision 29736620)
The Desert Flower (revision 28476492)
Flower of Scotland (revision 29933633)
Lotus Flower (revision 30441252)
Classe Flower (revision 30960296)
The Flower Kings (revision 31062844)
Robin Flower (revision 30576687)
Flores (Açores) (revision 31750459)
Flores (Guatemala) (revision 30721499)
Flores (Indonèsia) (revision 31088196)
Flores de Ávila (revision 31261305)
Can Flores (revision 28529818)
Departament de Flores (revision 31236940)
Mar de Flores (revision 31699724)
Alba Flores (revision 31795014)
Alfredo Flores Flores (revision 31786699)
Beatriz Flores Silva (revision 31095939)
Bernardo Flores (revision 31038190)
Celia Flores (revision 31808606)
Cilia Flores (revision 31598561)
Diego Flores (revision 31901831)
Diego Flores Amaya (revision 29242829)
Enrique Flores Magón (revision 27803177)
Fernando Flores Arroyo (revision 29902494)
Fernando Flores Morador (revision 29989393)
Fernando Flores Sintas (revision 31149455)
Igor Flores Galarza (revision 24179163)
Ignacio Flores (revision 31175588)
Iker Flores Galarza (revision 30659963)
Isidro Flores López (revision 31764175)
José Manuel Flores Moreno (revision 29933801)
José María Flores Burlón (revision 29934224)
José Oscar Flores (revision 31614484)
Josep Flores i Vallcorba (revision 31409007)
Juan Javier Flores Arcas (revision 31196338)
Juan José Flores (revision 29935105)
Leopoldo Flores (revision 31624330)
Lola Flores (revision 31471774)
Lolita Flores (revision 31301399)
Lourdes Flores Nano (revision 30733115)
Luis Flores (revision 29956403)
Luiz Carlos Flores (revision 29355649)
Manolo Flores (revision 30581703)
Manuel Flores Mora (revision 29989449)
Mar Flores (revision 31164580)
Mario Francisco José Flores Lanuza (revision 31378096)
Marta Flores (revision 31677801)
Marta Flores i Cuadrat (revision 31067153)
Mauricio Flores Ríos (revision 29964563)
Miguel Flores (revision 26276669)
Paolo Flores d'Arcais (revision 25448082)
Paulo Flores (revision 30107207)
Pedro Flores Martínez (revision 31244979)
Pepa Flores (revision 31717157)
Renata Flores Rivera (revision 31532295)
Rodrigo Flores Álvarez (revision 30789522)
Rosario Flores (revision 31532437)
Salvador Flores (revision 29646638)
Sylvia Flores (revision 31127270)
Venancio Flores (revision 31217481)
Yolanda Flores (revision 30227252)
Home de Flores (revision 31850544)
Brigada Flores Magon (revision 28601024)
Ocean Software (revision 29436669)
Ocells (revision 31832759)
Ocean's Thirteen (revision 31016568)
Ocell migrador (revision 29994481)
Ocean Boys FC (revision 30201712)
Soil Moisture and Ocean Salinity satellite (revision 31519671)
Cadel Evans Great Ocean Road Race (revision 31286215)
EADS HC-144 Ocean Sentry (revision 31829808)
Ocean Springs (revision 29436670)
Illa Ocean (revision 31916959)
Ocean Acres (revision 29436643)
Ocean Beach (revision 29436645)
Ocean City (Florida) (revision 29436653)
Ocean City (Maryland) (revision 30352668)
Ocean City (Nova Jersey) (revision 29436657)
Ocean City (Washington) (revision 30716492)
Ocean Gate (revision 29436661)
Ocean Grove (Nova Jersey) (revision 29436664)
Ocean Park (revision 30721420)
Ocean Park (Uruguai) (revision 28448666)
Ocean Pines (revision 29436666)
Ocean Ridge (revision 29736639)
Ocean Shores (revision 26745004)
Ocean View (revision 29436673)
Billy Ocean (revision 30013742)
Stone Ocean (revision 29029117)
Amazon.com (revision 31787376)
Amazon Echo (revision 30164530)
Amazon Mechanical Turk (revision 30164174)
Amazon Prime Video (revision 31494166)
Amazon Music (revision 31912720)
Riu Amazones (revision 31720120)
Amazones (mitologia) (revision 31777157)
Amazon Prime (revision 31159691)
Amazon Alexa (revision 31912718)
Amazon (pel·lícula) (revision 27552999)
Amazon Kindle (revision 31128173)
Viccionari (revision 26632388)
Charles Chaplin (revision 31844289)
Geraldine Chaplin (revision 31463268)
Saul Chaplin (revision 30714046)
Oona Chaplin (revision 31690353)
Chaplin (pel·lícula) (revision 31145131)
Barbut de Chaplin (revision 31830147)
Ben Chaplin (revision 30796201)
Chaplin (musical de 2006) (revision 29868965)
Filmografia de Charles Chaplin (revision 31803530)
Christina Aguilera (revision 31847678)
Joan Aguilera Herrera (revision 31463823)
Carlos Aguilera Martín (revision 30487548)
Vicente Aguilera Cerni (revision 31880044)
Carlos Alberto Aguilera (revision 25564113)
Marián Aguilera (revision 31634785)
Ca n'Aguilera (revision 30753698)
Cesáreo Rodríguez-Aguilera Conde (revision 31711642)
Alberto Aguilera y Velasco (revision 31711641)
Aquilegia (revision 31826195)
Aguilera (volcà) (revision 31863675)
Aranda de Duero (revision 30976642)
Las Ventas con Peña Aguilera (revision 26801069)
Christian Aguilera (revision 31114300)
Demetrio Aguilera Malta (revision 30819524)
Enrique de Aguilera y Gamboa (revision 31767679)
Francisco Aguilera Fernández (revision 31278533)
Francisco Aguilera y Egea (revision 29904958)
Francisco Aguilera Luna (revision 31682314)
Francisco Javier Aguilera Blanco (revision 31682314)
Joan Aguilera (revision 31463823)
José Carlos Aguilera (revision 30155406)
Pere Aguilera i Garriga (revision 31479229)
Sebastián Aguilera de Heredia (revision 29651020)
Bacteris (revision 31828834)
Anaerobi facultatiu (revision 31496422)
Piragüisme als Jocs Olímpics d'estiu de 2016 (revision 30379387)
Acetobacteriàcies (revision 31819498)
Firmicuts (revision 31872310)
Timidina (revision 30540843)
Linofrínids (revision 31909524)
Esfingomonadàcies (revision 31912309)
Percepció de quòrum (revision 31290164)
Thiolava veneris (revision 31741069)
Bateria elèctrica (revision 31799132)
Bateria tèrmica (revision 31222781)
Bateria d'artilleria (revision 30296765)
Bateria (professió) (revision 24669533)
Bateria (instrument musical) (revision 31684891)
Banc Internacional per a la Reconstrucció i el Desenvolupament (revision 30295508)
Lady Bird (revision 31219315)
Henry Bird (escaquista) (revision 31408024)
Nancy Bird-Walton (revision 30800883)
Larry Bird (revision 30591713)
John Bird (revision 26431424)
Obertura Bird (revision 31876223)
Bird (pel·lícula) (revision 31591168)
Charlie Parker (revision 30252798)
Torneig d'escacs Tata Steel (revision 31798281)
Torneig d'escacs Tata Steel de 2016 (revision 29689819)
Torneig d'escacs Tata Steel de 2017 (revision 30533463)
The Legend of Heroes: Trails of Cold Steel IV (revision 31311122)
Torneig d'escacs Tata Steel de 2015 (revision 30533462)
Danielle Steel (revision 29997455)
The Legend of Heroes: Trails of Cold Steel (revision 31311235)
The Legend of Heroes: Trails of Cold Steel III (revision 31414016)
Steel guitar (revision 31421883)
Piers Steel (revision 29502035)
Steel Ball Run (revision 31588061)
Cold Steel (revision 30971649)
Red Steel (revision 27676819)
Red Steel 2 (revision 30507244)
Steel Azin FC (revision 29678519)
Lap steel (revision 31421883)
Olympia (París) (revision 31662370)
Ral·li Olympus (revision 30100970)
Olympe de Gouges (revision 30910025)
Live at The Olympia (revision 31449963)
Olympus Corporation (revision 31876306)
FIDE Online Chess Olympiad 2020 (revision 28929284)
El-Olympi Club Alexandria (revision 31794886)
Teatre Circ Olympia (revision 30844184)
Olympus-1 (revision 29438145)
Olympus Mons (revision 31903914)
RMS Olympic (revision 29520247)
Muntanyes Olympic (revision 31700961)
Olympic Airlines (revision 27975551)
Olympic Saddledome (revision 31792456)
Olympic Beirut (revision 30780825)
Olympic FC de Niamey (revision 30201727)
Península Olympic (revision 31829977)
Parc Nacional Olympic (revision 31328976)
Trent Reznor (revision 31717677)
Bleach (revision 31810566)
Spawn (revision 31017049)
The Rise of the Synths (revision 31808184)
Lin-Manuel Miranda (revision 31803942)
Yōko Shimomura (revision 31805552)
Final Straw: Food, Earth, Happiness (revision 31671734)
Urban Cowboy (revision 27911360)
Akira (pel·lícula) (revision 31864118)
Llista de programes de Catalunya Ràdio (revision 31804062)
Clergues Marians de la Immaculada Concepció (revision 30769160)
Membres del Saló de la Fama de la FIBA (revision 31390172)
Stanisław Papczyński (revision 31774947)
Volta a Polònia (revision 30512216)
Segona República Polonesa (revision 31578489)
Bisbat de Lutsk (revision 31445679)
Llista de rèquiems del segle XIX (revision 31634438)
Llista de primers ministres de Polònia (revision 28430998)
Llista de diputats del Parlament Europeu (2014-2019) (revision 31071374)
Kosovo (revision 31879628)
Prizreni (revision 30982995)
Eugène Viollet-le-Duc (revision 31075004)
Districte de Pčinja (revision 28331996)
10 d'abril (revision 31776942)
Batalla de Bakú (revision 31083659)
Llac Vostok (revision 31761187)
Belgrad (revision 31236869)
Llista de primeres òperes (revision 31725795)
Rosella de Califòrnia (revision 31832420)
Antonio González Flores (revision 30922758)
Enrique Sánchez Flores (revision 30922765)
Antonio Flores Rodríguez (revision 29839991)
Antonio Flores de Lemus (revision 31790387)
Antonio Flores Jijón (revision 30151501)
Antonio Munguía (revision 29840136)
Carlos Flores Facussé (revision 29862076)
Carlos Flores Juverías (revision 31918141)
Carlos Flores López (revision 30102350)
Carlos Arnoldo Salcido Flores (revision 31730996)
Francisco Flores Córdoba (revision 30507284)
Francisco Flores Lajusticia (revision 31894993)
Francisco Flores Pérez (revision 30933110)
Francisco Javier Flores Sánchez (revision 29062600)
Girlfriends Films (revision 30443801)
27ns Premis AVN (revision 31235242)
21Sextury (revision 31070743)
Premi AVN a l'artista femenina estrangera de l'any (revision 31239726)
Evil Angel (revision 30966828)
Aleska Diamond (revision 30677820)
Katsuni (revision 31533833)
Rita Faltoyano (revision 31367249)
Little Caprice (revision 31220192)
Estat de l'Amazones (Brasil) (revision 30286197)
Riu Negro (Amazones) (revision 31710411)
Amazon Labor Union (revision 31715997)
Selva amazònica (revision 30816535)
The Treasure of the Amazon (revision 31016838)
Amazon Go (revision 30610623)
Francisco de Orellana (revision 31720444)
Melissa Hill (revision 30835359)
Riu Putumayo (revision 30990725)
Iquitos (revision 29924418)
Katherine Magdalene Rose (revision 30913828)
Estació de Biodiversitat Tiputini (revision 27726572)
Keane (grup) (revision 31288232)
Easy Street (revision 29886682)
Caught in a Cabaret (revision 31092712)
The Immigrant (pel·lícula de 1917) (revision 29669201)
The Professor (pel·lícula de 1919) (revision 30540808)
Sunnyside (pel·lícula) (revision 30852352)
A King in New York (revision 30449719)
Roca Aguilera (Mediona) (revision 31866746)
Roca Aguilera (el Vendrell) (revision 31877697)
Paco Roca (revision 29824180)
Les Valls d'Aguilar (revision 30268526)
Pere Pau Caçador i d'Aguilar-Dusai (revision 27940584)
Roca Guardiola (revision 31867522)
Roca Foradada de Vallromanes (revision 27360836)
Ramon Aguilar i Moré (revision 31691535)
Muntanyes (revision 31774464)
Jerónimo Valdés de Noriega (revision 30375599)
Massacre de Tóxcatl (revision 31511415)
Comtat d'Alcudia (1663) (revision 25042313)
Guillem I de Cervelló (revision 27867229)
Prudencio de Guadalfajara Aguilera (revision 30020792)
José de Sigüenza (revision 30330072)
Santa María de la Almudena (revision 31390462)
Odieta (revision 31677610)
Eleccions generals espanyoles de 1886 (revision 30271541)
Illa Bird (Geòrgia del Sud) (revision 31758668)
Illa de l'Ascensió (revision 31720418)
Illa de Carney (revision 29513776)
Ocell del paradís (pel·lícula) (revision 31194088)
Illa de Siple (revision 29513783)
Isabella Bird (revision 31709259)
Illa de Geòrgia del Sud (revision 30287545)
Illa de Melville (Canadà) (revision 31556807)
Bird Island (Minnesota) (revision 27348819)
illes Aleutianes (revision 31236895)
Juneau (revision 30320613)
Califòrnia (revision 31825174)
Nihoa (revision 26303945)
Carolina del Nord (revision 31833543)
Lester Young (revision 31822677)
Piciformes (revision 31869433)
Barbut de collar (revision 31830160)
Niu d'ocell (revision 31834113)
Birdland (club) (revision 23293276)
Schizopolis (revision 28143593)
Oliver! (revision 31683190)
A Star Is Born (pel·lícula de 1954) (revision 31676917)
Illa de Flores (revision 31088196)
Àguila de l'illa de Flores (revision 31063236)
Flor (revision 30937409)
Lola Dueñas (revision 31152518)
Carlo Tuzzi (revision 30018953)
XV Premis Cinematogràfics José María Forqué (revision 31708568)
Llista de governadors de Colima (revision 27888307)
Carme Elias i Boada (revision 31682767)
Los amantes pasajeros (revision 31446527)
Camila Sodi (revision 31566830)
Simón Bolívar (revision 31578608)
DNMT3B (revision 30920851)
Cambra de Diputades i Diputats de Xile (revision 31086530)
Colom carablanc africà (revision 31885527)
Xot africà (revision 31739043)
Guatlla blava africana (revision 31727803)
Història de les illes Geòrgia del Sud i Sandwich del Sud (revision 30890930)
Amèrica del Sud (revision 31741262)
Petrell gegant antàrtic (revision 31576707)
Seychelles (revision 31569262)
Prodidòmids (revision 31855289)
Xot de les Seychelles (revision 31312701)
Xoriguer de les Seychelles (revision 30761602)
Alphonse (revision 31349465)
Farquhar (revision 31667694)
Atol Saint-François (revision 31915764)
Cosmoledo (revision 31502423)
Llista d'ocells de les Illes Seychelles (revision 30338240)
Cistícola de Madagascar (revision 31884450)
Bert Axell (revision 31548503)
Ynys Enlli (revision 31240832)
Wallacea (revision 31522289)
Parapercis millepunctata (revision 31527371)
Parapercis clathrata (revision 31881413)
Surtsey (revision 31861888)
Channa asiatica (revision 31840817)
Llista de peixos del Regne Unit (revision 31634270)
Placa australiana (revision 30290783)
Xoriguer australià (revision 30761590)
Astor australià (revision 31827682)
Baza australià (revision 31831146)
Esparver australià (revision 31923336)
Illa dels Cangurs (revision 31524083)
Petroica de l'Illa del Sud (revision 27301503)
Mar d'Irlanda (revision 31767300)
Toraigh (revision 31323315)
Illes Geòrgia del Sud i Sandwich del Sud (revision 31189366)
Literatura irlandesa (revision 31770896)
Placa de les Bismarck Septentrionals (revision 31723928)
Antigua i Barbuda (revision 30631082)
Amèrica del Nord (revision 31570332)
Tord ala-roig (revision 31896676)
Mussol comú (revision 31832983)
Illes Solander (revision 29205948)
Illes Xantar (revision 31533295)
Bird on the Wire (revision 31809899)
Illes de Sotavent (Hawaii) (revision 31175937)
Illes Hawaii (revision 31847107)
Impressió xilogràfica del Japó (revision 31760818)
Macushi (revision 29357011)
Toki pona (revision 31537216)
Albatros cellanegre (revision 31821173)
Aligot tricolor (revision 31821819)
Phalcoboenus (revision 31909980)
Caracarà austral (revision 31882380)
Colom feréstec de Jamaica (revision 31885596)
Mussol negrós (revision 31689983)
Grimpa-soques olivaci (revision 31728053)
Àguila peixatera (revision 31852426)
Placa del Carib (revision 30352012)
Trencapinyes (revision 31861953)
Anglès (revision 31913252)
Sant Sebastià (antigament a Bucarest) (revision 31485216)
Sant Sebastià (Museu del Prado) (revision 31485219)
Sant Sebastià (revision 31696594)
Catedral de Palència (revision 31283341)
Catedral de Barcelona (revision 31839098)
Catedral de València (revision 31809301)
Diòcesi de Sant Sebastià (revision 29884880)
Catedral de Sevilla (revision 31540854)
Catedral de Tortosa (revision 31868216)

== End of Parsed pages ==

- Number of pages processed: 487
- Number of characters consumed: 2233413

- Wikipedia parsing ended at: 2023-06-20 00:52:50.594309

57 characters appeared 2233413 times.

Most Frequent characters:
[ 0] Char e: 12.616385773701506 %
[ 1] Char a: 11.915664500923025 %
[ 2] Char s: 7.811542244985589 %
[ 3] Char i: 7.373020574340707 %
[ 4] Char r: 7.13410372376269 %
[ 5] Char l: 6.8519794592401855 %
[ 6] Char n: 6.463873900617576 %
[ 7] Char t: 5.930385468339264 %
[ 8] Char o: 4.981702891493871 %
[ 9] Char d: 4.274534087515386 %
[10] Char c: 4.068078765548512 %
[11] Char u: 3.5839766312813617 %
[12] Char m: 3.1571858854587123 %
[13] Char p: 2.716201616091605 %
[14] Char v: 1.467843162012579 %
[15] Char b: 1.461977699601462 %
[16] Char g: 1.44218736077922 %
[17] Char f: 0.9941287169009941 %
[18] Char q: 0.7844048548118956 %
[19] Char h: 0.710526893145155 %
[20] Char x: 0.4893855278893783 %
[21] Char ó: 0.47447561198936333 %
[22] Char é: 0.46010299035601565 %
[23] Char y: 0.3824191943003824 %
[24] Char à: 0.35080838161146194 %
[25] Char j: 0.3322269548892211 %
[26] Char è: 0.32703311031143817 %
[27] Char í: 0.30110866194474556 %
[28] Char ò: 0.22776799454467223 %
[29] Char k: 0.22226072831133337 %
[30] Char z: 0.22199208117799976 %
[31] Char w: 0.14650223671125762 %
[32] Char ç: 0.12035391573345369 %
[33] Char ú: 0.08525069031119636 %
[34] Char ï: 0.044505875088933396 %
[35] Char ü: 0.02887956683336221 %

The first 36 characters have an accumulated ratio of 0.9995477773255552.
The first 5 characters have an accumulated ratio of 0.46850716817713517.
All characters whose order is over 21 have an accumulated ratio of 0.032512123821254735.

1196 sequences found.

First 562 (typical positive ratio): 0.9950372095665512
Next 208 (770-562): 0.003968073623814128
Rest: 0.0009947168096346992

- Processing end: 2023-06-20 00:52:50.819869
