= Logs of language model for Latvian (lv) =

- Generated by BuildLangModel.py
- Started: 2023-06-20 07:22:32.242010
- Maximum depth: 4
- Max number of characters: 3000000

== Parsed pages ==

Zigfrīds Anna Meierovics (revision 3744446)
Phonetics (revision 3671142)
Linguistics (revision 3805296)
Alphabet (revision 3514684)
Language (revision 3660001)
Pratchett (revision 3809704)
Grammar (revision 3790693)
History (revision 3835954)
Folklore (revision 3849377)
Biology (revision 3621997)
Plant (revision 3629219)
Animal (revision 2997966)
computer (revision 2542142)
Robot (revision 3701707)
Technology (revision 3869087)
Writing (revision 3812785)
Video Game (revision 2288458)
Music (revision 3452353)
Food (revision 3690688)
Politics (revision 3009755)
Earth (revision 3641764)
Ocean (revision 3809365)
Amazon (revision 3689163)
Aguilera (revision 2960465)
Morse Code (revision 3094516)
Streptococcus (revision 2462886)
Virus (revision 3675715)
Bacteria (revision 3471582)
Bird (revision 3694970)
Steel (revision 3869210)
Chemistry (revision 1970469)
Weather (revision 2496584)
Scholar (revision 3867879)
Supernova (revision 3449993)
Lord of Chaos (revision 2755462)
A. V. Peters House (revision 3836568)
FN P90 (revision 3604559)
Vision (revision 3654066)
Satīra (revision 3578210)
Trusis Džodžo (revision 3839911)
Kvadrāts (filma) (revision 3839988)
Halikarnāsas mauzolejs (revision 3351303)
Džons Olivers (revision 3831362)
Osmaņu impērijas tērpi (revision 1071439)
Šūna (revision 3787052)
Ādolfs Erss (revision 3559508)
Loka šaušana 2008. gada vasaras olimpiskajās spēlēs sievietēm (revision 3731252)
Flower of Scotland (revision 2400918)
Émilie Simon (albums) (revision 2908142)
The Flowers of Romance (revision 3829489)
Maroon 5 (revision 3228671)
Goldija Hona (revision 3661112)
Zieds (revision 3766097)
Progresīvā rokmūzika (revision 3101230)
Emīlija Simona (revision 3353162)
IGOR (revision 3835997)
Tyler, The Creator (revision 3712652)
valstij (revision 3854043)
Kara flote (revision 3843468)
Umaņa (revision 3608174)
Tautas attīstības indekss (revision 3829368)
I'm Not Human (revision 3831376)
Valstu saraksts pēc Tautas attīstības indeksa (revision 3715472)
The Humans (revision 3391697)
Sintpops (revision 2911470)
Subatomāra daļiņa (revision 3112297)
Cilvēki (revision 3628575)
Džodija Viljamsa (revision 3650296)
Virgin Records (revision 2659636)
TILTS Communications (revision 3535003)
Near field communication (revision 2941260)
Sony Mobile Communications (revision 3466700)
.zm (revision 2644703)
Yahsat 1A (revision 3134181)
Marconi Communications (revision 2900783)
.az (revision 3775995)
Yahsat 1B (revision 3134182)
Kosmos-2507 (revision 3069609)
Kosmos-2508 (revision 3069608)
Kodijs Glass (revision 3857633)
Valmiera Glass VIA (basketbols) (revision 3848467)
Valmiera FC (revision 3825115)
Hjū Glāss (revision 3652107)
Valmiera Glass VIA (telpu futbola komanda) (revision 2947221)
Valmieras stikla šķiedra (revision 3689800)
Alise Aizspogulijā (filma) (revision 3756396)
Filips Glāss (revision 3555457)
Matnakašs (revision 3705881)
Maize (revision 3800181)
Brusketa (revision 3324909)
Uzbrukums Čerņihivas civiliedzīvotājiem (revision 3833480)
Romas Katoļu baznīca (revision 3844472)
Libene (Šprēvalde) (revision 3476836)
Darba pierādījums (revision 2782106)
Kings Vidors (revision 3863833)
Nacionālo dzīvnieku uzskaitījums (revision 3833427)
Baltu valodas (revision 3717792)
Čārlijs Čaplins (revision 3842969)
Čaplins (filma) (revision 3783525)
Džeraldīna Čaplina (revision 3852589)
UEFA Intertoto kauss (revision 3463204)
Lielais diktators (revision 3857821)
Kinoakadēmijas goda balva (revision 3868774)
United Artists (revision 3785065)
1889. gads (revision 3792189)
25. decembris (revision 3724395)
Čaplins (revision 3842969)
Yellow Submarine (albums) (revision 3568823)
Girlfriend (revision 3370174)
80 dienās apkārt zemeslodei (1956. gada filma) (revision 3764401)
Ragi (žests) (revision 2518139)
Ringo Stārs (revision 3613513)
Narkotiku zemūdene (revision 3804261)
Nokia (revision 3794544)
Alcatel-Lucent (revision 3157097)
Sgt. Pepper's Lonely Hearts Club Band (revision 3707219)
Sandhērstas Karaliskā militārā akadēmija (revision 3719552)
Kosmos-2520 (revision 3007532)
Valstu uzskaitījums pēc militārā personāla lieluma (revision 3793587)
100 mm lauka lielgabals M1944 (BS-3) (revision 3158412)
Kosmos-2526 (revision 3069568)
Meridian № 6 (revision 3273009)
Kazarmas (revision 2912726)
Vads (armija) (revision 3855174)
Kosmos-2532 (revision 3069619)
Kosmos-2531 (revision 3069617)
Starptautiskā matemātikas olimpiāde (revision 3669592)
41. šaha olimpiāde (revision 3605313)
40. šaha olimpiāde (revision 3605314)
30. šaha olimpiāde (revision 3115862)
1976. gada neoficiālā šaha olimpiāde (revision 3811517)
32. šaha olimpiāde (revision 2845081)
2032. gada vasaras olimpiskās spēles (revision 3691335)
31. šaha olimpiāde (revision 3791657)
33. šaha olimpiāde (revision 3605310)
Valstu uzskaitījums vasaras olimpiskajās spēlēs (revision 3795642)
Alfrēds Mahens (revision 3863505)
Rīgas Tirdzniecības osta (revision 3491738)
Zemūdene (revision 3806059)
Ģeopolitika (revision 3863464)
Hercogs Jēkabs (kuģis) (revision 3689662)
Auces ģerbonis (revision 3511604)
Francijas Dienvidjūru un Antarktikas Zemes (revision 3115323)
Aija (kuģis) (revision 3788990)
Zvejas kuģis (revision 3784958)
Hebridu jūra (revision 3739781)
Beringa jūra (revision 3727991)
Uldis Briedis (revision 3859055)
Piemineklis bojā gājušajiem jūrniekiem un zvejniekiem (revision 3858721)
Ašmora un Kartjē Salas (revision 3441351)
Bresta (Francija) (revision 3612185)
Automātiskā identifikācijas sistēma (revision 3660024)
ASV Jūras kara flote (revision 3869438)
Turcijas Gaisa spēki (revision 3850120)
PSRS Gaisa spēki (revision 3869430)
Osmaņu impērijas flote (revision 3748508)
DHL Ecuador (revision 2928513)
Swiss International Air Lines (revision 2398330)
Aeroflot (revision 3715918)
Flotiles admirālis (revision 3015369)
Sanpedru un Sanpaulu salas (revision 3596881)
Fernāns Magelāns (revision 3833337)
Reinholds Bernhards (revision 3822785)
Latvijas Kara flote (revision 3600883)
Juris Zariņš (inženieris) (revision 3268954)
Novaja Ladoga (revision 3621054)
Ingus Vizulis (revision 3647281)
Spānijas—ASV karš (revision 3855702)
Našvilas "Predators" (revision 3858590)
Operācija: Hunter Killer (revision 3429223)
31. janvāris (revision 3808513)
Teo de Rāts (revision 2378501)
Stellans Skašgords (revision 3749999)
Leonardo Di Kaprio (revision 3844561)
Baltimora (revision 3735046)
Valmiera/ORDO (revision 3833572)
Gatis Kalniņš (revision 3300526)
Valmiera (revision 3861336)
Marks Bogdanovs (revision 3477937)
Latvijas futbola Nākotnes līga (revision 3828688)
Basketbola komanda (revision 3097464)
Telpu futbola komanda (revision 3796526)
Valmiera Glass (revision 3689800)
Revolver (albums) (revision 3568810)
Džordžs Mārtins (revision 3792805)
The Beatles (revision 3870603)
The Beatles (albums) (revision 3568820)
Abbey Road (revision 3684377)
Strawberry Fields Forever (revision 3461781)
Baltijas kara flote (revision 3122080)
PSRS Jūras kara flote (revision 3869928)
Dzeltenā flote (revision 3766725)
Admirālis (revision 3714810)

== End of Parsed pages ==

- Number of pages processed: 239
- Number of characters consumed: 445893

- Wikipedia parsing ended at: 2023-06-20 07:28:19.200133

56 characters appeared 445893 times.

Most Frequent characters:
[ 0] Char a: 12.041678160455534 %
[ 1] Char i: 9.364802766583015 %
[ 2] Char s: 8.166084688479074 %
[ 3] Char e: 5.972733368767844 %
[ 4] Char t: 5.7354567127091025 %
[ 5] Char r: 5.662793540154253 %
[ 6] Char u: 4.733198323364574 %
[ 7] Char n: 4.588096247305968 %
[ 8] Char o: 4.20437190088205 %
[ 9] Char ā: 3.832758083217274 %
[10] Char l: 3.788128542049326 %
[11] Char k: 3.743499000881377 %
[12] Char m: 3.5699147553336785 %
[13] Char d: 3.2184851522674722 %
[14] Char p: 2.8441801059895537 %
[15] Char v: 2.6012967236534323 %
[16] Char j: 2.353479422193217 %
[17] Char g: 1.7656702392726507 %
[18] Char b: 1.6914371833601334 %
[19] Char z: 1.607784827301617 %
[20] Char ī: 1.5898433032139998 %
[21] Char ē: 1.5431953405861945 %
[22] Char c: 1.3456143065713073 %
[23] Char š: 0.8493068964975903 %
[24] Char f: 0.6084419356213262 %
[25] Char ņ: 0.475450388321862 %
[26] Char ū: 0.40166587051153524 %
[27] Char h: 0.39740475854072616 %
[28] Char ļ: 0.32362024073039947 %
[29] Char ž: 0.2314456607302649 %
[30] Char ģ: 0.18614331240903087 %
[31] Char č: 0.1437564617520347 %
[32] Char y: 0.1363555830658925 %
[33] Char ķ: 0.11998394233594158 %
[34] Char w: 0.0827552798541354 %
[35] Char x: 0.03835000773728226 %
[36] Char æ: 0.010540645401475241 %
[37] Char q: 0.008746492992713498 %

The first 38 characters have an accumulated ratio of 0.9997847017109491.
The first 5 characters have an accumulated ratio of 0.4128075569699457.
All characters whose order is over 23 have an accumulated ratio of 0.031646605800046204.

1030 sequences found.

First 642 (typical positive ratio): 0.9950038811281146
Next 172 (814-642): 0.004006497888719651
Rest: 0.0009896209831657954

- Processing end: 2023-06-20 07:28:19.374172
