= Logs of language model for Turkish (tr) =

- Generated by BuildLangModel.py
- Started: 2023-07-08 19:10:36.990738
- Maximum depth: 4
- Max number of characters: 4000000

== Parsed pages ==

Destilando Amor (revision 29316237; CACHED)
Sōja (revision 25963072; CACHED)
1920 Yaz Olimpiyatları'nda yelken (revision 29040002; CACHED)
Elektrokimyasal gradyan (revision 28632937; CACHED)
...Ready for It? (revision 25843501; CACHED)
Güryaprak, Oltu (revision 27081341; CACHED)
Kanon (revision 29710831; CACHED)
Çağlayan, Hayrat (revision 29917159; CACHED)
Altıkesek, Pınarbaşı (revision 27167253; CACHED)
Bizans Rumları (revision 29776714; CACHED)
Eurovision Çocuk Şarkı Yarışması birincileri (revision 28936911; CACHED)
Samsun Saat Kulesi (revision 29506121; CACHED)
Geyik eti (revision 29836508; CACHED)
Mirliva (revision 28960508; CACHED)
Drusus Caesar (revision 27435688; CACHED)
Streptococcus (revision 28929132; CACHED)
NGC 4800 (revision 26004598; CACHED)
Kaman K-225 (revision 24643641; CACHED)
Kuşdili Deresi (revision 28963730; CACHED)
Kıranyağmur, Ulubey (revision 27096672; CACHED)
Hannan Özüberk (revision 27509449; CACHED)
Balıkçılık bilimi (revision 27736940; CACHED)
Taşıyıcı boji (revision 28914288; CACHED)
Lucius Junius Brutus (revision 28395794; CACHED)
306 ve 639 bölge kodları (revision 29745605; CACHED)
Katara (revision 28022343; CACHED)
Sonya Deville (revision 28971636; CACHED)
Zhalantun Chengjisihan Havalimanı (revision 29804646; CACHED)
Uluslararası Matematik Olimpiyatı (revision 29229756; CACHED)
Welter sıklet boks şampiyonları listesi (revision 28858563; CACHED)
Novatiyanizm (revision 29096038; CACHED)
Haliliye (revision 29065910; CACHED)
Tahsin Burcuoğlu (revision 27196154; CACHED)
Marcel Barthel (revision 29745366; CACHED)
Mutluca, Ömerli (revision 29040571; CACHED)
Lucius Caesar (revision 27435687; CACHED)
Çeltikçi, Bergama (revision 27122026; CACHED)
Jazze Pha (revision 25095244; CACHED)
Organik yarı iletken (revision 29759115; CACHED)
Cynthia Watros (revision 29575348; CACHED)
Güney Sudan arması (revision 28866281; CACHED)
1997 Arnavutluk'ta iç karışıklıklar (revision 27672209; CACHED)
Paleojen (revision 29527743; CACHED)
Bir Yudum Sevgi (revision 29615257; CACHED)
NGC 5552 (revision 27902275; CACHED)
Kaplin (revision 24888919; CACHED)
Emin el-Hüseynî (revision 29707634; CACHED)
Syston (revision 27488341; CACHED)
GP Industria & Artigianato (revision 27170554; CACHED)
2014 Supercopa de España (revision 29413432; CACHED)
Tramvay (revision 28870549; CACHED)
WWE Stomping Grounds (revision 28299078; CACHED)
Flower (revision 27864420; CACHED)
Serdar Aziz (revision 29846130; CACHED)
Dope Boys (revision 25078503; CACHED)
Eurovision Şarkı Yarışması'nda Ermenistan (revision 29924493; CACHED)
Kamıştaş, Battalgazi (revision 28295166; CACHED)
Scano di Montiferro (revision 29720939; CACHED)
Yaşgünü Kızı (revision 28889231; CACHED)
Britanya'daki halk şifacıları (revision 27701597; CACHED)
Mask Müzesi (revision 29005018; CACHED)
The Beatles' 1966 US tour (revision 29524149; CACHED)
Başkent Şafakspor FK (revision 29314873; CACHED)
Office of the President (Republic of China) (revision 29364766; CACHED)
Peter Bazalgette (revision 24319920; CACHED)
Nijhoffia (revision 28445253; CACHED)
Yasin Haşimoğlu, Oltu (revision 27112420; CACHED)
Shinsuke Nakamura (revision 28896145; CACHED)
Belgorod Oblastı (revision 29625885; CACHED)
Serdar Denktaş (revision 29147335; CACHED)
Doppler radar (revision 28825469; CACHED)
Sığır (revision 29528023; CACHED)
Club Always Ready (revision 26762140; CACHED)
Bottrop (revision 29572382; CACHED)
Çekmeden, Vezirköprü (revision 27119953; CACHED)
Saksan FK (revision 29053694; CACHED)
At the Apollo (revision 26811403; CACHED)
Anasaziler (revision 27789048; CACHED)
Kim Jung-hyun (revision 23870306; CACHED)
Bikenibeu Paeniu (revision 29718977; CACHED)
István Kovács (hakem) (revision 22745245; CACHED)
FileMaker Inc. (revision 28743894; CACHED)
Sydney Chaplin (revision 28120349; CACHED)
Dünya Üniversite Oyunları (revision 29871902; CACHED)
Şêrko Bêkes (revision 29400240; CACHED)
Bütün Şiirleri (1927-1991) (revision 29871082; CACHED)
Newton (platform) (revision 29740304; CACHED)
Ronan (şarkı) (revision 25458129; CACHED)
Demirtaş, Oltu (revision 27072972; CACHED)
Hakkı Akansel (revision 29571961; CACHED)
Mikâil Arhangel Kilisesi (revision 29378554; CACHED)
A Woman of the Sea (revision 27507597; CACHED)
Muadelet Tibet (revision 29054370; CACHED)
Carlos De León (revision 25069843; CACHED)
1349 Bechuana (revision 29285923; CACHED)
Fil polosu (revision 28373422; CACHED)
Flavarchaea (revision 28497462; CACHED)
Uluslararası Felsefe Olimpiyatı (revision 28837842; CACHED)
1. Selanikliler (revision 29550907; CACHED)
First National (revision 28112576; CACHED)
2014 Afrika Güreş Şampiyonası (revision 29094961; CACHED)
Fleaker (revision 29479145; CACHED)
2014-15 UEFA Avrupa Ligi ön eleme ve play-off turu (revision 29910360; CACHED)
Tori (revision 28923380; CACHED)
Venezuela'daki Yahudilerin tarihi (revision 29578825; CACHED)
2021 FIVB Voleybol Kadınlar Milletler Ligi (revision 28014129; CACHED)
Voleybol (revision 29881397; CACHED)
Balıkesirspor (revision 29853798; CACHED)
İstanbul'un Kurtuluşu (revision 29458554; CACHED)
Bizans Riti (revision 28966851; CACHED)
Mondros Ateşkes Antlaşması (revision 29792195; CACHED)
Avrupa'da ekmek (revision 29557401; CACHED)
Karartma Geceleri (film) (revision 28383452; CACHED)
Bird (revision 29566071; CACHED)
Renhuai (revision 25096613; CACHED)
Çengelli, Suruç (revision 27122056; CACHED)
Goodison Park (revision 27666530; CACHED)
Thelotremataceae (revision 28427017; CACHED)
Erzurum'da 1939 Türkiye genel seçimleri (revision 28541043; CACHED)
Hello, Dolly! (film) (revision 29302743; CACHED)
Nantong (revision 26624677; CACHED)
Lenf nodu (revision 29527589; CACHED)
Sierra Leone arması (revision 27486871; CACHED)
Bendeniz'den (revision 28782315; CACHED)
Sheila Vogel-Coupe (revision 29214949; CACHED)
Andaman Denizi (revision 29371726; CACHED)
Bogomilizm (revision 29572274; CACHED)
Crenulister (revision 28426343; CACHED)
Tennessee Titans (revision 27445588; CACHED)
Münster-Angelmodde (revision 26730100; CACHED)
Bakanlar Kurulu (Irak) (revision 29706221; CACHED)
Kartuş (sanat) (revision 25547887; CACHED)
House (6. sezon) (revision 25545761; CACHED)
400 mm hat açıklığı (revision 29207442; CACHED)
Hem Yaratıyorsun Hem Unutuyorsun (revision 29384341; CACHED)
Koga, Ibaraki (revision 27529622; CACHED)
Uluslararası Boks Federasyonu (revision 29060254; CACHED)
Psydrinae (revision 28005660; CACHED)
Serdar Deniz (revision 29052599; CACHED)
Caesar (video oyunu) (revision 28327651; CACHED)
Kumul Havalimanı (revision 27426885; CACHED)
Breitenfeld Muharebesi (1631) (revision 29752313; CACHED)
1998-99 3. Lig (revision 29518438; CACHED)
Kadınlar 2. Ligi (revision 29893885; CACHED)
Jinan (revision 25348747; CACHED)
Akif Erdemgil (revision 27995268; CACHED)
Toprağın Kanı (revision 29748926; CACHED)
Jonatan Cerrada (revision 29051231; CACHED)
Anilin (revision 25790722; CACHED)
Doğu Avrupa Saati (revision 29776807; CACHED)
Forza Horizon 4 (revision 28552867; CACHED)
1953 LFF Lyga (revision 29351514; CACHED)
Ozan, Bafra (revision 28306311; CACHED)
Erik (güreşçi) (revision 25142730; CACHED)
Gökçeören, Kaş (revision 29504256; CACHED)
Kişilik psikolojisi (revision 29803311; CACHED)
Óscar Chávez (revision 26087205; CACHED)
Danimarka (revision 29675284; CACHED)
Dichoglena (revision 29839964; CACHED)
Bert van Marwijk (revision 28235530; CACHED)
Teutoburg Ormanı (revision 29501886; CACHED)
Zehir (revision 29421865; CACHED)
1897 FA Cup Finali (revision 29412730; CACHED)
Philadelphia (revision 29570752; CACHED)
Carl Frampton (revision 28670538; CACHED)
Jens Gustafsson (revision 26270978; CACHED)
Burak Yılmaz (revision 29913480; CACHED)
Yale University Press (revision 29854859; CACHED)
Chris Blackwell (revision 29753777; CACHED)
Böcek (film, 1995) (revision 26233130; CACHED)
Brezilya'daki şehirler listesi (revision 27536144; CACHED)
Amerikan Müzik Ödülleri (revision 28858038; CACHED)
Atletizm kısaltmaları (revision 26105781; CACHED)
İnci Çayırlı (revision 29891130; CACHED)
Sovyet Devrimi (revision 29534060; CACHED)
1 Lyga (revision 28208978; CACHED)
Fahrettin Kerim Gökay (revision 29902766; CACHED)
Yumurtalı ekmek (revision 29598185; CACHED)
History (revision 28292536; CACHED)
1960 Yaz Olimpiyatları'nda Hollanda (revision 29857595; CACHED)
Simit kebabı (revision 26800153; CACHED)
Politics (revision 29863778; CACHED)
Penis (revision 29828329; CACHED)
TUSAŞ T-129 Atak (revision 29908748; CACHED)
2008 FIFA Futsal Dünya Kupası (revision 24674021; CACHED)
1999 Hirayama (revision 24502537; CACHED)
Avar mutfağı (revision 28485795; CACHED)
Irak'ta siyaset (revision 25126493; CACHED)
Belucistan, Pakistan (revision 27767635; CACHED)
Art Directors Guild Ödülleri (revision 28272739; CACHED)
1048 Feodosia (revision 29308686; CACHED)
Doddiella (revision 29841992; CACHED)
1956 Ballon d'Or (revision 28689599; CACHED)
Hybrid Air Vehicles HAV 304 Airlander 10 (revision 28155293; CACHED)
Arjantin bayrağı (revision 29815424; CACHED)
The Masquerader (film, 1914) (revision 29325083; CACHED)
Jack Lemmon (revision 29686038; CACHED)
HD 33833 (revision 25828682; CACHED)
Phonetics (revision 28763221; CACHED)
Grup başkanı (revision 29837145; CACHED)
Romanya Millî Kütüphanesi (revision 28488275; CACHED)
1996 Avrupa Salon Atletizm Şampiyonası - Kadınlar gülle atma (revision 28904255; CACHED)
Mide ülseri hastalığı (revision 28149965; CACHED)
The Singh Brothers (revision 28629869; CACHED)
Mustafa Dağıstanlı Spor Salonu (revision 29814235; CACHED)
Hüseyin Arabacı (revision 29800170; CACHED)
Platanistoidea (revision 27566578; CACHED)
Serbest oylama (revision 29873073; CACHED)
Jūrmala (revision 25772322; CACHED)
Cenk Sarkuş (revision 28191070; CACHED)
Yayımla ya da yok ol (revision 29407568; CACHED)
Londra Şehri (revision 29576614; CACHED)
Arıtaş, Oltu (revision 29815605; CACHED)
Yeni Dünya: Amerika'nın Keşfi (revision 27677378; CACHED)
Jennifer Todd (revision 26960723; CACHED)
Tex-Mex (revision 29617359; CACHED)
Salih Salihoğlu (revision 29015138; CACHED)
Haloklin (revision 27984298; CACHED)
Marjorie Taylor Greene (revision 29146092; CACHED)
Cebeli, Vezirköprü (revision 27071675; CACHED)
ISU World Synchronized Skating Championships (revision 28484380; CACHED)
Antakyalı Maria (revision 27642797; CACHED)
Amazona lilacina (revision 27700853; CACHED)
Amazon denizineği (revision 23205376; CACHED)
Powerless (Say What You Want) (revision 27607471; CACHED)
Gott ist mein König, BWV 71 (revision 27651599; CACHED)
Linda Thorson (revision 28487787; CACHED)
1622 Chacornac (revision 26755566; CACHED)
1974-75 Albanian Superliga (revision 29802981; CACHED)
Cayıl ilçesi (revision 24184930; CACHED)
Münster-Häger (revision 24277577; CACHED)
Yıldıztabya, Gaziosmanpaşa (revision 29332385; CACHED)
1997-98 3. Lig (revision 29518437; CACHED)
2010 Copa del Rey Finali (revision 29413107; CACHED)
Manipur (revision 24948859; CACHED)
Zeynep Bastık (revision 29890565; CACHED)
Gitar (revision 29877656; CACHED)
Animal (revision 29898622; CACHED)
Eretna Beyliği (revision 29803704; CACHED)
Kıymalı pide (revision 27175053; CACHED)
Limasol (revision 29718020; CACHED)
Yarıçap (revision 25737873; CACHED)
Kuruağıl, Kırşehir (revision 29405580; CACHED)
Iridium Satellite LLC (revision 29352520; CACHED)
Ohotsk Denizi (revision 29379947; CACHED)
Max Kurzweil (revision 29363748; CACHED)
Marvin Chávez (revision 29636048; CACHED)
Tözgün, Pınarbaşı (revision 28316283; CACHED)
Şah Cihan (revision 25918879; CACHED)
1991-92 3. Lig (revision 29893417; CACHED)
Neşeli Günler (film, 1965) (revision 29577784; CACHED)
Birinci seviye UEFA liglerindeki takımlar listesi (revision 29910357; CACHED)
Fairey Firefly (revision 28237763; CACHED)
Bergama (revision 29910829; CACHED)
Haçlı Seferleri (revision 29718008; CACHED)
Elvedin Džinić (revision 28881637; CACHED)
Yalbuz (revision 28443964; CACHED)
1935'te Türkiye (revision 29426350; CACHED)
Novoçeboksarsk (revision 29731528; CACHED)
Kristina Lugn (revision 29767117; CACHED)
Kenny Rogers (revision 27423591; CACHED)
Misiones (eyalet) (revision 28704742; CACHED)
Pentanchus (revision 28121395; CACHED)
Christopher Newport (revision 27304528; CACHED)
Kayahan'ın En İyileri No.1 (revision 25144328; CACHED)
Big Machine Records (revision 25820069; CACHED)
Mor bakteri (revision 29150331; CACHED)
Pardosa hartmanni (revision 28340482; CACHED)
Chūkyō (bölge) (revision 25962342; CACHED)
Viral disease (revision 28140003; CACHED)
Bayatlı, Şehitkamil (revision 29276143; CACHED)
Bakteriyel konjugasyon (revision 26751808; CACHED)
ManyVids (revision 27531013; CACHED)
Apollo 15 (revision 29501033; CACHED)
The R.E.D. Album (revision 25097700; CACHED)
1946 LFF Lyga (revision 29542759; CACHED)
George Albert Boulenger (revision 28869970; CACHED)
Meristolohmannia (revision 28700280; CACHED)
Hayvanların Tarihi Üzerine (revision 29524634; CACHED)
Wilmar Roldán (revision 24230017; CACHED)
Alyuvar (revision 29436245; CACHED)
Elektroteks (revision 28473285; CACHED)
Chartered Chemist (revision 29803779; CACHED)
TUSAŞ Şimşek (revision 29804281; CACHED)
Göğceli Camii (revision 29040206; CACHED)
Zoran Filipović (revision 28818343; CACHED)
Corvus Corax (müzik grubu) (revision 29575336; CACHED)
Eleanor Rigby (revision 29422687; CACHED)
-stan (revision 29673231; CACHED)
Dünya Polo Şampiyonası (revision 25160332; CACHED)
Born Free (revision 27295474; CACHED)
Film endüstrisi (revision 28020152; CACHED)
Sağlıca, Artova (revision 28309164; CACHED)
Fransa (revision 29914905; CACHED)
NGC 4772 (revision 27555888; CACHED)
İnna Makarova (revision 25102331; CACHED)
Doğu Çin Denizi (revision 29513657; CACHED)
Dünya U23 Güreş Şampiyonası (revision 29091086; CACHED)
Weather (revision 27432503; CACHED)
Babür bahçeleri (revision 29577317; CACHED)
Call It What You Want (Taylor Swift şarkısı) (revision 25843763; CACHED)
Liga MX (revision 29859276; CACHED)
Şişli (revision 29861364; CACHED)
Ön mayalama (revision 29879296; CACHED)
Bozdoğan, Mut (revision 28280139; CACHED)
Şarbon (revision 28019376; CACHED)
Ludres (revision 25759943; CACHED)
Azerbaycan'da Yahudilik (revision 29832614; CACHED)
Lecanogaster (revision 28287084; CACHED)
Philippe Sollers (revision 29867637; CACHED)
Szeged (revision 28772676; CACHED)
Vahiy Kitabı (revision 29600003; CACHED)
Ferrit çekirdek (revision 29915179; CACHED)
Ljubljana (revision 29600327; CACHED)
Willy Wellens (revision 29726681; CACHED)
Tavuş (revision 28314886; CACHED)
Cristiana Capotondi (revision 29347664; CACHED)
OT (dergi) (revision 27630429; CACHED)
FishBase (revision 26662504; CACHED)
Dinçer Sümer (revision 27360601; CACHED)
Siobhan Reddy (revision 29370942; CACHED)
Niidu (revision 29785502; CACHED)
Grupo de Florida (revision 28799998; CACHED)
Stockholm International Fairs (revision 29880783; CACHED)
Da'Vone McDonald (revision 29887319; CACHED)
1988-04-09 (revision 29795692; CACHED)
Vincente Minnelli (revision 29647644; CACHED)
Myxosoma (revision 29124400; CACHED)
Gümüş Sandalye (revision 29685885; CACHED)
Kuzey Kafkasya'da çatışmalar (revision 29566402; CACHED)
"Sol" Komünizm, Bir Çocukluk Hastalığı (revision 29684301; CACHED)
Folk pop (revision 27750762; CACHED)
Davis Denizi (revision 25733304; CACHED)
Yakadere, Yapraklı (revision 29183140; CACHED)
Chthonomonadaceae (revision 28427020; CACHED)
Kızılağıl, Hacıbektaş (revision 28302917; CACHED)
Dabakhane, Battalgazi (revision 27072167; CACHED)
2016 Yaz Olimpiyatları'nda atlama (revision 28266076; CACHED)
Abdoulaye Wade (revision 29679995; CACHED)
Grammar (revision 29776013; CACHED)
Rotavirus (revision 29006943; CACHED)
Kaymakamlık (İzmir metrosu) (revision 29704690; CACHED)
Artist (film) (revision 29222562; CACHED)
Hacıabdi, Battalgazi (revision 27081756; CACHED)
Evde Curcuna (revision 29620779; CACHED)
David Kabua (revision 29666446; CACHED)
Gliwice (revision 29876462; CACHED)
Doğançam, Manavgat (revision 28283520; CACHED)
Goring Heath (revision 28464177; CACHED)
Ivar (güreşçi) (revision 25131292; CACHED)
Mikronezya'daki şehirler listesi (revision 29732027; CACHED)
Alvaro Crespi (revision 29335101; CACHED)
Cibuti arması (revision 23843405; CACHED)
Hancuka Yaylası (revision 26985524; CACHED)
Revolver (The Beatles albümü) (revision 29422682; CACHED)
Moleküler onkoloji (revision 29229631; CACHED)
Oleg Gusev (revision 27104392; CACHED)
Honda S800 (revision 29356657; CACHED)
United Press International (revision 24889767; CACHED)
Breaking the Fourth Wall (WandaVision) (revision 29527257; CACHED)
Başıbozuk (albüm) (revision 28333416; CACHED)
İtalyan Sosyalist Partisi (revision 29177084; CACHED)
Borore (revision 29724631; CACHED)
Technology (revision 29571511; CACHED)
Şeyhbeyli (revision 29314149; CACHED)
If Ever I Should Leave You (revision 27525267; CACHED)
EAC İşareti (revision 27769104; CACHED)
Gezi yazısı (revision 29417635; CACHED)
Virtüöz (revision 26157836; CACHED)
(I've Had) The Time of My Life (revision 27489609; CACHED)
Sözdizim (revision 29303506; CACHED)
Eljero Elia (revision 27965261; CACHED)
Santa Fe (eyalet) (revision 27920031; CACHED)
Opole (doğal alan) (revision 28710735; CACHED)
Korubu (revision 29571034; CACHED)
Bursa Atatürk Stadyumu (revision 29917711; CACHED)
Harambe'nin öldürülmesi (revision 29584309; CACHED)
Kıbrıs iskemlesi (revision 24550207; CACHED)
Botan (revision 29507777; CACHED)
Selmi Andak (revision 29457775; CACHED)
Türk Kurtuluş Savaşı Doğu Cephesi (revision 29578682; CACHED)
Taşıyıcı (epidemiyoloji) (revision 29322627; CACHED)
Bölgeye göre vampir folkloru (revision 29888088; CACHED)
Hasan Şeyh Mahmud (revision 29407705; CACHED)
Jens Esmark (revision 28602624; CACHED)
NeXTSTEP (revision 26780675; CACHED)
2018-19 1. Lig (revision 28596025; CACHED)
Amazon nehir yunusu (revision 27730414; CACHED)
Amazona oratrix tresmariae (revision 26047885; CACHED)
Aynoroz (revision 28022080; CACHED)
Drisheen (revision 29744068; CACHED)
Wingin' It (revision 20383697; CACHED)
Ayşe Erbulak (revision 29397136; CACHED)
Amaranthus cruentus (revision 27723669; CACHED)
Folklore (Nelly Furtado albümü) (revision 24993678; CACHED)
Amazona albifrons (revision 27730413; CACHED)
Meryem (revision 29881992; CACHED)
Steel (revision 29834447; CACHED)
Murat Bölükbaşı (revision 29891108; CACHED)
Amazon CloudFront (revision 29329805; CACHED)
Peynir küpü (revision 28855200; CACHED)
Agincourt (revision 29501411; CACHED)
Lombak (revision 27762427; CACHED)
Kristin Shrader-Frechette (revision 29320841; CACHED)
İsveç 7. Futbol Ligi (revision 29878659; CACHED)
Balçova (revision 29646507; CACHED)
Durum buğdayı (revision 29527366; CACHED)
Asar, Göynücek (revision 29240287; CACHED)
Sepp Blatter (revision 28432002; CACHED)
Seyhat (revision 29031438; CACHED)
1996 Adams (revision 28116782; CACHED)
Robin Aisher (revision 24431511; CACHED)
Mikrobiyom (revision 27271777; CACHED)
Brenden Aaronson (revision 29821652; CACHED)
Panto (revision 29890350; CACHED)
Daisuke Kikuchi (revision 28615667; CACHED)
Totiviridae (revision 28776078; CACHED)
Kopi Luwak (revision 29376858; CACHED)
Muammer Şahin (revision 29863360; CACHED)
Sam Sparro (revision 25081106; CACHED)
Evander Holyfield (revision 28978306; CACHED)
Tanana dilleri (revision 24316461; CACHED)
Francavilla al Mare (revision 29746697; CACHED)
Kadın Severse (film) (revision 28650488; CACHED)
Mehmet Ekici (futbolcu) (revision 29592542; CACHED)
Yıldırım Orduları Grubu (revision 28758071; CACHED)
Hububat (revision 26019017; CACHED)
Pacificana (revision 29074069; CACHED)
Honda Zest (revision 23863308; CACHED)
Amazon Kindle (revision 28575297; CACHED)
"Ukrayna" Sarayı (revision 29505067; CACHED)
Osetçe (revision 27657775; CACHED)
Novokuybışevsk (revision 27908450; CACHED)
Derrick Henry (revision 29480221; CACHED)
2019 Avrupa Salon Atletizm Şampiyonası - Kadınlar 60 metre engelli (revision 26446653; CACHED)
1. Petrus (revision 29550906; CACHED)
Maurya İmparatorluğu (revision 29378200; CACHED)
Sanhe (revision 25112401; CACHED)
Fermentasyon (revision 29729684; CACHED)
Khouma Babacar (revision 29553859; CACHED)
1990-06-01 (revision 29867339; CACHED)
Çubukspor 1959 (revision 29398666; CACHED)
Afganistan (revision 29812664; CACHED)
Lakça (revision 29593246; CACHED)
Leptofreya (revision 29834975; CACHED)
İran'nin köyleri (revision 29924184; CACHED)
Malatya'da 1987 Türkiye anayasa değişikliği referandumu (revision 29635964; CACHED)
Türkvizyon Şarkı Yarışması'nda Arnavutluk (revision 27620262; CACHED)
L.A. Guns (revision 29856372; CACHED)
Biology (revision 29721090; CACHED)
Samsun Bedesteni (revision 29187316; CACHED)
ZİL-130 (revision 28597976; CACHED)
1566 Icarus (revision 29455171; CACHED)
John Krueger (revision 25064923; CACHED)
Spelling (revision 27963454; CACHED)
Elmalı, Vezirköprü (revision 27075244; CACHED)
Mağrip Arapçası (revision 27530826; CACHED)
Yoshiaki Takagi (revision 22130731; CACHED)
Kısa kulvar sürat pateni (revision 28311934; CACHED)
George (Kent dükü) (revision 26271258; CACHED)
Küçük Azize (revision 28302347; CACHED)
Todd Haynes (revision 27621473; CACHED)
Tiran Parkı Yapay Gölü (revision 27287475; CACHED)
Moena (revision 29871869; CACHED)
Yenice, Hacıbektaş (revision 28318449; CACHED)
Ha Long Koyu (revision 25054710; CACHED)
Elazığspor 1997-98 sezonu (revision 29885724; CACHED)
Doğu Bloku (revision 28008131; CACHED)
Şefik Avni Özüdoğru (revision 28001611; CACHED)
Talat Zengin (revision 26952696; CACHED)
Gil Vicente FC (revision 29794737; CACHED)
Amazon Silk (revision 29272285; CACHED)
George Reader (revision 25808394; CACHED)
Küresel Sınır Stratotip Kesiti ve Noktası (revision 29742241; CACHED)
Santa Fe, Arjantin (revision 25670437; CACHED)
Simeon Sakskoburggotski (revision 28407923; CACHED)
Amaranthus chlorostachys (revision 28436413; CACHED)
Odatv (revision 29218065; CACHED)
Australian Faunal Directory (revision 29453282; CACHED)
Üç Kuruş karakterleri listesi (revision 29890185; CACHED)
Evermore (Taylor Swift albümü) (revision 28907026; CACHED)
1936 Copa del Rey Finali (revision 24605239; CACHED)
Çocuk felci (revision 29398629; CACHED)
Peter Møller (revision 25144739; CACHED)
1390 Abastumani (revision 28209616; CACHED)
Explode (revision 25452536; CACHED)
Food (revision 29414833; CACHED)
Kınık, Kaş (revision 25616286; CACHED)
The Great Lie (revision 28767146; CACHED)
Airbus A310 (revision 28894149; CACHED)
Moskova'daki sinemalar listesi (revision 29648116; CACHED)
Ante Ćorić (revision 28760270; CACHED)
Kur'an-ı Kerîm (revision 29883937; CACHED)
Bohemians Praha 1905 (revision 29789172; CACHED)
Eurovision Şarkı Yarışması'nda Norveç (revision 29819723; CACHED)
Aston Villa FC (revision 29788739; CACHED)
Gaius Caesar (revision 29635250; CACHED)
Powerbomb (revision 29516696; CACHED)
Franz Waxman (revision 29304535; CACHED)
Poggio Nativo (revision 29721800; CACHED)
RB Leipzig (revision 28926136; CACHED)
Lale Memmedova (revision 27507718; CACHED)
Mustafakemalpaşaspor (revision 29886206; CACHED)
2019 iHeartRadio Müzik Ödülleri (revision 24361768; CACHED)
Sofular, Vezirköprü (revision 27572461; CACHED)
1992 Dünya Fuarı (revision 28471840; CACHED)
Adenoviral keratokonjonktivit (revision 29341951; CACHED)
Gönen Mozaik ve Açık Hava Müzesi (revision 28781802; CACHED)
Sevdim Seni Bir Kere (revision 29350637; CACHED)
İngiliz Şövalyelik Nişanı (revision 29297569; CACHED)
Çeşme, İzmir (revision 29865316; CACHED)
Pteronura brasiliensis (revision 27133428; CACHED)
1984 (reklam) (revision 29821874; CACHED)
Capitol Punishment: The Megadeth Years (revision 27306861; CACHED)
Zygaenodini (revision 28487820; CACHED)
Argas cucumerinus (revision 28633841; CACHED)
Catamarca (eyalet) (revision 27732897; CACHED)
Cephalanthera (revision 26860021; CACHED)
Mustafa Kemal Paşa Metrobüs İstasyonu (revision 29516418; CACHED)
Kozan Katliamı (revision 29060178; CACHED)
Zhanjiang Havalimanı (revision 24988093; CACHED)
Azythromicin (revision 28788781; CACHED)
Labyrnavirus (revision 28825466; CACHED)
1809 Prometheus (revision 29413220; CACHED)
Haljala (revision 28664730; CACHED)
International Union of Railways (revision 28632038; CACHED)
Scholar (revision 29308662; CACHED)
Saadet Işıl Aksoy (revision 29785699; CACHED)
Karadiken, Mut (revision 28295726; CACHED)
CA Vélez Sarsfield (revision 28847099; CACHED)
Zurab Karumidze (revision 27653169; CACHED)
İslam'da psikoloji (revision 29577872; CACHED)
İbranilere Mektup (revision 29385544; CACHED)
Mortadella (revision 25083333; CACHED)
Graham Zusi (revision 27766612; CACHED)
Jül Sezar (revision 29788429; CACHED)
Arabistan (revision 29847568; CACHED)
Kaliforniya Üniversitesi (revision 29864063; CACHED)
Görice Kuzeybatı Havalimanı (revision 25088363; CACHED)
Özbekistan'daki havalimanları listesi (revision 29584081; CACHED)
Erkekler 400 metre engelli dünya rekorunun gelişimi (revision 29901888; CACHED)
Batyrbek Tsakulov (revision 27736420; CACHED)
Maynor Figueroa (revision 29592383; CACHED)
Ocean (revision 24910787; CACHED)
Zimbabve arması (revision 27294269; CACHED)
1968-69 Ekstraklasa (revision 29831222; CACHED)
Leopon (revision 29257088; CACHED)
Simon Clarke (revision 28906931; CACHED)
Michael Palin (revision 27841976; CACHED)
Chelon (revision 29068128; CACHED)
Awá halkı (revision 27546875; CACHED)
Bewsiella (revision 28633955; CACHED)
The Idle Class (film, 1921) (revision 29578577; CACHED)
Kitreli, Çiftlik (revision 29685437; CACHED)
Amazon Mechanical Turk (revision 27700807; CACHED)
Theridion familiare (revision 28586888; CACHED)
Submarine (film, 2010) (revision 28827143; CACHED)
Quadricellariidae (revision 28427523; CACHED)
Amazona versicolor (revision 27700869; CACHED)
Honda N360 (revision 29645366; CACHED)
Peter Charanis (revision 24303461; CACHED)
Plant (revision 25049960; CACHED)
Malmö Isstadion (revision 29502692; CACHED)
Milliyetçi (revision 29874900; CACHED)
Doppler (bina) (revision 29325214; CACHED)
...on the Radio (Remember the Days) (revision 25452245; CACHED)
Bette Midler (revision 29870570; CACHED)
Lullubiler (revision 29860847; CACHED)
Goodhart yasası (revision 29372947; CACHED)
Kolombiya (revision 29830946; CACHED)
Starz (revision 28617649; CACHED)
Türkmenbaşı (şehir) (revision 29775139; CACHED)
Soğuk algınlığı (revision 29728482; CACHED)
Hanya (revision 29920257; CACHED)
Fotios Papoulis (revision 29652570; CACHED)
/Film (revision 28265428; CACHED)
İki dereceli seçim (revision 27407781; CACHED)
Chamonix-Mont-Blanc (revision 24899721; CACHED)
Walter Frentz (revision 25082063; CACHED)
Jinshin Savaşı (revision 28870773; CACHED)
computer (revision 29915242; CACHED)
Kil tablet (revision 27406861; CACHED)
Titus'a Mektup (revision 29679028; CACHED)
Alex Turner (revision 29353076; CACHED)
Ermenistan'daki şehirler listesi (revision 29277407; CACHED)
Skirlaugh (revision 27245765; CACHED)
1. FSV Mainz 05 (revision 29092821; CACHED)
Limonlu Çayı (revision 27426234; CACHED)
Kayaüstü, Ömerli (revision 29040567; CACHED)
Leon Ruff (revision 25798514; CACHED)
Daykundi (revision 29158516; CACHED)
Querétaro FC (revision 28046105; CACHED)
Billy Chadwick (revision 25080002; CACHED)
1966 FIFA Dünya Kupası kadroları (revision 29856992; CACHED)
Dönüşüm Müzesi (revision 27044805; CACHED)
Manal (revision 29605937; CACHED)
WWE Night of Champions (revision 29240337; CACHED)
'Tis the Damn Season (revision 29251079; CACHED)
Fats Domino (revision 29877240; CACHED)
Ganj Nehri (revision 28914603; CACHED)
Sezen Cumhur Önal (revision 29388483; CACHED)
Beatlemania Hamburg (revision 29666652; CACHED)
Gökçeler, Yunusemre (revision 27079880; CACHED)
Standart hat açıklığı (revision 29104016; CACHED)
1071 Brita (revision 29425104; CACHED)
Paige (güreşçi) (revision 29166582; CACHED)
Chemistry (revision 24974654; CACHED)
Jonathan Coachman (revision 24312954; CACHED)
Robot (revision 27853090; CACHED)
Kavurmalı yumurta (revision 29584901; CACHED)
Herod Archelaus (revision 28293681; CACHED)
Coşkun Ehlidil (revision 27416376; CACHED)
Kamil Nesibov (revision 29326335; CACHED)
Altyapı sistemi (revision 24154051; CACHED)
1992 Yaz Olimpiyatları'nda atlama (revision 29040476; CACHED)
Lincang (revision 24517820; CACHED)
Demirkapı, Mut (revision 28282385; CACHED)
Pirsultan (revision 24296480; CACHED)
1. Lig (revision 29910661; CACHED)
Namibya (revision 29868983; CACHED)
Zeeman etkisi (revision 28686807; CACHED)
Jordan Morris (revision 29042889; CACHED)
Türlerin Yaşam Planı (revision 26903878; CACHED)
Adı Vasfiye (film) (revision 28687433; CACHED)
diode (revision 29238356; CACHED)
Greta Gerwig (revision 29191794; CACHED)
Rocko'nun Modern Yaşamı (revision 28951290; CACHED)
Novobrachylepis (revision 29726199; CACHED)
Edgar Allan Poe Müzesi (Richmond, Virginia) (revision 25016466; CACHED)
Prokaryot (revision 29127806; CACHED)
Ajaccio (revision 29159512; CACHED)
Karadolap, Eyüpsultan (revision 28919939; CACHED)
Zonguldak'ta 1965 Türkiye genel seçimleri (revision 28495420; CACHED)
Sezar Forumu (revision 29504303; CACHED)
Bronşiyolit (revision 29747999; CACHED)
Malatya'da 1939 Türkiye genel seçimleri (revision 28555059; CACHED)
Astrid Kirchherr (revision 27405148; CACHED)
Cërrik (revision 26235670; CACHED)
Sermaye şirketi (revision 27573306; CACHED)
Mickaël Poté (revision 29554096; CACHED)
İslam ve Hristiyanlık (revision 28843365; CACHED)
DNA'nın yapısı (revision 25931695; CACHED)
Seyir terası (revision 28978312; CACHED)
Lautaro Gianetti (revision 29651584; CACHED)
Banda Denizi (revision 29513730; CACHED)
1960 Yaz Olimpiyatları'nda Amerika Birleşik Devletleri (revision 24358396; CACHED)
Evcil yak (revision 29523813; CACHED)
Alphabet (revision 29117067; CACHED)
Mevlana, Şehitkamil (revision 29220127; CACHED)
Bütün Şarkılarım (revision 29798525; CACHED)
1931 Čapek (revision 29687420; CACHED)
Andaman ve Nicobar Adaları (revision 26624724; CACHED)
Yavuz (muharebe kruvazörü) (revision 29530490; CACHED)
Çekirdek Sanat Evi (revision 28948133; CACHED)
+1 km NEO (revision 29862759; CACHED)
Pronoia (revision 29709725; CACHED)
Herat Kalesi (revision 24225298; CACHED)
Süleyman Sabri (revision 27995426; CACHED)
Music (revision 29359340; CACHED)
2014-15 Ekstraklasa (revision 26918239; CACHED)
Duğla, Soma (revision 27074615; CACHED)
Münhasır ekonomik bölge (revision 27542473; CACHED)
Bacteria (revision 29664992; CACHED)
William Hartnell (revision 29395215; CACHED)
1980'ler (revision 27269088; CACHED)
Bizans İmparatorluğu'ndaki Yahudilerin tarihi (revision 29184476; CACHED)
Hardin County, Ohio (revision 27418570; CACHED)
Mohel (revision 24273893; CACHED)
Gawain (revision 27873751; CACHED)
İspanya Kraliyet Futbol Federasyonu (revision 29742045; CACHED)
Xinyang (revision 25042120; CACHED)
Netscape (revision 29379962; CACHED)
Kedi köpekbalığıgiller (revision 28113520; CACHED)
Koşu, Bafra (revision 28301227; CACHED)
Kurt Angle (revision 29516789; CACHED)
2023 Eurovision Çocuk Şarkı Yarışması'nda Hollanda (revision 28922412; CACHED)
Francesco Guicciardini (revision 29372506; CACHED)
Selman bin Abdülaziz el-Suud (revision 28722545; CACHED)
Mysis (revision 27271524; CACHED)
Caulimoviridae (revision 29295859; CACHED)
Özgürlük, Şehitkamil (revision 29220163; CACHED)
Ars technica (revision 27972105; CACHED)
Fıkıh usûlü (revision 27404304; CACHED)
Akbucak, Terme (revision 28270732; CACHED)
Nilüfer (şarkıcı) (revision 29652999; CACHED)
29 Orionis (revision 27682831; CACHED)
Tataristan bayrağı (revision 26091822; CACHED)
Darfo Boario Terme (revision 29787334; CACHED)
Fandango (güreşçi) (revision 26148268; CACHED)
DJ Paul (revision 28120510; CACHED)
Stony Brook, New York (revision 29509450; CACHED)
Amazona agilis (revision 28964753; CACHED)
Mollamahmud (revision 24274070; CACHED)
Selçuk dili (revision 29581457; CACHED)
Halkahavlı, Vezirköprü (revision 27082185; CACHED)
Azeri ressamlar listesi (revision 29395060; CACHED)
Geraldine Chaplin (revision 28894431; CACHED)
Maya Saban (revision 28254791; CACHED)
Yuri Gagarin Kozmonot Eğitim Merkezi (revision 27652634; CACHED)
Foston on the Wolds (revision 27078738; CACHED)
İtilaf Devletleri (revision 28887909; CACHED)
Beyaz yulaf (revision 26704585; CACHED)
Amazon Ormanları (revision 29245271; CACHED)
Smolensk (revision 25821435; CACHED)
Bahadur Aliyev (revision 28314116; CACHED)
Boyno, Şehitkamil (revision 29220259; CACHED)
Mewing (revision 28461906; CACHED)
Clermont County, Ohio (revision 29908196; CACHED)
Anna Vissi (revision 29325395; CACHED)
Karel Rada (revision 29697280; CACHED)
Uluslararası Biyoloji Olimpiyatı (revision 29908999; CACHED)
Köksalan, Şehitkamil (revision 29276123; CACHED)
Yolboyu, Oltu (revision 28739832; CACHED)
One Man Gang (revision 29547373; CACHED)
Yarenler, Ayancık (revision 29536788; CACHED)
Yalova (il) (revision 29888456; CACHED)
Friedrich Wilhelm (Brandenburg elektörü) (revision 28255816; CACHED)
Lord Lewis Ödülü (revision 29630406; CACHED)
Zhenkang (revision 29630312; CACHED)
Mesut Kara (revision 27871190; CACHED)
Es ist das Heil uns kommen her, BWV 9 (revision 29442545; CACHED)
José Sagredo (revision 26984463; CACHED)
Rail Wars! (revision 26793708; CACHED)
Irak'ta insan hakları (revision 29544951; CACHED)
Nurtepe, Şehitkamil (revision 29220131; CACHED)
"Superstar" Billy Graham (revision 29884377; CACHED)
Countdown to Extinction: Live (revision 27463613; CACHED)
Lust for Life (Lana Del Rey şarkısı) (revision 25839153; CACHED)
Lake County, Ohio (revision 27505106; CACHED)
İspanya'nın illeri (revision 29866729; CACHED)
Elbeyli, Mut (revision 29478443; CACHED)
Théo Mendy (revision 28576537; CACHED)
Kületek, Vezirköprü (revision 27095989; CACHED)
Tokat'ta Haziran 2015 Türkiye genel seçimleri (revision 29554182; CACHED)
Ege Adaları (revision 29294470; CACHED)
Hektar (revision 26709150; CACHED)
Ruhr bölgesi (revision 27661885; CACHED)
1494 Savo (revision 29425562; CACHED)
Ersel Aslıyüksek (revision 29655336; CACHED)
Mofos (revision 26531636; CACHED)
İtalyancanın romanizasyonu (revision 29718123; CACHED)
Mozzagrogna (revision 29722300; CACHED)
Tupinambá (revision 27504716; CACHED)
Erdal Öz (revision 28909605; CACHED)
Coniston, East Riding of Yorkshire (revision 27078657; CACHED)
Amazon Yahudileri (revision 28272251; CACHED)
Davranışsal finans (revision 28773748; CACHED)
Sudan Arapçası (revision 29924113; CACHED)
Mary Astor (revision 28303862; CACHED)
Öğle yemeği eti (revision 27747521; CACHED)
Bucakşeyhler (revision 27036184; CACHED)
Plants of the World Online (revision 29035756; CACHED)
Savaş tutsağı (revision 29578288; CACHED)
The Keys of Marinus (revision 27942131; CACHED)
Chris Messina (revision 28115067; CACHED)
NGC 4790 (revision 27555869; CACHED)
Fahrettin Altay (revision 29631773; CACHED)
Ekmek sosu (revision 29678910; CACHED)
Motosiklet taksi (revision 29833883; CACHED)
Hücre döngüsü (revision 29772070; CACHED)
Naomi Campbell (revision 29913922; CACHED)
No Hay Igual (revision 25452917; CACHED)
Fernando Botero (revision 29834359; CACHED)
Ahmet Suat Özyazıcı (revision 29811507; CACHED)
Baba Yaga (revision 29894590; CACHED)
Koray Baloğlu (revision 29903208; CACHED)
Cell relay (revision 29416189; CACHED)
Memphis Championship Wrestling (revision 25787075; CACHED)
Buddy Murphy (revision 24181288; CACHED)
David Otunga (revision 26921267; CACHED)
Veenendaal (revision 25769574; CACHED)
Sınıf Yayınları (revision 29819394; CACHED)
Plazas de soberanía (revision 29227544; CACHED)
The Aztecs (Doctor Who) (revision 27286142; CACHED)
George Sanders (revision 29444782; CACHED)
FIFA Yüzyılın Futbolcusu (revision 29895012; CACHED)
Gram-negatif (revision 28790254; CACHED)
2014 San Marino Süper Kupası (revision 29729732; CACHED)
Kazancık, Pınarbaşı (revision 29272998; CACHED)
Mutualizm (revision 29595788; CACHED)
Urumqi Air (revision 29113535; CACHED)
2015 Avrupa Oyunları'nda güreş - Erkekler grekoromen 66 kg (revision 27676243; CACHED)
1960 Yaz Olimpiyatları'nda Türkiye (revision 29640580; CACHED)
Suffolk Coastal (revision 29890297; CACHED)
Sebastián Driussi (revision 29822308; CACHED)
Palo del Colle (revision 29787356; CACHED)
Menengiç kahvesi (revision 29530995; CACHED)
Nughedu Santa Vittoria (revision 29722212; CACHED)
Arap rakamları (revision 25485490; CACHED)
Astroviridae (revision 28333142; CACHED)
Edmund Burke (revision 28704759; CACHED)
SoFi Stadyumu (revision 28813272; CACHED)
Serdar Keşçi (revision 29114533; CACHED)
Bakteri takımları listesi (revision 27351370; CACHED)
Şili arokaryası (revision 29767632; CACHED)
Slobodna Bosna (revision 28443879; CACHED)
Jes Høgh (revision 27043771; CACHED)
Doppler kayması (revision 29644714; CACHED)
Submarine Patrol (revision 26668919; CACHED)
Solanum dianthum (revision 27841581; CACHED)
Ahmet Hamdi Topçu (revision 28570331; CACHED)
Phleum (revision 29843627; CACHED)
Azerice (revision 29859274; CACHED)
Red Dragon Centre (revision 28809586; CACHED)
Magribî Arapça (revision 29824714; CACHED)
Putin'le telefon görüşmesi (revision 29386124; CACHED)
Phenuiviridae (revision 29728073; CACHED)
72 Orionis (revision 27300485; CACHED)
Yukigassen (revision 29574829; CACHED)
Colegio Nacional de Buenos Aires (revision 29508789; CACHED)
George Weah (revision 29729772; CACHED)
Orduspor 1967 (revision 29907101; CACHED)
Sualtı savaş (revision 26789246; CACHED)
Selfish (House) (revision 24234463; CACHED)
Üzümcü, Doğu Azerbaycan (revision 24345152; CACHED)
İspanya Devlet Konseyi (revision 29227524; CACHED)
Tataristan (revision 29780854; CACHED)
Conochiloides (revision 29757134; CACHED)
Salon netbolu (revision 27417483; CACHED)
Ada Lovelace (revision 29554901; CACHED)
Sweden (revision 29763198; CACHED)
Fazıl Ahmet Paşa, Vezirköprü (revision 27078948; CACHED)
Pontus Cumhuriyeti (revision 28844476; CACHED)
Bangladeş'te turizm (revision 29371009; CACHED)
Kuvâ-yi İnzibâtiye (revision 29576479; CACHED)
İşletim sistemi (revision 29922565; CACHED)
Çangallar, Terme (revision 27119159; CACHED)
Ninova (revision 29508170; CACHED)
Kenya pasaportu (revision 27427189; CACHED)
Grzegorz Krychowiak (revision 28819802; CACHED)
1977 Eurovision Şarkı Yarışması (revision 29612723; CACHED)
Ip Man (revision 28587435; CACHED)
Ivan Franek (revision 29716294; CACHED)
Kurtuluş Yurt (revision 29816708; CACHED)
Girne, Şehitkamil (revision 29220293; CACHED)
1089 Tama (revision 27952032; CACHED)
Roberto Rossellini (revision 29700057; CACHED)
Digimon Survive (revision 27357720; CACHED)
Aydınoğlu, Mut (revision 28273280; CACHED)
Trieste (revision 29878779; CACHED)
2015 İspanya genel seçimleri (revision 29826779; CACHED)
Emir Şekib Arslan (revision 28326880; CACHED)
Dagny Carlsson (revision 28124923; CACHED)
Jeanette Winterson (revision 28572584; CACHED)
Medieval II: Total War (revision 28655374; CACHED)
Avrupa Birliği'nin genişlemesi (revision 29817840; CACHED)
Baba (film) (revision 29900316; CACHED)
BACnet (revision 27260253; CACHED)
İsveç İmparatorluğu (revision 29800696; CACHED)
Mali muhafazakârlık (revision 28068367; CACHED)
İnokülasyon (revision 28755461; CACHED)
"Halkın Dostları" Kimlerdir ve Sosyal-Demokratlara Karşı Nasıl Savaşırlar? (revision 23694103; CACHED)
Socket FP2 (revision 29278258; CACHED)
Kruma (revision 25759384; CACHED)
Nesrin Cavadzade (revision 29916258; CACHED)
The Ox-Bow Incident (revision 28232503; CACHED)
Linguistics (revision 24251038; CACHED)
Van pastası (revision 29577929; CACHED)
Laß, Fürstin, laß noch einen Strahl, BWV 198 (revision 29362347; CACHED)
Justo Villar (revision 29852819; CACHED)
Satire (revision 28917864; CACHED)
Earth (revision 28807034; CACHED)
Sarıçavuş, Doğubayazıt (revision 29251930; CACHED)
Mysterious Woman (revision 26267872; CACHED)
Language (revision 27425412; CACHED)
Amman (revision 29404986; CACHED)
Best of Eurovision (revision 24098104; CACHED)
Arthur Barclay (revision 24332134; CACHED)
Evliya Çelebi (revision 29744909; CACHED)
Blink Home (revision 27288864; CACHED)
Orchis (revision 26860250; CACHED)
Maurice Hauriou (revision 25144513; CACHED)
Okyanusya (revision 29609783; CACHED)
Apple Inc. (revision 29794385; CACHED)
Wide-body aircraft (revision 25004577; CACHED)
Sucul (revision 29782386; CACHED)
Melek (revision 29660722; CACHED)
WSG Tirol (revision 28881630; CACHED)
Mehmet Enes Sığırcı (revision 29783695; CACHED)
Royal Rumble (2021) (revision 28242363; CACHED)
502. Ağır tank taburu (Almanya) (revision 25786888; CACHED)
Hive Hanlığı (revision 29567513; CACHED)
Kocaköy, Bergama (revision 27091261; CACHED)
Gahanna (revision 28330720; CACHED)
Barbra Streisand (revision 29871007; CACHED)
Suifenhe Havalimanı (revision 25006835; CACHED)
Kıpçak grubu (revision 29106077; CACHED)
Nakagin Kapsül Kulesi (revision 28954629; CACHED)
Cajeta (revision 28830847; CACHED)
Homeros (revision 29035305; CACHED)
The Plant List (revision 29035758; CACHED)
Borgia ailesi (revision 29116840; CACHED)
Ali İhsan Sabis (revision 28877785; CACHED)
Güzelyurt, Ulubey (revision 26681795; CACHED)
1992 (albüm) (revision 25145504; CACHED)
Amazona auropalliata (revision 25808619; CACHED)
Rosamund Pike (revision 29809066; CACHED)
Jämtkraft Arena (revision 29508271; CACHED)
Kabartma ajanı (revision 28632052; CACHED)
Nesidovelia (revision 29841690; CACHED)
Adobe Edge (revision 29773602; CACHED)
15 Temmuz Şehitler Köprüsü Metrobüs İstasyonu (revision 29836097; CACHED)
Annie (1982 film) (revision 27672421; CACHED)
Abraham Paşa (revision 27300443; CACHED)
LGV Interconnexion Est (revision 28399741; CACHED)
People Will Talk (revision 27500850; CACHED)
Nikenike Vurobaravu (revision 29545366; CACHED)
Harız, Bafra (revision 27821491; CACHED)
Sharmell (revision 29516660; CACHED)
Boyacı ve Kaldırım Çocukları (revision 29730956; CACHED)
Hüseyin Sermet (revision 29135943; CACHED)
Yitzhak Isaac Levy (revision 25539052; CACHED)
Human (revision 24994356; CACHED)
Bianchi cycling team (revision 29291108; CACHED)
Writing (revision 29694173; CACHED)
Aslı Bekiroğlu (revision 29864427; CACHED)
Wilson Palacios (revision 28109256; CACHED)
Carex brysonii (revision 28181250; CACHED)
Nöroloji (revision 29229593; CACHED)
Scarlett Bordeaux (revision 25822480; CACHED)
Süfyani (revision 29849362; CACHED)
Ernst Haeckel (revision 29855219; CACHED)
Türkiye siyasi tarihi (revision 29770926; CACHED)
Laurent Mosar (revision 28478712; CACHED)
NGC 1994 (revision 27477582; CACHED)
Meşelitürkmenler, Bafra (revision 27098396; CACHED)
NGC 3457 (revision 27723574; CACHED)
Jennifer Doudna (revision 27474517; CACHED)
Aslan (revision 29840696; CACHED)
Miguel Ángel Benítez (revision 28982260; CACHED)
Marie Louise of Bourbon-Parma (revision 29078809; CACHED)
Oklahoma City Hayvanat Bahçesi ve Botanik Bahçesi (revision 29510415; CACHED)
35 Orionis (revision 21268549; CACHED)
Spirochaetes (revision 28575371; CACHED)
1999 Allsvenskan (revision 29915926; CACHED)
Şeyhosman, Yapraklı (revision 29183137; CACHED)
I Don't Wanna Live Forever (revision 25838591; CACHED)
Serdar Gürler (revision 29773365; CACHED)
Blinding Lights (revision 29327587; CACHED)
We Are Never Ever Getting Back Together (revision 28312174; CACHED)
Auerbach in der Oberpfalz (revision 25690554; CACHED)
Plasmodesma (revision 28840530; CACHED)
Thomas Malory (revision 28196219; CACHED)
Tifdruk (revision 27339890; CACHED)
Evrenleryavşı, Manavgat (revision 27379330; CACHED)
Susan Wagner (revision 29325084; CACHED)
Irak Cumhuriyeti Demiryolları (revision 29642710; CACHED)
Başkomutanlık Meydan Muharebesi (revision 29371081; CACHED)
Excubitores (revision 29579825; CACHED)
Veteriner viroloji (revision 29397833; CACHED)
Aguilera (revision 29870007; CACHED)
1992 Kış Olimpiyatları'nda Türkiye (revision 24124839; CACHED)
Ur Çor Kağan (revision 24223251; CACHED)
Bekâret testi (revision 29165474; CACHED)
Senato (revision 28022595; CACHED)
NGC 3324 (revision 28100948; CACHED)
Filipa Moniz Perestrelo (revision 29013621; CACHED)
Seaton Ross (revision 27245757; CACHED)
Orhan Aktaş (revision 24941936; CACHED)
Asit haslığı (revision 27720225; CACHED)
Pilus (revision 24296309; CACHED)
Mickie James (revision 27641447; CACHED)
Melisa Şenolsun (revision 29532096; CACHED)
Roche limiti (revision 28874629; CACHED)
1997 İtalya Bisiklet Turu (revision 27918708; CACHED)
Pambazo (revision 29066178; CACHED)
2018 FIFA Dünya Kupası elemeleri - AFC Birinci Tur (revision 27678209; CACHED)
Taichi Kamiya (revision 25143039; CACHED)
Ermenistan Futbol Federasyonu (revision 24206193; CACHED)
Yaratılış miti (revision 29619312; CACHED)
Aslan Bjania (revision 29407828; CACHED)
Memlûk Hanedanı (Irak) (revision 29238264; CACHED)
1857 Meksika Anayasası (revision 28265458; CACHED)
Kilham, East Riding of Yorkshire (revision 27245699; CACHED)
Yaygılı, Harran (revision 27112618; CACHED)
Veli Kızılkaya (revision 29773430; CACHED)
Tunç Ünver (revision 28396260; CACHED)
Schottky diyot (revision 28755439; CACHED)
Video Game (revision 27337651; CACHED)
NGC 1991 (revision 27477561; CACHED)
Oswald Morris (revision 28096483; CACHED)
2010 FIFA Dünya Kupası Finali (revision 29798040; CACHED)
transistor (revision 28990550; CACHED)
Ivan Sesar (revision 29757985; CACHED)
Fearless (Taylor's Version) (revision 27576864; CACHED)
Larus (revision 28098278; CACHED)
Çalıbahçe, Bergama (revision 27118705; CACHED)
Manitenerí (revision 27311219; CACHED)
R. W. Goodwin (revision 28119936; CACHED)
Çatbahçe, Sincik (revision 28646118; CACHED)
Mikrobiyal genetik (revision 29595820; CACHED)
Ach wie flüchtig, ach wie nichtig, BWV 26 (revision 25086176; CACHED)
How We Do (revision 25005047; CACHED)
Fengjie (revision 29111575; CACHED)
Durugörü (revision 27179371; CACHED)
Filipililere Mektup (revision 29385134; CACHED)
Gülşen (revision 29903434; CACHED)
Muhammed Kaşıkçı (revision 25833526; CACHED)
Edmond Nazaryan (revision 29630860; CACHED)
IV. John Jacob Astor (revision 28625209; CACHED)
Luis Buñuel (revision 29921306; CACHED)
Emniyettepe, Eyüpsultan (revision 29925584; CACHED)
Franklin Salas (revision 29053735; CACHED)
Espresso (revision 26763538; CACHED)
Olga Tihonova (revision 27372717; CACHED)
Başkanlık (revision 29810868; CACHED)
Pino people (revision 27730198; CACHED)
Joseph James Cheeseman (revision 29062996; CACHED)
Haydar Saltık (revision 29861958; CACHED)
Orhan Şaik Gökyay (revision 28396393; CACHED)
Paraguay pasaportu (revision 25663321; CACHED)
Afjet Afyonspor (revision 29861413; CACHED)
Charlie Chaplin (revision 29897315; CACHED)
Tekirdağspor (revision 29663860; CACHED)
Merkezî sinir sistemi (revision 28398800; CACHED)
Darzu ist erschienen der Sohn Gottes, BWV 40 (revision 25087284; CACHED)
Borç (film) (revision 27301342; CACHED)
1946 İtalya genel seçimleri (revision 29366287; CACHED)
Yanji Chaoyangchuan Uluslararası Havalimanı (revision 29592669; CACHED)
Hiromichi Katano (revision 28614630; CACHED)
Tapirapeler (revision 28331672; CACHED)
Alekber Tağıyev (revision 25117188; CACHED)
Altay SK 1997-98 sezonu (revision 23789715; CACHED)
Meşrutî monarşi (revision 29800561; CACHED)
Sevilla (revision 29646112; CACHED)
Solanum selachophyllum (revision 27867627; CACHED)
Kıyamet (revision 29628982; CACHED)
Terme (revision 29908396; CACHED)
Skater hockey (revision 25730387; CACHED)
Trilogy (The Weeknd albümü) (revision 29475965; CACHED)
Folklore (Taylor Swift album) (revision 29815505; CACHED)
Louis Loewe (revision 29897980; CACHED)
Fred Astaire (revision 29880998; CACHED)
Pita (revision 28674506; CACHED)
Lanciano (revision 29746699; CACHED)
Central Electricity Research Laboratory (revision 29616261; CACHED)
Üveçli, Suruç (revision 27123675; CACHED)
Karlizm (revision 28660862; CACHED)
TGV (revision 26557755; CACHED)
Kurganinsk (revision 25821163; CACHED)
Akhisar (revision 29897592; CACHED)
Gilberdyke (revision 27245675; CACHED)
Rostelecom (revision 26888302; CACHED)
Tegorhynchus (revision 29757126; CACHED)
Güzelağaç, Ömerli (revision 29040564; CACHED)
Julius Caesar (film, 1953) (revision 27608633; CACHED)
Fimber (revision 27078733; CACHED)
Malatya'da 2017 Türkiye anayasa değişikliği referandumu (revision 29745072; CACHED)
Tropikal iklim (revision 29452532; CACHED)
Montodine (revision 29722369; CACHED)
Eurocopter AS532 Cougar (revision 29891522; CACHED)
Trabekül (revision 29238778; CACHED)
Yaiba (revision 24910757; CACHED)
Krasnoyarsk Krayı (revision 24902048; CACHED)
Communication (revision 27749372; CACHED)
Et yumuşaklığı (revision 29312732; CACHED)
Custer Gözlemevi (revision 29818598; CACHED)
Paul Jennings Hill (revision 27593127; CACHED)
Muhammed el-Menfi (revision 29666285; CACHED)
LAX (albüm) (revision 27500014; CACHED)
Panthera leo melanochaita (revision 27438762; CACHED)
Jianli (revision 29863695; CACHED)
Kırım (revision 29827145; CACHED)
Etoburlar (revision 28782989; CACHED)
Paul Muni (revision 28227113; CACHED)
E.N.I. (revision 29051801; CACHED)
Ascott-under-Wychwood (revision 28471397; CACHED)
1950 FIFA Dünya Kupası Finali (revision 29413068; CACHED)
Jesús Ferreira (revision 29857323; CACHED)
Kürt Teali Cemiyeti (revision 29576495; CACHED)
Malgaç Baskını (revision 23717725; CACHED)
Matt Besler (revision 28760750; CACHED)
Need for Speed III: Hot Pursuit (revision 28553387; CACHED)
Kule (revision 29474411; CACHED)
İstanbul belediye başkanları listesi (revision 29875363; CACHED)
Ron Johnson (iş adamı) (revision 29914017; CACHED)
1920-21 First Division (Malta) (revision 29835827; CACHED)
Kantabria (revision 27189004; CACHED)
Gaziosmanpaşa (revision 29768983; CACHED)
Turunçlu, Erzin (revision 29096829; CACHED)
Óscar Pérez Rojas (revision 28673236; CACHED)
IOC ülke kodları listesi (revision 29889392; CACHED)
Münir Daldal (revision 26961378; CACHED)
Irak ve kitle imha silahları (revision 29147386; CACHED)
Propiltiourasil (revision 28152344; CACHED)
Botai (revision 29848173; CACHED)
Ratibida (revision 28005478; CACHED)
Takashi Miki (revision 28615848; CACHED)
Amazon Nehri (revision 29715003; CACHED)
2014-15 UEFA Avrupa Ligi grup aşaması (revision 29776519; CACHED)
Leucospidae (revision 28427887; CACHED)
2021 Suriye devlet başkanlığı seçimi (revision 29775769; CACHED)
İspanya Millî Futbol Takımı maçları (1990-1999) (revision 29872412; CACHED)
Military (revision 27598209; CACHED)
Delphinium polycladon (revision 28186579; CACHED)
Geyikkoşan (revision 29030351; CACHED)
Cembil (revision 27504584; CACHED)
Lound, Suffolk (revision 28477467; CACHED)
Eurovision Çocuk Şarkı Yarışması'nda Polonya (revision 29733426; CACHED)
1988-89 Premier League (Malta) (revision 29831201; CACHED)
Oky (revision 20173640; CACHED)
Daowu (Kuzey Vey) (revision 29348074; CACHED)
Barry Brickell (revision 28214633; CACHED)
2021 Tennessee Titans sezonu (revision 27681738; CACHED)
Analitik Makine (revision 28457300; CACHED)
Amazona (revision 29344710; CACHED)
Cody Rhodes (revision 29170688; CACHED)
2014 Türkiye cumhurbaşkanlığı seçimi (revision 29786908; CACHED)
Mide bulantısı (revision 29635162; CACHED)
Emiryusuf, Terme (revision 27367134; CACHED)
Nash Carter (revision 27557472; CACHED)
Philippe Claudel (revision 27914427; CACHED)
Larry Holmes (revision 29581607; CACHED)
Tiran, Arnavutluk (revision 29732162; CACHED)
Virus (revision 29473998; CACHED)
Nikos Engonopulos (revision 25040231; CACHED)
Beşinci Cumhuriyet Hareketi (revision 25703228; CACHED)
Sermaye birikimi (revision 28967214; CACHED)
Koçaş, Doğanhisar (revision 27094619; CACHED)
Bromham, Bedfordshire (revision 26711796; CACHED)
5. Senfoni (Beethoven) (revision 29567463; CACHED)
Dergâh Yayınları (revision 27353128; CACHED)
AIPAC (revision 25435388; CACHED)
TV Guide (revision 28997103; CACHED)
Brie Bella (revision 29516689; CACHED)
Bülent Arel (revision 29332166; CACHED)
Trablus (revision 29661477; CACHED)
Kadı Burhaneddin (revision 29665082; CACHED)
TÜRASAŞ (revision 29887039; CACHED)
Mercedes Martinez (revision 27928141; CACHED)
Çadır Lunga Stadyumu (revision 28726955; CACHED)
Gaius Julius Caesar (Jül Sezar'ın babası) (revision 27702207; CACHED)
Samoa Joe (revision 29516921; CACHED)
Danville, Iowa (revision 24903445; CACHED)
Sinan Kurt (1996 doğumlu futbolcu) (revision 29906427; CACHED)
1819 Arjantin Anayasası (revision 29882314; CACHED)
Avesta (revision 28815891; CACHED)
Miken (revision 29492077; CACHED)
Enstrümantal müzik (revision 24860988; CACHED)
Sırrı Acar (revision 29692914; CACHED)
Habarovsk Krayı (revision 28965510; CACHED)
Yıldırım Keskin (revision 29920786; CACHED)
Türkler (revision 29919864; CACHED)
Nureci (revision 29722203; CACHED)
Harpesaurus (revision 28287771; CACHED)
Devegiller (revision 29444823; CACHED)
WWE Battleground (revision 24334068; CACHED)
Phymatopsallus (revision 29843803; CACHED)
Apple Developer Tools (revision 29881275; CACHED)
Furkan Özçal (revision 27321429; CACHED)
Parşömen (revision 28909260; CACHED)
Plasmodium falciparum (revision 27360503; CACHED)
Glass (revision 28222956; CACHED)
Marta Etura (revision 29714803; CACHED)
Dárvin Chávez (revision 22344810; CACHED)
Ağrı 1970 SK (revision 29869912; CACHED)
Brasília (revision 29624651; CACHED)
2014 UEFA Süper Kupası (revision 29843035; CACHED)
Zafer Plaza (revision 29763459; CACHED)
Mağara aslanı (revision 29307385; CACHED)
Derya Uluğ (revision 29903579; CACHED)
Seküler devlet (revision 29635255; CACHED)
Hadrianus (revision 29575912; CACHED)
Violeta Bermúdez (revision 25950975; CACHED)
1961-62 Şampiyon Kulüpler Kupası (revision 29683201; CACHED)
Hastings, Minnesota (revision 26202072; CACHED)
İskandinav Direniş Hareketi (revision 27952979; CACHED)
Cherry (Lana Del Rey şarkısı) (revision 24617350; CACHED)
Pratchett (revision 27539464; CACHED)
Shikantaza (revision 23677504; CACHED)
2018 Hong Kong Tenis Açık - Tekler (revision 28086910; CACHED)
Tiflis (revision 29878673; CACHED)
Brindisi (revision 29724589; CACHED)
Toklümen, Kırşehir (revision 29420772; CACHED)
Glenn Gould (revision 29297438; CACHED)
Eski Kent (Bratislava) (revision 29743171; CACHED)
Awards Daily (revision 27729608; CACHED)
Clytemnestra (revision 28381619; CACHED)
Dayton, Ohio (revision 27513101; CACHED)
Guinness Rekorlar Kitabı (revision 28910810; CACHED)
Çeker ocak (revision 28363924; CACHED)
2019 Avrupa Salon Atletizm Şampiyonası - Kadınlar gülle atma (revision 24361245; CACHED)
Love Is Blind (House) (revision 27331452; CACHED)
Sevinçköy, Manavgat (revision 27105668; CACHED)
Ece Seçkin (revision 29921341; CACHED)
1998 İtalya Bisiklet Turu (revision 27918697; CACHED)
Küçükkavakpınar, Bafra (revision 27096260; CACHED)
Touch (revision 24986242; CACHED)
Yalova'da 1999 Türkiye yerel seçimleri (revision 29859031; CACHED)
Olcay Gülşen (revision 25090241; CACHED)
Frederick Chapman Robbins (revision 27026694; CACHED)
Kigali (revision 29161139; CACHED)
Bob Backlund (revision 29702534; CACHED)
Yehova'nın Şahitlerine yönelik ayrımcılık (revision 29395925; CACHED)
Megaloremmius (revision 29835550; CACHED)
Hayber Pahtunhva (revision 28226813; CACHED)
Chivas USA (revision 28281004; CACHED)
Asleep in the Bread Aisle (revision 25086514; CACHED)
1. Korintliler (revision 29384905; CACHED)
Ottringham (revision 27245731; CACHED)
Louis Garrel (revision 27373127; CACHED)
Cedecea (revision 27751085; CACHED)
Edremit, Balıkesir (revision 29803273; CACHED)
Moskova (revision 29914928; CACHED)
Júlio César da Silva (revision 29726723; CACHED)
Morse Code (revision 25010552; CACHED)
Çangşa Huanghua Uluslararası Havalimanı (revision 28667153; CACHED)
2001 Ballon d'Or (revision 28618744; CACHED)
Artvin'de 1961 Türkiye genel seçimleri (revision 28524570; CACHED)
Çayırbaşı, Vezirköprü (revision 27119799; CACHED)
Supernova (revision 27928571; CACHED)
Jádson (revision 28948226; CACHED)
Alanya Kestelspor (revision 29852356; CACHED)
Avast Secure Browser (revision 29677547; CACHED)
István Lévai (güreşçi) (revision 28997242; CACHED)
Aliabad, Doğu Azerbaycan (revision 24153386; CACHED)
Tyson Fury (revision 28872620; CACHED)
Otis (wrestler) (revision 27010825; CACHED)
Makuxi (revision 28493906; CACHED)
Oturarak voleybol (revision 24290171; CACHED)
Kemal Muslubaş (revision 27375997; CACHED)
Asalak kurtlar (revision 28520934; CACHED)
Kirk Ella (revision 27485321; CACHED)
Küçük burjuvazi (revision 24976242; CACHED)
Karşılaşma (revision 29790978; CACHED)
Osmanlı İmparatorluğu gerileme dönemi (revision 29007017; CACHED)

== End of Parsed pages ==

- Number of pages processed: 1226
- Number of characters consumed: 4089645

- Wikipedia parsing ended at: 2023-07-08 19:10:43.723525

60 characters appeared 4089645 times.

[ 0] Character 'a' usage: 488909 (11.954802923 %)
[ 1] Character 'e' usage: 377028 (9.219088698 %)
[ 2] Character 'i' usage: 351687 (8.599450564 %)
[ 3] Character 'n' usage: 308572 (7.545202579 %)
[ 4] Character 'r' usage: 296292 (7.244932017 %)
[ 5] Character 'l' usage: 286319 (7.001072220 %)
[ 6] Character 'ı' usage: 177098 (4.330400316 %)
[ 7] Character 'd' usage: 172493 (4.217798855 %)
[ 8] Character 'k' usage: 170815 (4.176768399 %)
[ 9] Character 't' usage: 165170 (4.038736859 %)
[10] Character 's' usage: 151766 (3.710982249 %)
[11] Character 'm' usage: 135813 (3.320899491 %)
[12] Character 'o' usage: 123026 (3.008231766 %)
[13] Character 'u' usage: 120372 (2.943336158 %)
[14] Character 'y' usage: 114121 (2.790486705 %)
[15] Character 'b' usage: 87342 (2.135686594 %)
[16] Character 'ü' usage: 66517 (1.626473691 %)
[17] Character 'ş' usage: 57206 (1.398801118 %)
[18] Character 'v' usage: 53621 (1.311140698 %)
[19] Character 'h' usage: 52497 (1.283656650 %)
[20] Character 'g' usage: 52133 (1.274756122 %)
[21] Character 'c' usage: 47493 (1.161298841 %)
[22] Character 'z' usage: 43718 (1.068992541 %)
[23] Character 'p' usage: 43341 (1.059774137 %)
[24] Character 'ç' usage: 36405 (0.890175064 %)
[25] Character 'ğ' usage: 31402 (0.767841708 %)
[26] Character 'f' usage: 29987 (0.733242127 %)
[27] Character 'ö' usage: 26398 (0.645483899 %)
[28] Character 'w' usage: 7454 (0.182265209 %)
[29] Character 'j' usage: 6292 (0.153851985 %)
[30] Character 'x' usage: 2414 (0.059027128 %)
[31] Character 'â' usage: 1441 (0.035235332 %)
[32] Character 'î' usage: 1228 (0.030027056 %)
[33] Character 'q' usage: 653 (0.015967156 %)
[34] Character 'û' usage: 641 (0.015673732 %)
[35] Character 'é' usage: 517 (0.012641684 %)
[36] Character 'á' usage: 302 (0.007384504 %)
[37] Character 'ó' usage: 235 (0.005746220 %)
[38] Character 'í' usage: 210 (0.005134920 %)
[39] Character 'ä' usage: 149 (0.003643348 %)
[40] Character 'ã' usage: 99 (0.002420748 %)
[41] Character 'ú' usage: 67 (0.001638284 %)
[42] Character 'ñ' usage: 62 (0.001516024 %)
[43] Character 'è' usage: 47 (0.001149244 %)
[44] Character 'å' usage: 43 (0.001051436 %)
[45] Character 'ê' usage: 40 (0.000978080 %)
[46] Character 'ø' usage: 36 (0.000880272 %)
[47] Character 'à' usage: 35 (0.000855820 %)
[48] Character 'ë' usage: 26 (0.000635752 %)
[49] Character 'ô' usage: 25 (0.000611300 %)
[50] Character 'æ' usage: 23 (0.000562396 %)
[51] Character 'ì' usage: 13 (0.000317876 %)
[52] Character 'ß' usage: 13 (0.000317876 %)
[53] Character 'ò' usage: 10 (0.000244520 %)
[54] Character 'ġ' usage: 9 (0.000220068 %)
[55] Character 'õ' usage: 8 (0.000195616 %)
[56] Character 'µ' usage: 5 (0.000122260 %)
[57] Character 'ï' usage: 4 (0.000097808 %)
[58] Character 'ù' usage: 2 (0.000048904 %)
[59] Character 'ħ' usage: 1 (0.000024452 %)

Most Frequent characters:
[ 0] Char a: 11.954802923 %
[ 1] Char e: 9.219088698 %
[ 2] Char i: 8.599450564 %
[ 3] Char n: 7.545202579 %
[ 4] Char r: 7.244932017 %
[ 5] Char l: 7.001072220 %
[ 6] Char ı: 4.330400316 %
[ 7] Char d: 4.217798855 %
[ 8] Char k: 4.176768399 %
[ 9] Char t: 4.038736859 %
[10] Char s: 3.710982249 %
[11] Char m: 3.320899491 %
[12] Char o: 3.008231766 %
[13] Char u: 2.943336158 %
[14] Char y: 2.790486705 %
[15] Char b: 2.135686594 %
[16] Char ü: 1.626473691 %
[17] Char ş: 1.398801118 %
[18] Char v: 1.311140698 %
[19] Char h: 1.283656650 %
[20] Char g: 1.274756122 %
[21] Char c: 1.161298841 %
[22] Char z: 1.068992541 %
[23] Char p: 1.059774137 %
[24] Char ç: 0.890175064 %
[25] Char ğ: 0.767841708 %
[26] Char f: 0.733242127 %
[27] Char ö: 0.645483899 %
[28] Char w: 0.182265209 %
[29] Char j: 0.153851985 %
[30] Char x: 0.059027128 %
[31] Char â: 0.035235332 %
[32] Char î: 0.030027056 %
[33] Char q: 0.015967156 %
[34] Char û: 0.015673732 %

The first 35 characters have an accumulated ratio of 0.9995156058777716.
The first 5 characters have an accumulated ratio of 0.44563476780991995.
All characters whose order is over 23 have an accumulated ratio of 0.03528790396232436.

1487 sequences found.

First 587 (typical positive ratio): 0.995032760907354
Next 248 (835-587): 0.003969775815181875
Rest: 0.0009974632774640835

- Processing end: 2023-07-08 19:10:43.730525
