= Logs of language model for Esperanto (eo) =

- Generated by BuildLangModel.py
- Started: 2023-06-20 01:51:52.846525
- Maximum depth: 4
- Max number of characters: 3000000

== Parsed pages ==

Vikipedio:Ĉefpaĝo (revision 7731360)
Phonetics (revision 7242013)
Linguistics (revision 8045250)
Alphabet (revision 7937665)
Language (revision 7818154)
Pratchett (revision 6595308)
Satire (revision 7304270)
Grammar (revision 7871317)
History (revision 8138623)
Folklore (revision 8075543)
Biology (revision 8079709)
Plant (revision 8143406)
Animal (revision 8017375)
Human (revision 8061753)
computer (revision 7916123)
Robot (revision 8065145)
Technology (revision 7998766)
Communication (revision 8040220)
Writing (revision 6817867)
Video Game (revision 8021112)
Music (revision 8080675)
Glass (revision 7636420)
Bread (revision 7962772)
Food (revision 8023624)
Politics (revision 8153748)
Earth (revision 8109727)
Ocean (revision 7604522)
Amazon (revision 7778557)
Aguilera (revision 7781619)
Morse Code (revision 7467337)
Streptococcus (revision 7308524)
Virus (revision 8141959)
Bacteria (revision 7817713)
Bird (revision 8149235)
Submarine (revision 7953653)
Steel (revision 7827851)
Chemistry (revision 6464098)
Military (revision 7750356)
Supernova (revision 7271783)
Oscar E. Erickson (revision 6664209)
Mindaugas Žukauskas (revision 8021138)
North Mountain (Pennsylvania) (revision 7985951)
Wiltshire College & University Centre (revision 7925648)
Arthur Burton (revision 7614890)
Richard Fulton (revision 7646825)
Exeter point (revision 7624109)
Isaac Flower (revision 7558070)
Flower (videoludo) (revision 7919825)
William Henry Flower (revision 7629891)
Sarah Adams (revision 7620210)
Shibayama Zenkei (revision 8070124)
John Galsworthy (revision 7676051)
Tyler, the Creator (revision 7636223)
Scots Wha Hae (revision 6235308)
Gazania rigens (revision 7439331)
Forrest Stanley (revision 7635376)
insulo (revision 7963681)
departemento (revision 8104569)
arkipelago (revision 6736827)
Vankuvero (revision 8129301)
Brazilo (revision 8128654)
Urugvajo (revision 8005168)
Homo floresiensis (revision 7837099)
Charlie Chaplin (revision 8149796)
Geraldine Chaplin (revision 7956983)
The Chaplin Revue (revision 8005616)
Christopher Chaplin (revision 8150133)
Eugene Chaplin (revision 8156217)
Sydney Chaplin (revision 7610705)
Michael Chaplin (aktoro) (revision 7610704)
Victoria Chaplin (revision 7610689)
Charles Chaplin Jr. (revision 7635622)
Ventoflago (revision 8119386)
Basgitaro (revision 8033889)
Joe Zawinul (revision 6952680)
Muzikila klavaro (revision 7166367)
Tornado (ŝtormo) (revision 7484363)
Kamloops (Brita Kolumbio) (revision 7333793)
Robert FitzRoy (revision 7629889)
Ahmadabado (revision 7858133)
Miroslav Vitouš (revision 8002893)
Kanterburio (revision 7728597)
Werther (Turingio) (revision 7588717)
Werther (Vestfalio) (revision 7588719)
La suferoj de la juna Werther (revision 7855504)
Kalia laŭrato (revision 7876407)
Vagolernanto (revision 7452074)
Gongŝi (revision 7245375)
Thomas Cranmer (revision 7790262)
Arie William Grossman (revision 7840316)
10298 Jiangchuanhuang (revision 8152277)
Nasir ad-Din at-Tusi (revision 7985743)
Adamantios Korais (revision 7124508)
Kristina M. Barkume (revision 8058031)
42175 Yuyang (revision 8046451)
1-a neoficiala Ŝakolimpiko (revision 7754456)
42-a Ŝakolimpiko (revision 7755869)
40-a Ŝakolimpiko (revision 7755858)
39-a Ŝakolimpiko (revision 7755856)
IMO (revision 7783546)
41-a Ŝakolimpiko (revision 7755865)
17-a Ŝakolimpiko (revision 7754666)
Malferma Olimpiko de la Belorusi-Rusia universitato pri matematiko (revision 7470056)
Baskaran Adhiban (revision 7059708)
Kandidatoj al la Somera Olimpiko 2012 (revision 7857393)
Francesca Caccini (revision 8154115)
Igor Stravinski (revision 7758672)
Johannes Brahms (revision 7777259)
Bob Marley and the Wailers (revision 7869817)
Raï (revision 6238396)
The Upsetters (revision 7840380)
Betlehem Alemu (revision 7949962)
Don Murray (revision 7979967)
Katharine Hepburn (revision 6941578)
Frances Barber (revision 8116850)
Eureka Ribelo (revision 8034702)
Bilal Ag Aŝerif (revision 8135892)
Moina Mathers (revision 6412263)
Procelarioformaj birdoj (revision 8066975)
André Tanneberger (revision 7938878)
Original Teddies (revision 5143074)
Harry Burleigh (revision 6648127)
André Rieu (revision 7151914)
Samuel Coleridge-Taylor (revision 6689244)
Rok-muziko (revision 8138112)
J.J. Cale (revision 7658724)
George Byron (revision 8062832)
Paul McCartney (revision 7980092)
Mary Pickford (revision 8066772)
Elton John (revision 7980090)
Robert Redford (revision 7934132)
Paul Fix (revision 7986780)
Sarah Vaughan (revision 7884467)
Samseksemo (revision 8070649)
Kontraŭkulturo de la 1960-aj jaroj (revision 8140506)
Veganismo (revision 7973931)
Howard Zinn (revision 8013033)
Bonaero (revision 8136005)
Kvartaloj de Bonaero (revision 6073415)
Flores Chaviano (revision 8024527)
Avenida Directorio (revision 7943549)
Carlos Tejedor (revision 7959220)
Batalo de Cepeda (1859) (revision 7689632)
Batalo de Pavón (revision 7946658)
Armenoj en Argentino (revision 7978417)
8-a Ŝakolimpiko (revision 7754502)
Floreso (Indonezio) (revision 6928931)
Floresa maro (revision 7670852)
Floresa akcipitraglo (revision 7812150)
Departemento Flores (revision 7322620)
Túlio Flores (revision 7985226)
Cernișoara Florese (revision 7238378)
Eloxochitlán de Flores Magón (revision 8148436)
Nicolás Flores (revision 5153270)
Teotitlán de Flores Magón (revision 7272979)

== End of Parsed pages ==

- Number of pages processed: 185
- Number of characters consumed: 898341

- Wikipedia parsing ended at: 2023-06-20 01:56:41.215973

54 characters appeared 898341 times.

Most Frequent characters:
[ 0] Char a: 12.001678649866811 %
[ 1] Char e: 9.360031435724297 %
[ 2] Char o: 9.21409576096382 %
[ 3] Char i: 8.650835261888302 %
[ 4] Char n: 7.019606140652603 %
[ 5] Char r: 6.086775511748879 %
[ 6] Char l: 5.759839526415916 %
[ 7] Char t: 5.728893593858012 %
[ 8] Char s: 5.577837369105941 %
[ 9] Char k: 4.2539525636701425 %
[10] Char j: 3.7883164633474373 %
[11] Char d: 3.416853956348424 %
[12] Char u: 2.9887314505293645 %
[13] Char m: 2.9155966386928793 %
[14] Char p: 2.6670273314921618 %
[15] Char g: 1.5025474736208189 %
[16] Char v: 1.4746070812753733 %
[17] Char c: 1.423290265055252 %
[18] Char b: 1.2360562414495164 %
[19] Char f: 1.169155142646278 %
[20] Char h: 0.9583220625575366 %
[21] Char z: 0.6435195543785711 %
[22] Char ĝ: 0.48867857528488623 %
[23] Char ŭ: 0.40563661237770515 %
[24] Char ĉ: 0.3231512309913496 %
[25] Char y: 0.3181419973039191 %
[26] Char w: 0.21717810942615332 %
[27] Char ŝ: 0.1507222758395754 %
[28] Char ĵ: 0.10708628460684752 %
[29] Char x: 0.0447491542743791 %
[30] Char q: 0.024155638003831508 %
[31] Char é: 0.01714271084142881 %
[32] Char ĥ: 0.01502770106229149 %

The first 33 characters have an accumulated ratio of 0.9994923976530069.
The first 5 characters have an accumulated ratio of 0.4624624724909583.
All characters whose order is over 19 have an accumulated ratio of 0.03713511906948476.

1026 sequences found.

First 457 (typical positive ratio): 0.995033742268112
Next 218 (675-457): 0.003970809333873393
Rest: 0.0009954483980145756

- Processing end: 2023-06-20 01:56:41.344998
