= Logs of language model for French (fr) =

- Generated by BuildLangModel.py
- Started: 2023-06-20 02:33:02.327298
- Maximum depth: 4
- Max number of characters: 3000000

== Parsed pages ==

Bœuf (animal) (revision 199963408)
Phonetics (revision 205145894)
Linguistics (revision 195142365)
Alphabet (revision 204999824)
Language (revision 201120188)
Pratchett (revision 204032898)
Grammar (revision 196590033)
Folklore (revision 200657515)
Biology (revision 204036706)
Plant (revision 203751052)
Animal (revision 204793377)
computer (revision 204823336)
Robot (revision 205238232)
Technology (revision 205094734)
Communication (revision 172428895)
Writing (revision 205128431)
Music (revision 201625430)
Glass (revision 204769470)
Bread (revision 146140396)
Food (revision 204234116)
Politics (revision 181991702)
Earth (revision 203552351)
Ocean (revision 204872543)
Amazon (revision 205304117)
Chaplin (revision 204777030)
Aguilera (revision 204963923)
Morse Code (revision 205090066)
Streptococcus (revision 201070558)
Virus (revision 204225444)
Bacteria (revision 203593207)
Chemistry (revision 191490736)
Military (revision 203783851)
Scholar (revision 200349756)
Supernova (revision 204139970)
Olympiad (revision 203894515)
Alberto Muñoz (revision 188620744)
Anhui Agricultural University (revision 202088009)
USS Hinsdale (revision 189726165)
2000 Royal Nepal Airlines Twin Otter crash (revision 202456954)
Alberta Hospital Edmonton (revision 204720441)
Joachim Patinir (revision 204872426)
Luis Olmedo (revision 198228367)
Staatsmijn Wilhelmina (revision 205238897)
Rachid Neqrouz (revision 188544767)
Atikamekw (revision 204293906)
Stoke Newington Town Hall (revision 204102566)
Ghostface (revision 203497171)
Tamsweg (revision 198820964)
Kingsley Cavell (revision 203340785)
Armand Billard (revision 203983891)
Rosamond du Jardin (revision 203814279)
I Say a Little Prayer (revision 202686064)
Economic and Financial Affairs Council (revision 204795326)
Satires (Juvénal) (revision 203435449)
Satires (Boileau) (revision 204327795)
Satires (Horace) (revision 204079876)
Satire (homonymie) (revision 205234588)
Horace (revision 205149676)
Caricature (revision 202908336)
Satire dans la campagne (revision 196882513)
Nicolas Boileau (revision 204131887)
Le Malade imaginaire (revision 205232982)
Histoire globale (revision 205036605)
Gaming-History (revision 198684594)
A History of Violence (film) (revision 204959677)
HIStory/Ghosts (revision 193726012)
Musée d'histoire naturelle de Londres (revision 202281301)
History (chaîne de télévision américaine) (revision 193577689)
Musée américain d'histoire naturelle (revision 205168137)
Robert Lowell (revision 203256798)
Blue System (revision 204656889)
Madonna (revision 204627386)
Tenacious D (revision 204242074)
Killers of the Flower Moon (revision 205160643)
Pascal Obispo (revision 204677158)
Flower Tucci (revision 204874457)
Flow (psychologie) (revision 203285430)
Flower Power (revision 191567743)
Flow (revision 198829349)
Flower of Scotland (revision 203199748)
Flower Boy (revision 169498648)
The Flower Kings (revision 198838238)
Lake Flower (revision 204896084)
Eliza Flower (revision 204595384)
Raymond Flower (revision 191761872)
William Henry Flower (revision 198436416)
Badflower (revision 202855551)
The Human Centipede (revision 196200303)
Humans (revision 202501502)
Detroit: Become Human (revision 204804024)
Human Rights Watch (revision 199998794)
The Human League (revision 204766854)
Human After All (revision 203244435)
Human Touch (revision 164565195)
Human Traffic (revision 204490301)
population humaine (revision 205267345)
biologie humaine (revision 175677304)
sciences humaines et sociales (revision 205178664)
Humain, trop humain. Un livre pour esprits libres (revision 204248289)
Human~Kelt (revision 199096814)
Star Trek (revision 203610359)
World of Warcraft (revision 205143752)
obédience maçonnique (revision 196894841)
linguistique (revision 205070945)
Game Boy (revision 203854262)
Jeu vidéo de l'année (revision 204869362)
Jeu vidéo (revision 205132117)
Liste des jeux vidéo les plus vendus (revision 205246340)
Game Boy Color (revision 204249818)
Video Games (chanson) (revision 203988631)
Epic Games (revision 204010857)
The Game Awards (revision 202003708)
VideoGames & Computer Entertainment (revision 204714543)
To Kill a King (revision 181923171)
Video Games Live (revision 202623137)
Sue Bird (revision 205229959)
Bird Box (film) (revision 203762038)
Lady Bird (film, 2017) (revision 204637301)
Black Bird (mini-série) (revision 203539084)
Brad Bird (revision 197920708)
Laurie Bird (revision 193581726)
Andrew Bird (revision 205225332)
franc-bord (revision 183891553)
virement de bord (revision 182726846)
livre de bord (revision 187013342)
hors-bord (revision 198738743)
tableau de bord (revision 199345873)
instrument de bord (revision 205146497)
planche de bord tout écran (revision 201836368)
ordinateur de bord (revision 201447618)
variété à bord (revision 204083029)
algèbre homologique (revision 200368129)
bord franc (revision 183891553)
bordure de trottoir (revision 200005910)
bord tombé (revision 127689096)
André Bord (revision 204605223)
Jean-Denis Antoine Bord (revision 200234178)
Gustave Bord (revision 194631648)
Léonard Bord (revision 196623415)
Bord-Saint-Georges (revision 199487335)
Évaux-les-Bains (revision 201861427)
communauté de communes Seine-Bord (revision 170534631)
Éditions Le Bord de l'eau (revision 200926204)
réseau de bus de Seine Grand Orly (revision 201547892)
Bordage (revision 205079548)
Tableau de bord (revision 199345873)
Yellow Submarine (chanson) (revision 205149424)
Yellow Submarine (revision 205149424)
Alcatel Submarine Networks (revision 204463802)
Yellow Submarine (film) (revision 205001265)
Yellow Submarine (album) (revision 202599042)
Submarine (film, 2010) (revision 203613415)
Richard Ayoade (revision 203253455)
Argonaute (S636) (revision 204608021)
Submarine Super 99 (revision 169556960)
L'Épave vivante (revision 194271148)
Man of Steel (revision 205303040)
Danielle Steel (revision 201475084)
Steel Panther (revision 199317609)
Stèle (revision 202568203)
Real Steel (revision 203488127)
Steel drum (revision 203680565)
Lap steel guitar (revision 201613952)
Steel Ball Run (revision 204579222)
U.S. Steel (revision 203385512)
Allied Steel (revision 202450627)
Bethlehem Steel (revision 199607773)
BlueScope Steel (revision 131230557)
Geneva Steel (revision 192334264)
Harris Steel Group (revision 166525417)
Hyundai Steel (revision 190560645)
International Steel Group (revision 190313888)
Krakatau Steel (revision 155955267)
Maghreb Steel (revision 198736740)
Nippon Steel (revision 198233248)
Novolipetsk Steel (revision 201622114)
Republic Steel (revision 147454343)
Swiss Steel (revision 202449820)
Tata Steel (revision 202872478)
TW Steel (revision 130851945)
U. S. Steel Košice (revision 170773119)
Barbara Steel (revision 205093866)
Billy Steel (revision 180464440)
Bryan Steel (revision 175246724)
Dr. Steel (revision 178662692)
Eric Steel (revision 204801369)
Ian Steel (revision 204747818)
Jack Steel (revision 172260086)
John Steel (revision 203096562)
John R. Steel (revision 204884325)
Michelle Steel (revision 203736245)
Paul Steel (revision 203565229)
Pippa Steel (revision 203240105)
Sam Steel (revision 205035937)
Thomas Steel (revision 186925250)
Weather Report (revision 204277346)
Carl Weathers (revision 204261133)
Weather Underground (revision 197066480)
The Weather Channel (revision 204641412)
MétéoMédia (revision 202258524)
The Weather Girls (revision 181183471)
The Dead Weather (revision 180523160)
World Weather Attribution (revision 205229171)
Stormy Weather (chanson) (revision 204323088)
The Weather Project (revision 199242292)
Atari XE Video Game System (revision 173922665)
Liste de jeux Amiga de I à O (revision 192551808)
Liste de jeux DOS (revision 204430217)
Liste de jeux Amstrad CPC (revision 204540098)
Liste des épisodes de Zorro (série télévisée, 1957) (revision 169464414)
Kyuss (revision 203702345)
Loch Lomond (revision 192024482)
Cercle de feu (Ontario) (revision 204881108)
Zennor (revision 200979770)
Marguerite Snow (revision 203165835)
Robert Parish (revision 199101169)
Paul Mescal (revision 205094239)
Charlotte Perkins Gilman (revision 201111899)
Robert Fulton (revision 196004440)
Mouvement social contre la réforme des retraites en France de 2023 (revision 205301149)
Céline Monsarrat (revision 205315014)
Saison 6 de Blacklist (revision 204885059)
Château de Friedrichsfelde (revision 205109211)
Peau de Panthère des neiges (revision 191387261)
Chi Chi (panda) (revision 205032164)
Prix Goethe de la ville de Berlin (revision 197356883)
Friedrichsfelde (métro de Berlin) (revision 200565003)
Tierpark (métro de Berlin) (revision 200568250)
Red Bull X-Alps (revision 197985479)
Kabbale (revision 205175219)
Prix du livre allemand (revision 205306008)
Konkret (revision 204406263)
Alerte à Malibu (revision 204725386)
Lockheed (revision 203969051)
Las Vegas (revision 204176407)
Britney Spears (revision 204659146)
Vancouver (revision 204915105)
Legendary Pictures (revision 203540466)
Le Grand Départ vers la Lune (revision 204003362)
Michael Redgrave (revision 204666970)
Liste des compagnies aériennes charter (revision 204006171)
Liste des compagnies aériennes en Europe (revision 202533290)
Nansen Refugee Award (revision 201237387)
Ma famille d'abord (revision 204829268)
Mila Kunis (revision 204246394)
Avy Scott (revision 193175312)
Disco (revision 204735136)
Passage à l'âge adulte (revision 204416045)
Mauna Kea (revision 201447767)
Bivalvia (revision 203365396)
Michigan Women's Hall of Fame (revision 204521447)
Edward Furlong (revision 204252406)
Jennifer Lien (revision 162799862)
Edward Norton (revision 205271300)
Tony Kaye (réalisateur) (revision 199539761)
Fairuza Balk (revision 203673232)
Winston (cigarette) (revision 205251893)
Avery Brooks (revision 204086909)
Ethan Suplee (revision 203240557)
Dangerous (album de Michael Jackson) (revision 205282074)
Michael Jackson (revision 205046648)
Discographie de Michael Jackson (revision 204360363)
Bad (album) (revision 205281833)
Mort de Michael Jackson (revision 205206161)
Invincible (album de Michael Jackson) (revision 205282426)
Earth Song (revision 201849717)
Santé et apparence de Michael Jackson (revision 204363003)
Blood on the Dance Floor: HIStory In The Mix (revision 205282361)
Too $hort (revision 204700377)
E-40 (revision 204112976)
Playboi Carti (revision 204793728)
Cassius (groupe) (revision 204130621)
Quavo (revision 205296092)
Wave music (revision 200407464)
Ace Frehley (revision 202321697)
Crunchyroll (revision 204646970)
OutKast (revision 203586269)
Electronic dance music (revision 204200663)
Fifth Harmony (revision 205200346)

== End of Parsed pages ==

- Number of pages processed: 336
- Number of characters consumed: 3002139

- Wikipedia parsing ended at: 2023-06-20 02:42:33.817021

59 characters appeared 3002139 times.

Most Frequent characters:
[ 0] Char e: 14.131957247815642 %
[ 1] Char s: 7.858263724631005 %
[ 2] Char a: 7.707804335508782 %
[ 3] Char n: 7.362683739826837 %
[ 4] Char i: 7.230411383350338 %
[ 5] Char t: 6.824967131768382 %
[ 6] Char r: 6.805247858277048 %
[ 7] Char l: 5.838070788860875 %
[ 8] Char o: 5.560502028720189 %
[ 9] Char u: 5.206387845466183 %
[10] Char d: 4.031192426466596 %
[11] Char c: 3.5305493849551937 %
[12] Char m: 2.9275459930402956 %
[13] Char p: 2.846670324058946 %
[14] Char é: 2.2727461986270456 %
[15] Char v: 1.3093664217412986 %
[16] Char g: 1.2367848390764051 %
[17] Char h: 1.2033753267253782 %
[18] Char f: 1.1103083501463458 %
[19] Char b: 1.0965514921194521 %
[20] Char q: 0.820181876988374 %
[21] Char y: 0.4979116556561838 %
[22] Char x: 0.43675526016616817 %
[23] Char j: 0.3795960147081797 %
[24] Char à: 0.37449964841734507 %
[25] Char è: 0.36940328212651047 %
[26] Char k: 0.31077841499011205 %
[27] Char w: 0.2353988273027998 %
[28] Char z: 0.12644317934645932 %
[29] Char ê: 0.1031930899935013 %
[30] Char ç: 0.04636694037151511 %
[31] Char ô: 0.04436836535550153 %
[32] Char î: 0.034908443613037236 %
[33] Char â: 0.03231029609221958 %
[34] Char œ: 0.022983612684156197 %
[35] Char ù: 0.021318133504144878 %
[36] Char û: 0.01522247970530345 %
[37] Char ï: 0.014989312620101867 %

The first 38 characters have an accumulated ratio of 0.9997801567482385.
The first 5 characters have an accumulated ratio of 0.442911204311326.
All characters whose order is over 20 have an accumulated ratio of 0.030664469566532397.

1151 sequences found.

First 479 (typical positive ratio): 0.9950134954320737
Next 183 (662-479): 0.003987696018795117
Rest: 0.0009988085491311471

- Processing end: 2023-06-20 02:42:33.982057
