= Logs of language model for Greek (el) =

- Generated by BuildLangModel.py
- Started: 2023-06-20 01:39:04.212343
- Maximum depth: 4
- Max number of characters: 3000000

== Parsed pages ==

Πρωτεύοντα (revision 9994970)
Phonetics (revision 7255047)
Linguistics (revision 10082562)
Alphabet (revision 9427542)
Language (revision 9976842)
Pratchett (revision 9723211)
Grammar (revision 9747253)
History (revision 9243391)
Folklore (revision 9934965)
Biology (revision 9914877)
Flower (revision 9423159)
Plant (revision 9103986)
Animal (revision 9560814)
Human (revision 9603910)
Robot (revision 10071080)
Technology (revision 9831626)
Communication (revision 10101639)
Writing (revision 10017163)
Video Game (revision 10077964)
Music (revision 8447881)
Glass (revision 7303179)
Food (revision 10101871)
Politics (revision 9173879)
Earth (revision 9445324)
Ocean (revision 9545843)
Amazon (revision 9787817)
Aguilera (revision 9778792)
Streptococcus (revision 10091293)
Virus (revision 10049135)
Bacteria (revision 8667884)
Bird (revision 8952912)
Submarine (revision 9204598)
Steel (revision 9891738)
Chemistry (revision 9729986)
Military (revision 8969474)
Weather (revision 9395050)
Scholar (revision 9426496)
Supernova (revision 9158490)
Zia-ul-Hassan (revision 9893056)
John Eisenhower (revision 10028387)
Two Weeks (TV series) (revision 8078973)
Mount Mansfield (revision 10085020)
Marian Duś (revision 10085815)
1993 Atlantic Championship (revision 10082047)
King, Wisconsin (revision 9611246)
1979 Finnish parliamentary election (revision 10038459)
Roman Catholic Diocese of Aurangabad (revision 9806479)
Alku (revision 9006853)
An Egyptian Story (revision 9703998)
Αγκίμ Σουλάι (revision 9641031)
Σπουδαιογέλοιον (revision 9802003)
Λαζάνια (revision 9010757)
Το Τετράγωνο (ταινία) (revision 7883035)
Τζότζο (revision 8267071)
Μουτούνους Τουτούνους (revision 6662484)
Χωρίς αγάπη (revision 9804531)
Πολύτιμες (revision 9730751)
Πωλ Ρανσόν (revision 9812199)
Γοδεφρείδος Δ΄ του Ανζού (revision 9562256)
OK Computer (revision 9987552)
OCLC (revision 9205002)
Minimal instruction set computer (revision 8043988)
Πληροφορική (revision 9887276)
Complex instruction set computer (revision 8039639)
IBM PC (revision 9817586)
Μηχανική όραση (revision 8028761)
Apple (revision 10095528)
.tm (revision 9822581)
υπολογιστή (revision 10028744)
Αριθμομηχανή (revision 9341328)
τηλεχειριστήριο (revision 9972957)
Πήτερ Σούμαν (revision 9302458)
Λαβάς (revision 8970444)
Ψωμί (revision 9885014)
Βραβεία της Ένωσης Κριτικών Κινηματογράφου της Νέας Υόρκης 1978 (revision 9859136)
Σίτος ο μαλακός (revision 9791052)
Προζύμι (revision 9834416)
Χουμπζ (revision 8549250)
Δάχτυλα (ψωμί) (revision 9793810)
Πίτα (ψωμί) (revision 9843970)
Μαγιά αρτοποιίας (revision 9917309)
Τζεραλντίν Τσάπλιν (revision 9820884)
Τα Φώτα της Πόλης (revision 9439872)
Τσάρλι Τσάπλιν (revision 10032909)
Ούνα Τσάπλιν (revision 9232105)
Τομ Τσάπλιν (revision 9738906)
Ο Μεγάλος Δικτάτωρ (revision 9439904)
Locnville (revision 9904819)
Σαρλό (revision 9744084)
Θερμαντία (revision 8401600)
Ευρωπαϊκό Πρωτάθλημα Ποδοσφαίρου 2004 (revision 9818447)
Now What?! (revision 9761601)
Πολ Ραντ (σχεδιαστής γραφικών) (revision 9731123)
Μπεατρίξ Πότερ (revision 9700722)
The Punisher (1ος κύκλος) (revision 10058200)
Τζένιφερ Μπιλς (revision 10056503)
Θάνατοι τον Απρίλιο του 2021 (revision 10101947)
Θάνατοι τον Σεπτέμβριο του 2021 (revision 10085815)
Σκακιστική Ολυμπιάδα (revision 9615242)
Διεθνής Μαθηματική Ολυμπιάδα (revision 9005461)
Συμμετοχή των Κέιμαν Νήσων στους Θερινούς Ολυμπιακούς Αγώνες 2020 (revision 8279718)
Συμμετοχή του Βελγίου στους Θερινούς Ολυμπιακούς Αγώνες 2020 (revision 8279714)
Συμμετοχή των Μπαχαμών στους Θερινούς Ολυμπιακούς Αγώνες 2020 (revision 8279720)
Συμμετοχή του Μπαρμπάντος στους Θερινούς Ολυμπιακούς Αγώνες 2020 (revision 9169187)
Συμμετοχή του Μπαχρέιν στους Θερινούς Ολυμπιακούς Αγώνες 2020 (revision 8279715)
Συμμετοχή της Γκάμπιας στους Θερινούς Ολυμπιακούς Αγώνες 2020 (revision 8764498)
Συμμετοχή της Αλβανίας στους Θερινούς Ολυμπιακούς Αγώνες 2020 (revision 8279685)
Συμμετοχή του Μπουρούντι στους Θερινούς Ολυμπιακούς Αγώνες 2020 (revision 8279716)
Βραβείο Καλύτερης Ξενόγλωσσης Ταινίας της Ένωσης Κριτικών Κινηματογράφου του Λος Άντζελες (revision 9286098)
NUTS (Ελλάδα) (revision 9017370)
NUTS (revision 9017364)
Στατιστικές περιοχές NUTS της Λετονίας (revision 9722622)
Στατιστικές περιφέρειες της Λετονίας (revision 8603485)
Ορν (νομός) (revision 8251554)
Βορειοδυτική Αγγλία (revision 9881171)
Αυτοκρατορικό και Βασιλικό Πολεμικό Ναυτικό (Αυστροουγγαρία) (revision 9877328)
Γκλεν Έκο Κάουντρι Κλαμπ (revision 8633119)
Ρούλοφ φαν Λένεπ (revision 8095154)
Γκαστόν Παρί (revision 10040689)
Τζ. Πατ Ο'Μάλι (revision 8253275)
Αλεξανδρίνα του Μπάντεν (revision 9817309)
Ζωρζ Περρό (revision 9774139)
Γεώργιος Ε΄ του Ανοβέρου (revision 9419068)
Χάρι Άλεν (τρανς άνδρας) (revision 8372385)
Σεπτάρ Μεχμέτ Γιακούμπ (revision 9667189)
Σκάνια (revision 9620172)
Ανζ Φελίξ Πατασέ (revision 9068245)
Το κανάλι της Βαγγελίτσας (revision 8983647)
Κάσιο Ταντάο (revision 9413267)
Ταμτάκος, ο ηλεκτρονικός γύφτος (revision 9816393)
Μάικ Ντ' Αντόνι (revision 9743837)
Killing the Dragon (revision 7795048)
Θλιμμένη Τζάσμιν (revision 9880212)
Αλκυόνη (πλοίο) (revision 5723971)
12 Ιανουαρίου (revision 10083105)
ΓΟΥΟΛ·Υ (revision 10097159)
Ηλεκτρονικός υπολογιστής (revision 10028744)
Γραφικά υπολογιστών (revision 6306893)
Μηχανική υπολογιστών (revision 9494338)
Μνήμη υπολογιστή (revision 9789443)
Δίκτυο υπολογιστών (revision 9969887)
Αλληλεπίδραση ανθρώπου-υπολογιστή (revision 9362412)
Τρισδιάστατα γραφικά υπολογιστή (revision 9161513)
Υπολογιστικό σύστημα (revision 9879018)
Υπολογιστής με τρανζίστορ (revision 8901777)
Επιφάνεια εργασίας (υπολογιστές) (revision 10084047)
Υπολογιστής ταμπλέτα (revision 10084661)
Προσωπικός υπολογιστής (revision 9768863)
Επιτραπέζιος υπολογιστής (revision 8979571)
Βιντεοπαιχνίδι (revision 10100057)
Ιστορία των υπολογιστών (revision 9858431)
Ιός υπολογιστή (revision 10087119)
Επιστήμη υπολογιστών (revision 9849265)
Μνήμη USB (revision 9799530)
Πρόγραμμα υπολογιστή (revision 10037966)
Gigatronics (revision 9461360)
Γιώργος Κομιώτης (revision 8021632)
Σχεδίαση για Όλους (revision 10097478)
Ντόναλντ Κνουθ (revision 9718440)
PlayStation (κονσόλα) (revision 9956269)

== End of Parsed pages ==

- Number of pages processed: 190
- Number of characters consumed: 825629

- Wikipedia parsing ended at: 2023-06-20 01:44:01.793698

62 characters appeared 825629 times.

Most Frequent characters:
[ 0] Char α: 8.335584142514374 %
[ 1] Char ο: 7.669667610997191 %
[ 2] Char τ: 7.405505378323678 %
[ 3] Char ι: 6.427705422169037 %
[ 4] Char ε: 5.704014757233576 %
[ 5] Char ν: 5.446998591376999 %
[ 6] Char σ: 4.128488703764039 %
[ 7] Char ρ: 4.093363968562151 %
[ 8] Char κ: 3.7635548169940733 %
[ 9] Char π: 3.499634823873677 %
[10] Char η: 3.359741481948914 %
[11] Char μ: 3.266721493552189 %
[12] Char ς: 3.045314542003733 %
[13] Char υ: 2.9840279350652654 %
[14] Char λ: 2.5082694527445137 %
[15] Char ί: 2.1394597331246845 %
[16] Char ό: 1.8262439909450856 %
[17] Char γ: 1.7561156403178668 %
[18] Char ά: 1.6995527046651704 %
[19] Char έ: 1.6416574514703335 %
[20] Char δ: 1.385004644943431 %
[21] Char ή: 1.2649749463742188 %
[22] Char ω: 1.258434478440074 %
[23] Char χ: 1.0777237718151857 %
[24] Char ύ: 0.9811913098982714 %
[25] Char e: 0.944976496707359 %
[26] Char a: 0.8680654385928789 %
[27] Char i: 0.8127137007057649 %
[28] Char θ: 0.8025396394748731 %
[29] Char φ: 0.7893375838300253 %
[30] Char o: 0.7037059018033524 %
[31] Char t: 0.669186765484255 %
[32] Char ώ: 0.6633730162094598 %
[33] Char r: 0.6504132001177284 %
[34] Char n: 0.6312762754215271 %
[35] Char β: 0.6046299245787151 %
[36] Char s: 0.6041454454724822 %
[37] Char l: 0.49646996411221017 %
[38] Char c: 0.4010275801843201 %
[39] Char ξ: 0.3769247446492311 %
[40] Char ζ: 0.355849903528098 %
[41] Char h: 0.3382875359271537 %
[42] Char d: 0.33780305682092077 %
[43] Char m: 0.3273867560369125 %
[44] Char p: 0.2816034804978992 %
[45] Char u: 0.2713082994904491 %
[46] Char g: 0.20493466193653564 %
[47] Char b: 0.204086823500628 %
[48] Char f: 0.15842466773817296 %
[49] Char y: 0.14195237812625283 %
[50] Char v: 0.13117271801256983 %
[51] Char ψ: 0.12523784896121623 %

The first 52 characters have an accumulated ratio of 0.9956578560103874.
The first 6 characters have an accumulated ratio of 0.4098947590261486.
All characters whose order is over 38 have an accumulated ratio of 0.0325497287522604.

1489 sequences found.

First 943 (typical positive ratio): 0.9950338560569141
Next 206 (1149-943): 0.003970853902906191
Rest: 0.0009952900401797304

- Processing end: 2023-06-20 01:44:02.104305
