= Logs of language model for Hebrew (he) =

- Generated by BuildLangModel.py
- Started: 2023-06-20 02:46:05.888818
- Maximum depth: 4
- Max number of characters: 3000000

== Parsed pages ==

יהדות_בוקרשט (revision 36493036)
Phonetics (revision 32660765)
Linguistics (revision 36291561)
Alphabet (revision 35290937)
Language (revision 22347281)
Pratchett (revision 36389516)
Satire (revision 36368333)
Grammar (revision 33663706)
History (revision 35689028)
Biology (revision 34629810)
Flower (revision 35411232)
Plant (revision 35427351)
Animal (revision 35410243)
computer (revision 36404399)
Robot (revision 34276339)
Technology (revision 35413500)
Communication (revision 33797779)
Writing (revision 35296609)
Glass (revision 34710524)
Food (revision 36431791)
Politics (revision 34155196)
Earth (revision 35377836)
Amazon (revision 35902647)
Chaplin (revision 36176336)
Aguilera (revision 36446136)
Streptococcus (revision 35183496)
Virus (revision 36015243)
Bacteria (revision 36520701)
Bird (revision 36459669)
Submarine (revision 35942305)
Steel (revision 36479308)
Chemistry (revision 36323096)
Military (revision 32671395)
Weather (revision 35991669)
Scholar (revision 35908948)
Supernova (revision 36513877)
Olympiad (revision 36032044)
Arthur Geoffrey Walker (revision 36453861)
Orchis italica (revision 36006556)
Henning Church (revision 36423062)
Horns (film) (revision 34166189)
Division of international labor comparisons (revision 35991452)
Mikhail Kutuzov (revision 36330727)
Folklore (אלבום של טיילור סוויפט) (revision 36273440)
Folklore: The Long Pond Studio Sessions (revision 35044179)
Folklore: The Long Pond Studio Sessions (from the Disney+ Special) (revision 36249084)
Folklore (אלבום של נלי פורטודו) (revision 35411242)
Live at the Folklore Center 1967 (revision 35412128)
Hoax (revision 35292933)
Evermore (אלבום) (revision 36259751)
This Is Me Trying (revision 35458657)
August (revision 35291060)
פולקלור (revision 35902589)
The Human League (revision 36446691)
Human Nature (revision 36045585)
Hurts 2B Human (שיר) (revision 35362629)
Hurts 2B Human (revision 35720468)
Only Human (revision 35513923)
Human (שיר של ראג-אנ'-בון מאן) (revision 36396634)
Human Rights Watch (revision 36106758)
To Be Human (שיר של סיה) (revision 36311971)
To Be Human (שיר של מרינה) (revision 36395947)
Human (אלבום של ברנדי נורווד) (revision 36326652)
Human (שיר של כריסטינה פרי) (revision 35362627)
Human (שיר של הקילרס) (revision 36438295)
Human (אלבום של ראג-אנ'-בון מאן) (revision 36396634)
Human (אלבום של ואן ריפאבליק) (revision 35485253)
Human (מיני-אלבום של דארן כריס) (revision 36457285)
Human (אלבום של ת'רי דייז גרייס) (revision 35826525)
אדם (revision 36499346)
חיפוש ”Human“ בוויקיפדיה (revision 36493729)
Bethesda Game Studios (revision 36292165)
חנון המשחקים הזועם (revision 35989885)
Uncharted 2: Among Thieves (revision 35881662)
משחק וידאו לשחקן יחיד (revision 30760373)
End Game (revision 36201855)
מיינקראפט (revision 36500603)
פרס אנני למשחק הווידאו הטוב ביותר (revision 36005457)
סוגות משחקי וידאו (revision 34054320)
קריסטן בל (revision 36292577)
The Ascension (revision 36464698)
GOOD Music (revision 35824999)
Mobile1 Music (revision 36287173)
Music to Be Murdered By (revision 36180959)
Music & Me (revision 35412476)
Me Against the Music (revision 36514289)
Music – Songs from and Inspired by the Motion Picture (revision 35588861)
Music for the Masses (revision 36135105)
Music Box (revision 35412479)
Music (שיר) (revision 36283256)
מוזיקה (מאטיס) (revision 34686736)
מוסיקה (אלבום) (revision 36263576)
Allmusic (revision 35780250)
Magic Circle Music (revision 35824766)
Thank You for the Music (revision 35615278)
Music Bank (revision 35412478)
אלבומי מוזיקה (revision 36443032)
Music (אלבום) (revision 36283073)
Music For The Masses (revision 36135105)
Music of the Sun (revision 35412487)
דפים ששמם מכיל ”מוזיקה“ (revision 36139910)
חיפוש ”מוזיקה“ בוויקיפדיה (revision 36204258)
רוטב לחם (revision 34335202)
לחם קארי (revision 32130808)
שטיח (revision 36124374)
לחם פרוס (revision 35215444)
רגע של תמימות (revision 34143639)
פיתה (revision 36484194)
סלבדור דאלי (revision 36518780)
כעך (revision 35062068)
רמון קאלבל (revision 34115289)
פריזית (revision 33186457)
Did You Know That There's a Tunnel Under Ocean Blvd (revision 36331533)
Ocean Eyes (revision 36464578)
Ocean (אלבום) (revision 35412629)
The Ocean (revision 35518869)
Ocean (שיר של קרול ג'י) (revision 35294496)
The Ocean Cleanup (revision 34883538)
Astronaut in the Ocean (revision 36207200)
The Ocean Way Sessions (revision 35413810)
Sitting on the Edge of the Ocean (revision 35295330)
Ocean (שיר של מרטין גריקס) (revision 35294495)
Okyanus (revision 35294522)
קוד מורס (revision 36505227)
Sleep (להקה) (revision 34722492)
אייטיז (להקה) (revision 35435522)
דליה דרבישייר (revision 36000127)
הקילרס (revision 36499631)
ונדטה (סרט) (revision 35952153)
Google Docs (revision 36155507)
סטיבן ברייר (revision 35589071)
מייקל גוף (revision 35226171)
ג'ואנה דייוויד (revision 35348831)
פייר מק אורלן (revision 36292072)
כריס בראון (revision 36476194)
סטיב ביקו (revision 36282031)
משפחת סימפסון (revision 36225599)
מיניות ברומא העתיקה (revision 36427281)
סטרואן רודג'ר (revision 33619102)
צבי בן-אברהם (revision 35932260)
פרובינציית אגן ורכס (revision 34986668)
אקספוננט קריטי (revision 36159479)
קולורדו (נהר) (revision 36249613)
אזור כלכלי בלעדי (revision 36263877)
אריה ביתן (revision 36160125)
ליבר אליאנסיס (revision 36378428)
ריצ'רד הלמס (revision 34031450)
ג'וזף קמפבל (revision 35661582)
וול סטריט (revision 36405952)
ביונסה (revision 36494854)
ג'רלד פורד (revision 36185153)
Epiphany (שיר) (revision 36122681)
שלגיה ושבעת הגמדים (revision 36316985)
Mad Woman (revision 36273687)
Exile (revision 35292283)
טיילור סוויפט (revision 36501504)
Willow (revision 36310520)
Champagne Problems (revision 36469357)
מכירה פומבית (revision 35675199)
The Eras Tour (revision 36528312)
שארל פרו (revision 35685349)
סולדד פסטורוטי (revision 34927803)
יוסף ואשת פוטיפר (revision 36281274)
סאריס (revision 35731525)
ג'ון לומקס (revision 36266977)
אמנון שילוח (revision 36497603)
הולידיי האוס (revision 34152892)
משלי שועלים (revision 36459457)
נלי פורטדו (revision 34222013)
עליזה שנהר (revision 36286855)
אחימעץ בן פלטיאל (revision 35800624)
Right Where You Left Me (revision 35913078)
וולף לסלאו (revision 36329583)
ימי החנוכה (revision 35658460)
מכשפת בל (revision 35868994)
החברה למוזיקה עממית יהודית (revision 34628120)
את לא אמא שלי (revision 34778212)
ויליאם בטלר ייטס (revision 36286811)
שר לויד (revision 33609388)
שירים שהוקלטו על ידי מדונה (revision 36456683)
Sorry I'm Late (revision 35413305)
Sticks and Stones (revision 36326628)
סנדי שו (revision 34584475)
מאסטרס וג'ונסון (revision 33857455)
1981 במוזיקה (revision 35318526)
Don't Cry for Me Argentina (revision 36089465)
מיליציה (revision 35896737)
דת' (revision 36028292)
Daylight (שיר של שיינדאון) (revision 35973265)
סאפאקיישן (revision 35713780)
Madame X (אלבום) (revision 35800183)
1991 במוזיקה (revision 34559964)
צ'אק שולדינר (revision 36283965)
Bring Me the Horizon (revision 36523066)
מיקאל אוקרפלט (revision 36490620)
The Human Equation (revision 35413736)
אוניברסלים אנושיים (revision 36204976)
ינקות (revision 35866072)
ילדות (revision 36469952)
תאומים (revision 36096178)
זכויות האישה (revision 36318604)
יהודים (revision 36468792)
נשים להגה (revision 35595768)
Human After All (revision 35948864)
ירק ימי אכיל (revision 36182127)
היפותלמוס (revision 35885795)
מוח (revision 36419709)
חימוש תרמובארי (revision 36260151)
יד (revision 35668364)
שוקולד (revision 36523998)
מוזיקת פולק (revision 36457894)
מוזיקת פופ (revision 36511591)
קולות (מוזיקה) (revision 36006445)
מילות שיר (revision 36066986)
מוזיקת סוקה (revision 36367608)
מוזיקה קלאסית (revision 36139910)
מוזיקה קאמרית (revision 35674307)
מוזיקה (revision 36466124)
מוזיקה מזרחית (revision 36289026)
מוזיקת רוק (revision 36463765)
מוזיקה קלאסית בתקופה המודרנית (revision 36078268)
תורת המוזיקה (revision 35677004)
קישוטים (מוזיקה) (revision 35682520)
באטמן מתחיל (revision 36276341)
רידיק: המסע מתחיל (revision 29906622)
אדון האוקיינוס (revision 30655429)
בזלת (revision 36488974)
מאנס שפרבר (revision 35990659)
ילוקארד (revision 34160737)
לייקווד (ניו ג'רזי) (revision 36467671)
הצד העמוק של האוקיינוס (סרט) (revision 35758707)
רווק פלוס ילד (revision 34889719)
קייב (revision 36503012)
ים ריסר-לארסן (revision 30041744)
אוקיינוס (revision 36478888)
מדעי כדור הארץ (revision 35672223)
מחשב קוונטי (revision 36508514)
אוקיינוגרפיה (revision 35704124)
ארכיפלג אלכסנדר (revision 32616631)
נטלי סנדטורב (revision 34657298)
ראדה עאמר (revision 36254915)
גל פרא (revision 36223893)
לווייתנאים (revision 36425596)
Got to Be There (revision 35411413)
This Used to Be My Playground (revision 36045577)
Love + Fear (revision 35412217)
גלאס אנימלס (revision 36101251)
How to Be a Heartbreaker (revision 35293022)
צ'לסי קאטלר (revision 33612547)
Got to Be There (שיר) (revision 35320285)
ירדן (revision 36476523)
נהר הירדן (revision 36519667)
דודו ירדני (revision 35621164)
טל ירדני (revision 36325168)
טמירה ירדני (revision 35673042)
יחזקאל ירדני (revision 34170519)
מרים ירדני (revision 35675952)
עומר ירדני (revision 36421565)
רות ירדני-כץ (revision 34711775)
תמר ירדני יפה (revision 36243860)
דפים ששמם מתחיל ב”ירדני“ (revision 36065288)
דפים ששמם מכיל ”ירדני“ (revision 36476523)
חיפוש ”ירדני“ בוויקיפדיה (revision 36496246)
כחול (revision 36215351)
מטופל (revision 34014149)
דרדר כחול (revision 36192686)
כחול (להקה) (revision 36256990)
שלושת הצבעים: כחול (revision 35050808)
כחולים (revision 36454167)
חיפוש ”כחול“ בוויקיפדיה (revision 36493729)
סולם (revision 32718600)
חלום יעקב (revision 36228342)
הסולם (revision 34546103)
סולם הסטטוס קוו (revision 35991096)
סולם (מוזיקה) (revision 36356390)
סקאלה (revision 34732677)
סולם (יישוב) (revision 36470215)
סולם מדידה (revision 34541609)
סולם (כתב עת) (revision 36312037)
יצחק סולם (revision 35775475)
חיפוש ”סולם“ בוויקיפדיה (revision 36493729)
אריה לוין (revision 36528054)
בית אריה-עופרים (revision 36428385)
אריה (revision 36486878)
ליאו מוצקין (revision 36174889)
אריות ים (revision 36007315)
אריה ים שטלר (revision 34989848)
אריה ים אוסטרלי (revision 35401657)
אריה ים דרום-אמריקאי (revision 33267876)
אריה ים ניו זילנדי (revision 34989731)
אריה ים מצוי (revision 35401658)
אריה ים קליפורני (revision 36189484)
אריה ים גלאפגוס (revision 34006429)
אריה ים יפני (revision 33365671)
אריה (סמל) (revision 36224221)
אריה (קבוצת כוכבים) (revision 33259955)
מזל אריה (revision 36507210)
אריה (מוזיקה) (revision 36304321)
אריה (להקה) (revision 34540781)
קריית אריה (revision 35932442)
יבגני אריה (revision 36035744)
אלון גור אריה (revision 36392419)
האריה השואג (revision 35858189)
ארייה (חקלאות) (revision 34511122)
אריה (מטוס) (revision 35933155)
אריה (אלבום) (revision 36413012)
אריה ניר הוצאה לאור (revision 36245533)
פרס אריה הזהב (revision 35516714)
דפים ששמם מתחיל ב”אריה“ (revision 36365948)
דפים ששמם מכיל ”אריה“ (revision 36486878)
פייר איילנד (revision 35529321)
חול (revision 36459898)
המפץ הגדול (revision 36252617)
רוד איילנד (revision 34998019)
משימות מאוישות למאדים (revision 34555437)
מצעד הפזמונים הבין-לאומי השנתי (1980–1989) (revision 36349699)
רוג'ר פנרוז (revision 36099305)
אישה (revision 36266112)
נורמן קאזנס (revision 36023318)
פיליפ אוקי (revision 36422537)
הלסי (revision 36501544)
נאציזם (revision 36461348)
השפעת מגפת הקורונה על הקהילה הגאה (revision 36264083)
ג'ורג'ו מורודר (revision 36447440)
שיבוט (revision 36301440)
מידע כוזב על מגפת הקורונה (revision 35963927)
מחיקת ערכים בוויקיפדיה (revision 36493729)
הפער המגדרי בוויקיפדיה (revision 36496246)
קרן ויקימדיה נגד הסוכנות לביטחון לאומי (revision 35773967)
מנת יתר אופיאטית (revision 35909536)
מחוברות עובדים (revision 35853388)
רעידות אדמה מושרות (revision 34581138)
תרופה (revision 36519721)
נגיף הנדרה (revision 36446293)
פסיכופתיה (revision 36513792)
כרכ (revision 36376911)
צוער (עיר מקראית) (revision 35520628)
לבנט (revision 35985535)
כרכ (מחוז) (revision 35374914)
מצודת כרכ (revision 35762937)
כרכ נוח (revision 35225295)
תל בית ירח (revision 35812515)
דפים ששמם מתחיל ב”כרכ“ (revision 36376911)
מקורות הירדן (revision 36510649)
בקעת הירדן (revision 36065288)
הירדן (כתב עת) (revision 33206756)
מעבר נהר הירדן (revision 36157134)
מעברות הירדן (revision 35963268)
דפים ששמם מתחיל ב”ירדן“ (revision 36476523)
דפים ששמם מכיל ”ירדן“ (revision 36476523)
חיפוש ”ירדן“ בוויקיפדיה (revision 36496246)
תל אביב-יפו (revision 36492939)
תל חי (revision 36297550)
תל השומר (revision 36081345)
הפועל תל אביב (revision 36315241)
מכבי תל אביב (revision 36524755)
תל (revision 36212231)
קו התלים הישראלי (revision 36001161)
קו התלים הסורי (revision 36001161)
תל (נפת שכם) (revision 35257136)
תל קבורה (revision 36380634)
וספי א-תל (revision 35666711)
עבדאללה א-תל (revision 35936418)
שון תל (revision 36043811)
טל (revision 36333530)
אדום (revision 36365591)
תת-אדום (revision 35758456)
צבע אדום (revision 36302952)
הצבא האדום (revision 35825110)
שלושת הצבעים: אדום (revision 35155346)
אדום (אלבום) (revision 36480054)
הרי אדום (revision 35926925)
אדום (עם) (revision 36187310)
עשיו (revision 36270365)
שמש-אדום (revision 25348517)
מטבע הזהב (revision 35674735)
חיפוש ”אדום“ בוויקיפדיה (revision 36496246)
פופאי המלח (revision 35981589)
יער גשם טרופי (revision 35092900)
מלח הארץ (revision 32120603)
אגם יבש (revision 36294173)
נחל מלחה (revision 35951474)
מלחה (שכונה) (revision 36301863)
קניון ירושלים (revision 36494134)
היכל הספורט מלחה (revision 36518094)
אל מאלחה (revision 35717539)
ראם (revision 36390251)
רא"ם (revision 36158161)
יאשי (revision 36259805)
ראמים (revision 36008433)
ראם לבן (revision 36112381)
ראם (מיתולוגיה) (revision 35426398)
דפוס ראם (revision 36104611)
זיכרון גישה אקראית (revision 34647524)
בואינג 707 (revision 36487686)

== End of Parsed pages ==

- Number of pages processed: 529
- Number of characters consumed: 3001352

- Wikipedia parsing ended at: 2023-06-20 03:01:00.887006

92 characters appeared 3001352 times.

Most Frequent characters:
[ 0] Char י: 11.657513014134963 %
[ 1] Char ו: 11.008971956638208 %
[ 2] Char ה: 8.124771769522535 %
[ 3] Char ל: 6.023785280766801 %
[ 4] Char ר: 5.8840149372682715 %
[ 5] Char ת: 5.5077178551532775 %
[ 6] Char ב: 5.1426823644810735 %
[ 7] Char מ: 4.924014244247259 %
[ 8] Char א: 4.388355647721427 %
[ 9] Char ש: 4.073564180409362 %
[10] Char נ: 3.3242352113314264 %
[11] Char ם: 2.9235824388475593 %
[12] Char ע: 2.6471403554131605 %
[13] Char ק: 2.458791904448395 %
[14] Char ד: 2.4533277003163905 %
[15] Char פ: 2.2067721480186266 %
[16] Char ח: 2.0121265349749047 %
[17] Char ס: 2.0006650336248466 %
[18] Char כ: 1.868524584920396 %
[19] Char ג: 1.5325759857557528 %
[20] Char ט: 1.5125183583931507 %
[21] Char ן: 1.2228155844432775 %
[22] Char צ: 1.214219458430734 %
[23] Char ז: 0.8985617148538392 %
[24] Char e: 0.44240062478509684 %
[25] Char ך: 0.3790958208167519 %
[26] Char a: 0.3106933142130613 %
[27] Char o: 0.3092939448621821 %
[28] Char i: 0.28467170795028374 %
[29] Char r: 0.25475185849577126 %
[30] Char n: 0.24868792464196135 %
[31] Char t: 0.22273295501493992 %
[32] Char ף: 0.2155695166711535 %
[33] Char s: 0.2133705076912005 %
[34] Char l: 0.18614944198481218 %
[35] Char u: 0.134539367591672 %
[36] Char h: 0.11474828677209473 %
[37] Char d: 0.11228273124911706 %
[38] Char c: 0.10871767123616291 %
[39] Char ץ: 0.10608552412379488 %
[40] Char m: 0.08942636518475673 %
[41] Char g: 0.06970192100093558 %
[42] Char y: 0.06850246155732483 %
[43] Char S: 0.06693650061705525 %
[44] Char M: 0.06683654566342102 %
[45] Char T: 0.05987301722690307 %
[46] Char p: 0.057174233478778896 %
[47] Char C: 0.05654118543909545 %
[48] Char A: 0.05584150076365584 %
[49] Char B: 0.05124357289648132 %
[50] Char v: 0.04484645586389067 %
[51] Char f: 0.04451327268510991 %
[52] Char D: 0.04401349791693877 %
[53] Char k: 0.042314263705156875 %
[54] Char I: 0.04034848295035038 %
[55] Char L: 0.039915344817935385 %
[56] Char P: 0.03781629079161658 %
[57] Char R: 0.03704996948042082 %
[58] Char b: 0.03548400854015124 %
[59] Char F: 0.03358486442110089 %
[60] Char H: 0.03325168124232013 %
[61] Char E: 0.03035298758692749 %
[62] Char W: 0.02815397860697446 %
[63] Char G: 0.027787477110315616 %

The first 64 characters have an accumulated ratio of 0.998165493417633.
The first 5 characters have an accumulated ratio of 0.4269905695833078.
All characters whose order is over 28 have an accumulated ratio of 0.030791456650202973.

2037 sequences found.

First 872 (typical positive ratio): 0.9950066903407226
Next 378 (1250-872): 0.003995155693816477
Rest: 0.0009981539654608795

- Processing end: 2023-06-20 03:01:01.384657
