= Logs of language model for German (de) =

- Generated by BuildLangModel.py
- Started: 2023-06-20 01:28:06.035478
- Maximum depth: 4
- Max number of characters: 3000000

== Parsed pages ==

Deutschland (revision 234718966)
Deutsche Sprache (revision 234632000)
Linguistics (revision 233408241)
Alphabet (revision 232837717)
Pratchett (revision 233572709)
Satire (revision 229895187)
History (revision 222295013)
Folklore (revision 225890130)
Biology (revision 234663665)
Plant (revision 234268930)
computer (revision 234518296)
Technology (revision 233744279)
Communication (revision 233666743)
Writing (revision 233917850)
Video Game (revision 233442420)
Music (revision 234609213)
Glass (revision 233804494)
Bread (revision 234128738)
Food (revision 232409923)
Ocean (revision 234415336)
Amazon (revision 234448231)
Chaplin (revision 234588186)
Aguilera (revision 234551388)
Morse Code (revision 234737961)
Streptococcus (revision 230164119)
Virus (revision 233209093)
Submarine (revision 234711048)
Steel (revision 234636231)
Weather (revision 232386530)
Scholar (revision 228142849)
Supernova (revision 231594503)
Prima Donna (Uriah Heep song) (revision 234613809)
Wallsend Boys Club (revision 231792774)
Teodoro Cottrau (revision 194999712)
Freek van der Wart (revision 228970759)
STI College (revision 231342689)
Guy Cooper (revision 234400807)
Adrianichthys kruyti (revision 153719234)
Nick Thompson (soccer) (revision 229949860)
K152 (revision 234033047)
Ottawa Junior Riders (revision 218848428)
Zhuhai Open (revision 233407722)
Monacillo, San Juan, Puerto Rico (revision 234722835)
1973 Appalachian State Mountaineers football team (revision 234637172)
Adeline Baud Mugnier (revision 231384104)
2013 Windward Islands Tournament (revision 232563996)
Typhlodromina (revision 202813007)
Fellingsbro (revision 223581065)
Open space accessibility in California (revision 232924169)
Heidelberg Heights, Victoria (revision 231896970)
Phonetik (revision 232013922)
Internationales Phonetisches Alphabet (revision 234420225)
Approximant (revision 200164540)
Artikulatorische Phonetik (revision 212452543)
Hauptvokal (revision 199590534)
Vocoid (revision 212996643)
Russische Phonologie (revision 232530415)
ICAO-Alphabet (revision 234396393)
Amerikanistisches Phonetisches Alphabet (revision 165997802)
Intonation (Sprachwissenschaft) (revision 234582462)
Extensible Markup Language (revision 230377215)
Hypertext Markup Language (revision 234750007)
ISO 639 (revision 232028128)
Englische Sprache (revision 234575999)
SQL (revision 234039809)
Wolfram Language (revision 218339788)
Computerlinguistik (revision 232465373)
Corporate Language (revision 192914555)
Unified Modeling Language (revision 230720649)
Shape grammar (revision 233890778)
Grammar School (revision 226990218)
Kelsey Grammer (revision 231204677)
Nelly (Rapper) (revision 234412957)
William Shakespeare (revision 234439512)
Chinesische Sprachen (revision 232795404)
Dzongkha (revision 230069574)
Grammer AG (revision 232963864)
Andy Grammer (revision 231454648)
Camille Grammer (revision 234382637)
Elijah S. Grammer (revision 226551034)
Greer Grammer (revision 231281575)
Georg Grammer (revision 232963864)
Karl Grammer (revision 221919021)
Mabel A. Grammer (revision 213145269)
Spencer Grammer (revision 214702549)
Killers of the Flower Moon (revision 234511988)
Flower-Power (revision 234517425)
Flow (revision 231242152)
The Flower Kings (revision 232332226)
Flower Tucci (revision 229289775)
Waris Dirie (revision 232379485)
The Flower of Scotland (revision 226028137)
Flow (Psychologie) (revision 231242152)
Andy Flower (revision 227276169)
Bo Flower (revision 167191378)
Charles E. Flower (revision 224537632)
George Flower (revision 231310532)
Jessie Flower (revision 213622587)
Roswell P. Flower (revision 195085677)
Stanley Smyth Flower (revision 230733800)
William Henry Flower (revision 211883657)
Flower (Computerspiel) (revision 232504749)
Flower (Film) (revision 234511988)
Mount Flower (revision 208137876)
Animal Crossing (revision 234465807)
Farm der Tiere (revision 234335923)
Animal Liberation (revision 231848288)
Animal Kingdom (revision 231020849)
The Animals (revision 234336132)
Animal Kingdom (Fernsehserie) (revision 231020849)
Animal Rebellion (revision 234704253)
Animal Equality (revision 234465868)
Animal (Band) (revision 222988073)
Animal (2014) (revision 221075231)
Animal – Das Tier im Manne (revision 214690584)
Animal – Gewalt hat einen Namen (revision 234758683)
Animal 2: Hard Justice (revision 234758683)
The Male Animal (revision 182339322)
Animal (Album) (revision 234465788)
Def Leppard (revision 232646972)
Pearl Jam (revision 234745347)
Neon Trees (revision 234215773)
Joseph Laurinaitis (revision 224040365)
Muppet Show#Tier (revision 231413178)
Animal Dance (revision 208777970)
A.N.I.M.A.L. (revision 233369629)
Liste der animal-Epitheta (revision 228122993)
Tier (revision 193842184)
Index der menschlichen Entwicklung (revision 234399721)
Human Centipede – Der menschliche Tausendfüßler (revision 233541417)
Being Human (US-amerikanische Fernsehserie)/Episodenliste (revision 233547681)
Humane Papillomviren (revision 234732802)
Humans (revision 231316114)
Epstein-Barr-Virus (revision 232099180)
Human relations (revision 224567539)
Humanes Cytomegalievirus (revision 219565292)
Humanität (revision 234644358)
Human (Death-Album) (revision 231132833)
Human (Brandy-Album) (revision 228020974)
Human (The-Killers-Lied) (revision 234375372)
Human (Dokumentarfilm) (revision 222022345)
HUMAN (Rundfunk) (revision 223610967)
Charlie Human (revision 184686860)
Franz Leo Human (revision 169141949)
Shirene Human (revision 232334900)
Humann (revision 229939171)
Ich, der Robot (revision 223072994)
I, Robot (Film) (revision 233799735)
Mr. Robot (Fernsehserie) (revision 234205781)
I, Robot (revision 233799735)
Mr. Robot (revision 234205781)
Robot Karol (revision 230068197)
Foundation-Zyklus (revision 231919404)
Pepper (Roboter) (revision 228909695)
Frondienst#Robath (revision 234440559)
Jenoptik Robot (revision 230176368)
Jenoptik Robot#Technisches Konzept der ehemaligen Kameras (revision 230176368)
The Game of Robot (revision 233121308)
Webcrawler (revision 234612818)
Ghalib Andang (revision 225991544)
Robot (Film) (revision 233799735)
Robot Gully (revision 209628933)
Robot Framework (revision 221801411)
Bot (revision 232115257)
Politics (Begriff) (revision 208253069)
Margaret Thatcher (revision 234585854)
Hundepfeifen-Politik (revision 233907633)
Politik (revision 233686499)
Polity (revision 233173989)
Pio von Pietrelcina (revision 233554422)
Policy (revision 233634417)
Forza Italia (revision 233392968)
Liste der Staaten nach Einführungsjahr des Frauenwahlrechts (revision 233709990)
Google Earth (revision 234231789)
After Earth (revision 234345407)
Iced Earth (revision 223642105)
Empire Earth (revision 233554095)
Earth Song (revision 234447776)
Earth & Fire (revision 231091807)
Flache Erde (revision 234590912)
Rare Earth (revision 221266243)
Earth (Band) (revision 213503966)
Black Sabbath (revision 234621285)
Mission Erde – Sie sind unter uns (revision 230533148)
Unsere Erde – Der Film (revision 229083634)
Fleur Earth (revision 233008859)
Earth Hour (revision 232932499)
Archaeen (revision 233646223)
Domäne (Biologie) (revision 225123852)
Pseudomonas (revision 229310575)
Cyanobakterien (revision 233918442)
Reich (Biologie) (revision 234334747)
Milchsäurebakterien (revision 232904254)
Coliforme Bakterien (revision 222676984)
Batterie (Elektrotechnik) (revision 234738848)
Batterie (Militär) (revision 234279457)
Ballett-Glossar #B (revision 231887111)
Radionuklidbatterie (revision 234072327)
Feuerwerksbatterie (revision 219941551)
Kondensatorbatterie (revision 227491428)
Geflügelproduktion #Käfighaltung (revision 233753242)
Mischbatterie (revision 231411220)
Bird & Bird (revision 234664369)
Sue Bird (revision 232658095)
Larry Bird (revision 234444363)
Lady Bird (revision 232768152)
Flappy Bird (revision 229024062)
Bird Box – Schließe deine Augen (revision 233594367)
Bird of Prey (revision 232106749)
Bird (Familienname) (revision 231863020)
Bird (Film) (revision 223929302)
Bird-Eröffnung (revision 232911735)
Ningbo Bird (revision 209025280)
MH-6 Little Bird (revision 225962625)
Bird Internet routing daemon (revision 234664389)
Kap Bird (revision 207327202)
Mount Bird (revision 207327209)
Buggymania (revision 191659677)
Bird (Unternehmen) (revision 234664378)
Bird in Hand (revision 232475629)
Bird Springs (revision 234444363)
Brdo (Luže) (revision 182669539)
Bird's Nest (revision 228992494)
Bird Bluff (revision 208470471)
Bird Ridge (revision 211567835)
Bird Saddle (revision 208363493)
Bird Study (revision 175291535)
Birt (revision 233059703)
Bert (revision 217250302)
Advanced Chemistry (revision 231918401)
CRC Handbook of Chemistry and Physics (revision 231512881)
Click-Chemie (revision 231970380)
Alkohole (revision 231590636)
International Union of Pure and Applied Chemistry (revision 224229378)
Chemistry – A European Journal (revision 218987685)
Chemistry – An Asian Journal (revision 218987608)
Chemistry (Album) (revision 231792025)
ChemistryOpen (revision 231544814)
Vielseitigkeitsreiten (revision 228970543)
United States Military Academy (revision 234387293)
Hercules K 125 BW (revision 233949129)
Royal Military Academy Sandhurst (revision 228883286)
Streitkräfte der Vereinigten Staaten (revision 234471941)
Royal Edinburgh Military Tattoo (revision 226028155)
Verteidigungsministerium der Vereinigten Staaten (revision 233144789)
Rheinmetall MAN Military Vehicles (revision 233785366)
Military Cross (revision 200345313)
Military Freefall (revision 234068067)
Olympische Sommerspiele (revision 234064811)
Olympische Sommerspiele 1980 (revision 231982940)
Russisch-Olympiade (revision 223101644)
World Robot Olympiad (revision 234737315)
European Girls’ Mathematical Olympiad (revision 225132675)
Schacholympiade (revision 233993502)
Olympische Sommerspiele 2012 (revision 232426993)
Olympia (Griechenland) (revision 233432846)
Olympia (Vorname) (revision 225682020)
(582) Olympia (revision 169185709)
CSEC (revision 232695365)
Olympia (Paris) (revision 229784190)
Olympia (London) (revision 193763142)
Olympia (Gemälde) (revision 234543818)

== End of Parsed pages ==

- Number of pages processed: 385
- Number of characters consumed: 3007403

- Wikipedia parsing ended at: 2023-06-20 01:39:03.031300

59 characters appeared 3007403 times.

Most Frequent characters:
[ 0] Char e: 15.669732323868798 %
[ 1] Char n: 9.564165494281944 %
[ 2] Char i: 8.285154999180355 %
[ 3] Char r: 7.422916050825247 %
[ 4] Char s: 6.385575860634574 %
[ 5] Char t: 6.256294882993732 %
[ 6] Char a: 5.861435929936892 %
[ 7] Char d: 4.805541525362581 %
[ 8] Char h: 3.9881585540747286 %
[ 9] Char l: 3.9650156630155657 %
[10] Char u: 3.835202664890605 %
[11] Char o: 3.2947031043062736 %
[12] Char c: 2.8563514766727307 %
[13] Char g: 2.831978288244043 %
[14] Char m: 2.776315645093125 %
[15] Char b: 2.0149610810390226 %
[16] Char f: 1.7265727273664353 %
[17] Char k: 1.4746277768559783 %
[18] Char w: 1.3619391880635883 %
[19] Char p: 1.309900934460729 %
[20] Char z: 1.1559475068688831 %
[21] Char v: 1.0284953496421996 %
[22] Char ä: 0.5146300645440601 %
[23] Char ü: 0.5070820239256262 %
[24] Char y: 0.3267935823699052 %
[25] Char j: 0.2527762325168925 %
[26] Char ö: 0.22920107481438304 %
[27] Char ß: 0.11800879363357687 %
[28] Char x: 0.11248908111084546 %
[29] Char q: 0.03534611091363545 %

The first 30 characters have an accumulated ratio of 0.9996731399150695.
The first 4 characters have an accumulated ratio of 0.4094196886815634.
All characters whose order is over 20 have an accumulated ratio of 0.031248223134711244.

1159 sequences found.

First 505 (typical positive ratio): 0.9950010540185499
Next 147 (652-505): 0.004007652452568178
Rest: 0.0009912935288819424

- Processing end: 2023-06-20 01:39:03.155328
