= Logs of language model for Estonian (et) =

- Generated by BuildLangModel.py
- Started: 2023-06-20 02:05:05.745908
- Maximum depth: 4
- Max number of characters: 3000000

== Parsed pages ==

Harilik pohl (revision 6399714)
Silo (revision 6380038)
Eesti ajalugu (revision 6414376)
Phonetics (revision 6296185)
Linguistics (revision 6212785)
Alphabet (revision 6206925)
Language (revision 4763070)
Pratchett (revision 6373846)
Grammar (revision 5761360)
History (revision 5171086)
Folklore (revision 6024269)
Biology (revision 4734853)
Flower (revision 4741301)
Plant (revision 5281810)
Animal (revision 6292827)
computer (revision 6411444)
Robot (revision 6161333)
Technology (revision 5781060)
Communication (revision 6370592)
Writing (revision 5796226)
Video Game (revision 6272464)
Music (revision 5778887)
Glass (revision 6405084)
Earth (revision 6408314)
Ocean (revision 6312174)
Amazon (revision 6206933)
Chaplin (revision 6275885)
Aguilera (revision 6213342)
Morse Code (revision 6413746)
Streptococcus (revision 5378315)
Bacteria (revision 6411919)
Bird (revision 5795960)
Submarine (revision 6352056)
Steel (revision 5551961)
Chemistry (revision 5408116)
Military (revision 6392660)
Weather (revision 6283686)
Scholar (revision 4751244)
Supernova (revision 5525958)
Olympiad (revision 5570936)
IFRS 4 (revision 5749656)
Jon Elliott (revision 6418866)
RES-1 Radar (revision 6341899)
Saïd Aouita (revision 6350311)
Miss Venezuela 1965 (revision 6423220)
Kazuhiko Ogasawara (revision 6390087)
Blu-code (revision 6213407)
All the Little Animals (revision 6022784)
Grand Mesa (revision 5616817)
Iroonia (revision 6377501)
Joseph Hall (revision 5849479)
Angry Birds (revision 6206971)
Jänespüks Jojo (revision 5959108)
Eve Sooneste (revision 6414433)
Rowan Atkinson (revision 6360579)
Aleksander VIII (revision 6270751)
Thomas Hardy (revision 6140773)
George Orwell (revision 6285091)
Roman Matkiewicz (revision 6311671)
The Human League (revision 5746749)
A Treatise of Human Nature (revision 4706720)
Human (Rag'n'Bone Mani laul) (revision 6109372)
Harilik humal (revision 5913162)
Human Ground (revision 5858818)
An Essay Concerning Human Understanding (revision 5022575)
Humal (restoran) (revision 6371292)
Huma jõgi (revision 3551683)
Human (Rag'n'Bone Mani album) (revision 4723280)
Karask (revision 5446465)
Soft rock (revision 6324878)
Native Nod (revision 5759752)
Rukkileib (revision 6220602)
Merike Paberits (revision 6263063)
Makariv (revision 6071972)
Screamo-ansamblite loend (revision 5741883)
Õlu (revision 6156716)
Gazpacho (revision 6387305)
Neil Gaiman (revision 5875732)
Rimi Eesti Food (revision 6178613)
Fast Food Nation (revision 6346021)
Food Network (revision 5419743)
Baltic Restaurants Estonia (revision 6145975)
Maailma Toiduprogramm (revision 5751283)
Toidulisaained (revision 6335194)
Toitumisahel (revision 6347424)
Toiduturism (revision 6288769)
Carl Warner (revision 5898215)
Pruun FK (revision 6219731)
FIFA Ballon d'Or (revision 6338556)
1992. aasta Eesti presidendivalimised (revision 6184358)
Ballon d'Or (revision 6338908)
Regioonide Partei (revision 6235292)
Eesti Maarahva Erakond (revision 6296873)
Naisriigipeade loend (revision 6408261)
Polüseksuaalsus (revision 5546178)
Suessi kriis (revision 5695800)
Philip Pettit (revision 5467020)
Tõejärgne poliitika (revision 5857581)
Viru-Nigula kihelkond (revision 6155100)
Ida-Viru maakond (revision 6382774)
Viru-Jaakobi kogudus (revision 6327836)
Viru hotell (revision 6417716)
Kaitseliidu Viru malev (revision 6378116)
Lääne-Viru maakond (revision 6382712)
Viru-Nigula (revision 5974728)
Viru-Jaagupi kihelkond (revision 6155114)
Viru Maakohus (revision 6142560)
Zarch (revision 4721918)
Karistus (revision 5432434)
Ellie Goulding (revision 5220138)
Burn (revision 6030714)

== End of Parsed pages ==

- Number of pages processed: 139
- Number of characters consumed: 415551

- Wikipedia parsing ended at: 2023-06-20 02:08:25.901958

66 characters appeared 415551 times.

Most Frequent characters:
[ 0] Char a: 12.859552738412372 %
[ 1] Char i: 10.362867614324115 %
[ 2] Char e: 10.061580888988356 %
[ 3] Char s: 8.492339087139724 %
[ 4] Char t: 7.18660284778523 %
[ 5] Char l: 5.88471691801969 %
[ 6] Char u: 5.134869125570628 %
[ 7] Char n: 4.9962579803682345 %
[ 8] Char o: 4.6312005024654015 %
[ 9] Char k: 4.471172010174443 %
[10] Char r: 4.238709568741261 %
[11] Char d: 3.7949613886141536 %
[12] Char m: 3.692928184506836 %
[13] Char v: 2.2608536617647412 %
[14] Char g: 1.865474995848885 %
[15] Char j: 1.780286896193247 %
[16] Char h: 1.7328799593792337 %
[17] Char p: 1.6200177595529792 %
[18] Char b: 0.9211865691575764 %
[19] Char ä: 0.9190207700137889 %
[20] Char õ: 0.8482713313167337 %
[21] Char ü: 0.524123392796552 %
[22] Char c: 0.48297320906459135 %
[23] Char f: 0.3515813943414888 %
[24] Char y: 0.2538797885217458 %
[25] Char ö: 0.1809645506809032 %
[26] Char w: 0.14558983133237557 %
[27] Char z: 0.09962676061422064 %
[28] Char ō: 0.037540518492315024 %
[29] Char š: 0.036096652396456756 %
[30] Char x: 0.035374719348527615 %
[31] Char ž: 0.012513506164105008 %
[32] Char é: 0.012272861814795297 %
[33] Char q: 0.010588351369627314 %

The first 34 characters have an accumulated ratio of 0.9993887633527534.
The first 4 characters have an accumulated ratio of 0.4177634032886457.
All characters whose order is over 19 have an accumulated ratio of 0.03031396868254438.

993 sequences found.

First 504 (typical positive ratio): 0.9950329118919757
Next 213 (717-504): 0.003969160077240685
Rest: 0.0009979280307835792

- Processing end: 2023-06-20 02:08:26.037988
