= Logs of language model for Ukrainian (uk) =

- Generated by BuildLangModel.py
- Started: 2023-06-20 08:32:02.605595
- Maximum depth: 4
- Max number of characters: 3000000

== Parsed pages ==

Phonetics (revision 31580775)
Linguistics (revision 38127633)
Alphabet (revision 38663010)
Language (revision 35578623)
Pratchett (revision 39136943)
Grammar (revision 34757686)
History (revision 37438626)
Folklore (revision 33571555)
Biology (revision 33796631)
Plant (revision 38326637)
Animal (revision 38970988)
computer (revision 37221567)
Robot (revision 38880979)
Technology (revision 36196473)
Communication (revision 39510061)
Writing (revision 35769481)
Video Game (revision 34996762)
Glass (revision 35935982)
Bread (revision 35063580)
Food (revision 39694491)
Politics (revision 22250809)
Earth (revision 39400111)
Ocean (revision 39157824)
Aguilera (revision 38684212)
Morse Code (revision 39737486)
Streptococcus (revision 38298148)
Virus (revision 39486155)
Bacteria (revision 38703138)
Submarine (revision 35738975)
Steel (revision 35307004)
Chemistry (revision 37974998)
Military (revision 38465712)
Weather (revision 34922403)
Scholar (revision 39495162)
Supernova (revision 33171047)
Death of Malice Green (revision 37688449)
Hold That Plane! (revision 35469609)
Wang-an Airport (revision 37653144)
Wisconsin River (revision 35389201)
D. J. Eliot (revision 34842206)
Cognitive Development (revision 36368797)
Luulupe (revision 35196182)
Transit of Mercury from Mars (revision 38206679)
Arnold Auerbach (revision 38470457)
Joe O'Brien (revision 36085562)
Mimaropa (revision 36548852)
Операція «Зільберфукс» (revision 38072035)
Алакуртті (revision 38965043)
Північний фронт (Друга світова війна) (revision 33891150)
14-та армія (СРСР) (revision 36041667)
81-ше командування особливого призначення (revision 35331977)
Масельська оперативна група (revision 35935396)
Операція «Полярфукс» (revision 37495500)
5-й повітряний флот (Третій Рейх) (revision 35330052)
Середній (півострів) (revision 32814019)
6-та піхотна дивізія (Фінляндія) (revision 37923795)
1736 у літературі (revision 16840974)
Меніппова сатира (revision 36700796)
Мок'юментарі (revision 37227596)
Думитру Оленеску-Асканіо (revision 30871473)
Огма (revision 33932216)
Етьєн Каржа (revision 39610510)
Грігоре Александреску (revision 28715495)
Каперське свідоцтво (revision 37308837)
Ференц Дунаї (revision 38422001)
Машина війни (revision 36366141)
Flower of Scotland (revision 35614570)
Flower (пісня Коді Сімпсона) (revision 35614569)
Stone Flower (revision 25140977)
King Biscuit Flower Hour Presents: Deep Purple in Concert (revision 35516163)
Кірстен Флауер (revision 37300533)
King Biscuit Flower Hour: Greatest Hits Live (revision 35516159)
Вбивці квіткової повні (revision 39698233)
Флавер-Маунд (Техас) (revision 38855879)
Флавер-Гілл (Нью-Йорк) (revision 38855877)
Icehouse (revision 38794378)
Викрасти за 60 секунд (revision 39307107)
Human (альбом Death) (revision 36516374)
Human Race (revision 36922061)
Human Clay (revision 21463723)
Human (альбом Three Days Grace) (revision 37229327)
Human. :II: Nature. (revision 35471854)
Human (альбом Рода Стюарта) (revision 37917327)
Human Nature (revision 27980435)
The Human League (revision 37924630)
The Killers (revision 39513250)
MUSIC (revision 35661991)
Warner Music Group (revision 38621419)
Enter-music (revision 37257063)
Universal Music Group (revision 37663633)
EU Music (revision 38689808)
Sony Music Entertainment (revision 39131624)
Music Box Ukraine (revision 38304210)
Lavina music (revision 38736691)
MAD Video Music Awards (revision 38119123)
«Music» (revision 38621419)
«The Music» (revision 35768515)
«Wii Music» (revision 39256733)
Amazon Web Services (revision 39710831)
Amazon S3 (revision 37225011)
Amazon Relational Database Service (revision 39244529)
Amazon Elastic Compute Cloud (revision 37225009)
Amazon SQS (revision 37512315)
Prime Video (revision 39324273)
Amazon Games (revision 39192935)
Продається все. Джефф Безос та ера Amazon (revision 27647011)
Amazon Athena (revision 37224997)
Amazon.com (revision 37629718)
Амазон (revision 35868750)
людини-вбивці (revision 34279939)
Diablo II (revision 39249201)
професійної боротьби (revision 36074440)
Богиня війни (revision 39648140)
Volvo Amazon (revision 38661197)
HMS Amazon (revision 35629130)
Амазонас (revision 36856868)
Амазонка (revision 39139581)
Чарлі Чаплін (revision 39230213)
Огляд творчості Чапліна в «Ессеней» (revision 35780805)
3623 Чаплін (revision 38908182)
USS Admiralty Islands (CVE-99) (revision 35758334)
Чаплін (Коннектикут) (revision 38857336)
Чаплін (Кентуккі) (revision 37369866)
Glade (revision 35622978)
Tympanocryptis (revision 37644338)
Сідні Чаплін (revision 31010326)
Бен Чаплін (revision 38740439)
Джеральдіна Чаплін (revision 39403623)
Уна Чаплін (revision 38252619)
Чаплін Анатолій Федорович (revision 35947765)
Чаплін Всеволод Анатолійович (revision 39435674)
Чаплін Марія-Гражина Анатоліївна (revision 39712522)
«Чаплін» (revision 39230213)
I'm like a Bird (revision 36486516)
Flappy bird (revision 39327630)
Hot Bird (revision 39550017)
Boeing Bird of Prey (revision 37437901)
The Bird and the Bee (revision 37421672)
MD Helicopters MH-6 Little Bird (revision 39132163)
Paul Bird Motorsport (revision 35702821)
Gold Tailed Bird (revision 36702191)
Free Bird (revision 35909125)
Birds (пісня Анук) (revision 36486500)
Португалія на літніх Олімпійських іграх 1980 (revision 27700297)
Ліван на літніх Олімпійських іграх 1980 (revision 34840285)
Передолімпійський турнір КОНМЕБОЛ (revision 38105649)
Стрибки у воду на літніх Олімпійських іграх 1952 (revision 37301470)
Північний Борнео на Олімпійських іграх (revision 18827237)
Шахова олімпіада 2006 (revision 37882939)
Іран на літніх Олімпійських іграх 1972 (revision 35816418)
Іран на літніх Олімпійських іграх 1964 (revision 35816414)
Шахова олімпіада 2002 (revision 35243654)
Стрибки у воду на літніх Олімпійських іграх 1956 (revision 37301471)
Ганна Арендт (revision 39154955)
Раві Шанкар (revision 36985503)
Клод Вів'є (revision 39689541)
Music (альбом Мадонни) (revision 31331254)
Індійська музика (revision 38700336)
Rock the Casbah (revision 39318425)
Måneskin (revision 39741134)
Список музичних стилів (revision 37378620)
The Moody Blues (revision 36747637)
The MDNA Tour (revision 39664864)
Психоделічний рок (revision 39688716)
Рух Чаювання (revision 39568943)
Корвети типу «Флавер» (revision 38322187)
Greatest Hits, Classic Remixes and Music Videos (revision 24468371)
A Collection of Roxette Hits: Their 20 Greatest Songs! (revision 35340476)
Маки — це також квіти (revision 38038043)
Flowers (альбом Ace of Base) (revision 21463957)
The Ballad Hits (revision 35749098)
Onewe (revision 39489039)
Гайдельберзька людина (revision 38655231)
Піщана людина (персонаж) (revision 39558861)
Людина уміла (revision 39324742)
Людина-павук (revision 39558722)
Людина флореська (revision 39695470)
Людина (revision 39719394)
Ґік (людина) (revision 35302643)
Денисівська людина (revision 36471138)
Людина розумна (revision 35950307)
Австралопітеки (revision 37603329)
Людина розумна найстаріша (revision 35265711)
Людина рудольфська (revision 28431818)
Людина прямоходяча (revision 37279744)
Людина працююча (revision 35265639)
Людина-попередник (revision 35265254)
Людина гейдельбергська (revision 38655231)
 Людина неандертальська (revision 39690849)
Людина родезійська (revision 27610213)
Людина грузинська (revision 35265385)
Перша людина (revision 39206529)
Адам і Єва (revision 37171813)
Адам Рішон (revision 29352510)
Аск і Ембла (revision 38722745)
Природа людини (revision 34964655)
Людство (revision 39162742)
Людина і царство тварин (revision 38970988)
Індивід (людина) (revision 38626408)
Людина взаємна (revision 39341229)
Людина економічна (revision 35265394)
Універсальна людина (revision 39445292)
Одновимірна людина (revision 28091140)
Людина, економіка, та держава (revision 35264821)
Бунтівна людина (revision 39260787)
Людина грає (revision 37439550)
Людина з рушницею (фільм) (revision 39215595)
Людина з бульвару Капуцинів (revision 35566275)
Серйозна людина (revision 39505838)
Третя людина (фільм) (revision 39291421)
Людина-павук 2 (revision 39354029)
Людина-павук 3 (revision 39438582)
Нова Людина-павук (revision 39438539)
Залізна Людина (фільм) (revision 39241752)
Залізна людина 2 (revision 38306074)
Людина-слон (revision 37644173)
Людина-амфібія (фільм, 1961) (revision 35264992)
Третя людина (revision 39291421)
Своя людина (revision 37875172)
Коли людина посміхнулась (revision 36280891)
Людина з кіноапаратом (revision 37838404)
Вітрувіанська людина (revision 36135137)
Маленька людина (revision 31113216)
Повзуча людина (revision 35264893)
Люди (Warcraft) (revision 39099943)
Залізна Людина (revision 39666928)
Радіоактивна Людина (revision 39298124)
Снігова людина (revision 39681423)
Людина (журнал) (revision 39549940)
Тум (людина) (revision 26613696)
Amazon DynamoDB (revision 37225012)
Amazon SimpleDB (revision 37225016)
Річер (телесеріал) (revision 38739263)
AWS Lambda (revision 37225013)
Добрі передвісники (телесеріал) (revision 39670286)
Мисливці (телесеріал, 2020) (revision 38920861)
Big Fish Games (revision 37832957)
Бальса (судно) (revision 39726242)
Очеретяний човен (revision 39743016)
Легенда (фільм, 2015) (revision 39101705)
Еверест (фільм, 2015) (revision 39368948)
Премія «Супутник» за найкращий телесеріал — драма (revision 38505936)
Роберт Джордан (revision 38472568)
Леді Гага (revision 39475593)
Дженіс Джоплін (revision 39544899)
Громовержець Росс (revision 39558754)
Джордж Перес (revision 39550438)
Список коміксів, перекладених українською (revision 39744503)
Амазонки (revision 39708751)
Лі Бардуґо (revision 39344679)
Всесвітня премія фентезі за найкращий твір короткої форми (revision 38827460)
Успенська Марія Олексіївна (revision 37499954)
Вінницький Андрій Васильович (revision 39564097)
Кудієвський Костянтин Гнатович (revision 36432617)
Екстер Олександра Олександрівна (revision 39443441)
Атлантида (revision 39720994)
Жорж Мельхіор (revision 34915178)
2021 у кіно (revision 39541900)
Батьківщина-Мати (Київ) (revision 39441420)
Список фільмів про Стародавній Рим (revision 36217321)
Луїс Котлоу (revision 38191234)
Кінематограф Польщі (revision 36379873)
Бєляєв Юрій Вікторович (revision 38159419)
Кетрін Гепберн (revision 39726083)
Бенгт Даніельссон (revision 35962096)
М'ясоєдов Іван Григорович (revision 38462245)
Сексмісія (revision 35014360)
Дагомейські амазонки (revision 39739904)
Диво-жінка 1984 (revision 39671008)
Гвендолін (фільм) (revision 39562294)
Ліга Справедливості (фільм) (revision 39438349)
Диво-жінка (фільм) (revision 39438822)
Amazon Women in the Mood (revision 37688729)
Диво-жінка (revision 39655025)
Юліуш Махульський (revision 37193397)
Америка-3000 (revision 35872035)
Джон Лендіс (revision 33956795)
Подорож на планету доісторичних жінок (revision 37862966)
Гатаєв Валерій Закірович (revision 36109181)
Поліщук Любов Григорівна (revision 39452409)
Сем Фьорстенберг (revision 30987516)
Козаков Михайло Михайлович (revision 39222548)
Анаконда (фільм) (revision 39300161)
Кевін Сорбо (revision 39710752)
Премія «Оскар» за найкращий ігровий короткометражний фільм (revision 39637149)
Ед Беглі молодший (revision 37398281)
Дженніфер Рубін (revision 29260286)
Ягуар (фільм, 1996) (revision 37270555)
Шон Вільям Скотт (revision 37083419)
Союз (концерн) (revision 32961001)
Майкл Герст (revision 38176042)
Ксена: принцеса-воїн (revision 39661850)
Класичні телесеріали (revision 36903088)
Невидимець (revision 37867434)
Конан (телесеріал) (revision 39495769)
Річки Бразилії (revision 37077001)
Котлярський Владислав Юрійович (revision 39728423)
Загублений світ (revision 37867509)
Географія Бразилії (revision 37765869)
Сон літньої ночі (revision 37830135)
Колесников Володимир Володимирович (revision 36280504)
Amazon Mechanical Turk (revision 37225018)
Льюїс Керрол і шахи (revision 38191300)
Ідріс Шах (revision 37926213)
Голубєв Михайло Володимирович (revision 36151736)
Горова Ірина Анатоліївна (revision 38370065)
Apple Podcasts (revision 39603998)
Гаррі Поттер і Смертельні реліквії: Частина 1 (revision 38459077)
Механічний турок (revision 38435874)
Густаво Переднік (revision 39672111)
Список фантастичної літератури на ЛГБТ-тематику (revision 39694002)
Deadpool (відеогра) (revision 37401526)
Trials Rising (revision 39160670)
Medal of Honor: Warfighter (revision 35903363)
Периферійні пристрої (телесеріал) (revision 39550036)
Консультант (телесеріал) (revision 39290303)
Леді Сіф (revision 38512424)
Tellico (revision 39202070)
Smart Game Format (revision 35735536)
Агнес Готот (revision 37290697)
FIFA 18 (revision 39349245)
DiRT 4 (revision 38163313)
Колесо часу (телесеріал) (revision 39267209)
Дерево пошуку Монте-Карло (revision 37853692)
Ліна Інверс (revision 38504301)
Фолаут (revision 39309369)
Age of Wonders: Planetfall (revision 39262033)
Стівен Пресфілд (revision 34120682)
Мій поліцейський (revision 37630330)
Ромейн Брукс (revision 37768462)
Камінь мрій (revision 39279381)
Тарзан (revision 38265419)
Монік Віттіг (revision 39610762)
Алі Сміт (revision 39390284)
Оріфія (амазонка) (revision 34920308)
Гіпсікратія (revision 39234900)
Бошоґту-хунтайджі (revision 24626128)
Беганзін (revision 30129263)
Покривник темний (revision 37922960)
Гуменюк Надія Павлівна (revision 36792534)
Келлі Макдональд (revision 39724395)
Історія України (revision 39661511)
Чемерис Валентин Лукич (revision 37751938)
Яблуко розбрату (повість) (revision 38578560)
Дріянський Єгор Едуардович (revision 33470409)
Стус Віктор Іванович (revision 35063061)
Френк Белкнеп Лон (revision 37524909)
Пригоди капітана Врунгеля (повість) (revision 39650237)
Тесей (повість) (revision 31290711)
Герасимчук Валерій Назарович (revision 36547166)
Федра (Расін) (revision 32986769)
Лісістрата (п'єса) (revision 38490138)
Котенко Володимир Михайлович (revision 36469896)
Рома Дауні (revision 39637312)
Лазарук Мирослав Ярославович (revision 36318284)
Кестутіс Драздаускас (revision 38186028)
Хлопаки (телесеріал) (revision 37829400)
Історія Лівії за часів Муаммара Каддафі (revision 38376150)
Фемінізм у Франції (revision 39607788)
Список птахів Коста-Рики (revision 39720720)
Ніна Гуалінга (revision 37675063)
1639 (revision 33298401)
Економіка Еквадору (revision 37984220)
Carollia benkeithi (revision 38707831)
Гелена Гуалінга (revision 36180340)
Болівія (revision 39580040)
Гіборійська ера (revision 38899539)
Фалестріда (revision 38330240)
Сільськогосподарський робот (revision 39200702)
The Grand Tour (revision 39170649)
Rivian EDV (revision 38304003)
Facebook, Apple, Amazon, Netflix і Google (revision 35441415)
Toyota C-HR (revision 38096287)
Rivian (revision 38676783)
Автомобільна промисловість у Швеції (revision 37607277)
Джеймс Кук (revision 39656289)
Франсіско де Орельяна (revision 33269195)
Сташенко Оксана Михайлівна (revision 35171229)
Військово-морські сили Болівії (revision 37880174)
Гонсало Пісарро (revision 39566426)
Гонсало Хіменес де Кесада (revision 38073189)
Доба великих географічних відкриттів (revision 39663102)
Y721 (revision 35770473)
Година пік 2 (revision 38890300)
Простір (телесеріал) (revision 37534952)
De Hef (revision 37001055)
Ганджа (судно) (revision 39656006)
Багала (revision 39666436)
Бум (судно) (revision 39656389)
Бадан (судно) (revision 39656029)
Самбук (судно) (revision 39666429)
Кубок Кременчуцького водосховища (revision 35111364)
Карибське море (revision 34993152)
Річковий монітор (revision 37246441)
Хронологія битви за Атлантику (1939—1945) (revision 39508259)
2017 у науці (revision 36627049)
Гайно фон Гаймбург (revision 37108875)
RMS (префікс) (revision 35714005)
HMS Havant (H32) (revision 39675560)
HMS Antelope (H36) (revision 39422193)
HMS Achates (H12) (revision 37498007)
HMS Tartar (F43) (revision 39459537)
Royal Mail Lines (revision 35721461)
Список номерів портів TCP та UDP (revision 39618466)
Список кораблів Імперських ВМС Німецької імперії (revision 39728133)
Амазонська низовина (revision 37808702)
Арена да Амазонія (revision 37142067)
Амазонія (фільм) (revision 37760703)
Амазонія (Міссурі) (revision 37444095)
Грімпар білогорлий (revision 39702685)
Телесеріали Бразилії (revision 33483409)
Дереволаз-червонодзьоб смугасточеревий (revision 39735579)
Дереволаз-серподзьоб амазонійський (revision 39735521)
Гормігуеро чорнощокий (revision 36298025)
мезозою (revision 38875024)
Амазонської низовини (revision 37808702)
Північного регіону Бразилії (revision 22090391)
Чаплін-Мали (revision 37911094)
Чаплін (фільм) (revision 37842398)
Чаплін (Гомельський район) (revision 35325668)
Чаплін-Великий (revision 37911093)
Жангю Макрой (revision 36951138)
Тейлор Гокінс (revision 37751611)
Леон Расселл (revision 33269172)
Nine Inch Nails (revision 38148003)
Список випусків телепередачі «Велика різниця» (revision 38211902)
Ларрі Берд (revision 39024277)
Річард Берд (revision 39450380)
Генрі Берд (revision 37540901)
Джон Берд (revision 38144450)
Берд-ін-Генд (Пенсільванія) (revision 38797870)
Берд-Айленд (Міннесота) (revision 38797869)
Берд-Сіті (Канзас) (revision 37456563)
Клан Берд (revision 35039216)
Земля Мері Берд (revision 38562352)
Берд-Айленд (revision 38797869)
Бред Берд (revision 37190979)
Вере Берд (revision 37749965)
Вільгельміна Берд (revision 36086415)
Вільям Берд (revision 39489418)
Діора Берд (revision 37703724)
Джон Берд (міністр) (revision 33545707)
Дональд Берд (revision 36191552)
Едріан Берд (revision 36985181)
Ізабелла Берд (revision 37522549)
Кріс Берд (revision 39578179)
Лестер Берд (revision 33377773)
Мері Берд (revision 38847756)
Роберт Берд (revision 39450801)
Сью Берд (revision 39582182)
Чарлі Берд (revision 37830854)
3505 Берд (revision 38890477)
Людина-невидимка (фільм, 1984) (revision 35265098)
Людина-невидимка (фільм, 1933) (revision 39397045)
Людина-невидимка (фільм, 2020) (revision 38041025)
Опудало (логіка) (revision 39620163)
Наутилус Помпилиус (revision 36192600)
Радевич Олена Леонідівна (revision 26031445)
Люди як боги (трилогія) (revision 35264780)
Бренді Ледфорд (revision 39286358)
Людина-крига (revision 39558719)
Залізна людина (revision 39666928)
Людина нізвідки (фільм, 1961) (revision 36850261)
Людина нізвідки (фільм, 1937) (revision 35265627)
Людина Ніде (revision 39558722)
Людина без минулого (revision 35384508)
Людина із Ніде (revision 39558722)
Людина-павук у кіно (revision 39728388)
Людина-павук (фільм, 2002) (revision 39438586)
Людина-павук (фільм, 1978) (revision 36029401)
Людина-павук: Додому шляху нема (revision 39438462)
Людина-павук: Крізь Всесвіт (revision 39743871)
«Людина-павук» (revision 39558722)
Залізна людина (фільм) (revision 39241752)
Людина-мураха та Оса (revision 39438938)
Людина у залізній масці (фільм, 1998) (revision 32552344)
Кембридзький (revision 39729428)
Українського Інституту Америки (revision 39603985)
англ. (revision 39719572)
Корєнєв Володимир Борисович (revision 38188579)
Вертинська Анастасія Олександрівна (revision 39729706)
Гуркіт грому (фільм) (revision 36824706)
Даг Джонс (revision 39712389)
Діва (скеля) (revision 34879973)
Регімантас Адомайтіс (revision 39257044)
Парк Юрського періоду (фільм) (revision 39084924)
Амфібія (мультсеріал) (revision 36419759)
Медведєв Юрій Миколайович (revision 37445913)
Ейб Сапієн (revision 38179719)
Один жаб'ячий вечір (revision 36883878)
Тарханкут (мис) (revision 28345700)

== End of Parsed pages ==

- Number of pages processed: 589
- Number of characters consumed: 3002425

- Wikipedia parsing ended at: 2023-06-20 08:48:39.897463

64 characters appeared 3002425 times.

Most Frequent characters:
[ 0] Char о: 8.478180137722008 %
[ 1] Char а: 7.885026270431402 %
[ 2] Char н: 6.560297093183011 %
[ 3] Char і: 5.93303746138538 %
[ 4] Char и: 5.340183351790636 %
[ 5] Char р: 5.169521303612913 %
[ 6] Char в: 4.876791260397845 %
[ 7] Char т: 4.576833726071426 %
[ 8] Char е: 4.383989608399877 %
[ 9] Char с: 4.002364755156249 %
[10] Char л: 3.657710017735664 %
[11] Char к: 3.6304320674121753 %
[12] Char у: 3.1243078511536506 %
[13] Char д: 3.0320824000599518 %
[14] Char м: 2.870113325062241 %
[15] Char п: 2.6833309741292455 %
[16] Char з: 2.0017485865591977 %
[17] Char я: 1.9354355229522804 %
[18] Char ь: 1.5802226533552046 %
[19] Char г: 1.5621372723714997 %
[20] Char б: 1.4293779195150587 %
[21] Char й: 1.2169496323804925 %
[22] Char ч: 1.066071592129695 %
[23] Char х: 0.965919215300965 %
[24] Char ю: 0.8785565001623687 %
[25] Char ц: 0.7820012156839887 %
[26] Char ж: 0.7743074348235177 %
[27] Char ї: 0.6927067287276119 %
[28] Char e: 0.6901421351074548 %
[29] Char a: 0.6858789145440769 %
[30] Char ш: 0.6483425897399602 %
[31] Char i: 0.5667418836440544 %
[32] Char є: 0.5017277700525409 %
[33] Char n: 0.5005287392690908 %
[34] Char o: 0.49589914818854763 %
[35] Char r: 0.4658900721916451 %
[36] Char s: 0.46032790161286297 %
[37] Char ф: 0.4307851153650799 %
[38] Char t: 0.4294528589390243 %
[39] Char щ: 0.321173717911355 %
[40] Char l: 0.3101826023963963 %
[41] Char c: 0.28756754956410235 %
[42] Char m: 0.28107279948708125 %
[43] Char h: 0.2549605735363914 %
[44] Char d: 0.24706695421201197 %
[45] Char u: 0.19694080618166981 %
[46] Char b: 0.16440044297526166 %
[47] Char p: 0.1504450569123292 %
[48] Char g: 0.14478296710159289 %
[49] Char y: 0.12429952455098796 %
[50] Char f: 0.11454074623013064 %
[51] Char w: 0.10238390634237325 %
[52] Char v: 0.09742125115531612 %
[53] Char k: 0.08406538048410868 %
[54] Char z: 0.04259889922312797 %
[55] Char x: 0.036437213252620795 %
[56] Char ґ: 0.025512710558964837 %

The first 57 characters have an accumulated ratio of 0.9995120610839571.
The first 7 characters have an accumulated ratio of 0.4424303687852319.
All characters whose order is over 37 have an accumulated ratio of 0.03415305961014846.

1685 sequences found.

First 906 (typical positive ratio): 0.9950103000973345
Next 275 (1181-906): 0.003991840297453031
Rest: 0.000997859605212481

- Processing end: 2023-06-20 08:48:40.418143
