= Logs of language model for Finnish (fi) =

- Generated by BuildLangModel.py
- Started: 2023-06-20 02:08:27.067937
- Maximum depth: 4
- Max number of characters: 3000000

== Parsed pages ==

Yhdistynyt kuningaskunta (revision 21596620)
Phonetics (revision 20962392)
Linguistics (revision 16615961)
Alphabet (revision 20485914)
Language (revision 21611551)
Pratchett (revision 21577546)
Grammar (revision 21281441)
History (revision 20600437)
Folklore (revision 21056663)
Biology (revision 20992072)
Plant (revision 20541440)
computer (revision 21539972)
Robot (revision 21606497)
Technology (revision 19788614)
Communication (revision 21628734)
Writing (revision 21632332)
Video Game (revision 21189325)
Glass (revision 20838411)
Bread (revision 20656792)
Food (revision 20402465)
Earth (revision 21160380)
Chaplin (revision 21453367)
Aguilera (revision 20996250)
Morse Code (revision 21212508)
Streptococcus (revision 21348859)
Virus (revision 20970034)
Bacteria (revision 20681068)
Submarine (revision 20695600)
Chemistry (revision 20995915)
Military (revision 19708149)
Weather (revision 20639740)
Scholar (revision 21123427)
Supernova (revision 21312218)
Olympiad (revision 20515334)
1911 Campeonato Paulista (revision 16467780)
GHV (revision 21455167)
FM91 (revision 21511213)
Gudrun Sjödén (revision 20832909)
Raymond and Catherine Fisher House (revision 20683972)
Art Museum of South Texas (revision 21382357)
Abe Carver (revision 21361240)
E.GO Life (revision 21000679)
Provincial police (revision 21456346)
Virginia Satir (revision 20636482)
Menippolainen satiiri (revision 21478996)
Herluf Bidstrup (revision 21523585)
Encyclopedia Dramatica (revision 17178820)
The Hunt (revision 20001280)
Luck by Chance (revision 19512658)
Narrien laiva (revision 20463523)
PK (elokuva) (revision 20920584)
Roomalainen satiiri (revision 20937966)
None More Black (revision 20914503)
Sega Saturn (revision 21293626)
FK Saturn (revision 20679596)
moottorikaljaasi Saturn (revision 20906552)
HMS Saturn (1786) (revision 20126657)
Saturn I (revision 18963225)
Saturn IB (revision 21493323)
Saturn V (revision 21349857)
Saturn INT-21 (revision 18788052)
Flower (videopeli) (revision 18381225)
Stone Flower (revision 17756118)
Flower Boy (revision 21323384)
Wildwood Flower (revision 13119933)
Killers of the Flower Moon (revision 21630510)
Kultakuoriainen (revision 21417773)
Flowers (revision 21204420)
Animal House (revision 20016970)
Animal Beat (revision 20367412)
Animal Boy (revision 19892710)
Animal Collective (revision 20500525)
Animal Magnetism (revision 21628325)
Animal Attraction (revision 18038200)
Animal Ambition (revision 19089224)
Animal Planet (revision 20619839)
Elukka (revision 21553244)
Human Temple (revision 21352884)
Human Nature (revision 21179224)
Being Human (revision 21604732)
Human. :II: Nature. (revision 21179224)
Human Sacrifice (revision 21307375)
HIV (revision 21373774)
The Human Centipede (revision 21451181)
Tom Six (revision 21534903)
Human Events (revision 19516945)
Human Entertainment (revision 19912645)
Syed Human (revision 17948761)
Humans (revision 21214330)
Music hall (revision 21300612)
Dethrone Music (revision 13605199)
Universal Music Group (revision 21326008)
HCR-Music (revision 19685484)
Music Bank (revision 19289285)
Music Idol (revision 18005955)
Apple Music (revision 21494971)
Sony Music Entertainment (revision 20774165)
Lorenzo Music (revision 21486353)
The Music (revision 15851418)
Wii Music (revision 20499358)
Music Fund (revision 21049170)
Soul Politics (revision 17425409)
Kultainen pallo (revision 21564531)
Mika Aaltola (revision 21597334)
Luettelo vallassa olevista monarkeista (revision 21561938)
Yhdistyneen kuningaskunnan parlamenttivaalit 1959 (revision 20912219)
Luettelo Israelin pääministereistä (revision 21146290)
Sara Ahmed (revision 21455911)
Bangladeshin pääministeri (revision 20989840)
Ocean to Ocean (revision 21303728)
Frank Ocean (revision 21006081)
Ocean Rain (revision 15035583)
Tyynimeri (revision 20963342)
Ocean Heaven (revision 20705034)
Amazon.com (revision 21595404)
Volvo Amazon (revision 21566591)
Amazon (joki) (revision 21362867)
Amazon Kindle (revision 21234421)
Amazon Alexa (revision 21595375)
Amazon Prime Video (revision 21073030)
Amazon Web Services (revision 21595404)
Amazonin sademetsä (revision 21618697)
HMS Amazon (D39) (revision 18992856)
Larry Bird (revision 21222343)
Bird Box (revision 20992126)
Sue Bird (revision 20608249)
Ningbo Bird (revision 15861378)
Hot Bird (revision 21012748)
Simon Bird (revision 21533969)
Surfin’ Bird (revision 17599700)
Henry Bird (revision 21485862)
Brad Bird (revision 21379121)
Isabella Bird (revision 21455496)
Jessica Bird (revision 21485271)
Leopoldina Bird (revision 20929924)
Lester Bird (revision 19927080)
Robert Byron Bird (revision 21397714)
Sam Bird (revision 21177520)
Charlie ”Bird” Parker (revision 21264846)
Thongchai McIntyre (revision 20957981)
David Steel (revision 21395629)
John Steel (revision 19266490)
Steel pan (revision 20606925)
Steel Panthers (revision 21329404)
Steel Attack (revision 20970613)
Steel Mammoth (revision 20606919)
Balls of Steel (televisiosarja) (revision 21615499)
Steel-kitara (revision 19312707)
Danielle Steel (revision 20664394)
Michelle Steel (revision 20902498)
Sam Steel (revision 21613039)
Kun Joulupukki suukon sai (revision 20714096)
Los Angeles Kings (revision 21247142)
Ken Annakin (revision 17942438)
Luettelo sarjamurhaajista (revision 21338058)
Taistelu kultaisesta taljasta (vuoden 1963 elokuva) (revision 19516367)
Luettelo vuonna 1996 kuolleista henkilöistä (revision 21632961)
Tytöstä tyttöön (revision 20204780)
April in Paris (revision 20816393)
G3 (kiertue) (revision 17054755)
Omagh’n pommi-isku (revision 21382947)
Luettelo maailmanperintöluettelon kohteista Euroopassa (revision 21564840)
Pokémon: The Johto Journeys (revision 21627416)
Michael Cainen filmografia ja teatteriesiintymiset (revision 21605966)
Luettelo novellikokoelmissa ja antologioissa julkaistuista suomennetuista kauhunovelleista (revision 21458688)
Luettelo Amiga-peleistä (revision 21632652)
Luettelo painonnoston olympiamitalisteista (revision 20892945)
Grave Dancers Union (revision 18101851)
Lindy hop (revision 21515166)
Countrytanssi (revision 20662903)
Oops!… I Did It Again World Tour (revision 17625849)
Rachel Brice (revision 21373499)
Jazztanssi (revision 20859216)
John Leckie (revision 21485217)
Šeherazade (baletti) (revision 21615590)
Andrew Poje (revision 19816817)
Luettelo 505 Gamesin videopeleistä (revision 18322616)
La Bouche (revision 20296919)
The Real Thing (kappale) (revision 20619514)
Cisse Häkkinen (revision 21607647)
Stairway to Heaven (revision 20950678)
Mystic Stylez (revision 20529422)
Kate ja Anna McGarrigle (revision 19030504)
Akonin diskografia (revision 21600041)
Oasis (revision 21372749)
Luettelo Jack Antonoffin tuottamista kappaleista (revision 21179269)
Kristillinen metallimusiikki (revision 21628735)
Saturn-palkinto (revision 20944795)
Saturn Aura (revision 20309451)
Saturn-rakettiperhe (revision 21323537)
Saturn Relay (revision 18567278)
Saturn Vue (revision 18009351)
Saturn (automerkki) (revision 21599549)
Delta IV (revision 20665910)
Delta III (revision 18788041)
Delta IV Heavy (revision 19126613)
Thor (rakettiperhe) (revision 20289346)
Vostok-rakettiperhe (revision 21145153)
Pitkä marssi (rakettiperhe) (revision 21057513)
Ariane 3 (revision 14706321)
Ariane 2 (revision 14706328)
Delta II (revision 20665909)
HMNZS Arbutus (revision 19066699)
Lännenmansikkapuu (revision 21395143)
Mansikkapuut (revision 21422822)
Kalifornianmansikkapuu (revision 21422781)
Idänmansikkapuu (revision 21437974)
Puna-aronia (revision 21365918)
Sulttaaniperhonen (revision 19634207)
Sianpuolukat (revision 21609247)
Arbutus menziesii (revision 21422781)
Arbutus unedo (revision 21395143)
Amaranthe (revision 20840420)
Dark Passion Play (revision 21415711)
Amarantti (lisäaine) (revision 21101967)
Amaranthe (albumi) (revision 20840420)
The Sound of Nightwish Reborn (revision 21531228)
Made in Hong Kong (And in Various Other Places) (revision 20961538)
Revonhännät (revision 21399486)
Storytime (revision 21072027)
Where Is the Love (revision 17582678)
HMS Amaranthus (revision 20840977)
HMS Alisma (revision 20948676)
Ratamosarpio (revision 21395051)
Alismaan tarinat (revision 19500000)
Sarpiot (revision 21434177)
Upossarpio (revision 21398686)
Sarpiokasvit (revision 21422652)
Suzanne Collins (revision 19702148)
Luettelo Suomessa rauhoitetuista kasvilajeista (revision 20758934)
Luettelo tavallisimmista suomalaisista luonnonkasveista (revision 19161046)
ratamosarpio (revision 21395051)
upossarpio (revision 21398686)
Luettelo zimbabwelaisista kriketin pelaajista (revision 12431034)
Zimbabwen krikettimaajoukkue (revision 18996632)
My Dying Bride (revision 19124627)
Mezmerize (revision 21168420)
Hypnotize (revision 21168407)
Steve Morse (revision 21563520)
Yhdysvallat (revision 21613355)
Jukka Linkola Tentet (revision 20969352)
Dixie Dregs (revision 19233883)
Pahan kehä (revision 21617544)
Neitsytperho (revision 20277040)
Luettelo Wii-peleistä (revision 21348849)
Luettelo naiskirjailijoista (revision 20399901)
Luettelo suomalaisten näyttelijöiden äänirooleista J–L (revision 21630438)
Luettelo Nintendo DS -peleistä (revision 21283904)
Spike Video Game Awards (revision 21566133)
Claudia Rankine (revision 21498855)
Sävel ja sanat (revision 20048087)
Yhdysvaltain taide (revision 20588927)
Luettelo suomennetuista fantasiakirjoista (revision 21595435)
Pokémon-sarja: XY (revision 21626492)
Hamilton Fish (revision 19298567)
Noir (revision 20914056)
Abercrombie-luokka (revision 19523865)
New Yorkin kuvernööri (revision 20905702)
Luettelo lentoyhtiökoodeista (revision 21449178)
William H. Seward (revision 20820887)
Henry Ford (revision 21631855)
William Powell (revision 21199578)
Charles Piazzi Smyth (revision 21395546)
William Axtin filmografia (revision 20955715)
Yhdysvaltalainen kulttuuri (revision 21466886)
Martin Van Buren (revision 21495002)
Lewis Stonen filmografia (revision 21314889)
Animal Kingdom (elokuva) (revision 20017604)
Animal Kingdom (yhtye) (revision 18630993)
Jacki Weaver (revision 21509724)
James Frecheville (revision 21524705)
Karhu (homokulttuuri) (revision 21269556)
Sean B. Carroll (revision 19372732)
Walt Disney World (revision 21360268)
Rainforest Cafe (revision 19910591)
Heinäkoisat (revision 21124937)
Glass Animals (revision 20979598)
Mechanical Animals (revision 21154531)
Party Animals (revision 16838829)
The Animals (revision 20618758)
Animals (albumi) (revision 21048534)
Connecting Animals (revision 19867188)
Neopalpa donaldtrumpi (revision 21437292)
Office Animals (revision 11926359)
MSC Musica (revision 21456365)
Roihis Musica (revision 21603744)
Musica (veistos) (revision 17637850)
Música Popular Brasileira (revision 19138059)
Diabolus in Musica (revision 20666691)
Martin Agricola (revision 17931667)
Musica nova Helsinki (revision 21217661)
Musica Antiqua Köln (revision 21049176)
Música sertaneja (revision 13867631)
Partido Acción Nacional (revision 19759270)
Nasserismi (revision 18630052)
Corey Lewandowski (revision 21545326)
Ervin Laszlo (revision 21513392)
Imperium: The Philosophy of History and Politics (revision 21407575)
Coldplay (revision 21607915)
Riot grrrl (revision 21252473)
Minutemen (revision 18634614)
7 Seconds (yhtye) (revision 21174335)
Ozomatli (revision 20920439)
Teodor, pikku hinaaja (revision 19540598)
Ye (albumi) (revision 21200836)
Malena Ernman (revision 21492676)
Frans de Waal (revision 21006118)
Yemi Alade (revision 21545502)
Casey DeSantis (revision 21590188)
Megyn Kelly (revision 20900496)
Hunter Biden (revision 21575370)
Wilbur Ross (revision 21536536)
Joe – armoton (revision 21491349)
Carl Emil Schorske (revision 21505481)
Beppe Grillo (revision 20653892)
Mil Mi-8 (revision 20904053)
Länsi-Sahara (revision 21348324)
Aikajana orjuuden lakkauttamisesta (revision 21565614)
Kylmä sota (revision 21565201)
Vaihtoehto Saksalle (revision 21623992)
Kannabiksen lainsäädännöllinen asema (revision 21283681)
Luettelo Knallin ja sateenvarjon jaksoista (revision 21216390)
Ronald Reagan (revision 21449861)
Naistutkimuksen kritiikki (revision 19958984)
G. Gordon Liddy (revision 20378491)
Demokraattinen allianssi (revision 20665980)
Amy Coney Barrett (revision 20562144)
Parler (revision 21184769)
Dalit (revision 21244677)
Walter Charleton (revision 20639196)
Venäjä (revision 21607306)
Teekutsuliike (revision 20956249)
Sierra Leonen kansanpuolue (revision 21324698)
Libertaaripuolue (Yhdysvallat) (revision 20865429)
Taiyō no tō (revision 20954462)
Iain Dale (revision 21485598)
Justin Trudeau (revision 21273108)
Uusi valta (Taiwan) (revision 21478056)
Fianna Fáil (revision 20973097)
Barry Commoner (revision 21460713)
Luettelo naispornonäyttelijöistä (revision 21432400)
14. joulukuuta (revision 21592830)
Melania Trump (revision 21478636)
Beringinsalmi (revision 18344840)
Afrikan sarven merirosvous (revision 21421616)
Otto Kumenius (revision 21159494)
Supermetrics (revision 21577328)
Öljynporauslautta (revision 20549921)
Ocean City (romaani) (revision 20824331)
Ocean City (New Jersey) (revision 21032149)
Ocean Eyes (revision 20063640)
Luettelo Yhdysvaltain kaupungeista (revision 20564153)
Lippuviittoilu (revision 20747435)
Cape May Court House (revision 20198028)
Belvidere (New Jersey) (revision 20820390)
Mays Landing (revision 20899897)
Lower Township (revision 20065041)
The Original Soundtrack (revision 13070479)
461 Ocean Boulevard (revision 20179969)
Billy (revision 21573848)
Robert John ”Mutt” Lange (revision 21514422)
Grateful (revision 21008011)
Live Aid (revision 21629871)
The Long and Winding Road (revision 20957647)
Luettelo televisiosarjan The Grim Adventures of Billy & Mandy jaksoista (revision 20734898)
Simply the Best of the 80’s (revision 15066520)
Electric (revision 19503844)
Batman: The Movie (videopeli) (revision 21513644)
Luettelo ZX Spectrum -peleistä (revision 20734061)
Luettelo Super Nintendo Entertainment System -peleistä (revision 19132553)
Batman (vuoden 1986 videopeli) (revision 21513644)
Videopelivuosi 1983 (revision 20471550)
The Simpsons: Bart vs. the Space Mutants (revision 21450847)
Luettelo Game Boy -peleistä (revision 20731050)
Hook (videopeli) (revision 19806464)
The Ocean Race (revision 21189775)
How Deep Is the Ocean? (revision 13858649)
Columbia, the Gem of the Ocean (revision 20695494)
I Sat by the Ocean (revision 17552463)
Queens of the Stone Age (revision 21555300)
Harvest Time (revision 20843377)
My Bonnie Lies over the Ocean (revision 20908252)
HMS Blenheim (1761) (revision 20127277)
HMS Sandwich (1759) (revision 20115231)
Sandwich-luokka (revision 20111009)
HMS Hibernia (1804) (revision 19092645)
HMS Neptune (1797) (revision 20103270)
HMS Bellerophon (1786) (revision 21632027)
HMS Prince (1788) (revision 20106822)
Bulwark-luokka (revision 20312357)
HMS Prince Consort (1862) (revision 17826903)
Prince Consort -luokka (revision 16825286)
HMS Caledonia (1862) (revision 17825697)
1950 (revision 21366255)
HMS Albion (1898) (revision 19342347)
HMS Vengeance (1899) (revision 19346241)
Canopus-luokka (taistelulaiva) (revision 19339753)
Luettelo tutkimusmatkoista Etelämantereelle (revision 20888510)
1982 (revision 21366254)
Älykaiutin (revision 20064132)
Meta (yritys) (revision 21575350)
Harry Bosch (revision 20077794)
Bosch (televisiosarja) (revision 21214640)
Virtuaaliavustaja (revision 21381513)
kaiku (revision 20870410)
Ekho (revision 21001442)
60 Echo (revision 20431034)
Echo (Tom Petty and the Heartbreakersin albumi) (revision 21562142)
Amatsonit (mytologia) (revision 21558289)
Dahomeyn amatsonit (revision 21477994)
Amatsonit (linnut) (revision 21399533)
Amatsonia (revision 21629795)
Amatsonin muistomerkki (revision 21283274)
Hippolyte (revision 20423994)
Papukaijat (revision 21380094)
Kilpineito (revision 20164948)
HMS Ithuriel (revision 19696723)
HMS Faulknor (revision 19660141)
HMS Acasta (H09) (revision 19222498)
HMS Glowworm (H92) (revision 19673100)
HMS Fortune (H70) (revision 19671226)
HMS Electra (H27) (revision 20523403)
HMS Active (H14) (revision 19842906)
Z-luokka (hävittäjä) (revision 19764925)
W-luokka (hävittäjä) (revision 19764860)
15. heinäkuuta (revision 21592738)
HMS Saracen (1908) (revision 19377100)
HMS Afridi (1907) (revision 19377061)
HMS Viking (1909) (revision 19377164)
HMS Crusader (1909) (revision 19377112)
Amazonas (Venezuela) (revision 21589027)
Amazonas (moottoripyörä) (revision 21102000)
Amazonas (Brasilia) (revision 21408563)
Amazonas (departementti) (revision 19310681)
Amazonas (1943) (revision 19766858)
Amazonasin alue (revision 19289491)
Amazonin allas (revision 21102003)
Bushmaster II (revision 21621961)
Amazonas (Peru) (revision 21345288)
Focus (vuoden 2015 elokuva) (revision 19432553)
Nuoruuden suloinen lintu (revision 21594570)
Paul Walter Hauser (revision 21546111)
Gastornis (revision 21442523)
Bruce Campbell (ornitologi) (revision 21502795)
Tini – seitsemäs veli (revision 20797208)
Richard Liversidge (revision 21499235)
Isokirvinen (revision 21378928)
Luettelo Basketball Hall of Fameen kuuluvista joukkueista ja henkilöistä (revision 19469900)
Chris Byrd (revision 21582237)
Robert Byrd (revision 19558169)
William Byrd (revision 21214425)
Richard E. Byrd (revision 21173405)
Tracy Byrd (revision 17944934)
Billy Byrd (revision 21502319)
Charlie Byrd (revision 21502928)
Donald Byrd (revision 20668298)
Adam Hann-Byrd (revision 21486960)
Bobby Byrd (revision 18046948)
Eugene Byrd (revision 21484086)
Harry F. Byrd, Sr. (revision 20306242)
Harry F. Byrd, Jr. (revision 20843224)
Henry Roeland Byrd (revision 17943933)
James Byrd, Jr (revision 21519129)
Richard C. Byrd (revision 13961524)
Blue Steel (ohjus) (revision 20542254)
Emu Field (revision 20366005)
Avro Vulcan (revision 21603826)
Handley Page Victor (revision 21615640)
WE-177 (revision 20638881)
Avro (revision 21603826)
ASMP (revision 19765734)
Rednecks, Blue Falls (revision 15680429)
Kylmää terästä (revision 20780478)
Luettelo Britannian kuninkaallisen laivaston alusten nimistä (A) (revision 17691647)
Hylkeet (revision 21375107)
Hirvieläimet (revision 21467014)
Dalmatiankoira (revision 20663803)
Myrna Loyn filmografia (revision 21054516)
Tribus (revision 18718279)
Disneyn huvipuistot (revision 21609574)
Luettelo Nintendon julkaisemista videopeleistä (revision 21342924)
Luettelo Game Boy Advance -peleistä (revision 19118083)
Luettelo Ubisoftin peleistä (revision 21083040)
Luettelo Windows-peleistä (revision 20263770)
Luettelo Nintendo GameCube -peleistä (revision 20194563)
Luettelo PlayStation 2 -peleistä (revision 20361620)
Suomen Kuoronjohtajayhdistys (revision 20680530)
Pekka Kostiainen (revision 19342472)
Alba Records (revision 20011546)
Polyteknikkojen Kuoro (revision 21530256)
Leningrad Cowboys (revision 21570251)
Itä-Suomen yliopiston kuoro Joy (revision 20855413)
Trinity Collegen kuoro (revision 18052361)
Academy of Ancient Music (revision 14331722)
Yeah Yeah Yeahs (revision 21013722)
Yeah! Yeah! Tässä tulemme! (revision 20327097)
MMM Yeah (revision 21332238)
Yeah! (revision 21013722)
Yeah (Xysman albumi) (revision 21365994)
Yeah! Yeah! Die! Die! Death Metal Symphony in Deep C (revision 21272317)
Killer (albumi) (revision 21626503)
Karen O (revision 21492915)
Yeah Yeah (revision 20327097)
Yeah Yeah Yeah (revision 21013722)
Treat Williams (revision 21622254)
Broadway Tower (revision 20167422)
Broadway (kirjaintyyppi) (revision 20098002)
Off Broadway (revision 21544799)
Broadway (albumi) (revision 20657121)
Broadway (teatteri) (revision 21545042)
Broadway (katu) (revision 21204029)
The Broadway Theatre (revision 18877611)
Scars on Broadway (revision 19399899)
Broadway Street, San Francisco (revision 21495386)
Broadway, New Jersey (revision 21470704)
HMS St. George (1785) (revision 17827197)
HMS Impregnable (1786) (revision 20118544)
London-luokka (linjalaiva) (revision 20104505)
Aquilon (1789) (revision 19273487)
Généreux (1785) (revision 20266762)
Téméraire-luokka (revision 20459355)
Téméraire (1782) (revision 17829541)
Dreadnought-luokka (linjalaiva) (revision 19014631)
FS Le Téméraire (S617) (revision 20081596)
Dreadnought-huijaus (revision 21219937)
HMS Dreadnought (1875) (revision 17825998)
HMS Dreadnought (1906) (revision 19356607)
HMS Dreadnought (S101) (revision 20039192)
10. joulukuuta (revision 21592850)
1941 (revision 21629145)
Malesian historia (revision 21290572)
HMS Repulse (1916) (revision 20841043)
HMS Favorite (1864) (revision 17826103)
Goljat (revision 21561158)
HMS Goliath (1781) (revision 20118572)
HMS Goliath (1842) (revision 20117191)
Simson ja Goliath (revision 21623076)
Echo (satelliitti) (revision 20669611)
.BAT (revision 21430404)
Echo (televisiosarja) (revision 21630104)
Pseudo Echo (revision 21282604)
Luettelo Neuvostoliiton sukellusveneiden Nato-koodeista (revision 20731717)
Projekti 941 (revision 21375681)
Projekti 658 (revision 20496314)
Projekti 613 (revision 20047810)
Mauritiuksenkaija (revision 21419406)
Projekti 955 (revision 21166541)
Luettelo Neuvostoliiton ja Venäjän laivastojen sukellusveneluokista (revision 20451275)
The Spiritual Nation Born (revision 18218562)
Oremus peccatum (Refaim) (revision 21493263)
Angeldemon (revision 21493259)
Cold Blood Messiah (revision 21493252)
Crying Crowns of Trees (revision 21493262)
Eden’s Fire (revision 21493255)
After the Fire – Ashes (revision 21493254)
Taran (revision 21493260)
Greyhound Lines (revision 20839361)
Englanninvinttikoira (revision 21394991)
Grecian greyhound (revision 19140094)
M8 Greyhound (revision 19557040)
HMS Greyhound (H05) (revision 19671645)
HMS Greyhound (1900) (revision 19346286)
Irlanninsusikoira (revision 21401075)
Greyhound-luokka (hävittäjä) (revision 19339769)
Vinttikoira (revision 21448684)
Pokémon Emerald (revision 18996411)
Caro Emerald (revision 20135665)
Emerald Fennell (revision 21543004)
Emerald Software (revision 20267289)
Emerald (Queensland) (revision 19307217)
Swallow the Sun (revision 21316399)
Smaragdinvihreä (revision 21557688)
HMS Emerald (D66) (revision 19667589)
Green Lantern: Emerald Knights (revision 21008081)
Emerald-luokka (korvetti) (revision 16867704)
Emerald-luokka (risteilijä) (revision 13028417)
HMS Emerald (1757) (revision 20882851)
Emerald (Pokémon) (revision 21626492)
HMS Indefatigable (R10) (revision 20512700)
Zulu (revision 21613785)
Tribal-luokka (hävittäjä, 1905) (revision 19511150)
zulut (revision 21613785)
zulu (revision 21613785)
Shaka Zulu (revision 19181389)
Ege Zulu (revision 21613785)
UTC (revision 21513932)
Z (revision 21350656)
Projekti 611 (revision 21160562)
Maori (revision 21584114)
maorit (revision 21584114)
maori (revision 21584114)
HMS Maori (F24) (revision 19280045)
HMS Ghurka (1907) (revision 19377110)
Pat Nixon (revision 21583745)
Luettelo Canterburyn arkkipiispoista (revision 21035900)
Luettelo vuonna 2007 kuolleista henkilöistä (revision 21632961)
Crow’t (revision 21262243)
Anthology 2 (revision 16952555)
Luettelo Apple II -peleistä (revision 19727531)
Luettelo Sega Mega Drive -peleistä (revision 19200089)
All the Things You Are (revision 21101419)
Simpsonit (22. tuotantokausi) (revision 20188003)
Sãotoménkerttu (revision 21421052)
Guiers (revision 17779016)
Richard Chamberlain (revision 19911571)
Yleisurheilu kesäolympialaisissa 1912 – miesten kiekonheitto (revision 21074875)
Yleisurheilu kesäolympialaisissa 1912 – miesten molempien käsien kiekonheitto (revision 21349908)
Kultaiset korvarenkaat (elokuva) (revision 20534173)
Yleisurheilu kesäolympialaisissa 1912 (revision 20595938)
Richard (revision 21386888)
Kylmää terästä (televisiosarja) (revision 20386989)
Kylmää terästä (kirja) (revision 20715893)
Kiuas (revision 21622856)
Satula (revision 21509993)
Uusi Suomi (revision 21364390)
Gillette (revision 21566603)
RMS Titanic (revision 21630978)
Kotiteollisuus (revision 21028843)
Hell Yeah!!! The Awesome Foursome – Live in Montreal (revision 21611848)
HorrorPops (revision 13597606)
Lord of the Lost (revision 21627675)
Bam Margera (revision 21606228)
Pommi 1 (revision 21093559)
Rarities (Black ’n Bluen albumi) (revision 21189066)
Gamma Rayn diskografia (revision 18774239)
Heading for Tomorrow (revision 21611843)
Hellyeah (revision 18495010)
Hellyeah (albumi) (revision 19343765)
Rev Theoryn (revision 16772197)
American Hi-Fin (revision 20984907)
Nicki Minaj (revision 21303139)
Chris Brown (laulaja) (revision 21484849)
Leijonat 2011 (revision 21318931)
F.A.M.E. (revision 21589984)
Colin Tilley (revision 21552004)
Calvin Harrisin diskografia (revision 20993968)
Dance Central 2 (revision 18615273)
Get Your Wings (revision 18848600)
New York (revision 21470704)
Marisa Tomei (revision 21340092)
Terry Carter (revision 21270151)
Jack Lord (revision 21504927)
Cate Blanchettin filmografia ja teatteriesiintymiset (revision 21356430)
Edie Falco (revision 20450596)
Manhattan (revision 21467602)
J. Fred Coots (revision 20856010)
Ann Shoemaker (revision 21334799)
Andy Karl (revision 19544973)
George Jenkins (revision 21502513)
Patrick Swayze (revision 21460779)
Cass Elliot (revision 21351236)
Hans Conried (revision 21504025)
Jerry Adler (huuliharpisti) (revision 21499307)

== End of Parsed pages ==

- Number of pages processed: 902
- Number of characters consumed: 3001375

- Wikipedia parsing ended at: 2023-06-20 02:33:01.136045

73 characters appeared 3001375 times.

Most Frequent characters:
[ 0] Char a: 12.121710882512183 %
[ 1] Char i: 10.695664487110076 %
[ 2] Char t: 8.659397776019324 %
[ 3] Char n: 8.54811544708675 %
[ 4] Char e: 8.135404606222147 %
[ 5] Char s: 7.546707758943818 %
[ 6] Char l: 6.037832660030819 %
[ 7] Char o: 5.54425888134605 %
[ 8] Char u: 4.877197950939153 %
[ 9] Char k: 4.489708883428429 %
[10] Char r: 3.251009953771188 %
[11] Char m: 3.149223272666694 %
[12] Char ä: 2.9162966973470494 %
[13] Char v: 2.165707384115614 %
[14] Char h: 2.0386322935321313 %
[15] Char j: 1.9899879222023238 %
[16] Char y: 1.849918787222523 %
[17] Char p: 1.7683561700887092 %
[18] Char d: 1.319295322976969 %
[19] Char c: 0.6084211403106909 %
[20] Char g: 0.568239556869768 %
[21] Char b: 0.5608429469826329 %
[22] Char ö: 0.36716504935238015 %
[23] Char f: 0.325817333722044 %
[24] Char w: 0.2632793303069426 %
[25] Char z: 0.08506101370205323 %
[26] Char x: 0.05057681895797759 %
[27] Char q: 0.01619257840156595 %

The first 28 characters have an accumulated ratio of 0.9995002290616799.
The first 4 characters have an accumulated ratio of 0.4002488859272833.
All characters whose order is over 17 have an accumulated ratio of 0.04164891091583024.

1179 sequences found.

First 419 (typical positive ratio): 0.9950617826968323
Next 172 (591-419): 0.003945095079685101
Rest: 0.0009931222234825787

- Processing end: 2023-06-20 02:33:01.266077
