= Logs of language model for Hungarian (hu) =

- Generated by BuildLangModel.py
- Started: 2023-06-20 03:07:22.383586
- Maximum depth: 4
- Max number of characters: 3000000

== Parsed pages ==

Kezdőlap (revision 21016160)
Phonetics (revision 26207744)
Linguistics (revision 21936357)
Alphabet (revision 26209020)
Language (revision 26208145)
Pratchett (revision 25753698)
Grammar (revision 25950323)
History (revision 26183388)
Biology (revision 24043290)
Plant (revision 25777169)
Animal (revision 26181526)
computer (revision 26153815)
Technology (revision 23568297)
Communication (revision 25420622)
Writing (revision 23179259)
Video Game (revision 25928201)
Glass (revision 24993262)
Bread (revision 26127667)
Food (revision 25240218)
Politics (revision 26174301)
Earth (revision 25719778)
Ocean (revision 25454744)
Aguilera (revision 26129279)
Streptococcus (revision 24317561)
Bacteria (revision 25688237)
Bird (revision 25789000)
Submarine (revision 24963254)
Steel (revision 25505372)
Chemistry (revision 25421912)
Military (revision 25291581)
Weather (revision 25316369)
Scholar (revision 25607609)
Supernova (revision 25813403)
Linguistic Association of Canada and the United States (revision 25919015)
Turing Talk (revision 25723258)
Luk-e Pa (revision 20238453)
Jean Marchant (revision 25194713)
James Thompson (cartographer) (revision 26184500)
Nemzeti Bajnokság III (revision 24247751)
Bračevci (revision 24317893)
Stability derivatives (revision 20644221)
Mother-in-Law (song) (revision 24098998)
Michael Atkins (revision 25989389)
John of Glastonbury (revision 25600072)
Nor Kyank, Ararat (revision 25797675)
Felton South, Queensland (revision 24714844)
Baptist World Alliance (revision 25761118)
Erik Satie (revision 25104096)
Sat.1 (revision 25304296)
Serial ATA (revision 25811119)
Falusugatag (revision 25573668)
666 Satan (revision 20534275)
Ófalu (Románia) (revision 19607225)
Sat-karma (revision 26050902)
Mogwai Fear Satan Remixes (revision 25423910)
4 Satin (revision 25423906)
Abrudfalva (revision 21517123)
Media Markt és Saturn (revision 25482559)
Sega Saturn (revision 26129534)
Folklore (Taylor Swift-album) (revision 26173401)
Folklore (Nelly Furtado-album) (revision 25420786)
Folklore (16 Horsepower-album) (revision 25424395)
Taylor Swift (revision 26133026)
Konfirmáció (revision 25571717)
Folklór (revision 25779685)
Omamori (revision 25996187)
A Billboard 200 listavezetői 2020-ban (revision 24515059)
Moulins (Allier) (revision 25344519)
The Flower Kings (revision 24424788)
Flower (Kylie Minogue-dal) (revision 23156715)
Flower (Gackt-dal) (revision 21739044)
Life Is a Flower (revision 25843444)
Flower (XIA-album) (revision 25574073)
Flower Tucci (revision 25936155)
Fading Like a Flower (Every Time You Leave Me) (revision 25583577)
Kkonminam ramjongage (revision 26218680)
Flower of Scotland (revision 23960088)
Hua-sziget (revision 26176844)
Marc-André Fleury (revision 18186901)
The Flowers (revision 23919895)
Flowers (Miley Cyrus-dal) (revision 25844872)
Exile in Guyville (revision 25423222)
Play: The B Sides (revision 25421089)
Beautiful Freak (revision 25617386)
The Psychedelic Furs (revision 24215211)
Human Nature (revision 26211121)
The Human Equation (revision 24233490)
Human Dzsarir (revision 25712031)
Human (Death-album) (revision 25454614)
Hum (Buzet) (revision 24316437)
Hummel (önjáró löveg) (revision 25833374)
Human Nature (Madonna-dal) (revision 25582278)
Hu Csin-tao (revision 26066760)
Málenkij robot (revision 26223407)
Robot (automatizálás) (revision 26048460)
Az AL–76-os robot elkeveredik (revision 23979884)
Alapítvány–Birodalom–Robot regényciklus (revision 25667482)
Whatever Happened to… Robot Jones? (revision 21625376)
Igás robot (revision 24383196)
Pepper (robot) (revision 25984045)
Robot és Mumus (revision 26154453)
Robot (Ki vagy, doki?) (revision 22492753)
Musić (revision 23803377)
Yahoo! Music (revision 21734737)
Sony Music Entertainment (revision 24829053)
Universal Music Group (revision 25522534)
Music Channel (revision 25895191)
Music & Me (revision 26139022)
Warner Music Group (revision 25845634)
Music (Madonna-album) (revision 25844087)
Sony Music Entertainment Japan (revision 23608029)
Music (An Echo Deep Inside) (revision 25287717)
Amazon Web Services (revision 25009314)
Őszi amazon (revision 24819884)
Az Amazon (revision 23456875)
Amazon – Az őserdő foglyai (revision 22955057)
Amazon-papagáj (revision 25513764)
Amazon Prime Video (revision 25946777)
Vörösmaszkos amazon (revision 26138189)
Amazon EC2 (revision 26130217)
Pirostükrös amazon (revision 25501245)
Amazon-trogon (revision 25560133)
Amazon: Ügyvéd (revision 26214050)
Charlie Chaplin (revision 26086308)
Geraldine Chaplin (revision 26029918)
Chaplin (film) (revision 23331537)
Oona Chaplin (revision 26216246)
Josephine Chaplin (revision 25805288)
Kenneth Chaplin (revision 24190563)
Chaplin (televíziós sorozat) (revision 24456612)
Morzekód (revision 26166160)
Mad Men – Reklámőrültek (revision 25602383)
Gernicourt (revision 18187236)
Távközlés (revision 26120912)
Európai Filmdíjak 2004 (revision 25029250)
Európai Filmdíjak 2000 (revision 24812760)
The Morning Show (televíziós sorozat) (revision 26004952)
Jennifer Beals (revision 25127835)
Risk of Rain (revision 22066505)
Telefonkészülék (revision 25810322)
Virus (Iron Maiden-dal) (revision 21735212)
HIV (revision 26208288)
Best of the Beast (revision 25422528)
Lentivírus (revision 15804707)
Zika-vírus (revision 25661071)
Feketekór (revision 23448365)
Vírus (revision 26035122)
Negatív szálú ssRNS vírusok (revision 24214542)
Olympia (Washington) (revision 25621983)
Olympia Mancini (revision 24641789)
Olympia-Einkaufszentrum metróállomás (revision 25380165)
Olympia Dukakis (revision 25806214)
Live at the Olympia ’96 (revision 25420515)
Mr. Olympia (revision 25664783)
East Olympia (revision 25442058)
Olympe de Gouges (revision 25964288)
Szabó László (sakkozó) (revision 25861799)
Vegetarianizmus (revision 26165623)
Nalo Hopkinson (revision 24023171)
Steve Barcia (revision 25382973)
Nebula-díjas regények (revision 25597444)
Hugo-díjas regények (revision 25606228)
1001 könyv, amit el kell olvasnod, mielőtt meghalsz (revision 26213847)
A Ki vagy, doki? epizódjainak listája (revision 26139177)
A Ki vagy, doki?-ban szereplő ellenségek listája (revision 25560841)
Rátonyi Róbert (színművész) (revision 26214676)
Kanada az 1992. évi nyári olimpiai játékokon (revision 26128076)
Vern Schuppan (revision 26112669)
1987-es Le Mans-i 24 órás verseny (revision 25640449)
1985-ös Le Mans-i 24 órás verseny (revision 20838618)
1988-as Le Mans-i 24 órás verseny (revision 25640451)
1984-es Le Mans-i 24 órás verseny (revision 20629485)
Daytonai 24 órás autóverseny (revision 24792897)
Halálozások 2016-ban (revision 26209187)
Halálozások 2019-ben (revision 26209256)
Rubcsics Richárd (revision 24707778)
Portal 2 (revision 25933172)
Alapi István (revision 25993427)
King Arthur (revision 23739915)
J-pop-előadók listája (revision 25492935)
Reumás láz (revision 24974861)
2017 videójátékai (revision 26174366)
Doom (videójáték, 1993) (revision 26223265)
The Pinball Arcade (revision 25648913)
PlayStation 3-játékok listája (revision 25807596)
Szökés Pretoriából (revision 24626538)
Jen császár (revision 24332886)
Sao-tien (revision 21924966)
FC Carl Zeiss Jena (revision 22741448)
Fu Pao (revision 21924965)
Hua-jen (revision 23116435)
Jenke (revision 23567126)
Nü-teng (revision 20476804)
Jen Ce (revision 26016179)
Spanyol irodalom (revision 26014149)
2015 a filmművészetben (revision 26004809)
Donda (album) (revision 25905810)
21 Savage (revision 25396662)
Jason Isaacs (revision 25937015)
José Oliveira de Sousa (revision 26135407)
Kendrick Lamar-diszkográfia (revision 26217393)
808s & Heartbreak (revision 25950554)
Kanye West díjai és jelölései (revision 25367900)
Beastie Boys (revision 25854080)
Katy Perry (revision 26139046)
Emma Watson (revision 26099441)
Adrian Peterson (revision 25936447)
A texasi láncfűrészes mészárlás 2. – Halálbarlang (revision 25396015)
Donald H. Peterson (revision 23733590)
Earl Van Dorn (revision 25918989)
Craugastorinae (revision 25530273)
Azték varjú (revision 24828552)
William Petersen (revision 26217710)
Anna Nicole Smith (revision 25811807)
Daphoenodon (revision 25713361)
Kilencöves tatu (revision 25230311)
Saturn I (revision 26094835)
Media Markt-Saturn Holding (revision 25482559)
Saturn V (revision 26094823)
Saturn rakétacsalád (revision 26094819)
Saturn IB (revision 26094840)
Saturn Corporation (revision 26217566)
HP Saturn (revision 25359044)
Szaturnusz-díj (revision 26079758)
Rédei Károly (nyelvész) (revision 24112208)
Barna Gábor (néprajzkutató) (revision 24314544)
Faragó József (néprajzkutató) (revision 25576014)
Balogh Balázs (néprajzkutató) (revision 25046802)
Vera (Horvátország) (revision 25177964)
Katona Lajos (néprajzkutató) (revision 23435275)
Washington (Indiana) (revision 26045628)
Ádám (Biblia) (revision 25832036)
Temusin kogurjói király (revision 25253512)
Turán Eszter (revision 26053054)
Leszbikusság (revision 26040669)
Tongmjong kogurjói király (revision 25561041)
Leyvonal (revision 26135476)
King Kong vs. Godzilla (revision 25590905)
Sony Interactive Entertainment (revision 25731747)
Grammy-rekordok (revision 25798978)
Beer, Beer, Beer (revision 24091383)
Rokurokubi (revision 25218749)
.hack//SIGN (revision 22882766)
Grammy-díj az év albumáért (revision 26083501)
2007 videójátékai (revision 25127932)
A kaktusz virága (film) (revision 24906629)
Jácint (növénynemzetség) (revision 25363718)
Az Álmosvölgy legendája (film) (revision 25522131)
Ibolya (növénynemzetség) (revision 26165886)
Shrewsbury (revision 25393546)
Halász Júlia (újságíró) (revision 25733504)
Rush (együttes) (revision 25981384)
Portland (Oregon) (revision 25536589)
Tim Flowers (revision 25715849)
Ron Flowers (revision 25739153)
Brandon Flowers (revision 25628269)
Wilde Flowers (revision 25578782)
Hundred Flowers Awards (revision 25938537)
Dead (Are the) Flowers / The Prodigal Son (revision 23919895)
Szépek és gazdagok (revision 25645378)
Szívek és virágok (revision 25215808)
Flowers (The Rolling Stones-album) (revision 25420398)
Flowers, (revision 25715849)
John Denver (revision 25039571)
Wake-sziget (revision 25389394)
Pearl S. Buck (revision 24887081)
Texas (revision 26128096)
Pap Éva (színművész, 1939) (revision 25200953)
Flóra (biológia) (revision 25526547)
New York állam kormányzóinak listája (revision 26038435)
Tábori Nóra (revision 26181357)
Oscar-díj a legjobb hangnak (revision 25914994)
Mountain (revision 25602133)
Pete Seeger (revision 26013190)
Forró éjszakában (film) (revision 26090483)
Alabama kongresszusi delegációinak listája (revision 25885446)
Elizabeth Bishop (revision 26098772)
Jessica Alba (revision 26129333)
Maya Angelou (revision 26178945)
Csang Ji-mou (revision 25487140)
63. Grammy-gála (revision 25976094)
Scott McKenzie (revision 25566637)
Mary Elizabeth Winstead (revision 26215777)
Az Amerikai Egyesült Államok a 2008. évi nyári olimpiai játékokon (revision 25892148)
Az Amerikai Egyesült Államok a 2004. évi nyári olimpiai játékokon (revision 25892310)
Louise Fletcher (revision 25830891)
Die Hard – Az élet mindig drága (revision 25913950)
2022-es választások az Amerikai Egyesült Államokban (revision 25843496)
Szurikáták udvarháza (revision 25980372)
Szurikáták udvarháza – Ahogy kezdődött (revision 21192359)
A Szurikáták udvarháza epizódjainak listája (revision 26177559)
Bambi 2. – Bambi és az erdő hercege (revision 26167624)
Bambi (film, 1942) (revision 26157004)
Bambi (könyv, 1923) (revision 25870282)
Bambi (üdítőital) (revision 26085305)
Bambi-díj (revision 25530916)
Felix Salten (revision 24006040)
Narcisse Bambara (revision 25933092)
Anya (revision 25846269)
Still Waiting (revision 25640101)
Bambiraptor (revision 26110590)
Undertale (revision 25640679)
Flores megye (revision 25500004)
Las Flores (revision 23166192)
Michel Gondry (revision 25607591)
Artpop (revision 26181861)
Paul halott (revision 26210415)
A Mahasz Single Top 40 listájának első helyezettjei (revision 26211331)
A Hupikék törpikék (televíziós sorozat, 1981) epizódjainak listája (revision 26055786)
A Goldberg család epizódjainak listája (revision 26187430)
Kameda Szeidzsi (revision 26066013)
Soundgarden (revision 25591089)
Superunknown (revision 25825762)
King Animal (revision 25424225)
Grunge (revision 25848889)
Grammy-díj a legjobb rockdalért (revision 25599987)
Longing (dal) (revision 25474305)
Church of Your Heart (revision 23388932)
Jay Chou díjai és elismerései (revision 25949305)
Chocolate (Kylie Minogue-dal) (revision 25844120)
New York City (Kylie Minogue-dal) (revision 25844384)
Keszei Tamás (revision 25956924)
Eva Rivas (revision 23399326)
Primal Scream (revision 25586649)
Confusion is Sex (revision 22888281)
Daydream Nation (revision 25420346)
F.T. Island (revision 25188122)
Countdown Japan (revision 25028559)
Earthlings? (revision 25602065)
Vassy (revision 26095663)
Férfi egyéni összetett torna a 2008. évi nyári olimpiai játékokon (revision 23512452)
Projekt (revision 25365544)
2008-as sakkolimpia (revision 26083540)
Andy LaRocque (revision 25298906)
2011-es tornász Európa-bajnokság (revision 24393554)
2010-es tornász-világbajnokság (revision 25668549)
Férfi nyújtógyakorlat a 2021-es tornász-Európa-bajnokságon (revision 24669160)
A Mahasz Stream Top 40 listájának első helyezettjei (revision 26211343)
1998-as labdarúgó-világbajnokság (keretek) (revision 26211618)
Josh Freese (revision 25854979)
Only Human (At Vance-album) (revision 22996819)
Ember (revision 26205514)
Bajka (zenész) (revision 24308412)
James Garner (színművész) (revision 25932745)
Kutya (revision 26221019)
Orosz Ferenc (biokémikus) (revision 25848974)
Tigris (állat) (revision 26119617)
Robin Williams (revision 26129242)
Dustin Bates (revision 25466739)
Jack Gibson (revision 22391297)
Lee Altus (revision 24377803)
Downplay (revision 25717033)
Canned Heat (revision 25845745)
Exodus (együttes) (revision 26201449)
Black Sabbath (revision 25842023)
The Mojo (revision 26036814)
Gary Holt (revision 26205722)
Roszik Fruzsina (revision 23805554)
Zardonic (revision 25169338)
Török nyelvek (revision 24686934)
Állatgyógyászati gyógyszerészet (revision 25846375)
Állam (revision 26192678)
Az állatgyógyászati gyógyszerészet története (revision 25596711)
Andy dinókalandjai (revision 24909640)
DJ Fresh-diszkográfia (revision 26098028)
Dalekok (revision 26022683)
16-17 (revision 24189692)
EMI (revision 24934850)
Daft Punk (revision 25483185)
Qulto (revision 25631304)
Sahg (revision 25554749)
Eric Dolphy (revision 25919950)
Both Miklós (revision 26013503)
Szarkel (revision 24474094)
Robin Hood, a tolvajok fejedelme (revision 25929983)
Android (robot) (revision 24510100)
Music (Girugamesh-album) (revision 25287709)
Music Box (Mariah Carey-album) (revision 25854142)
Solano Szent Ferenc (revision 26098881)
Michel Petrucciani (revision 25713888)
Miroslav Vitouš (revision 26169548)
Enrico Rava (revision 26169554)
Steve Gadd (revision 25854857)
Did It Again (Kylie Minogue-dal) (revision 22852633)
Thriller (dal) (revision 26165035)
Pride (Scandal-dal) (revision 25628748)
MTV Video Music Award a legjobb vágásért (revision 16308124)
Video Action (revision 21734750)
Sheik Yerbouti (revision 25515477)
MTV Video Music Award a legnagyobb áttörésért (revision 23353127)
Cardi B (revision 26193009)
2012-es MTV Video Music Awards Japan (revision 25030522)
Goose House (revision 25729937)
Sisido Kavka (revision 25925152)
Scandal (japán együttes) (revision 26018735)
Makay Sándor (revision 26221263)
Amazonas (revision 25399875)
Hanna (televíziós sorozat) (revision 26140988)
A kölyök (film, 1921) (revision 24147504)
Bán János (színművész) (revision 26084626)
Benkő Péter (színművész) (revision 25830433)
Szabó Ottó (színművész) (revision 26214652)
Sandy Powell (jelmeztervező) (revision 25840206)
Will Wright (videójáték-tervező) (revision 25659559)
Smile (Charlie Chaplin-dal) (revision 25630706)
Kijárási tilalom (televíziós sorozat) (revision 25732196)
Robert Downey Jr. (revision 25820750)
A három testőr, avagy a királyné gyémántjai (revision 26004340)
20. század (revision 25849630)
Hollywoodi filmgyártás (revision 26166786)
Ebola (betegség) (revision 26192994)
Árpa (növényfaj) (revision 25888502)
Horváth József (virológus) (revision 25201492)
Rózsahimlő (revision 24015174)
Nyugat-afrikai Ebola-járvány (revision 25799499)
Fekete himlő (revision 24951250)
Védőoltás (revision 25525615)
Bene Ferenc (orvos, 1775–1858) (revision 24783579)
VIII. Kónsztantinosz bizánci császár (revision 20761327)
Stephen Adams (politikus) (revision 25594847)
Balogh István (evangélikus lelkész) (revision 23977106)
IV. Ferdinánd magyar király (revision 26007479)
Mária orániai hercegné (revision 24492274)
Bárányhimlő (revision 26191775)
Tehénhimlő (revision 25762998)
Majomhimlő (revision 25966058)
Arnold Kopelson (revision 25936787)
Alf Humphreys (revision 25940554)
Tonie Marshall (revision 25842658)
Komacu Szakjó (revision 26219410)
Hepatitis C (revision 26210005)
Richard Bohringer (revision 26182290)
Index (Washington) (revision 25441157)
Minden haláli (revision 25047730)
Járvány témájú dokumentumfilmek listája (revision 26082866)
Barrington J. Bayley (revision 24914681)
Scott Westerfeld (revision 25637212)
Sture Lönnerstrand (revision 25793789)
Gérard Klein (író) (revision 24918457)
Encephalitis lethargica (revision 24318877)
Tükör és füst (revision 23400803)
A Kaptár (revision 25119270)
Han Vu-ti kínai császár (revision 25689190)
Han-dinasztia (revision 25482606)
Csang Csien (diplomata) (revision 22235936)
Tang-dinasztia (revision 24448503)
Sang-dinasztia (revision 25854149)
Keleti szél (film, 2007) (revision 25750446)
Sebestyén András (színművész) (revision 25592111)
The Bridge (Ace of Base-album) (revision 26205805)
Tigris és sárkány (film) (revision 26034902)
I. Vu Ti (revision 25689190)
Si Hu (revision 25774820)
Liu Min (revision 20362869)
Szaturnusz (revision 26203255)
Bannay (Cher) (revision 25079731)
Venus (Románia) (revision 25177748)
Treasure (cég) (revision 24982423)
Thor (hordozórakéta) (revision 25510559)
Bethlen Ferenc (író) (revision 24619088)
Juri (műfaj) (revision 26148433)
Monte (Madeira) (revision 25373487)
Big Bang (dél-koreai együttes) (revision 26212027)
Montreux (revision 25358477)
Hadakozó fejedelemségek kora (Japán) (revision 25948443)
Hárpia (madár) (revision 24133281)
Incognito (Amanda Lear-album) (revision 25855354)
Kovács Kati (előadóművész) (revision 26096086)
Maiden Japan (revision 25422234)
Menedék (film, 2004) (revision 25905052)
Éjszakai műszak (könyv) (revision 23454680)
United Plankton Pictures (revision 23934087)
Raye (énekes) (revision 26133426)
Caravan (együttes) (revision 25578759)
Amarilliszfélék (revision 25888556)
Márkus Sándor (színművész) (revision 25889440)
Szarvas (állat) (revision 25802377)
Latabár Árpád (színművész, 1903–1961) (revision 26194279)
Az oroszlánkirály (film, 1994) (revision 26153939)
Pálos György (színművész) (revision 26198048)
Bátonyi György (bemondó) (revision 22384612)
Lénárt László (színművész) (revision 25884303)
Pogány György (színművész) (revision 24965810)
Petrik József (revision 26210237)
Szecskó Péter (revision 25635748)
Csajági János (revision 21659787)
Csőre Gábor (revision 26132705)
Láng Balázs (színművész) (revision 26084152)

== End of Parsed pages ==

- Number of pages processed: 640
- Number of characters consumed: 3000951

- Wikipedia parsing ended at: 2023-06-20 03:25:30.575928

58 characters appeared 3000951 times.

Most Frequent characters:
[ 0] Char e: 10.187104021358563 %
[ 1] Char a: 9.192985823493952 %
[ 2] Char t: 7.702191738552212 %
[ 3] Char l: 6.158647708676349 %
[ 4] Char s: 6.019291884472622 %
[ 5] Char n: 5.68932981578173 %
[ 6] Char r: 4.835833707381427 %
[ 7] Char i: 4.787615659169377 %
[ 8] Char o: 4.578182049623603 %
[ 9] Char k: 4.353053415400651 %
[10] Char z: 3.583997206218962 %
[11] Char m: 3.2162137935607746 %
[12] Char g: 2.9571625794623104 %
[13] Char á: 2.951930904569918 %
[14] Char é: 2.7785858549506472 %
[15] Char b: 2.3668830314123754 %
[16] Char d: 2.235757931402412 %
[17] Char y: 1.9743074778628509 %
[18] Char v: 1.8230887475336985 %
[19] Char h: 1.6797675136981578 %
[20] Char u: 1.5543406073608 %
[21] Char p: 1.301754010645292 %
[22] Char j: 1.2696308603506021 %
[23] Char c: 1.2577013086851467 %
[24] Char f: 1.0842896135258457 %
[25] Char ó: 0.8802542927225402 %
[26] Char ö: 0.8660587926960487 %
[27] Char ő: 0.8011127139363488 %
[28] Char í: 0.6247019694756762 %
[29] Char ü: 0.4160014608702375 %
[30] Char w: 0.27827845239725674 %
[31] Char ú: 0.24182334200058583 %
[32] Char ű: 0.23405913658703525 %

The first 33 characters have an accumulated ratio of 0.9988193742583601.
The first 6 characters have an accumulated ratio of 0.4494955099233543.
All characters whose order is over 25 have an accumulated ratio of 0.03462035867963189.

1237 sequences found.

First 716 (typical positive ratio): 0.995005709533059
Next 143 (859-716): 0.004001275989582442
Rest: 0.0009930144773585559

- Processing end: 2023-06-20 03:25:30.757968
