= Logs of language model for Portuguese (pt) =

- Generated by BuildLangModel.py
- Started: 2023-06-20 07:48:13.752336
- Maximum depth: 4
- Max number of characters: 3000000

== Parsed pages ==

Papagaio-das-mascarenhas (revision 65868126)
Phonetics (revision 65849788)
Linguistics (revision 63952531)
Alphabet (revision 64587795)
Language (revision 66044833)
Pratchett (revision 65949893)
Satire (revision 64821014)
Grammar (revision 65763238)
History (revision 65055007)
Folklore (revision 66069360)
Biology (revision 54827751)
Animal (revision 66086239)
Human (revision 65892581)
computer (revision 65976831)
Robot (revision 64585297)
Technology (revision 65750600)
Communication (revision 43321378)
Writing (revision 63532542)
Video Game (revision 65706932)
Glass (revision 65818717)
Bread (revision 60859087)
Food (revision 62310764)
Politics (revision 65681212)
Amazon (revision 66065516)
Chaplin (revision 66056980)
Aguilera (revision 65831187)
Streptococcus (revision 64149543)
Virus (revision 65944034)
Bacteria (revision 66086269)
Submarine (revision 59464871)
Military (revision 64955813)
Weather (revision 60987315)
Scholar (revision 65026146)
Supernova (revision 65462195)
Paul Silverthorne (revision 64759963)
Carolina Theater (Fayetteville, North Carolina) (revision 60727231)
Bon Thomas (revision 65141038)
Kumbhare (revision 35052510)
Castiglione di Garfagnana (revision 63673699)
List of airlines of Kyrgyzstan (revision 63371337)
Deborah Hudson (revision 65439944)
KWHK (revision 65550721)
Juncus tenageia (revision 40897899)
Late Night Final (revision 60506217)
Crystallichthys (revision 64632497)
Sika AG (revision 65083696)
Killers of the Flower Moon (revision 65940359)
Flor (revision 66064538)
Flower power (revision 65734556)
Flower of Evil (revision 63433824)
Flower Flower (revision 59252038)
Scott Pilgrim (revision 65327211)
Girassol (revision 65312380)
A Maldição da Flor Dourada (revision 57114217)
William Henry Flower (revision 61919034)
Flower (canção de Kylie Minogue) (revision 66006020)
Flower (canção de L'Arc~en~Ciel) (revision 65898015)
Flower (canção de Soundgarden) (revision 63423295)
Flower (grupo japonês) (revision 65247281)
Flower (jogo eletrônico) (revision 65115296)
Plantae (revision 66086243)
Robert Plant (revision 65706897)
Planta carnívora (revision 65887608)
Angiosperma (revision 66086906)
Organização Europeia e Mediterrânica para a Proteção das Plantas (revision 65606844)
The Plant List (revision 65477975)
Índice Internacional de Nomes de Plantas (revision 65101609)
Plant Ecology (revision 54850163)
Led Zeppelin (revision 65431976)
Plant City (revision 61863099)
La Plant (revision 54973245)
Chuck The Plant (revision 52522362)
Música (revision 65987319)
Música pop (revision 66087726)
Música eletrônica (revision 65667134)
Universal Music Group (revision 65020752)
Sony Music (revision 66028794)
Soul (revision 65957567)
AllMusic (revision 62246691)
EMI (revision 61430724)
YouTube Music (revision 65743700)
Music (álbum de 311) (revision 65054002)
Music (álbum de Madonna) (revision 65721723)
Music (canção) (revision 65834201)
Music (vídeo) (revision 64594747)
Terra (revision 65763156)
Google Earth (revision 65605615)
Lista de personagens da DC Comics (revision 65724546)
Os Pilares da Terra (revision 59990619)
O Show da Luna! (revision 65834048)
Black Sabbath (revision 65159683)
Jamiroquai (revision 65877824)
Earth (Texas) (revision 56645275)
Earth (álbum de Vangelis) (revision 59101733)
Earth (banda) (revision 65159798)
Earth (1998) (revision 65270552)
Earth (2007) (revision 65605615)
Busca por "earth" (revision 62804720)
Oceano (revision 65580793)
Oceano Atlântico (revision 65984406)
Star Ocean (revision 61144292)
Oceano Índico (revision 65751206)
Coração do Oceano (revision 65744681)
Oceano Pacífico (revision 65718982)
My Bonnie Lies Over The Ocean (revision 61719522)
Água (revision 65975741)
Billy Ocean (revision 64505437)
Ocean Software (revision 64742107)
Océans (revision 56567190)
Condado de Ocean (revision 55128661)
The Ocean (revision 65909684)
Oceans (canção de Pearl Jam) (revision 65551021)
Oceans (Where Feet May Fail) (revision 65423791)
Código Morse (revision 65044420)
SOS (revision 64337119)
ASCII (revision 65208994)
The New Pornographers (revision 64795279)
Campo de dunas de Hagal (revision 49881437)
Farol (revision 65902953)
Alfabeto latino básico ISO (revision 64101237)
Código Internacional Q (revision 65669646)
Morse para escritas não latinas (revision 65478620)
Frequência de letras (revision 64434194)
Banco Internacional para Reconstrução e Desenvolvimento (revision 64246738)
Larry Bird (revision 65410157)
Bird Box (filme) (revision 66002322)
Lady Bird (revision 60417948)
Aves (revision 65872392)
BirdLife International (revision 65051476)
Sue Bird (revision 65557102)
Bird (filme) (revision 66002322)
Ilha Bird (revision 55306868)
Ave (revision 65872392)
Power Rangers Ninja Steel (revision 65282888)
Max Steel (revision 65418728)
Man of Steel (filme) (revision 65819101)
Guitarra havaiana (revision 64790640)
Real Steel (revision 65819393)
Companhia Siderúrgica Nacional (revision 66074213)
Nagashima Spa Land (revision 58734998)
Steel Ball Run (revision 63523892)
18 Wheels of Steel (revision 65586209)
4713 Steel (revision 63599238)
Steel cage (revision 65070431)
Steel Storm (revision 55248064)
Steel Angel Kurumi (revision 56249506)
4 Ver também (revision 66035346)
Steel (1979) (revision 55248060)
Steel (1997) (revision 59795746)
Steel Dragon (revision 59845813)
Steel Panther (revision 64520629)
Steel Prophet (revision 61288885)
Steel Warrior (revision 59530683)
Steel Warriors (revision 64481102)
Steel Wheels (revision 59578628)
Pedal steel (revision 64674759)
Busca por "steel" (revision 66074213)
Tabela periódica (revision 65857217)
Química (revision 65920672)
Heathen Chemistry (revision 62825547)
ChemSpider (revision 62438216)
Número CAS (revision 62829292)
União Internacional de Química Pura e Aplicada (revision 63943904)
Oxigénio (revision 66002577)
Aminoácido (revision 65862161)
Polietilenoglicol (revision 64444028)
Reino Unido (revision 66065086)
7 (revision 61209018)
Olimpíada Internacional de Ciências da Terra (revision 56248046)
Les Olympiades (revision 63534239)
Mind Sports Olympiad (revision 51008734)
1022 Olympiada (revision 63588100)
Olimpíada (revision 61917564)
Po-Shen Loh (revision 59973315)
Jogos Olímpicos (revision 65944481)
Seleção Neerlandesa de Futebol (revision 66079004)
Olímpia (revision 64653850)
Olympia (Washington) (revision 60556371)
Santa Olímpia (Piracicaba) (revision 64911080)
Olympia Heights (revision 55101122)
Olímpia do Epiro (revision 61606961)
Santa Olímpia (revision 63198163)
Olímpia Futebol Clube (revision 66069688)
Club Olimpia (revision 65841816)
Club Olimpia Deportivo (revision 65537115)
Olimpia Milano (revision 63827034)
Olympia (teatro) (revision 65247520)
Olympia (casa de espetáculos) (revision 63662654)
Olympia (filme de 1938) (revision 65327165)
Olympia (filme de 2011) (revision 66038444)
Olympia (Manet) (revision 59566411)
Olympia (Magritte) (revision 39271272)
Olympia (álbum) (revision 65631045)
Uruguai (revision 66063073)
Manuel Ugarte (revision 66003421)
Concepción del Uruguay (revision 65307165)
Partido Nacional (Uruguai) (revision 64958266)
Esporte no Uruguai (revision 62868412)
Asociación Uruguaya de Fútbol (revision 64195251)
Beatriz Argimón (revision 65542993)
Copa do Mundo FIFA de 2030 (revision 65931519)
Ronald Araújo (revision 65927839)
José Mujica (revision 65779255)
Dar es Salaam (revision 64318457)
Taipé (revision 65777225)
Monróvia (revision 65638528)
Comércio global de resíduos (revision 65731994)
Protestos contra o governo de Faure Gnassingbé (revision 64662777)
Lusaca (revision 63863123)
Setembro Eterno (revision 64208453)
Polónia (revision 65944411)
TypeScript (revision 64865619)
Festival Internacional de Cinema de Berlim (revision 65376682)
Veículo flex (revision 65676948)
God of War: Ascension (revision 65114091)
Francisco de Assis (revision 65698004)
C Sharp (revision 64609946)
Castelo Branco (revision 65985678)
Hildegarda de Bingen (revision 66048559)
Reforma Protestante (revision 66070574)
Roaring Twenties (revision 65008414)
Unbroken (álbum de Demi Lovato) (revision 65912635)
Britney Spears (revision 66019538)
Ramones (revision 65933261)
Eunha (revision 63860733)
Azad University Giant Team (revision 61223514)
Índia (revision 66027855)
Lista de instituições de ensino em Jhansi (revision 56596922)
Paquistão (revision 65805461)
Azerbaijão (revision 65754825)
Louis Mountbatten, 1.º Conde Mountbatten da Birmânia (revision 64791927)
Colaboração com as potências do Eixo (revision 65908681)
Allan Octavian Hume (revision 65221100)
Guerra Civil Líbia (2011) (revision 65321332)
WFAA (revision 65279004)
Rajkummar Rao (revision 65755298)
Nate Dogg (revision 65907320)
Campeonato Mundial de Judô de 2015 - Pesado masculino (revision 60752206)
Daniel Radcliffe (revision 65290795)
Campeonato Mundial de Judô de 2018 - Pesado masculino (revision 60752429)
Judô nos Jogos Europeus de 2015 - Mais de 100 kg masculino (revision 65988696)
Campeonato Mundial de Judô de 2017 - Pesado masculino (revision 60752340)
Campeonato Mundial de Judô de 2014 - Pesado masculino (revision 60752139)
Judô nos Jogos Olímpicos de Verão de 2016 - Mais de 100 kg masculino (revision 57927197)
Big Nate (série de televisão) (revision 65888726)
Daniel Jobim (revision 65813300)
Elétron (revision 65880199)
Seleção Portuguesa de Futebol (revision 66089044)
Liga dos Campeões da UEFA de Futebol Feminino de 2020–21 (revision 62066636)
Discografia de Iron Maiden (revision 63394452)
The Walking Dead (série de televisão) (revision 65679239)
Lista de jogos para Nintendo Switch (revision 65863380)
Panthera onca (revision 65921669)

== End of Parsed pages ==

- Number of pages processed: 298
- Number of characters consumed: 3002496

- Wikipedia parsing ended at: 2023-06-20 07:57:00.842779

61 characters appeared 3002496 times.

Most Frequent characters:
[ 0] Char a: 11.995453116340538 %
[ 1] Char e: 11.39615173508974 %
[ 2] Char o: 10.212669725455088 %
[ 3] Char s: 7.704989448778616 %
[ 4] Char i: 6.836711855736027 %
[ 5] Char r: 6.579092861405977 %
[ 6] Char n: 5.504153877307413 %
[ 7] Char d: 5.349049590740504 %
[ 8] Char t: 4.9084828089696035 %
[ 9] Char m: 4.694727320202925 %
[10] Char u: 3.834642910431854 %
[11] Char c: 3.7797552436372936 %
[12] Char l: 3.2168236027625015 %
[13] Char p: 2.7820186937801084 %
[14] Char g: 1.3727578654559407 %
[15] Char v: 1.2986195485356182 %
[16] Char f: 1.1310922645692116 %
[17] Char b: 1.0726742017308266 %
[18] Char h: 0.8654466150829176 %
[19] Char ã: 0.6486936202412925 %
[20] Char q: 0.6302756106919044 %
[21] Char ç: 0.6067285351920536 %
[22] Char é: 0.5133728737690242 %
[23] Char í: 0.39287312955620923 %
[24] Char á: 0.3506415995225306 %
[25] Char z: 0.32409701794773416 %
[26] Char x: 0.2974525195037729 %
[27] Char j: 0.2877938888178369 %
[28] Char ó: 0.2152209361810973 %
[29] Char y: 0.20043323954469883 %
[30] Char k: 0.17908433516647482 %
[31] Char ê: 0.17741905401372726 %
[32] Char õ: 0.16000021315598756 %
[33] Char w: 0.15903435008739394 %
[34] Char ú: 0.13365546531952083 %
[35] Char â: 0.06984189154623353 %
[36] Char à: 0.056985921047022214 %
[37] Char ô: 0.05139057637379034 %

The first 38 characters have an accumulated ratio of 0.9999030806369099.
The first 4 characters have an accumulated ratio of 0.4130926402566398.
All characters whose order is over 22 have an accumulated ratio of 0.030559241377840305.

1144 sequences found.

First 544 (typical positive ratio): 0.9950085114737821
Next 179 (723-544): 0.003997341746983629
Rest: 0.0009941467792342618

- Processing end: 2023-06-20 07:57:01.031841
