= Logs of language model for Danish (da) =

- Generated by BuildLangModel.py
- Started: 2023-07-08 17:15:49.913654
- Maximum depth: 4
- Max number of characters: 4000000

== Parsed pages ==

Buprenorphin (revision 10981525; CACHED)
Langnæbbet almindelig delfin (revision 11065890; CACHED)
Antipater fra Sidon (revision 7587708; CACHED)
Silence 4 (revision 6419606; CACHED)
Walt Disney (revision 11473021; CACHED)
Rush (band) (revision 11205424; CACHED)
Kongernes Lapidarium (revision 11369657; CACHED)
Kim Sønderholm (revision 10100935; CACHED)
Eberhard 3. af Württemberg (revision 11136705; CACHED)
Botai (revision 11312353; CACHED)
Cynthia M. Grund (revision 10043090; CACHED)
Sinabung (revision 10317314; CACHED)
LOVEINT (revision 11383692; CACHED)
Fédération Internationale de l'Automobile (revision 11218276; CACHED)
Breaston (revision 11312428; CACHED)
Ed Wood (film) (revision 11176482; CACHED)
Eric Stoltz (revision 11412638; CACHED)
Information (revision 11317985; CACHED)
Trues næbhval (revision 11350826; CACHED)
Folklore (revision 11060806; CACHED)
Momodu Mutairu (revision 10831275; CACHED)
Loch Ness-uhyret (revision 11462551; CACHED)
Strand-mandstro (revision 11325834; CACHED)
Lebæk (å) (revision 11500186; CACHED)
Nauru (revision 11455655; CACHED)
Jake Hanna (revision 9690457; CACHED)
Bertrand Barère (revision 10500489; CACHED)
Britt Hellinx (revision 11370629; CACHED)
Merkle–Damgård konstruktion (revision 11484309; CACHED)
Ærkebispedømmet Salzburg (revision 10818098; CACHED)
Jacques Desjardins (revision 10251021; CACHED)
Chaplin (revision 11434985; CACHED)
Steven M. Wise (revision 10733590; CACHED)
Har Gobind Khorana (revision 10224986; CACHED)
Charles Richard Vaughan (revision 11285054; CACHED)
Gødvad (revision 11301201; CACHED)
Submarine (revision 11367111; CACHED)
Lenoir (North Carolina) (revision 10959995; CACHED)
Internationale Matematik-Olympiade (revision 11062271; CACHED)
Animal Planet (revision 11469945; CACHED)
Hunderacer (revision 11224967; CACHED)
Journal of Transport Geography (revision 11465461; CACHED)
Giro d'Italia 2013 (revision 8434424; CACHED)
Hilda Ellis Davidson (revision 11313572; CACHED)
Sommer-OL 1924 (revision 11364051; CACHED)
De bedst sælgende singler på verdensplan (revision 11313597; CACHED)
Honoka Hayashi (revision 10363923; CACHED)
Bacteria (revision 11210825; CACHED)
Ang.: Lone (revision 11447059; CACHED)
World Animal Protection (revision 11058666; CACHED)
Historie (fortælling) (revision 11317363; CACHED)
Zyklon-B (band) (revision 9615328; CACHED)
Technology (revision 11374135; CACHED)
Katrin Engel (revision 11043344; CACHED)
Stenløse (revision 11325651; CACHED)
Slap af, Frede! (revision 11453212; CACHED)
Amerikanske uafhængighedskrig (revision 11309649; CACHED)
Guy Hubert (revision 9826206; CACHED)
Virginia Thrasher (revision 11178085; CACHED)
Delaware (revision 11497818; CACHED)
Banzai (film fra 1918) (revision 11225381; CACHED)
Pizzagate (konspirationsteori) (revision 11489114; CACHED)
United States Secret Service (revision 11014040; CACHED)
C.A. Jensen (revision 10629740; CACHED)
Bottniska handelstvånget (revision 8469198; CACHED)
Revista Brasileira de Direito Animal (revision 11096413; CACHED)
Drive (Robert Palmer album) (revision 7556547; CACHED)
Lewes (revision 10164130; CACHED)
Regnitz (revision 7880057; CACHED)
Tammy Lynn Sytch (revision 9129469; CACHED)
Action (film fra 1921) (revision 11361594; CACHED)
Svømning under sommer-OL 2016 – 200 m brystsvømning (damer) (revision 11290769; CACHED)
Kvalifikation til Superisligaen 1999-2000 (revision 7961542; CACHED)
Ægtemand for en Time (revision 11454491; CACHED)
Kelvin (revision 11043418; CACHED)
Lady Gaga (revision 11475800; CACHED)
Morgan Lindstrøm (revision 11324905; CACHED)
Beringshavet (revision 11046627; CACHED)
Toyota Camry Solara (revision 11326757; CACHED)
Dick Schoenaker (revision 10930103; CACHED)
Food (revision 10829384; CACHED)
Skovlandbrug (revision 11430814; CACHED)
Alfred Leo Smith (revision 10897593; CACHED)
FELS (revision 10593021; CACHED)
Zita Boye-Møller (revision 11089717; CACHED)
Star Wars: The Force Awakens (revision 11363743; CACHED)
Dakhlet Nouadhibou (revision 11039382; CACHED)
Tom Hanks (revision 10838587; CACHED)
Lindholm (Sydfynske Øhav) (revision 9715153; CACHED)
VM i svømning 2011 (revision 11290774; CACHED)
Pasodoble (revision 10995489; CACHED)
Fra råuld til Sønderborg garn (revision 10419378; CACHED)
Sydney (revision 11510556; CACHED)
Claudius E. Watts III (revision 11309893; CACHED)
Franck Queudrue (revision 10596976; CACHED)
Linguistics (revision 11352054; CACHED)
Dave Batista (revision 9607920; CACHED)
Calendar (revision 11433380; CACHED)
Mulgrave Castle (revision 11096993; CACHED)
Alphabet (revision 11295190; CACHED)
Brint (revision 11389649; CACHED)
Dykkerantilope (revision 10587036; CACHED)
George Steele (revision 11493598; CACHED)
EID1 (revision 10588481; CACHED)
Breitbart News (revision 11462876; CACHED)
Canadas Grand Prix 2019 (revision 9970408; CACHED)
Simon Pasternak (revision 11321920; CACHED)
"Wind of Change" (Scorpions-sang) (revision 10892843; CACHED)
Ada Lovelace (revision 11320239; CACHED)
Liste over Lego videospil (revision 11477193; CACHED)
Bette Ford (revision 11467976; CACHED)
Et selskab af danske kunstnere i Rom (revision 11314988; CACHED)
Internationaux de Strasbourg 2012 (damedouble) (revision 8134062; CACHED)
Australien i Eurovision Song Contest (revision 11478902; CACHED)
Kites are Fun (revision 11353747; CACHED)
"Animal" (R.E.M. sang) (revision 10998294; CACHED)
Eleganten Från Vidderna - Filmen om Eddie Meduza (revision 11226768; CACHED)
Eurovision Song Contest 2008 (revision 11398518; CACHED)
USA's største byer (revision 11500885; CACHED)
Baldur's Gate II: Shadows of Amn (revision 11221474; CACHED)
Why Rock the Boat? (revision 11018735; CACHED)
Rasmus Claussen (revision 10290180; CACHED)
Wesley Marsh (revision 10068301; CACHED)
Phonetics (revision 10983694; CACHED)
Olympic Mountains (revision 11459719; CACHED)
Voice - Danmarks Største Stemme (Sæson 1) (revision 10978912; CACHED)
Scholar (revision 11455511; CACHED)
Link 11 (revision 11200090; CACHED)
Sarah Hyland (revision 11429244; CACHED)
William Fridericia (revision 8045468; CACHED)
FC Slovan Liberec (revision 11488692; CACHED)
Krāslavas distrikt (revision 10951112; CACHED)
International Correspondence Chess Federation (revision 11381889; CACHED)
Curtis Stigers (revision 11030497; CACHED)
Andrew Robertson (revision 11410852; CACHED)
Antichrist (revision 11021612; CACHED)
Solomon Burke (revision 9500958; CACHED)
Marattiaceae (revision 11374060; CACHED)
South Park (revision 11439211; CACHED)
Amt Langballe (revision 10157862; CACHED)
Satire (revision 11324413; CACHED)
The Freddie Mercury Tribute Concert (revision 11272780; CACHED)
You Are Here (film) (revision 11415496; CACHED)
Falco (musiker) (revision 11037580; CACHED)
Novoukrajinka (revision 11493734; CACHED)
Jens Langknivs Hule (revision 11062605; CACHED)
The White Sister (revision 11287387; CACHED)
Øm Kloster (revision 11475375; CACHED)
Nicklas Søderberg Lundstrøm (revision 11234664; CACHED)
Filoktetes (revision 10092060; CACHED)
Pobiti Kamani (revision 11313203; CACHED)
22. september (revision 6877937; CACHED)
Freddie Hubbard (revision 10623614; CACHED)
John Lewis (musiker) (revision 11040452; CACHED)
Kikært-slægten (revision 8410428; CACHED)
31. maj (revision 9568659; CACHED)
Blue Foundation (revision 11298642; CACHED)
The 2nd Law (revision 10858143; CACHED)
The Flirting Husband (revision 11289987; CACHED)
Peder Hjort (revision 11322600; CACHED)
Markedsføringsøkonom (revision 11053122; CACHED)
Tiveden (revision 11010382; CACHED)
A-bus (København) (revision 11505203; CACHED)
Halo Infinite (revision 11145504; CACHED)
Thomas Thomsen (politiker) (revision 11203770; CACHED)
Barcelona Open 2022 (revision 11181587; CACHED)
Weslley Silva Santos Rodrigues (revision 9874862; CACHED)
Ingrid Newkirk (revision 11321498; CACHED)
Avedørelejren (revision 11022723; CACHED)
IMO-nummer (revision 11147666; CACHED)
Shinji Otsuka (revision 9855328; CACHED)
Taichi Hasegawa (revision 9855389; CACHED)
Eukaryoter (revision 11315023; CACHED)
Amnesiac (revision 10851916; CACHED)
Janelle Monáe (revision 11338025; CACHED)
Hugo Weber (revision 11443236; CACHED)
Ossaudalen (revision 11322335; CACHED)
Spillemanden - en film om Karl Skaarup (revision 11453361; CACHED)
Hugo Lloris (revision 11350189; CACHED)
Anden italiensk-abessinske krig (revision 11309691; CACHED)
Crémieux (revision 9068517; CACHED)
Birte Carlé (revision 10454638; CACHED)
Præstø Rådhus (revision 11160310; CACHED)
Ventrikelcancer (revision 11014926; CACHED)
1966 in animation (revision 10622590; CACHED)
Dr. Luke (revision 10586419; CACHED)
Live (musikgruppe) (revision 9967883; CACHED)
Asfalt (revision 11476221; CACHED)
Vor Frue fra Meritxell (revision 11429205; CACHED)
Metanhydrat (revision 11320859; CACHED)
Joseph Kugler (revision 11338030; CACHED)
Det Centrale DNA-profil-register (revision 10827271; CACHED)
Langfjorden (Skjervøy) (revision 10237318; CACHED)
Love Accidentally (revision 11135875; CACHED)
Vandnavle-slægten (revision 9412226; CACHED)
Dps (band) (revision 11301593; CACHED)
Far East Movement (revision 9500262; CACHED)
Familien Gregersen (revision 11449360; CACHED)
Pittsburgh Pirates (revision 10996912; CACHED)
Den hollandske guldalder (revision 11317464; CACHED)
National Gallery of Art (revision 9424389; CACHED)
Alphonso (mango) (revision 10809282; CACHED)
James H. Lane (revision 11319745; CACHED)
Panik i familien (revision 11452491; CACHED)
Michael Carrick (revision 11054539; CACHED)
Open access (revision 11478245; CACHED)
Andrés de Segurola (revision 11396030; CACHED)
Paul McCartney (revision 11426610; CACHED)
Correos (revision 11373235; CACHED)
To the Bone (The Kinks album) (revision 11463329; CACHED)
Armeniens historie (revision 11136425; CACHED)
2012 China Masters Super Series (revision 11022854; CACHED)
History of Barys Astana (revision 11438928; CACHED)
La Mort de Jules César (revision 11169488; CACHED)
SIGIRR (revision 11273916; CACHED)
Gram Herred (revision 9212309; CACHED)
Haykota (revision 8653440; CACHED)
Charlotte Amalie Koren (revision 8246738; CACHED)
Nørresundby (revision 11421457; CACHED)
Evanescence (revision 11412897; CACHED)
Concorde (revision 11394436; CACHED)
Alan Jones (bassist) (revision 11269041; CACHED)
Randy Savage (revision 11418461; CACHED)
Simone Inzaghi (revision 11302282; CACHED)
Escalier Daru (revision 11409674; CACHED)
1969 (revision 11467050; CACHED)
Strandingsmuseum St. George (revision 11442690; CACHED)
Amoriske dynasti (revision 10464487; CACHED)
Language (revision 11228594; CACHED)
Henry Judah Heimlich (revision 11439462; CACHED)
Oscaruddelingen 2013 (revision 11478250; CACHED)
Mettes overskyede verden (revision 11451812; CACHED)
Lena, Oregon (revision 11095605; CACHED)
Thierry Gueorgiou (revision 11459114; CACHED)
Mellem hav og fjord (revision 10269821; CACHED)
Kaktus Kalinovskij (revision 11299453; CACHED)
Philip 2. af Hessen-Rheinfels (revision 10433248; CACHED)
Spelling (revision 11481663; CACHED)
Vikingeskibene i Roskilde Fjord (revision 11468577; CACHED)
Zablon Simintov (revision 11421477; CACHED)
Bostonfelttoget (revision 11090490; CACHED)
Åboulevarden (København) (revision 10771852; CACHED)
Voksenlia Station (revision 10221905; CACHED)
National Lacrosse League Cup (revision 10955546; CACHED)
Candlelight Records (revision 11026650; CACHED)
Camden Passage (revision 11344540; CACHED)
Soundgarden (revision 11378628; CACHED)
Laugø (revision 11281140; CACHED)
Distant Early Warning (revision 10868798; CACHED)
Ian Robinson (Australian politician) (revision 11503692; CACHED)
OK Computer (revision 10851919; CACHED)
List of 2004 box office number-one films in Mexico (revision 11240415; CACHED)
Guvernør i New South Wales (revision 11335649; CACHED)
Daft Punk (revision 11366344; CACHED)
Joel David Moore (revision 11040201; CACHED)
Kimære (medicin) (revision 11503555; CACHED)
United World Wrestling (revision 11184717; CACHED)
Slaget ved Kap Esperance (revision 11065669; CACHED)
Collective:Unconscious (revision 10950687; CACHED)
Steve Jobs (revision 11385815; CACHED)
Central (Ghana) (revision 8535602; CACHED)
History (revision 11441069; CACHED)
Wesley Ruggles (revision 11429456; CACHED)
Chicken Chaser (revision 11289506; CACHED)
Lights (Ellie Goulding album) (revision 10772223; CACHED)
Whitehead torpedo (revision 11327924; CACHED)
Dixie Crystal Theatre (revision 11469339; CACHED)
Jeg drømte mig en drøm i nat (revision 10959292; CACHED)
Harald Grønfeldt (revision 11069895; CACHED)
Morocco at the 2022 World Games (revision 11443631; CACHED)
R.E.M. (revision 11323250; CACHED)
Olympiade - Hjemkomst (revision 10881421; CACHED)
Tony Grisoni (revision 11428162; CACHED)
Bread (revision 11025269; CACHED)
Carlsbad (revision 8548044; CACHED)
Luis Alberto Machado (revision 9419246; CACHED)
Donny Montell (revision 9576527; CACHED)
Karen Blixens Plads (revision 10841753; CACHED)
Home Secretary (revision 11292096; CACHED)
Virus (revision 11404882; CACHED)
James Alexander Fowler (revision 11273588; CACHED)
Ufa-Arena (revision 11464952; CACHED)
Jens Sætter-Lassen (revision 11506714; CACHED)
Hegedal Bakker (revision 11125835; CACHED)
Dyret (revision 9984854; CACHED)
Richard Rankin (revision 11380843; CACHED)
Tom Pope (revision 11499491; CACHED)
Minack Theatre (revision 10984378; CACHED)
USA's historie (1776-1789) (revision 11481682; CACHED)
Kenji Kasai (revision 7905361; CACHED)
Snaps (revision 11325285; CACHED)
Concord, Massachusetts (revision 7876979; CACHED)
Kaffeklubben Island (revision 9213253; CACHED)
Eske Willerslev (revision 11327964; CACHED)
Pavel Yakubovsky (revision 11142610; CACHED)
Victor Van Hamme (revision 11426721; CACHED)
Grundset Station (revision 9987404; CACHED)
Louis Bellson (revision 9726970; CACHED)
The Lone Ranger (revision 11418154; CACHED)
United States Army (revision 11165112; CACHED)
17th Screen Actors Guild Awards (revision 11252282; CACHED)
Nazila Kivi (revision 11161115; CACHED)
Richard Frank Oznowicz (revision 9618858; CACHED)
Michael Bolton (revision 11469375; CACHED)
Fulbright College (revision 11464423; CACHED)
Oleg af Novgorod (revision 11083632; CACHED)
Auburn University (revision 11022542; CACHED)
Sarina Wiegman (revision 11495786; CACHED)
The Hives (revision 9427589; CACHED)
Slaget ved Chattanooga (revision 11313026; CACHED)
United States Coast Guard (revision 9098173; CACHED)
Bernarda Pera (revision 10787081; CACHED)
Mayfair Open (revision 11350614; CACHED)
Ulla Asbjørn Andersen (revision 11478359; CACHED)
Danske kritisk truede fuglearter (revision 10556445; CACHED)
Ruben Strid (revision 11000148; CACHED)
Selskabet for Fremtidsforskning (revision 11324598; CACHED)
Henry Jackson Hunt (revision 11317653; CACHED)
Hjernerystelse (revision 11440577; CACHED)
T (2023 film) (revision 11496529; CACHED)
Michael Jai White (revision 10508794; CACHED)
The Glee Project (revision 11184682; CACHED)
Gary Francione (revision 11315578; CACHED)
Good Christian Bitches (tv-serie) (revision 10644585; CACHED)
Flower (revision 10499175; CACHED)
Winston Reid (revision 10956356; CACHED)
Rocky Ground (revision 10999852; CACHED)
Miraklet i Madrid (revision 11359199; CACHED)
Sky Ferreira (revision 10505753; CACHED)
diode (revision 11177952; CACHED)
Snurre Snup (revision 10808384; CACHED)
Edward Hopper (revision 11314284; CACHED)
Steel (revision 11444858; CACHED)
Speedball (rusmiddel) (revision 11274544; CACHED)
S2 Games (revision 11267819; CACHED)
Det Fantastiske Lys (revision 9338186; CACHED)
Hjerneskader i amerikansk fodbold (revision 11267733; CACHED)
Daichi Matsuoka (revision 9874952; CACHED)
Dacapo Records (revision 10957762; CACHED)
Chinchón (revision 11160982; CACHED)
Agincourt (revision 11309295; CACHED)
Pederstrup Sogn (Ballerup Kommune) (revision 10871004; CACHED)
Matthew 7:19–20 (revision 11438398; CACHED)
Ecser (revision 10948840; CACHED)
Slaget ved Lyndanisse (revision 11127882; CACHED)
Jorden (revision 11474787; CACHED)
Paul L. Foster (revision 11492054; CACHED)
Il ritorno d'Ulisse in patria (revision 11279783; CACHED)
"The Million Dollar Man" Ted DiBiase (revision 9082387; CACHED)
Saalfelden (revision 10173650; CACHED)
Paula von Preradović (revision 8186147; CACHED)
MTV Movie Awards 1997 (revision 11287655; CACHED)
Gloster Meteor (revision 11431646; CACHED)
Orfeus (revision 11503447; CACHED)
Ryan Gosling (revision 11372092; CACHED)
DionneDionne (revision 10749536; CACHED)
North Carolina vin (revision 10960911; CACHED)
The Animals (revision 10560645; CACHED)
Pontus Kåmark (revision 10997123; CACHED)
Dominik Hašek (revision 11356513; CACHED)
Flakkebjerg-drengen (revision 11282520; CACHED)
Violetta (tv-serie) (revision 11424042; CACHED)
Danmarksturneringen i kvindefodbold (revision 11087728; CACHED)
Ridderne af det runde bord (revision 11460515; CACHED)
Kommuner i Nederlandene (revision 11428424; CACHED)
Cy Young-prisen (revision 10985402; CACHED)
Bjerget (Lild Sogn) (revision 11227259; CACHED)
Dåb (revision 11314207; CACHED)
Lone Zilstorff (revision 11089680; CACHED)
Grammy for Bedste vokale jazz-præstation af en kvinde (revision 7958734; CACHED)
Leonora Christina Skov (revision 11480834; CACHED)
Steve Irwin (revision 11080344; CACHED)
Skovenes fortællinger (revision 11299506; CACHED)
Hratjik Dzjavachjan (revision 11425151; CACHED)
To Be Loved (revision 11235988; CACHED)
Stephen Wolfram (revision 10001890; CACHED)
ProtonMail (revision 11465338; CACHED)
Donyell Malen (revision 11264688; CACHED)
I'll Be Back (revision 11147612; CACHED)
Karby Vig (revision 11125865; CACHED)
Yukio Shimomura (revision 9839207; CACHED)
Godzilla (film fra 1998) (revision 11428239; CACHED)
Viking Cycle Company (revision 11342757; CACHED)
Greg Avery (revision 11069728; CACHED)
T-54/55 (revision 11326277; CACHED)
Willy and the Poor Boys (revision 11016770; CACHED)
Amagerbro Station (revision 11221339; CACHED)
Michel Lotito (revision 10455994; CACHED)
Barry Manilow (revision 11194265; CACHED)
Rolls-Royce (revision 11341836; CACHED)
Hirsch Demsitz (revision 10059666; CACHED)
Caribbean Regiment (revision 11338846; CACHED)
The Olympics (revision 11009718; CACHED)
Tim Kaine (revision 9891374; CACHED)
Sydbank Arena Odense (revision 11446721; CACHED)
Chemistry (revision 11369280; CACHED)
Cancel culture (revision 11476932; CACHED)
Albertslund Musikskole (revision 11127768; CACHED)
Charles Ives (revision 11135204; CACHED)
Contra Costa County (revision 7926590; CACHED)
Bookseller/Diagram Prize for Oddest Title of the Year (revision 11298943; CACHED)
Bill Evans (revision 11493504; CACHED)
Concorde-flyulykken i Paris år 2000 (revision 10701825; CACHED)
Clytemnestra (revision 11042809; CACHED)
Plaza Theatre, Perth (revision 11277791; CACHED)
KV - Netværk for Kvindelige Virksomhedsejere (revision 7782359; CACHED)
Drottninggatan (revision 10586668; CACHED)
2018–19 Women's FA Cup (revision 10653551; CACHED)
Battle of South Mountain (revision 11325440; CACHED)
All Together Now (franchise) (revision 10641732; CACHED)
Knud Hallas-Møller (revision 11044511; CACHED)
Jasper School District (revision 11505482; CACHED)
Bella Ramsey (revision 11499974; CACHED)
Chronica Gallica (452) (revision 11029305; CACHED)
Mesterholdenes Europa Cup i håndbold 1984-85 (mænd) (revision 7114952; CACHED)
George Shearing (revision 9339269; CACHED)
The Favourite (revision 11279469; CACHED)
Fuglesang (revision 11393502; CACHED)
Østprovinsen (Kenya) (revision 9979059; CACHED)
Idriz Batha (revision 11148653; CACHED)
Inge Bjørn (revision 10137702; CACHED)
Lon Chaney Jr. (revision 9481422; CACHED)
Peter 2. af Oldenborg (revision 11466209; CACHED)
Home Nations Championship 1883 (revision 11090439; CACHED)
DM i landevejscykling 2022 – Linjeløb (herrer) (revision 11188869; CACHED)
Italienske og franske musikudtryk (revision 11111679; CACHED)
Heimssýn (revision 10277023; CACHED)
Tetraphidaceae (revision 8602799; CACHED)
Södersjukhuset (revision 8910830; CACHED)
Wordnik (revision 11065900; CACHED)
Selvbetjeningsautomat (revision 11304321; CACHED)
Niki Tzavela (revision 10466529; CACHED)
Kinesisk have (revision 10898926; CACHED)
Viggo Brandt (revision 10296654; CACHED)
Nilens katarakter (revision 10991402; CACHED)
Allen Cunningham (revision 10190016; CACHED)
Med danske gymnaster til Olympiade (revision 11255020; CACHED)
Cycling in Halifax, Nova Scotia (revision 11508849; CACHED)
Robert De Niro (revision 11401999; CACHED)
Farmakolog (revision 11430542; CACHED)
Polsk Initiativ (revision 10899106; CACHED)
Imo (delstat) (revision 11207639; CACHED)
Mangu (revision 10951676; CACHED)
Nyled Station (revision 10867356; CACHED)
Rafique Alam (revision 10953177; CACHED)
Helvede (revision 11385700; CACHED)
Sophie af Pommern (revision 10930411; CACHED)
Jul i Juleland (revision 10821044; CACHED)
University of Texas at Austin (revision 11014067; CACHED)
Tomb Raider (revision 11466636; CACHED)
Phil Collins (revision 11313224; CACHED)
Svend Jørgensen (søofficer) (revision 9371521; CACHED)
Sommer-OL 1952 (revision 11459638; CACHED)
PLS (revision 11014852; CACHED)
La golondrina (revision 10959860; CACHED)
Mind the Gap (Nabiha-album) (revision 11309053; CACHED)
Visual AIDS (revision 11413538; CACHED)
Chris Cornell (revision 10816574; CACHED)
Sauerland (revision 10844052; CACHED)
Daka (revision 8548315; CACHED)
Supernova (revision 11421513; CACHED)
San Marco (Venedig) (revision 10892729; CACHED)
Holmegårds Mose (revision 10750258; CACHED)
Akbar Ahmed (revision 10469987; CACHED)
Esben Høilund Carlsen (revision 11435167; CACHED)
Joe Pesci (revision 11040194; CACHED)
Trail of Tears (revision 11011696; CACHED)
Kollmar (revision 11475472; CACHED)
May 2011 in sports (revision 11067200; CACHED)
Lord Astor (revision 10378816; CACHED)
John Henry Haaren (revision 7605477; CACHED)
Akrylmaling (revision 10929999; CACHED)
Kazuki Hara (revision 9875280; CACHED)
C-4 (revision 8199248; CACHED)
Färingsö (revision 10599213; CACHED)
En Vandgang (revision 11449161; CACHED)
Alba (Skotland) (revision 10413546; CACHED)
At My Most Beautiful (revision 11418870; CACHED)
Henry Norris Russell (revision 9365496; CACHED)
Amy Grant (revision 10831364; CACHED)
8 Out of 10 Cats Does Countdown (revision 11257252; CACHED)
Thailand (revision 11509707; CACHED)
Steven Best (revision 11363773; CACHED)
Animal Aid (revision 10946958; CACHED)
Plant (revision 11497048; CACHED)
Psykisk sygdom (revision 10901761; CACHED)
Charlie Rivel (revision 8782945; CACHED)
Lombok (revision 8525655; CACHED)
Olympic Studios (revision 10125008; CACHED)
Morse Code (revision 11383295; CACHED)
30 Years A-Greying (revision 10600869; CACHED)
Nix v. Hedden (revision 10991499; CACHED)
Lord Lieutenant of Monmouthshire (revision 11145147; CACHED)
George Antheil (revision 10862223; CACHED)
Konflikten i det nordlige Mali (revision 11286577; CACHED)
Hawala (revision 8910501; CACHED)
Halifax (Nova Scotia) (revision 11034178; CACHED)
København (dokumentarfilm) (revision 11482015; CACHED)
Privilege (revision 11267064; CACHED)
Major Ridge (revision 11154734; CACHED)
Ingemar Erlandsson (revision 11224353; CACHED)
Sankt Petersborg moské (revision 8660905; CACHED)
Only God Forgives (revision 11444876; CACHED)
Maroon 5 (revision 10667491; CACHED)
Studenterkursus (revision 11007554; CACHED)
Parlamentsvalget i Portugal 1991 (revision 9393338; CACHED)
Ocean (revision 11142228; CACHED)
Lebogang Phiri (revision 11048360; CACHED)
Caesar (revision 11379991; CACHED)
Symphony No. 1 (Dvořák) (revision 11024302; CACHED)
Pratchett (revision 11326421; CACHED)
Kesha (revision 10322445; CACHED)
Livscyklus (revision 11320159; CACHED)
Voyeurisme (revision 11047980; CACHED)
Koninklijke Marine (revision 11111512; CACHED)
Den lille Havfrue (revision 11481035; CACHED)
Baba Yaga (revision 10890460; CACHED)
Olympic National Park (revision 11459712; CACHED)
Louise Charlotte af Mecklenburg-Schwerin (revision 10652530; CACHED)
Søvejsregler (revision 9629997; CACHED)
Adam Kwarasey (revision 11269420; CACHED)
Robert Byrd (revision 9747566; CACHED)
Eduard Tisse (revision 11419400; CACHED)
New generation warfare (revision 9672250; CACHED)
Sumeria (revision 11007681; CACHED)
Slaget ved Shiloh (revision 11324714; CACHED)
Lone Dybkjær (revision 11424831; CACHED)
Birgit Klein (revision 11346079; CACHED)
Joan Didion (revision 10943974; CACHED)
Nobelprisen i fysik (revision 11263702; CACHED)
4Fod (revision 11232927; CACHED)
Jon Faddis (revision 10646869; CACHED)
Ærø Friskole (revision 10535772; CACHED)
Mette Oxvang (revision 11054482; CACHED)
Institutionalisme (revision 10507591; CACHED)
Iredell County (revision 11503811; CACHED)
Oppe Sundby Sogn (revision 11144056; CACHED)
Franklin D. Roosevelt (revision 11323945; CACHED)
Pam Ferris (revision 11439439; CACHED)
Theodore Watts-Dunton (revision 10458970; CACHED)
Fear of Music (album) (revision 10956637; CACHED)
Hygum (Vejle Kommune) (revision 11127158; CACHED)
Video Game (revision 11500631; CACHED)
Izunna Uzochukwu (revision 11027428; CACHED)
Aidan Gallagher (revision 11468003; CACHED)
Fodbold i 2015 (revision 11333698; CACHED)
Mischling (revision 11398801; CACHED)
General Dynamics F-16 Fighting Falcon (revision 11455507; CACHED)
Døde i 2015 (revision 11484977; CACHED)
SmartFTP (revision 8504817; CACHED)
Ben Riley (revision 10085185; CACHED)
Henricus Tromp (revision 11216081; CACHED)
Summer Again (revision 11018753; CACHED)
New Hampshire (revision 11497263; CACHED)
Lew Hoad (revision 9204299; CACHED)
Reinhold Gliere (revision 11124942; CACHED)
Olympiade (revision 11275723; CACHED)
Ole Woldbye (revision 9648853; CACHED)
Great Ouse (revision 8247876; CACHED)
USA (revision 11508826; CACHED)
Grammar (revision 10977615; CACHED)
Georg Solti (revision 11406663; CACHED)
Jay Wright Forrester (revision 9819536; CACHED)
FC Koper (revision 11488811; CACHED)
Halifaxeksplosionen (revision 10215613; CACHED)
Julien Balkany (revision 11450784; CACHED)
Nordisk Matematikkonkurrence (revision 10083073; CACHED)
The Settlers (revision 11057960; CACHED)
Ariane (film) (revision 9682495; CACHED)
Sam Odaka (revision 11320528; CACHED)
Undead (sang) (revision 10860089; CACHED)
Woody Herman (revision 9339409; CACHED)
Lone Kellermann (revision 11502718; CACHED)
Hermann Ulrici (revision 9774069; CACHED)
Den Frie (revision 11196968; CACHED)
Fantastic Four (revision 10834280; CACHED)
Factorio (revision 11481207; CACHED)
Magical girl (revision 11320472; CACHED)
Abdi Ayoub (revision 11391473; CACHED)
Barren Island (Maryland) (revision 11028266; CACHED)
Thomas de Quincey (revision 11477596; CACHED)
Martin Garrix (revision 10846451; CACHED)
James Monroe (revision 11462842; CACHED)
"Smilin" Jack Smith (music) (revision 11500013; CACHED)
Bolleregen (revision 10428867; CACHED)
Syrien ved OL (revision 11008327; CACHED)
Khokkeisty (revision 11297630; CACHED)
Discovery-ekspeditionen (revision 11480041; CACHED)
Det Grønlandske Hus i København (revision 10907642; CACHED)
Loudon Wainwright III (revision 11049964; CACHED)
Fabio Baldato (revision 11214799; CACHED)
The Muppet Show (revision 10644866; CACHED)
Kirke Eskilstrup (revision 10664452; CACHED)
SønderjyskE Fodbold sæson 2017-18 (revision 11265703; CACHED)
Pave Sergius 3. (revision 10803193; CACHED)
Grand Prix de Denain 2023 (revision 11424633; CACHED)
George E. Pickett (revision 11322785; CACHED)
Critérium du Dauphiné 2013 (revision 8532818; CACHED)
J. Robert Oppenheimer (revision 11504963; CACHED)
Bullterrier (revision 10808501; CACHED)
Lone Yalçınkaya (revision 11396159; CACHED)
Concord (revision 11201071; CACHED)
Fender Swinger (revision 10594149; CACHED)
Validation (revision 10012484; CACHED)
Viborg Håndbold Klub (revision 11477694; CACHED)
East Logistics (revision 10587676; CACHED)
Karl Stegger (revision 11325624; CACHED)
Tornet tidsel (revision 11326718; CACHED)
I Only Want to Be with You (revision 10983468; CACHED)
Hawaiiøerne (revision 10233186; CACHED)
Amazon (revision 11461158; CACHED)
Aspen High School (revision 11288167; CACHED)
Bendt Reiner (revision 11499709; CACHED)
Schubertiade Vorarlberg (revision 11072268; CACHED)
Alfred J. Sellers (revision 11326573; CACHED)
Invasionen af Canada (1775) (revision 10973375; CACHED)
Family album (revision 10984916; CACHED)
Wilma Mankiller (revision 11465323; CACHED)
Jacqueline Kennedy Onassis (revision 10289453; CACHED)
Speedway (film) (revision 11416388; CACHED)
Chris Young (revision 11194311; CACHED)
Nordic Open (revision 9553593; CACHED)
Porsgrunn Station (revision 9132544; CACHED)
Bird (revision 11024053; CACHED)
Eurovision Song Contest 2009 (revision 11398173; CACHED)
European Law Students' Association (revision 10601690; CACHED)
Leganés (revision 9550778; CACHED)
Eagle Vision (revision 11314233; CACHED)
Cambridge University Press (revision 11398825; CACHED)
Communication (revision 11278038; CACHED)
Marie Louise of Bourbon-Parma (revision 10668106; CACHED)
William Heirens (revision 11477865; CACHED)
Wilhelm Marstrand (revision 11394776; CACHED)
Richard Philip Oliver (revision 11317585; CACHED)
Katharine Hepburn (revision 11468909; CACHED)
Scotia-ekspeditionen (revision 11324525; CACHED)
Verma Station (revision 10962364; CACHED)
Storbladet lind (revision 11325760; CACHED)
Snyltefluer (revision 8719178; CACHED)
Numedalslågen (revision 10284112; CACHED)
N.F.S. Grundtvig (revision 11424473; CACHED)
Paris (revision 11508845; CACHED)
Canberra (revision 11388740; CACHED)
Petsamo (revision 9877350; CACHED)
Grounded (video game) (revision 11135918; CACHED)
Karakterer i Glee (revision 11423505; CACHED)
Talent 2008 (revision 11374754; CACHED)
Divididos (revision 8269239; CACHED)
Niels Rønsholdt (revision 11159594; CACHED)
Brønshøj Boldklub (revision 11194153; CACHED)
Sydkorea (revision 11502575; CACHED)
Salmonsens Konversationsleksikon (revision 11329337; CACHED)
Israels land (revision 11318120; CACHED)
Karl Herzfeld (revision 11192867; CACHED)
Storbrande i New York City (revision 11337392; CACHED)
Owerri (revision 10994078; CACHED)
J. Johnston Pettigrew (revision 11322747; CACHED)
International Maritime Organization (revision 9825246; CACHED)
Wright system (revision 10966333; CACHED)
Liste over turistattraktioner med reenactment (revision 10335721; CACHED)
Etruskisk kunst (revision 10912211; CACHED)
Matthew Shepard (revision 11291750; CACHED)
Starukhi (revision 11294840; CACHED)
Slaget ved Gettysburg, anden dag (revision 11316140; CACHED)
Pelawan (revision 8967251; CACHED)
Frederik af Hessen-Kassel (1771-1845) (revision 11379996; CACHED)
Johann Christoph Brotze (revision 11040271; CACHED)
Alan Watts (revision 11470474; CACHED)
Illumineret manuskript (revision 11095422; CACHED)
Olympiaden i Mexico (revision 9160881; CACHED)
Šiauliai bykommune (revision 10739621; CACHED)
USA's delstater (revision 10841175; CACHED)
Oscaruddelingen 2017 (revision 11005224; CACHED)
Rob Schneider (revision 10454566; CACHED)
Orkland (revision 11005222; CACHED)
Jay Vine (revision 11470571; CACHED)
Jimmy Smith (revision 11473989; CACHED)
Sud Sardegna (revision 9977527; CACHED)
Lone Kühlmann (revision 11237161; CACHED)
Austen Cargill (revision 11271421; CACHED)
Aguilera (revision 11313099; CACHED)
Manchester United F.C. (revision 11507149; CACHED)
Philipp von Boeselager (revision 10428623; CACHED)
Elliott House, Wellington (revision 11510651; CACHED)
Weather (revision 11227000; CACHED)
Trinidad (Uruguay) (revision 11205698; CACHED)
1955 (revision 11457637; CACHED)
Jordrup (revision 11040684; CACHED)
CNBC (revision 10649588; CACHED)
Eurovision Song Contest 2016 (revision 11431579; CACHED)
Hollywood Vampires (revision 10958953; CACHED)
RMS Olympic (revision 10714361; CACHED)
Signe Sjølund (revision 11004038; CACHED)
Maifeld (revision 10160130; CACHED)
Percy Bysshe Shelley (revision 11010493; CACHED)
Belgica-ekspeditionen (revision 11005726; CACHED)
Jody Hill (revision 10454553; CACHED)
Red Dead Redemption 2 (revision 11300842; CACHED)
Sydfronten under den amerikanske uafhængighedskrig (revision 11326119; CACHED)
Alex Song (revision 11338578; CACHED)
2012 VP113 (revision 11371153; CACHED)
The Heiress at Coffee Dan's (revision 11286926; CACHED)
"Ollonkassetterna" (revision 10615926; CACHED)
Cookøerne ved OL (revision 11029725; CACHED)
Borge og slotte i England (revision 11389134; CACHED)
MTV Movie Awards 2006 (revision 11051146; CACHED)
Fåberg Station (revision 9389897; CACHED)
Linotol Comp. (revision 10552729; CACHED)
Rastede (revision 11323386; CACHED)
Netto (supermarkedskæde) (revision 11507187; CACHED)
Smalspor (revision 11480694; CACHED)
International Olympiad in Informatics (revision 11404281; CACHED)
"Love Is…" (sang) (revision 11258498; CACHED)
Steppenwolf (revision 10749032; CACHED)
Queen's Club-mesterskaberne 2023 (revision 11507459; CACHED)
Animal Rights Militia (revision 10741295; CACHED)
Jenna Haze (revision 9931955; CACHED)
Dwars door Vlaanderen 2022 (revision 11418261; CACHED)
Fårup (Jelling Sogn) (revision 11127155; CACHED)
Pongal (revision 11386045; CACHED)
Ronnie Verrell (revision 10765456; CACHED)
George Simmons (British Army officer) (revision 11324823; CACHED)
Johnny Cox (revision 9177856; CACHED)
Hesten på Kongens Nytorv (revision 11450223; CACHED)
Politics (revision 11253060; CACHED)
Harold Hartley (revision 11289351; CACHED)
computer (revision 11383533; CACHED)
John Laurinaitis (revision 9611388; CACHED)
Læger uden Grænser (revision 11383780; CACHED)
Enggården (Toftlund Sogn) (revision 11302234; CACHED)
Human (revision 11356942; CACHED)
Nigeria (revision 11488584; CACHED)
Jordnød (revision 11279780; CACHED)
Sportsrideklubben paa Eremitagen (revision 10552867; CACHED)
The One with Two Parts, Part One (revision 11342271; CACHED)
Writing (revision 11030417; CACHED)
Anthony J. Cox (revision 11212670; CACHED)
Willy Telavi (revision 11016769; CACHED)
Do Ji-won (revision 11118989; CACHED)
Lone Lindorff (revision 9083675; CACHED)
Søren Brier (revision 11422520; CACHED)
PAN Parks (revision 11103378; CACHED)
Anne Curry (revision 11313360; CACHED)
Gangsta's Paradise (sang) (revision 11143683; CACHED)
Music (revision 11422369; CACHED)
Westmoreland Central (revision 11497552; CACHED)
Seth Lakeman (revision 10942227; CACHED)
Det groteske (revision 11313840; CACHED)
Viadukt (revision 11034251; CACHED)
Streptococcus (revision 10865783; CACHED)
Takashi Mizuno (revision 9839206; CACHED)
Oskar Backlund (revision 11408656; CACHED)
Johann Martin Lappenberg (revision 9864384; CACHED)
Mammen Kirke (revision 11308378; CACHED)
Doublehead (revision 11139192; CACHED)
Vikings (tv-serie) (revision 11472577; CACHED)
Niek (revision 11084805; CACHED)
Songs From The Julekalender (revision 11006219; CACHED)
W.A.S.P. (revision 11220912; CACHED)
Animals (film) (revision 10368538; CACHED)
Roswell-hændelsen (revision 11103168; CACHED)
Louis 2. af Bourbon (revision 10140203; CACHED)
Sini (revision 9982612; CACHED)
Tour of Britain 2017 (revision 10899225; CACHED)
Autornavne for botanik og mykologi (revision 11467369; CACHED)
Katafalk (revision 10580225; CACHED)
Ishii, Tokushima (revision 9875077; CACHED)
Søren Schauser (revision 11219192; CACHED)
Kristelig social bevægelse (revision 10959760; CACHED)
Kaos Rising (revision 11361612; CACHED)
Jacob Erhardt Vilhelm Gemzøe (revision 11155707; CACHED)
Børne- og Undervisningsudvalget (revision 10898303; CACHED)
Sibbarp sogn (revision 11335182; CACHED)
Denis Jevstignejev (revision 11141662; CACHED)
Animal Collective (revision 11049103; CACHED)
Muppets (revision 11275586; CACHED)
Anne-Marie Olesen Thinghuus (revision 10603690; CACHED)
Søren Hanssen (revision 11462917; CACHED)
Albert Moeser (revision 9318229; CACHED)
Ant-Man and the Wasp (revision 11282850; CACHED)
Dendrimer (revision 10584186; CACHED)
Nugget Nell (revision 11280753; CACHED)
The Doors (film) (revision 10942482; CACHED)
64,079 (revision 11058628; CACHED)
Robot (revision 11465966; CACHED)
Lors Doukajev (revision 11507104; CACHED)
Sherwood, Queensland (revision 11292551; CACHED)
"Heroes" (David Bowie-sang) (revision 11248192; CACHED)
Aziz Ansari (revision 11436404; CACHED)
Megalomania 999 (revision 11308725; CACHED)
John A. McClernand (revision 11320746; CACHED)
Bernard Lovell (revision 10610238; CACHED)
Boeing (revision 11343895; CACHED)
Jeanette Varberg (revision 11474208; CACHED)
Glass (revision 10925317; CACHED)
I Begin to Wonder (revision 10112882; CACHED)
Revenge of the Creature (revision 11323549; CACHED)
Sarpsborg IBK (revision 7388191; CACHED)
Jason Segel (revision 11074927; CACHED)
The 13th Floor (revision 11057436; CACHED)
Halvgræs-familien (revision 11316757; CACHED)
Supergruppe (revision 11007770; CACHED)
Bobby Encinas (revision 11356116; CACHED)
Animal Liberation Front (revision 11276751; CACHED)
Gryffin (revision 11091173; CACHED)
" (revision 11232950; CACHED)
Møllehistorisk Samling (revision 11310187; CACHED)
Nummer-et hits i Norge (revision 11121298; CACHED)
Initial (revision 10905787; CACHED)
Military (revision 9312342; CACHED)
Benue (delstat) (revision 11277304; CACHED)
Merkur (planet) (revision 11477151; CACHED)
Stefan Hundstrup (revision 11103135; CACHED)
Counter-Strike (revision 11241130; CACHED)
Taurus World Stunt Awards (revision 10552411; CACHED)
Peter Elias von Gähler (revision 10708745; CACHED)
Keith Moon (revision 11043394; CACHED)
Calbe (revision 11082293; CACHED)
Animals (album) (revision 10460903; CACHED)
Slaget ved Bardia (revision 10988360; CACHED)
Steve Vai (revision 11481198; CACHED)
Teresa Brewer (revision 9500970; CACHED)
Vaccination (revision 11389656; CACHED)
Arganolie (revision 11276940; CACHED)
Biology (revision 11129661; CACHED)
transistor (revision 11493032; CACHED)
Mao: "Grib dagen, grib timen" (revision 11451675; CACHED)
E! True Hollywood Story (revision 11349432; CACHED)
Eurovision: Europe Shine A Light (revision 11005839; CACHED)
Men Among Animals (revision 11308770; CACHED)
Namina Forna (revision 11384471; CACHED)
Jesusbevægelsen (bevægelse i 20. århundrede) (revision 11328973; CACHED)
Morten Skjoldager (revision 10968456; CACHED)
IFA Premiership 2011-12 (revision 10114742; CACHED)
Jazzhus Montmartre (revision 11486931; CACHED)
Eurovision Song Contest 2011 (revision 11302459; CACHED)
1987 Bavarian Tennis Championships – Singles (revision 11506699; CACHED)
1993 Federation Cup World Group (revision 10593967; CACHED)
Ricky Gervais (revision 11503582; CACHED)
J.L. Lund (revision 10297511; CACHED)
Detroit Tigers (revision 10584904; CACHED)
Pierre Bourdieu (revision 11417742; CACHED)
Virginiavin (revision 10100747; CACHED)
Rørpost (revision 10968939; CACHED)
Earth (revision 11502403; CACHED)
Finnegan Wakes (revision 10594909; CACHED)
Lon Chaney (revision 11439065; CACHED)
Naach (revision 10355954; CACHED)
RC Bobo Dioulasso (revision 11251861; CACHED)
Hans Bernhardt (revision 11200296; CACHED)
Grafen (revision 11183777; CACHED)
Turkish-German University (revision 11496729; CACHED)
Certificate of identity (revision 11467912; CACHED)
Stjernerne på Hollywood Walk of Fame (revision 11236480; CACHED)

== End of Parsed pages ==

- Number of pages processed: 854
- Number of characters consumed: 4442850

- Wikipedia parsing ended at: 2023-07-08 17:15:58.462189

69 characters appeared 4442850 times.

[ 0] Character 'e' usage: 664779 (14.962895439 %)
[ 1] Character 'r' usage: 374536 (8.430084293 %)
[ 2] Character 'n' usage: 338223 (7.612748574 %)
[ 3] Character 't' usage: 310909 (6.997963019 %)
[ 4] Character 'a' usage: 297699 (6.700631351 %)
[ 5] Character 'i' usage: 289934 (6.525856151 %)
[ 6] Character 's' usage: 272706 (6.138087039 %)
[ 7] Character 'd' usage: 247912 (5.580021833 %)
[ 8] Character 'o' usage: 235644 (5.303892772 %)
[ 9] Character 'l' usage: 226693 (5.102422994 %)
[10] Character 'g' usage: 164647 (3.705886987 %)
[11] Character 'm' usage: 142153 (3.199590353 %)
[12] Character 'k' usage: 126789 (2.853776292 %)
[13] Character 'f' usage: 113075 (2.545100555 %)
[14] Character 'v' usage: 97327 (2.190643393 %)
[15] Character 'u' usage: 87443 (1.968173582 %)
[16] Character 'b' usage: 80486 (1.811584906 %)
[17] Character 'h' usage: 78497 (1.766816345 %)
[18] Character 'p' usage: 74531 (1.677549321 %)
[19] Character 'c' usage: 43676 (0.983062674 %)
[20] Character 'y' usage: 39725 (0.894133270 %)
[21] Character 'å' usage: 31165 (0.701464150 %)
[22] Character 'ø' usage: 28758 (0.647287214 %)
[23] Character 'æ' usage: 28482 (0.641074986 %)
[24] Character 'j' usage: 24228 (0.545325636 %)
[25] Character 'w' usage: 12965 (0.291817189 %)
[26] Character 'z' usage: 3701 (0.083302385 %)
[27] Character 'x' usage: 2258 (0.050823233 %)
[28] Character 'é' usage: 1202 (0.027054706 %)
[29] Character 'q' usage: 1080 (0.024308721 %)
[30] Character 'á' usage: 244 (0.005491970 %)
[31] Character 'ö' usage: 234 (0.005266889 %)
[32] Character 'ü' usage: 206 (0.004636663 %)
[33] Character 'ä' usage: 182 (0.004096470 %)
[34] Character 'í' usage: 128 (0.002881034 %)
[35] Character 'ó' usage: 96 (0.002160775 %)
[36] Character 'è' usage: 89 (0.002003219 %)
[37] Character 'š' usage: 77 (0.001733122 %)
[38] Character 'ý' usage: 56 (0.001260452 %)
[39] Character 'ç' usage: 51 (0.001147912 %)
[40] Character 'ð' usage: 46 (0.001035371 %)
[41] Character 'ñ' usage: 23 (0.000517686 %)
[42] Character 'ë' usage: 23 (0.000517686 %)
[43] Character 'î' usage: 21 (0.000472670 %)
[44] Character 'ú' usage: 17 (0.000382637 %)
[45] Character 'ô' usage: 15 (0.000337621 %)
[46] Character 'α' usage: 14 (0.000315113 %)
[47] Character 'ã' usage: 14 (0.000315113 %)
[48] Character 'π' usage: 11 (0.000247589 %)
[49] Character 'â' usage: 9 (0.000202573 %)
[50] Character 'à' usage: 9 (0.000202573 %)
[51] Character 'ß' usage: 8 (0.000180065 %)
[52] Character 'ε' usage: 8 (0.000180065 %)
[53] Character 'τ' usage: 6 (0.000135048 %)
[54] Character 'ê' usage: 6 (0.000135048 %)
[55] Character 'φ' usage: 5 (0.000112540 %)
[56] Character 'ò' usage: 4 (0.000090032 %)
[57] Character 'œ' usage: 4 (0.000090032 %)
[58] Character 'ï' usage: 4 (0.000090032 %)
[59] Character 'δ' usage: 3 (0.000067524 %)
[60] Character 'þ' usage: 2 (0.000045016 %)
[61] Character 'õ' usage: 2 (0.000045016 %)
[62] Character 'û' usage: 2 (0.000045016 %)
[63] Character 'ž' usage: 2 (0.000045016 %)
[64] Character 'σ' usage: 2 (0.000045016 %)
[65] Character 'ù' usage: 1 (0.000022508 %)
[66] Character 'µ' usage: 1 (0.000022508 %)
[67] Character 'ÿ' usage: 1 (0.000022508 %)
[68] Character 'ì' usage: 1 (0.000022508 %)

Most Frequent characters:
[ 0] Char e: 14.962895439 %
[ 1] Char r: 8.430084293 %
[ 2] Char n: 7.612748574 %
[ 3] Char t: 6.997963019 %
[ 4] Char a: 6.700631351 %
[ 5] Char i: 6.525856151 %
[ 6] Char s: 6.138087039 %
[ 7] Char d: 5.580021833 %
[ 8] Char o: 5.303892772 %
[ 9] Char l: 5.102422994 %
[10] Char g: 3.705886987 %
[11] Char m: 3.199590353 %
[12] Char k: 2.853776292 %
[13] Char f: 2.545100555 %
[14] Char v: 2.190643393 %
[15] Char u: 1.968173582 %
[16] Char b: 1.811584906 %
[17] Char h: 1.766816345 %
[18] Char p: 1.677549321 %
[19] Char c: 0.983062674 %
[20] Char y: 0.894133270 %
[21] Char å: 0.701464150 %
[22] Char ø: 0.647287214 %
[23] Char æ: 0.641074986 %
[24] Char j: 0.545325636 %
[25] Char w: 0.291817189 %
[26] Char z: 0.083302385 %
[27] Char x: 0.050823233 %
[28] Char é: 0.027054706 %
[29] Char q: 0.024308721 %

The first 30 characters have an accumulated ratio of 0.9996337936234623.
The first 5 characters have an accumulated ratio of 0.4470432267575993.
All characters whose order is over 20 have an accumulated ratio of 0.03012458219386205.

1241 sequences found.

First 505 (typical positive ratio): 0.995007250261546
Next 164 (669-505): 0.003995804198125508
Rest: 0.0009969455403284755

- Processing end: 2023-07-08 17:15:58.472555
