= Logs of language model for Spanish (es) =

- Generated by BuildLangModel.py
- Started: 2023-06-20 01:56:42.357122
- Maximum depth: 4
- Max number of characters: 3000000

== Parsed pages ==

España (revision 151907065)
Phonetics (revision 127325689)
Linguistics (revision 151765641)
Alphabet (revision 151953155)
Language (revision 150481864)
Pratchett (revision 151779552)
Satire (revision 151926495)
Grammar (revision 151788217)
History (revision 151697037)
Folklore (revision 151548167)
Biology (revision 137110925)
Plant (revision 151695040)
Animal (revision 151856730)
computer (revision 151834221)
Robot (revision 151780083)
Technology (revision 136541075)
Communication (revision 143435203)
Writing (revision 148832215)
Video Game (revision 151877501)
Bread (revision 149599869)
Food (revision 151945123)
Politics (revision 151955493)
Earth (revision 135943398)
Amazon (revision 151773595)
Chaplin (revision 151802134)
Streptococcus (revision 149446067)
Virus (revision 151408685)
Bacteria (revision 151478973)
Submarine (revision 151931094)
Chemistry (revision 120428258)
Military (revision 151732527)
Weather (revision 151198081)
Scholar (revision 146641879)
Supernova (revision 151828842)
Olympiad (revision 149998973)
Hyphessobrycon agulha (revision 150402572)
List of birds of the Faroe Islands (revision 151199590)
Ribeira River (revision 149363432)
List of Toronto Hockey Club seasons (revision 151100815)
Nikita Kashirsky (revision 151914109)
Kronenburgerpark (revision 146669960)
Ruth Fisher (revision 151211183)
Sheng ji (revision 147001207)
Adhemarius donysa (revision 129386123)
Jean-Pierre Dubois (revision 145407514)
Diporiphora lalliae (revision 120488382)
Tim Smith (ice hockey) (revision 151927071)
Flower (canción de Sonic Youth) (revision 129221977)
Flower power (revision 149242334)
Flower Hill (revision 150809669)
Flower Mound (revision 147584609)
Paxton's Flower Garden (revision 135199201)
Calle Flower y Dean (revision 148504233)
Clase Flower (revision 151234110)
Sonic Flower Groove (revision 118764657)
Yellow Flower (revision 131842365)
Flower (canción de Kylie Minogue) (revision 146465447)
Flower (sencillo de L'Arc~en~Ciel) (revision 119285119)
Flower (canción de Soundgarden) (revision 131142362)
Flower (canción de Tomiko Van) (revision 126701958)
Flowers (álbum de Ace of Base) (revision 142986000)
Flowers (álbum de Echo & the Bunnymen) (revision 124080079)
Flowers (álbum de The Rolling Stones) (revision 150050097)
Flowers (canción) (revision 151925555)
Flower (canción de Jisoo) (revision 150391431)
Flower boy (revision 151172390)
Flower (videojuego) (revision 142493174)
Homo sapiens (revision 151873717)
Human Rights Watch (revision 150686717)
Human Behaviour (revision 149969123)
Declaración Universal de los Derechos Humanos (revision 151833906)
Human Genome Organisation (revision 150966264)
Índice de desarrollo humano (revision 151848176)
Derechos humanos (revision 151720705)
Defensor de los derechos humanos (revision 146687488)
MUSIC (álbum de Mika Nakashima) (revision 141180112)
Musić (revision 150757890)
Sony Music (revision 151590584)
Warner Music Group (revision 151952807)
Universal Music Group (revision 151687538)
Yahoo! Music (revision 142141105)
Música del mundo (revision 151432780)
Music hall (revision 147697306)
Music (canción) (revision 151672325)
Philip Glass (revision 147256050)
Google Glass (revision 149939279)
Gorilla Glass (revision 147712792)
Charles Edward Glass (revision 150261596)
Glass Houses (revision 148179639)
Hugh Glass (revision 150548568)
Familia Glass (revision 124429654)
Heart of Glass (revision 150839176)
World of Glass (revision 136749546)
Stephen Glass (revision 140995887)
El protegido (revision 150266026)
Océan (revision 120174937)
Ocean Software (revision 141835832)
Océano Índico (revision 151154225)
Océano (revision 151733475)
Océano Austral (revision 151359787)
Condado de Ocean (revision 120428761)
Ocean City (revision 146611736)
Ocean Beach (revision 148721266)
Océano Tetis (revision 144182770)
Christina Aguilera (revision 151910642)
Carlos Aguilera Martín (revision 148418412)
Clara Aguilera (revision 151818115)
Las Ventas con Peña Aguilera (revision 151900133)
Stripped (álbum de Christina Aguilera) (revision 151135543)
Estadio Ramón Aguilera Costas (revision 150370042)
Academia Tahuichi Aguilera (revision 151546562)
Christina Aguilera (álbum) (revision 150679897)
Demetrio Aguilera Malta (revision 151900603)
Ca N'Aguilera (revision 150945863)
Volcán Aguilera (revision 150892201)
Alberto Aguilera (revision 151072238)
Francisco Aguilera y Egea (revision 129951121)
Francisco Vicente Aguilera (revision 145041177)
Carlos Alberto Aguilera (revision 149085701)
José Manuel Aguilera (revision 145649193)
Federico Olóriz Aguilera (revision 141016679)
Marián Aguilera (revision 150885691)
Juan Aguilera (revision 144282261)
Sebastián Aguilera de Heredia (revision 145373805)
Gonzalo de Aguilera Munro (revision 149087269)
Alejandro Aguilera González (revision 141019644)
Juan Miguel Aguilera (revision 134364787)
Eduardo Aguilera (revision 140754030)
Jacqueline Aguilera (revision 149866570)
Isabel Aguilera (revision 144567896)
Rubén Dario Costas Aguilera (revision 151896556)
Julián Marías Aguilera (revision 151174325)
Jaime Roldós Aguilera (revision 151525070)
Ventura Ruiz Aguilera (revision 148177878)
Diego Marín Aguilera (revision 151202824)
Fernando Aguilera Carvajal (revision 141062159)
Juan Aguilera Núñez (revision 148568948)
Estadio Ramón Tahuichi Aguilera (revision 150370042)
Código morse (revision 151897413)
Tap code (revision 151747240)
Karima Francis (revision 128708258)
The New Pornographers (revision 137943973)
Telegrafía sin hilos (revision 147054255)
This Binary Universe (revision 148126570)
Código internacional de señales (revision 149530750)
Code Geass: Nunnally in Wonderland (revision 124562315)
Michael Gough (revision 151085427)
Đ (revision 150900948)
Larry Bird (revision 151400464)
Bird Pink in Crisis (revision 118899526)
BIRD (satélite) (revision 141726660)
Sue Bird (revision 150071909)
Blue Bird (revision 149944829)
Free as a Bird (revision 149433642)
Lady Bird (revision 148205399)
Cessna O-1 Bird Dog (revision 145502068)
Bird Soldier -Dark Cloud- (revision 125270012)
Frank Bird (revision 134875548)
Henry Bird (revision 151355622)
John Bird (revision 94951330)
Lester Bird (revision 142991676)
Charlie Parker (revision 151265402)
apertura Bird (revision 151091238)
U.S. Steel (revision 151229499)
Steel Cage (revision 148272922)
Steel guitar (revision 149873634)
Steel Framing (revision 147875780)
Nippon Steel & Sumitomo Metal (revision 148689328)
Danielle Steel (revision 145027695)
Lap steel (revision 149558132)
Commander Steel (revision 149491527)
Bethlehem Steel (revision 151903254)
Steel Aréna (revision 141335943)
Blue Steel (revision 144894494)
Real Steel (revision 149444527)
El hombre de acero (revision 151764217)
Steel Claw (revision 118885683)
Axel Steel (revision 148622562)
Clark Steel (revision 148904526)
Steel (Natasha Irons) (revision 151773098)
Max Steel (revision 151180754)
Steel Brightblade (revision 130925605)
Steel Dragon (revision 144774111)
Balls of Steel (revision 134912534)
Red Steel (revision 140762209)
Red Steel 2 (revision 147822938)
Steel Storm (revision 138396924)
Municipio de Steel (Arkansas) (revision 149654426)
Steel City (revision 149726415)
British Steel (álbum) (revision 151746413)
Caress of Steel (revision 126580925)
Reinventing the Steel (revision 144778170)
Steel Wheels (revision 150048531)
The Triumph Of Steel (revision 145370940)
Wheels of Steel (revision 147916672)
Agent Steel (revision 147766182)
Steel Meets Steel - Ten Years Of Glory (revision 129023902)
Steel Panther (revision 146779802)
Steel Pulse (revision 134844661)
Steel drum (revision 151186531)
Pedal steel guitar (revision 149877846)
Ace Steel (revision 147117934)
Amy Steel (revision 151856033)
Ben Steel (revision 150810510)
Bryan Steel (revision 138834137)
John Steel (revision 139243240)
World Steel Association (revision 140279255)
British Steel plc (revision 142271125)
Carnegie Steel Company (revision 150305642)
Mittal Steel Company (revision 137531253)
Nippon Steel (revision 148689328)
Qatar Steel (revision 123795275)
Steel Yard (revision 150771818)
Tim Kellett (revision 142249859)
Goodbye Heartbreak (revision 124821262)
Stars (álbum de Simply Red) (revision 149116214)
Olive (revision 148341026)
Feroxodon multistriatus (revision 113506729)
Lighthouse Family (revision 125220272)
Jack Campbell (revision 126192485)
Louise Closser Hale (revision 150455600)
Tic (revision 151806230)
Reducción del riesgo de desastres (revision 149461807)
Liberal Animation (revision 131052187)
Gastronomía de los alemanes de Pensilvania (revision 141245630)
Mikako Tabe (revision 150600066)
No Use for a Name (revision 151945299)
Little Britain (revision 147406605)
Fonología del inglés (revision 151346271)
Look at Them Beans (revision 132467563)
Anamanaguchi (revision 151228334)
Gramática del inglés (revision 151816011)
Bath (revision 151940523)
Floriana Football Club (revision 151573098)
Premios de la Copa Mundial de Fútbol (revision 151000518)
Brasil (revision 151953061)
Selección de fútbol de Brasil (revision 151954357)
Cobro electrónico de peajes (revision 147796150)
Al-Hilli (revision 147284649)
When Love Met Destruction (revision 130894162)
Graveyard Shift (álbum) (revision 147228723)
Virginia (revision 151884286)
Neil Diamond (revision 151411705)
Joe Biden (revision 151604471)
Donald Trump (revision 151816457)
Elecciones presidenciales de Estados Unidos de 2016 (revision 151702909)
Batalla del monte Harriet (revision 150016173)
Campaña presidencial de Hillary Clinton de 2016 (revision 148115126)
Gobierno provisional de Priamurye (revision 150479640)
Gobierno Provisional de la Siberia Autónoma (revision 151093039)
Intervención en Siberia (revision 150852292)
Directorio de Omsk (revision 148587775)
Grigori Semiónov (revision 151095564)
Guerra civil rusa (revision 151891303)
Aleksandr Kolchak (revision 151225782)
Nikolái Avkséntiev (revision 147541512)
Rusia (revision 151838820)
Operación Barbarroja (revision 151734014)
Ingeniería de software basada en componentes (revision 151568571)
Inteligencia de Software (revision 130961351)
Pruebas formales de software (revision 134839587)
The Motor Industry Software Reliability Association (revision 137243726)
Tecnología de frame (revision 145097004)
AMD Geode (revision 150946698)
Release Management (revision 143747980)

== End of Parsed pages ==

- Number of pages processed: 301
- Number of characters consumed: 3006576

- Wikipedia parsing ended at: 2023-06-20 02:05:04.574950

59 characters appeared 3006576 times.

Most Frequent characters:
[ 0] Char e: 12.591732256227683 %
[ 1] Char a: 11.24172480589215 %
[ 2] Char o: 8.208806296597858 %
[ 3] Char s: 7.297004965116464 %
[ 4] Char n: 7.279543241215255 %
[ 5] Char i: 6.815726593972679 %
[ 6] Char r: 6.700645518357094 %
[ 7] Char l: 5.7248843867575605 %
[ 8] Char d: 5.091506085327628 %
[ 9] Char t: 4.773070762222542 %
[10] Char c: 4.560204032760189 %
[11] Char u: 3.6608421007817533 %
[12] Char m: 2.880253151758013 %
[13] Char p: 2.571795956596474 %
[14] Char b: 1.3824363661520613 %
[15] Char g: 1.3043076243540825 %
[16] Char v: 1.0409183070709005 %
[17] Char f: 0.9399396522821974 %
[18] Char y: 0.9065794445242695 %
[19] Char h: 0.9009251720229258 %
[20] Char ó: 0.7867753883487396 %
[21] Char q: 0.515037704019456 %
[22] Char í: 0.4822761839381409 %
[23] Char j: 0.40906998525897903 %
[24] Char á: 0.3701885467056213 %
[25] Char z: 0.33529835932968266 %
[26] Char é: 0.3241228560329092 %
[27] Char k: 0.24047288343950063 %
[28] Char x: 0.1993629963120839 %
[29] Char w: 0.1750163641298274 %
[30] Char ñ: 0.15276513881571596 %
[31] Char ú: 0.1180079931456913 %
[32] Char ü: 0.00844814832553709 %

The first 33 characters have an accumulated ratio of 0.9998968926779168.
The first 5 characters have an accumulated ratio of 0.4661881156504941.
All characters whose order is over 20 have an accumulated ratio of 0.033300671594531456.

1072 sequences found.

First 491 (typical positive ratio): 0.9950185685466587
Next 155 (646-491): 0.003982908736845925
Rest: 0.0009985227164953647

- Processing end: 2023-06-20 02:05:04.739989
